<?xml version="1.0" encoding="UTF-8"?>
<testsuite name="org.stacksonstacks.StacksApplicationTests" time="0.042" tests="1" errors="1" skipped="0" failures="0">
  <properties>
    <property name="java.runtime.name" value="Java(TM) SE Runtime Environment"/>
    <property name="sun.boot.library.path" value="C:\Program Files\Java\jdk1.8.0_111\jre\bin"/>
    <property name="java.vm.version" value="25.111-b14"/>
    <property name="java.vm.vendor" value="Oracle Corporation"/>
    <property name="maven.multiModuleProjectDirectory" value="C:\Users\rrafacz\git\stacksonstacks.org"/>
    <property name="java.vendor.url" value="http://java.oracle.com/"/>
    <property name="path.separator" value=";"/>
    <property name="guice.disable.misplaced.annotation.check" value="true"/>
    <property name="java.vm.name" value="Java HotSpot(TM) 64-Bit Server VM"/>
    <property name="file.encoding.pkg" value="sun.io"/>
    <property name="user.script" value=""/>
    <property name="user.country" value="US"/>
    <property name="sun.java.launcher" value="SUN_STANDARD"/>
    <property name="sun.os.patch.level" value="Service Pack 1"/>
    <property name="java.vm.specification.name" value="Java Virtual Machine Specification"/>
    <property name="user.dir" value="C:\Users\rrafacz\git\stacksonstacks.org"/>
    <property name="java.runtime.version" value="1.8.0_111-b14"/>
    <property name="java.awt.graphicsenv" value="sun.awt.Win32GraphicsEnvironment"/>
    <property name="java.endorsed.dirs" value="C:\Program Files\Java\jdk1.8.0_111\jre\lib\endorsed"/>
    <property name="os.arch" value="amd64"/>
    <property name="java.io.tmpdir" value="C:\Users\rrafacz\AppData\Local\Temp\"/>
    <property name="line.separator" value="&#10;"/>
    <property name="java.vm.specification.vendor" value="Oracle Corporation"/>
    <property name="user.variant" value=""/>
    <property name="os.name" value="Windows 7"/>
    <property name="classworlds.conf" value="C:\Users\rrafacz\workspace\.metadata\.plugins\org.eclipse.m2e.launching\launches\m2conf8615263406058191713.tmp"/>
    <property name="sun.jnu.encoding" value="Cp1252"/>
    <property name="java.library.path" value="C:\Program Files\Java\jdk1.8.0_111\bin;C:\windows\Sun\Java\bin;C:\windows\system32;C:\windows;C:/Program Files/Java/jre1.8.0_131/bin/server;C:/Program Files/Java/jre1.8.0_131/bin;C:/Program Files/Java/jre1.8.0_131/lib/amd64;C:\ProgramData\Oracle\Java\javapath;C:\windows\system32;C:\windows;C:\windows\System32\Wbem;C:\windows\System32\WindowsPowerShell\v1.0\;C:\windows\system32\config\systemprofile\.dnx\bin;C:\Program Files\Microsoft DNX\Dnvm\;C:\Program Files\Microsoft SQL Server\130\Tools\Binn\;C:\HashiCorp\Vagrant\bin;C:\Program Files\Intel\WiFi\bin\;C:\Program Files\Common Files\Intel\WirelessCommon\;C:\ProgramData\Oracle\Java\javapath;C:\windows\system32;C:\windows;C:\windows\System32\Wbem;C:\windows\System32\WindowsPowerShell\v1.0\;C:\Users\rrafacz\AppData\Local\Programs\Git\cmd;C:\Python27;C:\Python27\Scripts; C:\Program Files\Java\jdk1.8.0_111\bin; C:\Program Files\Java\jdk1.8.0_111\bin\jconsole;;C:\windows\system32;;."/>
    <property name="java.specification.name" value="Java Platform API Specification"/>
    <property name="java.class.version" value="52.0"/>
    <property name="sun.management.compiler" value="HotSpot 64-Bit Tiered Compilers"/>
    <property name="os.version" value="6.1"/>
    <property name="user.home" value="C:\Users\rrafacz"/>
    <property name="user.timezone" value="America/Chicago"/>
    <property name="java.awt.printerjob" value="sun.awt.windows.WPrinterJob"/>
    <property name="java.specification.version" value="1.8"/>
    <property name="file.encoding" value="Cp1252"/>
    <property name="user.name" value="RRafacz"/>
    <property name="java.class.path" value="/C:/Users/rrafacz/eclipse/jee-neon2/eclipse/../../../.p2/pool/plugins/org.eclipse.m2e.maven.runtime_1.7.0.20160603-1931/jars/plexus-classworlds-2.5.2.jar"/>
    <property name="java.vm.specification.version" value="1.8"/>
    <property name="sun.arch.data.model" value="64"/>
    <property name="java.home" value="C:\Program Files\Java\jdk1.8.0_111\jre"/>
    <property name="sun.java.command" value="org.codehaus.plexus.classworlds.launcher.Launcher -B install"/>
    <property name="java.specification.vendor" value="Oracle Corporation"/>
    <property name="user.language" value="en"/>
    <property name="awt.toolkit" value="sun.awt.windows.WToolkit"/>
    <property name="java.vm.info" value="mixed mode"/>
    <property name="java.version" value="1.8.0_111"/>
    <property name="java.ext.dirs" value="C:\Program Files\Java\jdk1.8.0_111\jre\lib\ext;C:\windows\Sun\Java\lib\ext"/>
    <property name="sun.boot.class.path" value="C:\Program Files\Java\jdk1.8.0_111\jre\lib\resources.jar;C:\Program Files\Java\jdk1.8.0_111\jre\lib\rt.jar;C:\Program Files\Java\jdk1.8.0_111\jre\lib\sunrsasign.jar;C:\Program Files\Java\jdk1.8.0_111\jre\lib\jsse.jar;C:\Program Files\Java\jdk1.8.0_111\jre\lib\jce.jar;C:\Program Files\Java\jdk1.8.0_111\jre\lib\charsets.jar;C:\Program Files\Java\jdk1.8.0_111\jre\lib\jfr.jar;C:\Program Files\Java\jdk1.8.0_111\jre\classes"/>
    <property name="java.vendor" value="Oracle Corporation"/>
    <property name="maven.home" value="C:\Users\rrafacz\git\stacksonstacks.org\EMBEDDED"/>
    <property name="file.separator" value="\"/>
    <property name="java.vendor.url.bug" value="http://bugreport.sun.com/bugreport/"/>
    <property name="sun.cpu.endian" value="little"/>
    <property name="sun.io.unicode.encoding" value="UnicodeLittle"/>
    <property name="sun.desktop" value="windows"/>
    <property name="sun.cpu.isalist" value="amd64"/>
  </properties>
  <testcase name="contextLoads" classname="org.stacksonstacks.StacksApplicationTests" time="0.042">
    <error message="Failed to load ApplicationContext" type="java.lang.IllegalStateException"><![CDATA[java.lang.IllegalStateException: Failed to load ApplicationContext
	at org.springframework.test.context.cache.DefaultCacheAwareContextLoaderDelegate.loadContext(DefaultCacheAwareContextLoaderDelegate.java:124)
	at org.springframework.test.context.support.DefaultTestContext.getApplicationContext(DefaultTestContext.java:83)
	at org.springframework.test.context.web.ServletTestExecutionListener.setUpRequestContextIfNecessary(ServletTestExecutionListener.java:183)
	at org.springframework.test.context.web.ServletTestExecutionListener.prepareTestInstance(ServletTestExecutionListener.java:123)
	at org.springframework.test.context.TestContextManager.prepareTestInstance(TestContextManager.java:228)
	at org.springframework.test.context.junit4.SpringJUnit4ClassRunner.createTest(SpringJUnit4ClassRunner.java:230)
	at org.springframework.test.context.junit4.SpringJUnit4ClassRunner$1.runReflectiveCall(SpringJUnit4ClassRunner.java:289)
	at org.junit.internal.runners.model.ReflectiveCallable.run(ReflectiveCallable.java:12)
	at org.springframework.test.context.junit4.SpringJUnit4ClassRunner.methodBlock(SpringJUnit4ClassRunner.java:291)
	at org.springframework.test.context.junit4.SpringJUnit4ClassRunner.runChild(SpringJUnit4ClassRunner.java:249)
	at org.springframework.test.context.junit4.SpringJUnit4ClassRunner.runChild(SpringJUnit4ClassRunner.java:89)
	at org.junit.runners.ParentRunner$3.run(ParentRunner.java:290)
	at org.junit.runners.ParentRunner$1.schedule(ParentRunner.java:71)
	at org.junit.runners.ParentRunner.runChildren(ParentRunner.java:288)
	at org.junit.runners.ParentRunner.access$000(ParentRunner.java:58)
	at org.junit.runners.ParentRunner$2.evaluate(ParentRunner.java:268)
	at org.springframework.test.context.junit4.statements.RunBeforeTestClassCallbacks.evaluate(RunBeforeTestClassCallbacks.java:61)
	at org.springframework.test.context.junit4.statements.RunAfterTestClassCallbacks.evaluate(RunAfterTestClassCallbacks.java:70)
	at org.junit.runners.ParentRunner.run(ParentRunner.java:363)
	at org.springframework.test.context.junit4.SpringJUnit4ClassRunner.run(SpringJUnit4ClassRunner.java:193)
	at org.apache.maven.surefire.junit4.JUnit4Provider.execute(JUnit4Provider.java:283)
	at org.apache.maven.surefire.junit4.JUnit4Provider.executeWithRerun(JUnit4Provider.java:173)
	at org.apache.maven.surefire.junit4.JUnit4Provider.executeTestSet(JUnit4Provider.java:153)
	at org.apache.maven.surefire.junit4.JUnit4Provider.invoke(JUnit4Provider.java:128)
	at org.apache.maven.surefire.booter.ForkedBooter.invokeProviderInSameClassLoader(ForkedBooter.java:203)
	at org.apache.maven.surefire.booter.ForkedBooter.runSuitesInProcess(ForkedBooter.java:155)
	at org.apache.maven.surefire.booter.ForkedBooter.main(ForkedBooter.java:103)
Caused by: org.springframework.beans.factory.BeanCreationException: Error creating bean with name 'org.springframework.boot.autoconfigure.orm.jpa.HibernateJpaAutoConfiguration': Injection of autowired dependencies failed; nested exception is org.springframework.beans.factory.BeanCreationException: Could not autowire field: private javax.sql.DataSource org.springframework.boot.autoconfigure.orm.jpa.JpaBaseConfiguration.dataSource; nested exception is org.springframework.beans.factory.BeanCreationException: Error creating bean with name 'dataSource' defined in class path resource [org/stacksonstacks/config/ProdDataSourceConfig.class]: Bean instantiation via factory method failed; nested exception is org.springframework.beans.BeanInstantiationException: Failed to instantiate [javax.sql.DataSource]: Factory method 'dataSource' threw exception; nested exception is com.zaxxer.hikari.pool.HikariPool$PoolInitializationException: Failed to initialize pool: Connection to 192.168.100.128:5432 refused. Check that the hostname and port are correct and that the postmaster is accepting TCP/IP connections.
	at org.springframework.beans.factory.annotation.AutowiredAnnotationBeanPostProcessor.postProcessPropertyValues(AutowiredAnnotationBeanPostProcessor.java:334)
	at org.springframework.beans.factory.support.AbstractAutowireCapableBeanFactory.populateBean(AbstractAutowireCapableBeanFactory.java:1214)
	at org.springframework.beans.factory.support.AbstractAutowireCapableBeanFactory.doCreateBean(AbstractAutowireCapableBeanFactory.java:543)
	at org.springframework.beans.factory.support.AbstractAutowireCapableBeanFactory.createBean(AbstractAutowireCapableBeanFactory.java:482)
	at org.springframework.beans.factory.support.AbstractBeanFactory$1.getObject(AbstractBeanFactory.java:306)
	at org.springframework.beans.factory.support.DefaultSingletonBeanRegistry.getSingleton(DefaultSingletonBeanRegistry.java:230)
	at org.springframework.beans.factory.support.AbstractBeanFactory.doGetBean(AbstractBeanFactory.java:302)
	at org.springframework.beans.factory.support.AbstractBeanFactory.getBean(AbstractBeanFactory.java:197)
	at org.springframework.beans.factory.support.ConstructorResolver.instantiateUsingFactoryMethod(ConstructorResolver.java:368)
	at org.springframework.beans.factory.support.AbstractAutowireCapableBeanFactory.instantiateUsingFactoryMethod(AbstractAutowireCapableBeanFactory.java:1123)
	at org.springframework.beans.factory.support.AbstractAutowireCapableBeanFactory.createBeanInstance(AbstractAutowireCapableBeanFactory.java:1018)
	at org.springframework.beans.factory.support.AbstractAutowireCapableBeanFactory.doCreateBean(AbstractAutowireCapableBeanFactory.java:510)
	at org.springframework.beans.factory.support.AbstractAutowireCapableBeanFactory.createBean(AbstractAutowireCapableBeanFactory.java:482)
	at org.springframework.beans.factory.support.AbstractBeanFactory$1.getObject(AbstractBeanFactory.java:306)
	at org.springframework.beans.factory.support.DefaultSingletonBeanRegistry.getSingleton(DefaultSingletonBeanRegistry.java:230)
	at org.springframework.beans.factory.support.AbstractBeanFactory.doGetBean(AbstractBeanFactory.java:302)
	at org.springframework.beans.factory.support.AbstractBeanFactory.getBean(AbstractBeanFactory.java:197)
	at org.springframework.context.support.AbstractApplicationContext.getBean(AbstractApplicationContext.java:1054)
	at org.springframework.context.support.AbstractApplicationContext.finishBeanFactoryInitialization(AbstractApplicationContext.java:829)
	at org.springframework.context.support.AbstractApplicationContext.refresh(AbstractApplicationContext.java:538)
	at org.springframework.boot.SpringApplication.refresh(SpringApplication.java:760)
	at org.springframework.boot.SpringApplication.createAndRefreshContext(SpringApplication.java:360)
	at org.springframework.boot.SpringApplication.run(SpringApplication.java:306)
	at org.springframework.boot.test.SpringApplicationContextLoader.loadContext(SpringApplicationContextLoader.java:98)
	at org.springframework.test.context.cache.DefaultCacheAwareContextLoaderDelegate.loadContextInternal(DefaultCacheAwareContextLoaderDelegate.java:98)
	at org.springframework.test.context.cache.DefaultCacheAwareContextLoaderDelegate.loadContext(DefaultCacheAwareContextLoaderDelegate.java:116)
	at org.springframework.test.context.support.DefaultTestContext.getApplicationContext(DefaultTestContext.java:83)
	at org.springframework.test.context.web.ServletTestExecutionListener.setUpRequestContextIfNecessary(ServletTestExecutionListener.java:183)
	at org.springframework.test.context.web.ServletTestExecutionListener.prepareTestInstance(ServletTestExecutionListener.java:123)
	at org.springframework.test.context.TestContextManager.prepareTestInstance(TestContextManager.java:228)
	at org.springframework.test.context.junit4.SpringJUnit4ClassRunner.createTest(SpringJUnit4ClassRunner.java:230)
	at org.springframework.test.context.junit4.SpringJUnit4ClassRunner$1.runReflectiveCall(SpringJUnit4ClassRunner.java:289)
	at org.junit.internal.runners.model.ReflectiveCallable.run(ReflectiveCallable.java:12)
	at org.springframework.test.context.junit4.SpringJUnit4ClassRunner.methodBlock(SpringJUnit4ClassRunner.java:291)
	at org.springframework.test.context.junit4.SpringJUnit4ClassRunner.runChild(SpringJUnit4ClassRunner.java:249)
	at org.springframework.test.context.junit4.SpringJUnit4ClassRunner.runChild(SpringJUnit4ClassRunner.java:89)
	at org.junit.runners.ParentRunner$3.run(ParentRunner.java:290)
	at org.junit.runners.ParentRunner$1.schedule(ParentRunner.java:71)
	at org.junit.runners.ParentRunner.runChildren(ParentRunner.java:288)
	at org.junit.runners.ParentRunner.access$000(ParentRunner.java:58)
	at org.junit.runners.ParentRunner$2.evaluate(ParentRunner.java:268)
	at org.springframework.test.context.junit4.statements.RunBeforeTestClassCallbacks.evaluate(RunBeforeTestClassCallbacks.java:61)
	at org.springframework.test.context.junit4.statements.RunAfterTestClassCallbacks.evaluate(RunAfterTestClassCallbacks.java:70)
	at org.junit.runners.ParentRunner.run(ParentRunner.java:363)
	at org.springframework.test.context.junit4.SpringJUnit4ClassRunner.run(SpringJUnit4ClassRunner.java:193)
	at org.apache.maven.surefire.junit4.JUnit4Provider.execute(JUnit4Provider.java:283)
	at org.apache.maven.surefire.junit4.JUnit4Provider.executeWithRerun(JUnit4Provider.java:173)
	at org.apache.maven.surefire.junit4.JUnit4Provider.executeTestSet(JUnit4Provider.java:153)
	at org.apache.maven.surefire.junit4.JUnit4Provider.invoke(JUnit4Provider.java:128)
	at org.apache.maven.surefire.booter.ForkedBooter.invokeProviderInSameClassLoader(ForkedBooter.java:203)
	at org.apache.maven.surefire.booter.ForkedBooter.runSuitesInProcess(ForkedBooter.java:155)
	at org.apache.maven.surefire.booter.ForkedBooter.main(ForkedBooter.java:103)
Caused by: org.springframework.beans.factory.BeanCreationException: Could not autowire field: private javax.sql.DataSource org.springframework.boot.autoconfigure.orm.jpa.JpaBaseConfiguration.dataSource; nested exception is org.springframework.beans.factory.BeanCreationException: Error creating bean with name 'dataSource' defined in class path resource [org/stacksonstacks/config/ProdDataSourceConfig.class]: Bean instantiation via factory method failed; nested exception is org.springframework.beans.BeanInstantiationException: Failed to instantiate [javax.sql.DataSource]: Factory method 'dataSource' threw exception; nested exception is com.zaxxer.hikari.pool.HikariPool$PoolInitializationException: Failed to initialize pool: Connection to 192.168.100.128:5432 refused. Check that the hostname and port are correct and that the postmaster is accepting TCP/IP connections.
	at org.springframework.beans.factory.annotation.AutowiredAnnotationBeanPostProcessor$AutowiredFieldElement.inject(AutowiredAnnotationBeanPostProcessor.java:573)
	at org.springframework.beans.factory.annotation.InjectionMetadata.inject(InjectionMetadata.java:88)
	at org.springframework.beans.factory.annotation.AutowiredAnnotationBeanPostProcessor.postProcessPropertyValues(AutowiredAnnotationBeanPostProcessor.java:331)
	at org.springframework.beans.factory.support.AbstractAutowireCapableBeanFactory.populateBean(AbstractAutowireCapableBeanFactory.java:1214)
	at org.springframework.beans.factory.support.AbstractAutowireCapableBeanFactory.doCreateBean(AbstractAutowireCapableBeanFactory.java:543)
	at org.springframework.beans.factory.support.AbstractAutowireCapableBeanFactory.createBean(AbstractAutowireCapableBeanFactory.java:482)
	at org.springframework.beans.factory.support.AbstractBeanFactory$1.getObject(AbstractBeanFactory.java:306)
	at org.springframework.beans.factory.support.DefaultSingletonBeanRegistry.getSingleton(DefaultSingletonBeanRegistry.java:230)
	at org.springframework.beans.factory.support.AbstractBeanFactory.doGetBean(AbstractBeanFactory.java:302)
	at org.springframework.beans.factory.support.AbstractBeanFactory.getBean(AbstractBeanFactory.java:197)
	at org.springframework.beans.factory.support.ConstructorResolver.instantiateUsingFactoryMethod(ConstructorResolver.java:368)
	at org.springframework.beans.factory.support.AbstractAutowireCapableBeanFactory.instantiateUsingFactoryMethod(AbstractAutowireCapableBeanFactory.java:1123)
	at org.springframework.beans.factory.support.AbstractAutowireCapableBeanFactory.createBeanInstance(AbstractAutowireCapableBeanFactory.java:1018)
	at org.springframework.beans.factory.support.AbstractAutowireCapableBeanFactory.doCreateBean(AbstractAutowireCapableBeanFactory.java:510)
	at org.springframework.beans.factory.support.AbstractAutowireCapableBeanFactory.createBean(AbstractAutowireCapableBeanFactory.java:482)
	at org.springframework.beans.factory.support.AbstractBeanFactory$1.getObject(AbstractBeanFactory.java:306)
	at org.springframework.beans.factory.support.DefaultSingletonBeanRegistry.getSingleton(DefaultSingletonBeanRegistry.java:230)
	at org.springframework.beans.factory.support.AbstractBeanFactory.doGetBean(AbstractBeanFactory.java:302)
	at org.springframework.beans.factory.support.AbstractBeanFactory.getBean(AbstractBeanFactory.java:197)
	at org.springframework.context.support.AbstractApplicationContext.getBean(AbstractApplicationContext.java:1054)
	at org.springframework.context.support.AbstractApplicationContext.finishBeanFactoryInitialization(AbstractApplicationContext.java:829)
	at org.springframework.context.support.AbstractApplicationContext.refresh(AbstractApplicationContext.java:538)
	at org.springframework.boot.SpringApplication.refresh(SpringApplication.java:760)
	at org.springframework.boot.SpringApplication.createAndRefreshContext(SpringApplication.java:360)
	at org.springframework.boot.SpringApplication.run(SpringApplication.java:306)
	at org.springframework.boot.test.SpringApplicationContextLoader.loadContext(SpringApplicationContextLoader.java:98)
	at org.springframework.test.context.cache.DefaultCacheAwareContextLoaderDelegate.loadContextInternal(DefaultCacheAwareContextLoaderDelegate.java:98)
	at org.springframework.test.context.cache.DefaultCacheAwareContextLoaderDelegate.loadContext(DefaultCacheAwareContextLoaderDelegate.java:116)
	at org.springframework.test.context.support.DefaultTestContext.getApplicationContext(DefaultTestContext.java:83)
	at org.springframework.test.context.web.ServletTestExecutionListener.setUpRequestContextIfNecessary(ServletTestExecutionListener.java:183)
	at org.springframework.test.context.web.ServletTestExecutionListener.prepareTestInstance(ServletTestExecutionListener.java:123)
	at org.springframework.test.context.TestContextManager.prepareTestInstance(TestContextManager.java:228)
	at org.springframework.test.context.junit4.SpringJUnit4ClassRunner.createTest(SpringJUnit4ClassRunner.java:230)
	at org.springframework.test.context.junit4.SpringJUnit4ClassRunner$1.runReflectiveCall(SpringJUnit4ClassRunner.java:289)
	at org.junit.internal.runners.model.ReflectiveCallable.run(ReflectiveCallable.java:12)
	at org.springframework.test.context.junit4.SpringJUnit4ClassRunner.methodBlock(SpringJUnit4ClassRunner.java:291)
	at org.springframework.test.context.junit4.SpringJUnit4ClassRunner.runChild(SpringJUnit4ClassRunner.java:249)
	at org.springframework.test.context.junit4.SpringJUnit4ClassRunner.runChild(SpringJUnit4ClassRunner.java:89)
	at org.junit.runners.ParentRunner$3.run(ParentRunner.java:290)
	at org.junit.runners.ParentRunner$1.schedule(ParentRunner.java:71)
	at org.junit.runners.ParentRunner.runChildren(ParentRunner.java:288)
	at org.junit.runners.ParentRunner.access$000(ParentRunner.java:58)
	at org.junit.runners.ParentRunner$2.evaluate(ParentRunner.java:268)
	at org.springframework.test.context.junit4.statements.RunBeforeTestClassCallbacks.evaluate(RunBeforeTestClassCallbacks.java:61)
	at org.springframework.test.context.junit4.statements.RunAfterTestClassCallbacks.evaluate(RunAfterTestClassCallbacks.java:70)
	at org.junit.runners.ParentRunner.run(ParentRunner.java:363)
	at org.springframework.test.context.junit4.SpringJUnit4ClassRunner.run(SpringJUnit4ClassRunner.java:193)
	at org.apache.maven.surefire.junit4.JUnit4Provider.execute(JUnit4Provider.java:283)
	at org.apache.maven.surefire.junit4.JUnit4Provider.executeWithRerun(JUnit4Provider.java:173)
	at org.apache.maven.surefire.junit4.JUnit4Provider.executeTestSet(JUnit4Provider.java:153)
	at org.apache.maven.surefire.junit4.JUnit4Provider.invoke(JUnit4Provider.java:128)
	at org.apache.maven.surefire.booter.ForkedBooter.invokeProviderInSameClassLoader(ForkedBooter.java:203)
	at org.apache.maven.surefire.booter.ForkedBooter.runSuitesInProcess(ForkedBooter.java:155)
	at org.apache.maven.surefire.booter.ForkedBooter.main(ForkedBooter.java:103)
Caused by: org.springframework.beans.factory.BeanCreationException: Error creating bean with name 'dataSource' defined in class path resource [org/stacksonstacks/config/ProdDataSourceConfig.class]: Bean instantiation via factory method failed; nested exception is org.springframework.beans.BeanInstantiationException: Failed to instantiate [javax.sql.DataSource]: Factory method 'dataSource' threw exception; nested exception is com.zaxxer.hikari.pool.HikariPool$PoolInitializationException: Failed to initialize pool: Connection to 192.168.100.128:5432 refused. Check that the hostname and port are correct and that the postmaster is accepting TCP/IP connections.
	at org.springframework.beans.factory.support.ConstructorResolver.instantiateUsingFactoryMethod(ConstructorResolver.java:599)
	at org.springframework.beans.factory.support.AbstractAutowireCapableBeanFactory.instantiateUsingFactoryMethod(AbstractAutowireCapableBeanFactory.java:1123)
	at org.springframework.beans.factory.support.AbstractAutowireCapableBeanFactory.createBeanInstance(AbstractAutowireCapableBeanFactory.java:1018)
	at org.springframework.beans.factory.support.AbstractAutowireCapableBeanFactory.doCreateBean(AbstractAutowireCapableBeanFactory.java:510)
	at org.springframework.beans.factory.support.AbstractAutowireCapableBeanFactory.createBean(AbstractAutowireCapableBeanFactory.java:482)
	at org.springframework.beans.factory.support.AbstractBeanFactory$1.getObject(AbstractBeanFactory.java:306)
	at org.springframework.beans.factory.support.DefaultSingletonBeanRegistry.getSingleton(DefaultSingletonBeanRegistry.java:230)
	at org.springframework.beans.factory.support.AbstractBeanFactory.doGetBean(AbstractBeanFactory.java:302)
	at org.springframework.beans.factory.support.AbstractBeanFactory.getBean(AbstractBeanFactory.java:197)
	at org.springframework.beans.factory.support.DefaultListableBeanFactory.findAutowireCandidates(DefaultListableBeanFactory.java:1192)
	at org.springframework.beans.factory.support.DefaultListableBeanFactory.doResolveDependency(DefaultListableBeanFactory.java:1116)
	at org.springframework.beans.factory.support.DefaultListableBeanFactory.resolveDependency(DefaultListableBeanFactory.java:1014)
	at org.springframework.beans.factory.annotation.AutowiredAnnotationBeanPostProcessor$AutowiredFieldElement.inject(AutowiredAnnotationBeanPostProcessor.java:545)
	at org.springframework.beans.factory.annotation.InjectionMetadata.inject(InjectionMetadata.java:88)
	at org.springframework.beans.factory.annotation.AutowiredAnnotationBeanPostProcessor.postProcessPropertyValues(AutowiredAnnotationBeanPostProcessor.java:331)
	at org.springframework.beans.factory.support.AbstractAutowireCapableBeanFactory.populateBean(AbstractAutowireCapableBeanFactory.java:1214)
	at org.springframework.beans.factory.support.AbstractAutowireCapableBeanFactory.doCreateBean(AbstractAutowireCapableBeanFactory.java:543)
	at org.springframework.beans.factory.support.AbstractAutowireCapableBeanFactory.createBean(AbstractAutowireCapableBeanFactory.java:482)
	at org.springframework.beans.factory.support.AbstractBeanFactory$1.getObject(AbstractBeanFactory.java:306)
	at org.springframework.beans.factory.support.DefaultSingletonBeanRegistry.getSingleton(DefaultSingletonBeanRegistry.java:230)
	at org.springframework.beans.factory.support.AbstractBeanFactory.doGetBean(AbstractBeanFactory.java:302)
	at org.springframework.beans.factory.support.AbstractBeanFactory.getBean(AbstractBeanFactory.java:197)
	at org.springframework.beans.factory.support.ConstructorResolver.instantiateUsingFactoryMethod(ConstructorResolver.java:368)
	at org.springframework.beans.factory.support.AbstractAutowireCapableBeanFactory.instantiateUsingFactoryMethod(AbstractAutowireCapableBeanFactory.java:1123)
	at org.springframework.beans.factory.support.AbstractAutowireCapableBeanFactory.createBeanInstance(AbstractAutowireCapableBeanFactory.java:1018)
	at org.springframework.beans.factory.support.AbstractAutowireCapableBeanFactory.doCreateBean(AbstractAutowireCapableBeanFactory.java:510)
	at org.springframework.beans.factory.support.AbstractAutowireCapableBeanFactory.createBean(AbstractAutowireCapableBeanFactory.java:482)
	at org.springframework.beans.factory.support.AbstractBeanFactory$1.getObject(AbstractBeanFactory.java:306)
	at org.springframework.beans.factory.support.DefaultSingletonBeanRegistry.getSingleton(DefaultSingletonBeanRegistry.java:230)
	at org.springframework.beans.factory.support.AbstractBeanFactory.doGetBean(AbstractBeanFactory.java:302)
	at org.springframework.beans.factory.support.AbstractBeanFactory.getBean(AbstractBeanFactory.java:197)
	at org.springframework.context.support.AbstractApplicationContext.getBean(AbstractApplicationContext.java:1054)
	at org.springframework.context.support.AbstractApplicationContext.finishBeanFactoryInitialization(AbstractApplicationContext.java:829)
	at org.springframework.context.support.AbstractApplicationContext.refresh(AbstractApplicationContext.java:538)
	at org.springframework.boot.SpringApplication.refresh(SpringApplication.java:760)
	at org.springframework.boot.SpringApplication.createAndRefreshContext(SpringApplication.java:360)
	at org.springframework.boot.SpringApplication.run(SpringApplication.java:306)
	at org.springframework.boot.test.SpringApplicationContextLoader.loadContext(SpringApplicationContextLoader.java:98)
	at org.springframework.test.context.cache.DefaultCacheAwareContextLoaderDelegate.loadContextInternal(DefaultCacheAwareContextLoaderDelegate.java:98)
	at org.springframework.test.context.cache.DefaultCacheAwareContextLoaderDelegate.loadContext(DefaultCacheAwareContextLoaderDelegate.java:116)
	at org.springframework.test.context.support.DefaultTestContext.getApplicationContext(DefaultTestContext.java:83)
	at org.springframework.test.context.web.ServletTestExecutionListener.setUpRequestContextIfNecessary(ServletTestExecutionListener.java:183)
	at org.springframework.test.context.web.ServletTestExecutionListener.prepareTestInstance(ServletTestExecutionListener.java:123)
	at org.springframework.test.context.TestContextManager.prepareTestInstance(TestContextManager.java:228)
	at org.springframework.test.context.junit4.SpringJUnit4ClassRunner.createTest(SpringJUnit4ClassRunner.java:230)
	at org.springframework.test.context.junit4.SpringJUnit4ClassRunner$1.runReflectiveCall(SpringJUnit4ClassRunner.java:289)
	at org.junit.internal.runners.model.ReflectiveCallable.run(ReflectiveCallable.java:12)
	at org.springframework.test.context.junit4.SpringJUnit4ClassRunner.methodBlock(SpringJUnit4ClassRunner.java:291)
	at org.springframework.test.context.junit4.SpringJUnit4ClassRunner.runChild(SpringJUnit4ClassRunner.java:249)
	at org.springframework.test.context.junit4.SpringJUnit4ClassRunner.runChild(SpringJUnit4ClassRunner.java:89)
	at org.junit.runners.ParentRunner$3.run(ParentRunner.java:290)
	at org.junit.runners.ParentRunner$1.schedule(ParentRunner.java:71)
	at org.junit.runners.ParentRunner.runChildren(ParentRunner.java:288)
	at org.junit.runners.ParentRunner.access$000(ParentRunner.java:58)
	at org.junit.runners.ParentRunner$2.evaluate(ParentRunner.java:268)
	at org.springframework.test.context.junit4.statements.RunBeforeTestClassCallbacks.evaluate(RunBeforeTestClassCallbacks.java:61)
	at org.springframework.test.context.junit4.statements.RunAfterTestClassCallbacks.evaluate(RunAfterTestClassCallbacks.java:70)
	at org.junit.runners.ParentRunner.run(ParentRunner.java:363)
	at org.springframework.test.context.junit4.SpringJUnit4ClassRunner.run(SpringJUnit4ClassRunner.java:193)
	at org.apache.maven.surefire.junit4.JUnit4Provider.execute(JUnit4Provider.java:283)
	at org.apache.maven.surefire.junit4.JUnit4Provider.executeWithRerun(JUnit4Provider.java:173)
	at org.apache.maven.surefire.junit4.JUnit4Provider.executeTestSet(JUnit4Provider.java:153)
	at org.apache.maven.surefire.junit4.JUnit4Provider.invoke(JUnit4Provider.java:128)
	at org.apache.maven.surefire.booter.ForkedBooter.invokeProviderInSameClassLoader(ForkedBooter.java:203)
	at org.apache.maven.surefire.booter.ForkedBooter.runSuitesInProcess(ForkedBooter.java:155)
	at org.apache.maven.surefire.booter.ForkedBooter.main(ForkedBooter.java:103)
Caused by: org.springframework.beans.BeanInstantiationException: Failed to instantiate [javax.sql.DataSource]: Factory method 'dataSource' threw exception; nested exception is com.zaxxer.hikari.pool.HikariPool$PoolInitializationException: Failed to initialize pool: Connection to 192.168.100.128:5432 refused. Check that the hostname and port are correct and that the postmaster is accepting TCP/IP connections.
	at org.springframework.beans.factory.support.SimpleInstantiationStrategy.instantiate(SimpleInstantiationStrategy.java:189)
	at org.springframework.beans.factory.support.ConstructorResolver.instantiateUsingFactoryMethod(ConstructorResolver.java:588)
	at org.springframework.beans.factory.support.AbstractAutowireCapableBeanFactory.instantiateUsingFactoryMethod(AbstractAutowireCapableBeanFactory.java:1123)
	at org.springframework.beans.factory.support.AbstractAutowireCapableBeanFactory.createBeanInstance(AbstractAutowireCapableBeanFactory.java:1018)
	at org.springframework.beans.factory.support.AbstractAutowireCapableBeanFactory.doCreateBean(AbstractAutowireCapableBeanFactory.java:510)
	at org.springframework.beans.factory.support.AbstractAutowireCapableBeanFactory.createBean(AbstractAutowireCapableBeanFactory.java:482)
	at org.springframework.beans.factory.support.AbstractBeanFactory$1.getObject(AbstractBeanFactory.java:306)
	at org.springframework.beans.factory.support.DefaultSingletonBeanRegistry.getSingleton(DefaultSingletonBeanRegistry.java:230)
	at org.springframework.beans.factory.support.AbstractBeanFactory.doGetBean(AbstractBeanFactory.java:302)
	at org.springframework.beans.factory.support.AbstractBeanFactory.getBean(AbstractBeanFactory.java:197)
	at org.springframework.beans.factory.support.DefaultListableBeanFactory.findAutowireCandidates(DefaultListableBeanFactory.java:1192)
	at org.springframework.beans.factory.support.DefaultListableBeanFactory.doResolveDependency(DefaultListableBeanFactory.java:1116)
	at org.springframework.beans.factory.support.DefaultListableBeanFactory.resolveDependency(DefaultListableBeanFactory.java:1014)
	at org.springframework.beans.factory.annotation.AutowiredAnnotationBeanPostProcessor$AutowiredFieldElement.inject(AutowiredAnnotationBeanPostProcessor.java:545)
	at org.springframework.beans.factory.annotation.InjectionMetadata.inject(InjectionMetadata.java:88)
	at org.springframework.beans.factory.annotation.AutowiredAnnotationBeanPostProcessor.postProcessPropertyValues(AutowiredAnnotationBeanPostProcessor.java:331)
	at org.springframework.beans.factory.support.AbstractAutowireCapableBeanFactory.populateBean(AbstractAutowireCapableBeanFactory.java:1214)
	at org.springframework.beans.factory.support.AbstractAutowireCapableBeanFactory.doCreateBean(AbstractAutowireCapableBeanFactory.java:543)
	at org.springframework.beans.factory.support.AbstractAutowireCapableBeanFactory.createBean(AbstractAutowireCapableBeanFactory.java:482)
	at org.springframework.beans.factory.support.AbstractBeanFactory$1.getObject(AbstractBeanFactory.java:306)
	at org.springframework.beans.factory.support.DefaultSingletonBeanRegistry.getSingleton(DefaultSingletonBeanRegistry.java:230)
	at org.springframework.beans.factory.support.AbstractBeanFactory.doGetBean(AbstractBeanFactory.java:302)
	at org.springframework.beans.factory.support.AbstractBeanFactory.getBean(AbstractBeanFactory.java:197)
	at org.springframework.beans.factory.support.ConstructorResolver.instantiateUsingFactoryMethod(ConstructorResolver.java:368)
	at org.springframework.beans.factory.support.AbstractAutowireCapableBeanFactory.instantiateUsingFactoryMethod(AbstractAutowireCapableBeanFactory.java:1123)
	at org.springframework.beans.factory.support.AbstractAutowireCapableBeanFactory.createBeanInstance(AbstractAutowireCapableBeanFactory.java:1018)
	at org.springframework.beans.factory.support.AbstractAutowireCapableBeanFactory.doCreateBean(AbstractAutowireCapableBeanFactory.java:510)
	at org.springframework.beans.factory.support.AbstractAutowireCapableBeanFactory.createBean(AbstractAutowireCapableBeanFactory.java:482)
	at org.springframework.beans.factory.support.AbstractBeanFactory$1.getObject(AbstractBeanFactory.java:306)
	at org.springframework.beans.factory.support.DefaultSingletonBeanRegistry.getSingleton(DefaultSingletonBeanRegistry.java:230)
	at org.springframework.beans.factory.support.AbstractBeanFactory.doGetBean(AbstractBeanFactory.java:302)
	at org.springframework.beans.factory.support.AbstractBeanFactory.getBean(AbstractBeanFactory.java:197)
	at org.springframework.context.support.AbstractApplicationContext.getBean(AbstractApplicationContext.java:1054)
	at org.springframework.context.support.AbstractApplicationContext.finishBeanFactoryInitialization(AbstractApplicationContext.java:829)
	at org.springframework.context.support.AbstractApplicationContext.refresh(AbstractApplicationContext.java:538)
	at org.springframework.boot.SpringApplication.refresh(SpringApplication.java:760)
	at org.springframework.boot.SpringApplication.createAndRefreshContext(SpringApplication.java:360)
	at org.springframework.boot.SpringApplication.run(SpringApplication.java:306)
	at org.springframework.boot.test.SpringApplicationContextLoader.loadContext(SpringApplicationContextLoader.java:98)
	at org.springframework.test.context.cache.DefaultCacheAwareContextLoaderDelegate.loadContextInternal(DefaultCacheAwareContextLoaderDelegate.java:98)
	at org.springframework.test.context.cache.DefaultCacheAwareContextLoaderDelegate.loadContext(DefaultCacheAwareContextLoaderDelegate.java:116)
	at org.springframework.test.context.support.DefaultTestContext.getApplicationContext(DefaultTestContext.java:83)
	at org.springframework.test.context.web.ServletTestExecutionListener.setUpRequestContextIfNecessary(ServletTestExecutionListener.java:183)
	at org.springframework.test.context.web.ServletTestExecutionListener.prepareTestInstance(ServletTestExecutionListener.java:123)
	at org.springframework.test.context.TestContextManager.prepareTestInstance(TestContextManager.java:228)
	at org.springframework.test.context.junit4.SpringJUnit4ClassRunner.createTest(SpringJUnit4ClassRunner.java:230)
	at org.springframework.test.context.junit4.SpringJUnit4ClassRunner$1.runReflectiveCall(SpringJUnit4ClassRunner.java:289)
	at org.junit.internal.runners.model.ReflectiveCallable.run(ReflectiveCallable.java:12)
	at org.springframework.test.context.junit4.SpringJUnit4ClassRunner.methodBlock(SpringJUnit4ClassRunner.java:291)
	at org.springframework.test.context.junit4.SpringJUnit4ClassRunner.runChild(SpringJUnit4ClassRunner.java:249)
	at org.springframework.test.context.junit4.SpringJUnit4ClassRunner.runChild(SpringJUnit4ClassRunner.java:89)
	at org.junit.runners.ParentRunner$3.run(ParentRunner.java:290)
	at org.junit.runners.ParentRunner$1.schedule(ParentRunner.java:71)
	at org.junit.runners.ParentRunner.runChildren(ParentRunner.java:288)
	at org.junit.runners.ParentRunner.access$000(ParentRunner.java:58)
	at org.junit.runners.ParentRunner$2.evaluate(ParentRunner.java:268)
	at org.springframework.test.context.junit4.statements.RunBeforeTestClassCallbacks.evaluate(RunBeforeTestClassCallbacks.java:61)
	at org.springframework.test.context.junit4.statements.RunAfterTestClassCallbacks.evaluate(RunAfterTestClassCallbacks.java:70)
	at org.junit.runners.ParentRunner.run(ParentRunner.java:363)
	at org.springframework.test.context.junit4.SpringJUnit4ClassRunner.run(SpringJUnit4ClassRunner.java:193)
	at org.apache.maven.surefire.junit4.JUnit4Provider.execute(JUnit4Provider.java:283)
	at org.apache.maven.surefire.junit4.JUnit4Provider.executeWithRerun(JUnit4Provider.java:173)
	at org.apache.maven.surefire.junit4.JUnit4Provider.executeTestSet(JUnit4Provider.java:153)
	at org.apache.maven.surefire.junit4.JUnit4Provider.invoke(JUnit4Provider.java:128)
	at org.apache.maven.surefire.booter.ForkedBooter.invokeProviderInSameClassLoader(ForkedBooter.java:203)
	at org.apache.maven.surefire.booter.ForkedBooter.runSuitesInProcess(ForkedBooter.java:155)
	at org.apache.maven.surefire.booter.ForkedBooter.main(ForkedBooter.java:103)
Caused by: com.zaxxer.hikari.pool.HikariPool$PoolInitializationException: Failed to initialize pool: Connection to 192.168.100.128:5432 refused. Check that the hostname and port are correct and that the postmaster is accepting TCP/IP connections.
	at com.zaxxer.hikari.pool.HikariPool.checkFailFast(HikariPool.java:516)
	at com.zaxxer.hikari.pool.HikariPool.<init>(HikariPool.java:118)
	at com.zaxxer.hikari.HikariDataSource.<init>(HikariDataSource.java:71)
	at org.stacksonstacks.config.ProdDataSourceConfig.dataSource(ProdDataSourceConfig.java:35)
	at org.stacksonstacks.config.ProdDataSourceConfig$$EnhancerBySpringCGLIB$$f462601d.CGLIB$dataSource$0(<generated>)
	at org.stacksonstacks.config.ProdDataSourceConfig$$EnhancerBySpringCGLIB$$f462601d$$FastClassBySpringCGLIB$$a5da07d5.invoke(<generated>)
	at org.springframework.cglib.proxy.MethodProxy.invokeSuper(MethodProxy.java:228)
	at org.springframework.context.annotation.ConfigurationClassEnhancer$BeanMethodInterceptor.intercept(ConfigurationClassEnhancer.java:356)
	at org.stacksonstacks.config.ProdDataSourceConfig$$EnhancerBySpringCGLIB$$f462601d.dataSource(<generated>)
	at sun.reflect.NativeMethodAccessorImpl.invoke0(Native Method)
	at sun.reflect.NativeMethodAccessorImpl.invoke(NativeMethodAccessorImpl.java:62)
	at sun.reflect.DelegatingMethodAccessorImpl.invoke(DelegatingMethodAccessorImpl.java:43)
	at java.lang.reflect.Method.invoke(Method.java:498)
	at org.springframework.beans.factory.support.SimpleInstantiationStrategy.instantiate(SimpleInstantiationStrategy.java:162)
	at org.springframework.beans.factory.support.ConstructorResolver.instantiateUsingFactoryMethod(ConstructorResolver.java:588)
	at org.springframework.beans.factory.support.AbstractAutowireCapableBeanFactory.instantiateUsingFactoryMethod(AbstractAutowireCapableBeanFactory.java:1123)
	at org.springframework.beans.factory.support.AbstractAutowireCapableBeanFactory.createBeanInstance(AbstractAutowireCapableBeanFactory.java:1018)
	at org.springframework.beans.factory.support.AbstractAutowireCapableBeanFactory.doCreateBean(AbstractAutowireCapableBeanFactory.java:510)
	at org.springframework.beans.factory.support.AbstractAutowireCapableBeanFactory.createBean(AbstractAutowireCapableBeanFactory.java:482)
	at org.springframework.beans.factory.support.AbstractBeanFactory$1.getObject(AbstractBeanFactory.java:306)
	at org.springframework.beans.factory.support.DefaultSingletonBeanRegistry.getSingleton(DefaultSingletonBeanRegistry.java:230)
	at org.springframework.beans.factory.support.AbstractBeanFactory.doGetBean(AbstractBeanFactory.java:302)
	at org.springframework.beans.factory.support.AbstractBeanFactory.getBean(AbstractBeanFactory.java:197)
	at org.springframework.beans.factory.support.DefaultListableBeanFactory.findAutowireCandidates(DefaultListableBeanFactory.java:1192)
	at org.springframework.beans.factory.support.DefaultListableBeanFactory.doResolveDependency(DefaultListableBeanFactory.java:1116)
	at org.springframework.beans.factory.support.DefaultListableBeanFactory.resolveDependency(DefaultListableBeanFactory.java:1014)
	at org.springframework.beans.factory.annotation.AutowiredAnnotationBeanPostProcessor$AutowiredFieldElement.inject(AutowiredAnnotationBeanPostProcessor.java:545)
	at org.springframework.beans.factory.annotation.InjectionMetadata.inject(InjectionMetadata.java:88)
	at org.springframework.beans.factory.annotation.AutowiredAnnotationBeanPostProcessor.postProcessPropertyValues(AutowiredAnnotationBeanPostProcessor.java:331)
	at org.springframework.beans.factory.support.AbstractAutowireCapableBeanFactory.populateBean(AbstractAutowireCapableBeanFactory.java:1214)
	at org.springframework.beans.factory.support.AbstractAutowireCapableBeanFactory.doCreateBean(AbstractAutowireCapableBeanFactory.java:543)
	at org.springframework.beans.factory.support.AbstractAutowireCapableBeanFactory.createBean(AbstractAutowireCapableBeanFactory.java:482)
	at org.springframework.beans.factory.support.AbstractBeanFactory$1.getObject(AbstractBeanFactory.java:306)
	at org.springframework.beans.factory.support.DefaultSingletonBeanRegistry.getSingleton(DefaultSingletonBeanRegistry.java:230)
	at org.springframework.beans.factory.support.AbstractBeanFactory.doGetBean(AbstractBeanFactory.java:302)
	at org.springframework.beans.factory.support.AbstractBeanFactory.getBean(AbstractBeanFactory.java:197)
	at org.springframework.beans.factory.support.ConstructorResolver.instantiateUsingFactoryMethod(ConstructorResolver.java:368)
	at org.springframework.beans.factory.support.AbstractAutowireCapableBeanFactory.instantiateUsingFactoryMethod(AbstractAutowireCapableBeanFactory.java:1123)
	at org.springframework.beans.factory.support.AbstractAutowireCapableBeanFactory.createBeanInstance(AbstractAutowireCapableBeanFactory.java:1018)
	at org.springframework.beans.factory.support.AbstractAutowireCapableBeanFactory.doCreateBean(AbstractAutowireCapableBeanFactory.java:510)
	at org.springframework.beans.factory.support.AbstractAutowireCapableBeanFactory.createBean(AbstractAutowireCapableBeanFactory.java:482)
	at org.springframework.beans.factory.support.AbstractBeanFactory$1.getObject(AbstractBeanFactory.java:306)
	at org.springframework.beans.factory.support.DefaultSingletonBeanRegistry.getSingleton(DefaultSingletonBeanRegistry.java:230)
	at org.springframework.beans.factory.support.AbstractBeanFactory.doGetBean(AbstractBeanFactory.java:302)
	at org.springframework.beans.factory.support.AbstractBeanFactory.getBean(AbstractBeanFactory.java:197)
	at org.springframework.context.support.AbstractApplicationContext.getBean(AbstractApplicationContext.java:1054)
	at org.springframework.context.support.AbstractApplicationContext.finishBeanFactoryInitialization(AbstractApplicationContext.java:829)
	at org.springframework.context.support.AbstractApplicationContext.refresh(AbstractApplicationContext.java:538)
	at org.springframework.boot.SpringApplication.refresh(SpringApplication.java:760)
	at org.springframework.boot.SpringApplication.createAndRefreshContext(SpringApplication.java:360)
	at org.springframework.boot.SpringApplication.run(SpringApplication.java:306)
	at org.springframework.boot.test.SpringApplicationContextLoader.loadContext(SpringApplicationContextLoader.java:98)
	at org.springframework.test.context.cache.DefaultCacheAwareContextLoaderDelegate.loadContextInternal(DefaultCacheAwareContextLoaderDelegate.java:98)
	at org.springframework.test.context.cache.DefaultCacheAwareContextLoaderDelegate.loadContext(DefaultCacheAwareContextLoaderDelegate.java:116)
	at org.springframework.test.context.support.DefaultTestContext.getApplicationContext(DefaultTestContext.java:83)
	at org.springframework.test.context.web.ServletTestExecutionListener.setUpRequestContextIfNecessary(ServletTestExecutionListener.java:183)
	at org.springframework.test.context.web.ServletTestExecutionListener.prepareTestInstance(ServletTestExecutionListener.java:123)
	at org.springframework.test.context.TestContextManager.prepareTestInstance(TestContextManager.java:228)
	at org.springframework.test.context.junit4.SpringJUnit4ClassRunner.createTest(SpringJUnit4ClassRunner.java:230)
	at org.springframework.test.context.junit4.SpringJUnit4ClassRunner$1.runReflectiveCall(SpringJUnit4ClassRunner.java:289)
	at org.junit.internal.runners.model.ReflectiveCallable.run(ReflectiveCallable.java:12)
	at org.springframework.test.context.junit4.SpringJUnit4ClassRunner.methodBlock(SpringJUnit4ClassRunner.java:291)
	at org.springframework.test.context.junit4.SpringJUnit4ClassRunner.runChild(SpringJUnit4ClassRunner.java:249)
	at org.springframework.test.context.junit4.SpringJUnit4ClassRunner.runChild(SpringJUnit4ClassRunner.java:89)
	at org.junit.runners.ParentRunner$3.run(ParentRunner.java:290)
	at org.junit.runners.ParentRunner$1.schedule(ParentRunner.java:71)
	at org.junit.runners.ParentRunner.runChildren(ParentRunner.java:288)
	at org.junit.runners.ParentRunner.access$000(ParentRunner.java:58)
	at org.junit.runners.ParentRunner$2.evaluate(ParentRunner.java:268)
	at org.springframework.test.context.junit4.statements.RunBeforeTestClassCallbacks.evaluate(RunBeforeTestClassCallbacks.java:61)
	at org.springframework.test.context.junit4.statements.RunAfterTestClassCallbacks.evaluate(RunAfterTestClassCallbacks.java:70)
	at org.junit.runners.ParentRunner.run(ParentRunner.java:363)
	at org.springframework.test.context.junit4.SpringJUnit4ClassRunner.run(SpringJUnit4ClassRunner.java:193)
	at org.apache.maven.surefire.junit4.JUnit4Provider.execute(JUnit4Provider.java:283)
	at org.apache.maven.surefire.junit4.JUnit4Provider.executeWithRerun(JUnit4Provider.java:173)
	at org.apache.maven.surefire.junit4.JUnit4Provider.executeTestSet(JUnit4Provider.java:153)
	at org.apache.maven.surefire.junit4.JUnit4Provider.invoke(JUnit4Provider.java:128)
	at org.apache.maven.surefire.booter.ForkedBooter.invokeProviderInSameClassLoader(ForkedBooter.java:203)
	at org.apache.maven.surefire.booter.ForkedBooter.runSuitesInProcess(ForkedBooter.java:155)
	at org.apache.maven.surefire.booter.ForkedBooter.main(ForkedBooter.java:103)
Caused by: org.postgresql.util.PSQLException: Connection to 192.168.100.128:5432 refused. Check that the hostname and port are correct and that the postmaster is accepting TCP/IP connections.
	at org.postgresql.core.v3.ConnectionFactoryImpl.openConnectionImpl(ConnectionFactoryImpl.java:252)
	at org.postgresql.core.ConnectionFactory.openConnection(ConnectionFactory.java:66)
	at org.postgresql.jdbc.PgConnection.<init>(PgConnection.java:215)
	at org.postgresql.Driver.makeConnection(Driver.java:406)
	at org.postgresql.Driver.connect(Driver.java:274)
	at com.zaxxer.hikari.util.DriverDataSource.getConnection(DriverDataSource.java:95)
	at com.zaxxer.hikari.util.DriverDataSource.getConnection(DriverDataSource.java:101)
	at com.zaxxer.hikari.pool.PoolBase.newConnection(PoolBase.java:316)
	at com.zaxxer.hikari.pool.HikariPool.checkFailFast(HikariPool.java:506)
	at com.zaxxer.hikari.pool.HikariPool.<init>(HikariPool.java:118)
	at com.zaxxer.hikari.HikariDataSource.<init>(HikariDataSource.java:71)
	at org.stacksonstacks.config.ProdDataSourceConfig.dataSource(ProdDataSourceConfig.java:35)
	at org.stacksonstacks.config.ProdDataSourceConfig$$EnhancerBySpringCGLIB$$f462601d.CGLIB$dataSource$0(<generated>)
	at org.stacksonstacks.config.ProdDataSourceConfig$$EnhancerBySpringCGLIB$$f462601d$$FastClassBySpringCGLIB$$a5da07d5.invoke(<generated>)
	at org.springframework.cglib.proxy.MethodProxy.invokeSuper(MethodProxy.java:228)
	at org.springframework.context.annotation.ConfigurationClassEnhancer$BeanMethodInterceptor.intercept(ConfigurationClassEnhancer.java:356)
	at org.stacksonstacks.config.ProdDataSourceConfig$$EnhancerBySpringCGLIB$$f462601d.dataSource(<generated>)
	at sun.reflect.NativeMethodAccessorImpl.invoke0(Native Method)
	at sun.reflect.NativeMethodAccessorImpl.invoke(NativeMethodAccessorImpl.java:62)
	at sun.reflect.DelegatingMethodAccessorImpl.invoke(DelegatingMethodAccessorImpl.java:43)
	at java.lang.reflect.Method.invoke(Method.java:498)
	at org.springframework.beans.factory.support.SimpleInstantiationStrategy.instantiate(SimpleInstantiationStrategy.java:162)
	at org.springframework.beans.factory.support.ConstructorResolver.instantiateUsingFactoryMethod(ConstructorResolver.java:588)
	at org.springframework.beans.factory.support.AbstractAutowireCapableBeanFactory.instantiateUsingFactoryMethod(AbstractAutowireCapableBeanFactory.java:1123)
	at org.springframework.beans.factory.support.AbstractAutowireCapableBeanFactory.createBeanInstance(AbstractAutowireCapableBeanFactory.java:1018)
	at org.springframework.beans.factory.support.AbstractAutowireCapableBeanFactory.doCreateBean(AbstractAutowireCapableBeanFactory.java:510)
	at org.springframework.beans.factory.support.AbstractAutowireCapableBeanFactory.createBean(AbstractAutowireCapableBeanFactory.java:482)
	at org.springframework.beans.factory.support.AbstractBeanFactory$1.getObject(AbstractBeanFactory.java:306)
	at org.springframework.beans.factory.support.DefaultSingletonBeanRegistry.getSingleton(DefaultSingletonBeanRegistry.java:230)
	at org.springframework.beans.factory.support.AbstractBeanFactory.doGetBean(AbstractBeanFactory.java:302)
	at org.springframework.beans.factory.support.AbstractBeanFactory.getBean(AbstractBeanFactory.java:197)
	at org.springframework.beans.factory.support.DefaultListableBeanFactory.findAutowireCandidates(DefaultListableBeanFactory.java:1192)
	at org.springframework.beans.factory.support.DefaultListableBeanFactory.doResolveDependency(DefaultListableBeanFactory.java:1116)
	at org.springframework.beans.factory.support.DefaultListableBeanFactory.resolveDependency(DefaultListableBeanFactory.java:1014)
	at org.springframework.beans.factory.annotation.AutowiredAnnotationBeanPostProcessor$AutowiredFieldElement.inject(AutowiredAnnotationBeanPostProcessor.java:545)
	at org.springframework.beans.factory.annotation.InjectionMetadata.inject(InjectionMetadata.java:88)
	at org.springframework.beans.factory.annotation.AutowiredAnnotationBeanPostProcessor.postProcessPropertyValues(AutowiredAnnotationBeanPostProcessor.java:331)
	at org.springframework.beans.factory.support.AbstractAutowireCapableBeanFactory.populateBean(AbstractAutowireCapableBeanFactory.java:1214)
	at org.springframework.beans.factory.support.AbstractAutowireCapableBeanFactory.doCreateBean(AbstractAutowireCapableBeanFactory.java:543)
	at org.springframework.beans.factory.support.AbstractAutowireCapableBeanFactory.createBean(AbstractAutowireCapableBeanFactory.java:482)
	at org.springframework.beans.factory.support.AbstractBeanFactory$1.getObject(AbstractBeanFactory.java:306)
	at org.springframework.beans.factory.support.DefaultSingletonBeanRegistry.getSingleton(DefaultSingletonBeanRegistry.java:230)
	at org.springframework.beans.factory.support.AbstractBeanFactory.doGetBean(AbstractBeanFactory.java:302)
	at org.springframework.beans.factory.support.AbstractBeanFactory.getBean(AbstractBeanFactory.java:197)
	at org.springframework.beans.factory.support.ConstructorResolver.instantiateUsingFactoryMethod(ConstructorResolver.java:368)
	at org.springframework.beans.factory.support.AbstractAutowireCapableBeanFactory.instantiateUsingFactoryMethod(AbstractAutowireCapableBeanFactory.java:1123)
	at org.springframework.beans.factory.support.AbstractAutowireCapableBeanFactory.createBeanInstance(AbstractAutowireCapableBeanFactory.java:1018)
	at org.springframework.beans.factory.support.AbstractAutowireCapableBeanFactory.doCreateBean(AbstractAutowireCapableBeanFactory.java:510)
	at org.springframework.beans.factory.support.AbstractAutowireCapableBeanFactory.createBean(AbstractAutowireCapableBeanFactory.java:482)
	at org.springframework.beans.factory.support.AbstractBeanFactory$1.getObject(AbstractBeanFactory.java:306)
	at org.springframework.beans.factory.support.DefaultSingletonBeanRegistry.getSingleton(DefaultSingletonBeanRegistry.java:230)
	at org.springframework.beans.factory.support.AbstractBeanFactory.doGetBean(AbstractBeanFactory.java:302)
	at org.springframework.beans.factory.support.AbstractBeanFactory.getBean(AbstractBeanFactory.java:197)
	at org.springframework.context.support.AbstractApplicationContext.getBean(AbstractApplicationContext.java:1054)
	at org.springframework.context.support.AbstractApplicationContext.finishBeanFactoryInitialization(AbstractApplicationContext.java:829)
	at org.springframework.context.support.AbstractApplicationContext.refresh(AbstractApplicationContext.java:538)
	at org.springframework.boot.SpringApplication.refresh(SpringApplication.java:760)
	at org.springframework.boot.SpringApplication.createAndRefreshContext(SpringApplication.java:360)
	at org.springframework.boot.SpringApplication.run(SpringApplication.java:306)
	at org.springframework.boot.test.SpringApplicationContextLoader.loadContext(SpringApplicationContextLoader.java:98)
	at org.springframework.test.context.cache.DefaultCacheAwareContextLoaderDelegate.loadContextInternal(DefaultCacheAwareContextLoaderDelegate.java:98)
	at org.springframework.test.context.cache.DefaultCacheAwareContextLoaderDelegate.loadContext(DefaultCacheAwareContextLoaderDelegate.java:116)
	at org.springframework.test.context.support.DefaultTestContext.getApplicationContext(DefaultTestContext.java:83)
	at org.springframework.test.context.web.ServletTestExecutionListener.setUpRequestContextIfNecessary(ServletTestExecutionListener.java:183)
	at org.springframework.test.context.web.ServletTestExecutionListener.prepareTestInstance(ServletTestExecutionListener.java:123)
	at org.springframework.test.context.TestContextManager.prepareTestInstance(TestContextManager.java:228)
	at org.springframework.test.context.junit4.SpringJUnit4ClassRunner.createTest(SpringJUnit4ClassRunner.java:230)
	at org.springframework.test.context.junit4.SpringJUnit4ClassRunner$1.runReflectiveCall(SpringJUnit4ClassRunner.java:289)
	at org.junit.internal.runners.model.ReflectiveCallable.run(ReflectiveCallable.java:12)
	at org.springframework.test.context.junit4.SpringJUnit4ClassRunner.methodBlock(SpringJUnit4ClassRunner.java:291)
	at org.springframework.test.context.junit4.SpringJUnit4ClassRunner.runChild(SpringJUnit4ClassRunner.java:249)
	at org.springframework.test.context.junit4.SpringJUnit4ClassRunner.runChild(SpringJUnit4ClassRunner.java:89)
	at org.junit.runners.ParentRunner$3.run(ParentRunner.java:290)
	at org.junit.runners.ParentRunner$1.schedule(ParentRunner.java:71)
	at org.junit.runners.ParentRunner.runChildren(ParentRunner.java:288)
	at org.junit.runners.ParentRunner.access$000(ParentRunner.java:58)
	at org.junit.runners.ParentRunner$2.evaluate(ParentRunner.java:268)
	at org.springframework.test.context.junit4.statements.RunBeforeTestClassCallbacks.evaluate(RunBeforeTestClassCallbacks.java:61)
	at org.springframework.test.context.junit4.statements.RunAfterTestClassCallbacks.evaluate(RunAfterTestClassCallbacks.java:70)
	at org.junit.runners.ParentRunner.run(ParentRunner.java:363)
	at org.springframework.test.context.junit4.SpringJUnit4ClassRunner.run(SpringJUnit4ClassRunner.java:193)
	at org.apache.maven.surefire.junit4.JUnit4Provider.execute(JUnit4Provider.java:283)
	at org.apache.maven.surefire.junit4.JUnit4Provider.executeWithRerun(JUnit4Provider.java:173)
	at org.apache.maven.surefire.junit4.JUnit4Provider.executeTestSet(JUnit4Provider.java:153)
	at org.apache.maven.surefire.junit4.JUnit4Provider.invoke(JUnit4Provider.java:128)
	at org.apache.maven.surefire.booter.ForkedBooter.invokeProviderInSameClassLoader(ForkedBooter.java:203)
	at org.apache.maven.surefire.booter.ForkedBooter.runSuitesInProcess(ForkedBooter.java:155)
	at org.apache.maven.surefire.booter.ForkedBooter.main(ForkedBooter.java:103)
Caused by: java.net.ConnectException: Connection timed out: connect
	at java.net.DualStackPlainSocketImpl.connect0(Native Method)
	at java.net.DualStackPlainSocketImpl.socketConnect(DualStackPlainSocketImpl.java:79)
	at java.net.AbstractPlainSocketImpl.doConnect(AbstractPlainSocketImpl.java:350)
	at java.net.AbstractPlainSocketImpl.connectToAddress(AbstractPlainSocketImpl.java:206)
	at java.net.AbstractPlainSocketImpl.connect(AbstractPlainSocketImpl.java:188)
	at java.net.PlainSocketImpl.connect(PlainSocketImpl.java:172)
	at java.net.SocksSocketImpl.connect(SocksSocketImpl.java:392)
	at java.net.Socket.connect(Socket.java:589)
	at org.postgresql.core.PGStream.<init>(PGStream.java:64)
	at org.postgresql.core.v3.ConnectionFactoryImpl.openConnectionImpl(ConnectionFactoryImpl.java:133)
	at org.postgresql.core.ConnectionFactory.openConnection(ConnectionFactory.java:66)
	at org.postgresql.jdbc.PgConnection.<init>(PgConnection.java:215)
	at org.postgresql.Driver.makeConnection(Driver.java:406)
	at org.postgresql.Driver.connect(Driver.java:274)
	at com.zaxxer.hikari.util.DriverDataSource.getConnection(DriverDataSource.java:95)
	at com.zaxxer.hikari.util.DriverDataSource.getConnection(DriverDataSource.java:101)
	at com.zaxxer.hikari.pool.PoolBase.newConnection(PoolBase.java:316)
	at com.zaxxer.hikari.pool.HikariPool.checkFailFast(HikariPool.java:506)
	at com.zaxxer.hikari.pool.HikariPool.<init>(HikariPool.java:118)
	at com.zaxxer.hikari.HikariDataSource.<init>(HikariDataSource.java:71)
	at org.stacksonstacks.config.ProdDataSourceConfig.dataSource(ProdDataSourceConfig.java:35)
	at org.stacksonstacks.config.ProdDataSourceConfig$$EnhancerBySpringCGLIB$$f462601d.CGLIB$dataSource$0(<generated>)
	at org.stacksonstacks.config.ProdDataSourceConfig$$EnhancerBySpringCGLIB$$f462601d$$FastClassBySpringCGLIB$$a5da07d5.invoke(<generated>)
	at org.springframework.cglib.proxy.MethodProxy.invokeSuper(MethodProxy.java:228)
	at org.springframework.context.annotation.ConfigurationClassEnhancer$BeanMethodInterceptor.intercept(ConfigurationClassEnhancer.java:356)
	at org.stacksonstacks.config.ProdDataSourceConfig$$EnhancerBySpringCGLIB$$f462601d.dataSource(<generated>)
	at sun.reflect.NativeMethodAccessorImpl.invoke0(Native Method)
	at sun.reflect.NativeMethodAccessorImpl.invoke(NativeMethodAccessorImpl.java:62)
	at sun.reflect.DelegatingMethodAccessorImpl.invoke(DelegatingMethodAccessorImpl.java:43)
	at java.lang.reflect.Method.invoke(Method.java:498)
	at org.springframework.beans.factory.support.SimpleInstantiationStrategy.instantiate(SimpleInstantiationStrategy.java:162)
	at org.springframework.beans.factory.support.ConstructorResolver.instantiateUsingFactoryMethod(ConstructorResolver.java:588)
	at org.springframework.beans.factory.support.AbstractAutowireCapableBeanFactory.instantiateUsingFactoryMethod(AbstractAutowireCapableBeanFactory.java:1123)
	at org.springframework.beans.factory.support.AbstractAutowireCapableBeanFactory.createBeanInstance(AbstractAutowireCapableBeanFactory.java:1018)
	at org.springframework.beans.factory.support.AbstractAutowireCapableBeanFactory.doCreateBean(AbstractAutowireCapableBeanFactory.java:510)
	at org.springframework.beans.factory.support.AbstractAutowireCapableBeanFactory.createBean(AbstractAutowireCapableBeanFactory.java:482)
	at org.springframework.beans.factory.support.AbstractBeanFactory$1.getObject(AbstractBeanFactory.java:306)
	at org.springframework.beans.factory.support.DefaultSingletonBeanRegistry.getSingleton(DefaultSingletonBeanRegistry.java:230)
	at org.springframework.beans.factory.support.AbstractBeanFactory.doGetBean(AbstractBeanFactory.java:302)
	at org.springframework.beans.factory.support.AbstractBeanFactory.getBean(AbstractBeanFactory.java:197)
	at org.springframework.beans.factory.support.DefaultListableBeanFactory.findAutowireCandidates(DefaultListableBeanFactory.java:1192)
	at org.springframework.beans.factory.support.DefaultListableBeanFactory.doResolveDependency(DefaultListableBeanFactory.java:1116)
	at org.springframework.beans.factory.support.DefaultListableBeanFactory.resolveDependency(DefaultListableBeanFactory.java:1014)
	at org.springframework.beans.factory.annotation.AutowiredAnnotationBeanPostProcessor$AutowiredFieldElement.inject(AutowiredAnnotationBeanPostProcessor.java:545)
	at org.springframework.beans.factory.annotation.InjectionMetadata.inject(InjectionMetadata.java:88)
	at org.springframework.beans.factory.annotation.AutowiredAnnotationBeanPostProcessor.postProcessPropertyValues(AutowiredAnnotationBeanPostProcessor.java:331)
	at org.springframework.beans.factory.support.AbstractAutowireCapableBeanFactory.populateBean(AbstractAutowireCapableBeanFactory.java:1214)
	at org.springframework.beans.factory.support.AbstractAutowireCapableBeanFactory.doCreateBean(AbstractAutowireCapableBeanFactory.java:543)
	at org.springframework.beans.factory.support.AbstractAutowireCapableBeanFactory.createBean(AbstractAutowireCapableBeanFactory.java:482)
	at org.springframework.beans.factory.support.AbstractBeanFactory$1.getObject(AbstractBeanFactory.java:306)
	at org.springframework.beans.factory.support.DefaultSingletonBeanRegistry.getSingleton(DefaultSingletonBeanRegistry.java:230)
	at org.springframework.beans.factory.support.AbstractBeanFactory.doGetBean(AbstractBeanFactory.java:302)
	at org.springframework.beans.factory.support.AbstractBeanFactory.getBean(AbstractBeanFactory.java:197)
	at org.springframework.beans.factory.support.ConstructorResolver.instantiateUsingFactoryMethod(ConstructorResolver.java:368)
	at org.springframework.beans.factory.support.AbstractAutowireCapableBeanFactory.instantiateUsingFactoryMethod(AbstractAutowireCapableBeanFactory.java:1123)
	at org.springframework.beans.factory.support.AbstractAutowireCapableBeanFactory.createBeanInstance(AbstractAutowireCapableBeanFactory.java:1018)
	at org.springframework.beans.factory.support.AbstractAutowireCapableBeanFactory.doCreateBean(AbstractAutowireCapableBeanFactory.java:510)
	at org.springframework.beans.factory.support.AbstractAutowireCapableBeanFactory.createBean(AbstractAutowireCapableBeanFactory.java:482)
	at org.springframework.beans.factory.support.AbstractBeanFactory$1.getObject(AbstractBeanFactory.java:306)
	at org.springframework.beans.factory.support.DefaultSingletonBeanRegistry.getSingleton(DefaultSingletonBeanRegistry.java:230)
	at org.springframework.beans.factory.support.AbstractBeanFactory.doGetBean(AbstractBeanFactory.java:302)
	at org.springframework.beans.factory.support.AbstractBeanFactory.getBean(AbstractBeanFactory.java:197)
	at org.springframework.context.support.AbstractApplicationContext.getBean(AbstractApplicationContext.java:1054)
	at org.springframework.context.support.AbstractApplicationContext.finishBeanFactoryInitialization(AbstractApplicationContext.java:829)
	at org.springframework.context.support.AbstractApplicationContext.refresh(AbstractApplicationContext.java:538)
	at org.springframework.boot.SpringApplication.refresh(SpringApplication.java:760)
	at org.springframework.boot.SpringApplication.createAndRefreshContext(SpringApplication.java:360)
	at org.springframework.boot.SpringApplication.run(SpringApplication.java:306)
	at org.springframework.boot.test.SpringApplicationContextLoader.loadContext(SpringApplicationContextLoader.java:98)
	at org.springframework.test.context.cache.DefaultCacheAwareContextLoaderDelegate.loadContextInternal(DefaultCacheAwareContextLoaderDelegate.java:98)
	at org.springframework.test.context.cache.DefaultCacheAwareContextLoaderDelegate.loadContext(DefaultCacheAwareContextLoaderDelegate.java:116)
	at org.springframework.test.context.support.DefaultTestContext.getApplicationContext(DefaultTestContext.java:83)
	at org.springframework.test.context.web.ServletTestExecutionListener.setUpRequestContextIfNecessary(ServletTestExecutionListener.java:183)
	at org.springframework.test.context.web.ServletTestExecutionListener.prepareTestInstance(ServletTestExecutionListener.java:123)
	at org.springframework.test.context.TestContextManager.prepareTestInstance(TestContextManager.java:228)
	at org.springframework.test.context.junit4.SpringJUnit4ClassRunner.createTest(SpringJUnit4ClassRunner.java:230)
	at org.springframework.test.context.junit4.SpringJUnit4ClassRunner$1.runReflectiveCall(SpringJUnit4ClassRunner.java:289)
	at org.junit.internal.runners.model.ReflectiveCallable.run(ReflectiveCallable.java:12)
	at org.springframework.test.context.junit4.SpringJUnit4ClassRunner.methodBlock(SpringJUnit4ClassRunner.java:291)
	at org.springframework.test.context.junit4.SpringJUnit4ClassRunner.runChild(SpringJUnit4ClassRunner.java:249)
	at org.springframework.test.context.junit4.SpringJUnit4ClassRunner.runChild(SpringJUnit4ClassRunner.java:89)
	at org.junit.runners.ParentRunner$3.run(ParentRunner.java:290)
	at org.junit.runners.ParentRunner$1.schedule(ParentRunner.java:71)
	at org.junit.runners.ParentRunner.runChildren(ParentRunner.java:288)
	at org.junit.runners.ParentRunner.access$000(ParentRunner.java:58)
	at org.junit.runners.ParentRunner$2.evaluate(ParentRunner.java:268)
	at org.springframework.test.context.junit4.statements.RunBeforeTestClassCallbacks.evaluate(RunBeforeTestClassCallbacks.java:61)
	at org.springframework.test.context.junit4.statements.RunAfterTestClassCallbacks.evaluate(RunAfterTestClassCallbacks.java:70)
	at org.junit.runners.ParentRunner.run(ParentRunner.java:363)
	at org.springframework.test.context.junit4.SpringJUnit4ClassRunner.run(SpringJUnit4ClassRunner.java:193)
	at org.apache.maven.surefire.junit4.JUnit4Provider.execute(JUnit4Provider.java:283)
	at org.apache.maven.surefire.junit4.JUnit4Provider.executeWithRerun(JUnit4Provider.java:173)
	at org.apache.maven.surefire.junit4.JUnit4Provider.executeTestSet(JUnit4Provider.java:153)
	at org.apache.maven.surefire.junit4.JUnit4Provider.invoke(JUnit4Provider.java:128)
	at org.apache.maven.surefire.booter.ForkedBooter.invokeProviderInSameClassLoader(ForkedBooter.java:203)
	at org.apache.maven.surefire.booter.ForkedBooter.runSuitesInProcess(ForkedBooter.java:155)
	at org.apache.maven.surefire.booter.ForkedBooter.main(ForkedBooter.java:103)
]]></error>
    <system-out><![CDATA[12:24:37.874 [main] DEBUG org.springframework.test.context.junit4.SpringJUnit4ClassRunner - SpringJUnit4ClassRunner constructor called with [class org.stacksonstacks.StacksApplicationTests]
12:24:37.884 [main] DEBUG org.springframework.test.context.BootstrapUtils - Instantiating CacheAwareContextLoaderDelegate from class [org.springframework.test.context.cache.DefaultCacheAwareContextLoaderDelegate]
12:24:37.893 [main] DEBUG org.springframework.test.context.BootstrapUtils - Instantiating BootstrapContext using constructor [public org.springframework.test.context.support.DefaultBootstrapContext(java.lang.Class,org.springframework.test.context.CacheAwareContextLoaderDelegate)]
12:24:37.922 [main] DEBUG org.springframework.test.context.BootstrapUtils - Instantiating TestContextBootstrapper for test class [org.stacksonstacks.StacksApplicationTests] from class [org.springframework.test.context.web.WebTestContextBootstrapper]
12:24:37.970 [main] DEBUG org.springframework.test.context.web.WebTestContextBootstrapper - Found explicit ContextLoader class [org.springframework.boot.test.SpringApplicationContextLoader] for context configuration attributes [ContextConfigurationAttributes@754ba872 declaringClass = 'org.stacksonstacks.StacksApplicationTests', classes = '{class org.stacksonstacks.StacksApplication}', locations = '{}', inheritLocations = true, initializers = '{}', inheritInitializers = true, name = [null], contextLoaderClass = 'org.springframework.boot.test.SpringApplicationContextLoader']
12:24:37.986 [main] DEBUG org.springframework.test.context.support.AbstractContextLoader - Did not detect default resource location for test class [org.stacksonstacks.StacksApplicationTests]: class path resource [org/stacksonstacks/StacksApplicationTests-context.xml] does not exist
12:24:37.987 [main] DEBUG org.springframework.test.context.support.AbstractContextLoader - Did not detect default resource location for test class [org.stacksonstacks.StacksApplicationTests]: class path resource [org/stacksonstacks/StacksApplicationTestsContext.groovy] does not exist
12:24:37.988 [main] INFO org.springframework.test.context.support.AbstractContextLoader - Could not detect default resource locations for test class [org.stacksonstacks.StacksApplicationTests]: no resource found for suffixes {-context.xml, Context.groovy}.
12:24:37.990 [main] DEBUG org.springframework.test.context.support.ActiveProfilesUtils - Could not find an 'annotation declaring class' for annotation type [org.springframework.test.context.ActiveProfiles] and class [org.stacksonstacks.StacksApplicationTests]
12:24:37.995 [main] DEBUG org.springframework.test.context.web.WebTestContextBootstrapper - @TestExecutionListeners is not present for class [org.stacksonstacks.StacksApplicationTests]: using defaults.
12:24:38.005 [main] INFO org.springframework.test.context.web.WebTestContextBootstrapper - Loaded default TestExecutionListener class names from location [META-INF/spring.factories]: [org.springframework.test.context.web.ServletTestExecutionListener, org.springframework.test.context.support.DirtiesContextBeforeModesTestExecutionListener, org.springframework.test.context.support.DependencyInjectionTestExecutionListener, org.springframework.test.context.support.DirtiesContextTestExecutionListener, org.springframework.test.context.transaction.TransactionalTestExecutionListener, org.springframework.test.context.jdbc.SqlScriptsTestExecutionListener]
12:24:38.033 [main] INFO org.springframework.test.context.web.WebTestContextBootstrapper - Using TestExecutionListeners: [org.springframework.test.context.web.ServletTestExecutionListener@67205a84, org.springframework.test.context.support.DirtiesContextBeforeModesTestExecutionListener@7d0587f1, org.springframework.test.context.support.DependencyInjectionTestExecutionListener@5d76b067, org.springframework.test.context.support.DirtiesContextTestExecutionListener@2a17b7b6, org.springframework.test.context.transaction.TransactionalTestExecutionListener@4f063c0a, org.springframework.test.context.jdbc.SqlScriptsTestExecutionListener@1e6d1014]
12:24:38.037 [main] DEBUG org.springframework.test.annotation.ProfileValueUtils - Retrieved @ProfileValueSourceConfiguration [null] for test class [org.stacksonstacks.StacksApplicationTests]
12:24:38.038 [main] DEBUG org.springframework.test.annotation.ProfileValueUtils - Retrieved ProfileValueSource type [class org.springframework.test.annotation.SystemProfileValueSource] for class [org.stacksonstacks.StacksApplicationTests]
12:24:38.042 [main] DEBUG org.springframework.test.context.junit4.SpringJUnit4ClassRunner - SpringJUnit4ClassRunner constructor called with [class org.stacksonstacks.StacksApplicationTests]
12:24:38.042 [main] DEBUG org.springframework.test.context.BootstrapUtils - Instantiating CacheAwareContextLoaderDelegate from class [org.springframework.test.context.cache.DefaultCacheAwareContextLoaderDelegate]
12:24:38.042 [main] DEBUG org.springframework.test.context.BootstrapUtils - Instantiating BootstrapContext using constructor [public org.springframework.test.context.support.DefaultBootstrapContext(java.lang.Class,org.springframework.test.context.CacheAwareContextLoaderDelegate)]
12:24:38.043 [main] DEBUG org.springframework.test.context.BootstrapUtils - Instantiating TestContextBootstrapper for test class [org.stacksonstacks.StacksApplicationTests] from class [org.springframework.test.context.web.WebTestContextBootstrapper]
12:24:38.045 [main] DEBUG org.springframework.test.context.web.WebTestContextBootstrapper - Found explicit ContextLoader class [org.springframework.boot.test.SpringApplicationContextLoader] for context configuration attributes [ContextConfigurationAttributes@184f6be2 declaringClass = 'org.stacksonstacks.StacksApplicationTests', classes = '{class org.stacksonstacks.StacksApplication}', locations = '{}', inheritLocations = true, initializers = '{}', inheritInitializers = true, name = [null], contextLoaderClass = 'org.springframework.boot.test.SpringApplicationContextLoader']
12:24:38.046 [main] DEBUG org.springframework.test.context.support.AbstractContextLoader - Did not detect default resource location for test class [org.stacksonstacks.StacksApplicationTests]: class path resource [org/stacksonstacks/StacksApplicationTests-context.xml] does not exist
12:24:38.047 [main] DEBUG org.springframework.test.context.support.AbstractContextLoader - Did not detect default resource location for test class [org.stacksonstacks.StacksApplicationTests]: class path resource [org/stacksonstacks/StacksApplicationTestsContext.groovy] does not exist
12:24:38.047 [main] INFO org.springframework.test.context.support.AbstractContextLoader - Could not detect default resource locations for test class [org.stacksonstacks.StacksApplicationTests]: no resource found for suffixes {-context.xml, Context.groovy}.
12:24:38.047 [main] DEBUG org.springframework.test.context.support.ActiveProfilesUtils - Could not find an 'annotation declaring class' for annotation type [org.springframework.test.context.ActiveProfiles] and class [org.stacksonstacks.StacksApplicationTests]
12:24:38.048 [main] DEBUG org.springframework.test.context.web.WebTestContextBootstrapper - @TestExecutionListeners is not present for class [org.stacksonstacks.StacksApplicationTests]: using defaults.
12:24:38.051 [main] INFO org.springframework.test.context.web.WebTestContextBootstrapper - Loaded default TestExecutionListener class names from location [META-INF/spring.factories]: [org.springframework.test.context.web.ServletTestExecutionListener, org.springframework.test.context.support.DirtiesContextBeforeModesTestExecutionListener, org.springframework.test.context.support.DependencyInjectionTestExecutionListener, org.springframework.test.context.support.DirtiesContextTestExecutionListener, org.springframework.test.context.transaction.TransactionalTestExecutionListener, org.springframework.test.context.jdbc.SqlScriptsTestExecutionListener]
12:24:38.051 [main] INFO org.springframework.test.context.web.WebTestContextBootstrapper - Using TestExecutionListeners: [org.springframework.test.context.web.ServletTestExecutionListener@15d0c81b, org.springframework.test.context.support.DirtiesContextBeforeModesTestExecutionListener@6acdbdf5, org.springframework.test.context.support.DependencyInjectionTestExecutionListener@4b1c1ea0, org.springframework.test.context.support.DirtiesContextTestExecutionListener@17579e0f, org.springframework.test.context.transaction.TransactionalTestExecutionListener@4d41cee, org.springframework.test.context.jdbc.SqlScriptsTestExecutionListener@3712b94]
12:24:38.052 [main] DEBUG org.springframework.test.annotation.ProfileValueUtils - Retrieved @ProfileValueSourceConfiguration [null] for test class [org.stacksonstacks.StacksApplicationTests]
12:24:38.052 [main] DEBUG org.springframework.test.annotation.ProfileValueUtils - Retrieved ProfileValueSource type [class org.springframework.test.annotation.SystemProfileValueSource] for class [org.stacksonstacks.StacksApplicationTests]
12:24:38.053 [main] DEBUG org.springframework.test.annotation.ProfileValueUtils - Retrieved @ProfileValueSourceConfiguration [null] for test class [org.stacksonstacks.StacksApplicationTests]
12:24:38.054 [main] DEBUG org.springframework.test.annotation.ProfileValueUtils - Retrieved ProfileValueSource type [class org.springframework.test.annotation.SystemProfileValueSource] for class [org.stacksonstacks.StacksApplicationTests]
12:24:38.056 [main] DEBUG org.springframework.test.context.support.AbstractDirtiesContextTestExecutionListener - Before test class: context [DefaultTestContext@e320068 testClass = StacksApplicationTests, testInstance = [null], testMethod = [null], testException = [null], mergedContextConfiguration = [WebMergedContextConfiguration@1f57539 testClass = StacksApplicationTests, locations = '{}', classes = '{class org.stacksonstacks.StacksApplication}', contextInitializerClasses = '[]', activeProfiles = '{}', propertySourceLocations = '{}', propertySourceProperties = '{}', resourceBasePath = 'src/main/webapp', contextLoader = 'org.springframework.boot.test.SpringApplicationContextLoader', parent = [null]]], class annotated with @DirtiesContext [false] with mode [null].
12:24:38.057 [main] DEBUG org.springframework.test.annotation.ProfileValueUtils - Retrieved @ProfileValueSourceConfiguration [null] for test class [org.stacksonstacks.StacksApplicationTests]
12:24:38.058 [main] DEBUG org.springframework.test.annotation.ProfileValueUtils - Retrieved ProfileValueSource type [class org.springframework.test.annotation.SystemProfileValueSource] for class [org.stacksonstacks.StacksApplicationTests]
12:24:38.187 [main] DEBUG org.springframework.core.env.StandardEnvironment - Adding [systemProperties] PropertySource with lowest search precedence
12:24:38.189 [main] DEBUG org.springframework.core.env.StandardEnvironment - Adding [systemEnvironment] PropertySource with lowest search precedence
12:24:38.189 [main] DEBUG org.springframework.core.env.StandardEnvironment - Initialized StandardEnvironment with PropertySources [systemProperties,systemEnvironment]
12:24:38.191 [main] DEBUG org.springframework.core.env.StandardEnvironment - Adding [integrationTest] PropertySource with search precedence immediately lower than [systemEnvironment]
2017-05-25 12:24:38.522 DEBUG 4252 --- [           main] o.s.c.e.PropertySourcesPropertyResolver  : Searching for key 'context.listener.classes' in [systemProperties]
2017-05-25 12:24:38.525 DEBUG 4252 --- [           main] o.s.c.e.PropertySourcesPropertyResolver  : Searching for key 'context.listener.classes' in [systemEnvironment]
2017-05-25 12:24:38.525 DEBUG 4252 --- [           main] o.s.c.e.PropertySourcesPropertyResolver  : Searching for key 'context.listener.classes' in [random]
2017-05-25 12:24:38.526 DEBUG 4252 --- [           main] o.s.c.e.PropertySourcesPropertyResolver  : Searching for key 'context.listener.classes' in [integrationTest]
2017-05-25 12:24:38.526 DEBUG 4252 --- [           main] o.s.c.e.PropertySourcesPropertyResolver  : Searching for key 'context.listener.classes' in [applicationConfigurationProperties]
2017-05-25 12:24:38.527 DEBUG 4252 --- [           main] o.s.c.e.PropertySourcesPropertyResolver  : Searching for key 'context.listener.classes' in [refresh]
2017-05-25 12:24:38.527 DEBUG 4252 --- [           main] o.s.c.e.PropertySourcesPropertyResolver  : Could not find key 'context.listener.classes' in any property source. Returning [null]
2017-05-25 12:24:38.531 DEBUG 4252 --- [           main] o.s.c.e.PropertySourcesPropertyResolver  : Searching for key 'banner.location' in [systemProperties]
2017-05-25 12:24:38.531 DEBUG 4252 --- [           main] o.s.c.e.PropertySourcesPropertyResolver  : Searching for key 'banner.location' in [systemEnvironment]
2017-05-25 12:24:38.532 DEBUG 4252 --- [           main] o.s.c.e.PropertySourcesPropertyResolver  : Searching for key 'banner.location' in [random]
2017-05-25 12:24:38.532 DEBUG 4252 --- [           main] o.s.c.e.PropertySourcesPropertyResolver  : Searching for key 'banner.location' in [integrationTest]
2017-05-25 12:24:38.532 DEBUG 4252 --- [           main] o.s.c.e.PropertySourcesPropertyResolver  : Searching for key 'banner.location' in [applicationConfigurationProperties]
2017-05-25 12:24:38.532 DEBUG 4252 --- [           main] o.s.c.e.PropertySourcesPropertyResolver  : Searching for key 'banner.location' in [refresh]
2017-05-25 12:24:38.532 DEBUG 4252 --- [           main] o.s.c.e.PropertySourcesPropertyResolver  : Could not find key 'banner.location' in any property source. Returning [null]

  .   ____          _            __ _ _
 /\\ / ___'_ __ _ _(_)_ __  __ _ \ \ \ \
( ( )\___ | '_ | '_| | '_ \/ _` | \ \ \ \
 \\/  ___)| |_)| | | | | || (_| |  ) ) ) )
  '  |____| .__|_| |_|_| |_\__, | / / / /
 =========|_|==============|___/=/_/_/_/
 :: Spring Boot ::        (v1.3.6.RELEASE)

2017-05-25 12:24:38.641 DEBUG 4252 --- [           main] o.s.c.e.PropertySourcesPropertyResolver  : Searching for key 'context.initializer.classes' in [systemProperties]
2017-05-25 12:24:38.641 DEBUG 4252 --- [           main] o.s.c.e.PropertySourcesPropertyResolver  : Searching for key 'context.initializer.classes' in [systemEnvironment]
2017-05-25 12:24:38.641 DEBUG 4252 --- [           main] o.s.c.e.PropertySourcesPropertyResolver  : Searching for key 'context.initializer.classes' in [random]
2017-05-25 12:24:38.641 DEBUG 4252 --- [           main] o.s.c.e.PropertySourcesPropertyResolver  : Searching for key 'context.initializer.classes' in [integrationTest]
2017-05-25 12:24:38.641 DEBUG 4252 --- [           main] o.s.c.e.PropertySourcesPropertyResolver  : Searching for key 'context.initializer.classes' in [applicationConfigurationProperties]
2017-05-25 12:24:38.643 DEBUG 4252 --- [           main] o.s.c.e.PropertySourcesPropertyResolver  : Searching for key 'context.initializer.classes' in [refresh]
2017-05-25 12:24:38.643 DEBUG 4252 --- [           main] o.s.c.e.PropertySourcesPropertyResolver  : Could not find key 'context.initializer.classes' in any property source. Returning [null]
2017-05-25 12:24:38.644 DEBUG 4252 --- [           main] o.s.c.e.PropertySourcesPropertyResolver  : Searching for key 'spring.config.name:application' in [systemProperties]
2017-05-25 12:24:38.645 DEBUG 4252 --- [           main] o.s.c.e.PropertySourcesPropertyResolver  : Searching for key 'spring.config.name:application' in [systemEnvironment]
2017-05-25 12:24:38.646 DEBUG 4252 --- [           main] o.s.c.e.PropertySourcesPropertyResolver  : Searching for key 'spring.config.name:application' in [random]
2017-05-25 12:24:38.646 DEBUG 4252 --- [           main] o.s.c.e.PropertySourcesPropertyResolver  : Searching for key 'spring.config.name:application' in [integrationTest]
2017-05-25 12:24:38.646 DEBUG 4252 --- [           main] o.s.c.e.PropertySourcesPropertyResolver  : Searching for key 'spring.config.name:application' in [applicationConfigurationProperties]
2017-05-25 12:24:38.646 DEBUG 4252 --- [           main] o.s.c.e.PropertySourcesPropertyResolver  : Searching for key 'spring.config.name:application' in [refresh]
2017-05-25 12:24:38.647 DEBUG 4252 --- [           main] o.s.c.e.PropertySourcesPropertyResolver  : Could not find key 'spring.config.name:application' in any property source. Returning [null]
2017-05-25 12:24:38.647 DEBUG 4252 --- [           main] o.s.c.e.PropertySourcesPropertyResolver  : Searching for key 'spring.config.name' in [systemProperties]
2017-05-25 12:24:38.648 DEBUG 4252 --- [           main] o.s.c.e.PropertySourcesPropertyResolver  : Searching for key 'spring.config.name' in [systemEnvironment]
2017-05-25 12:24:38.648 DEBUG 4252 --- [           main] o.s.c.e.PropertySourcesPropertyResolver  : Searching for key 'spring.config.name' in [random]
2017-05-25 12:24:38.648 DEBUG 4252 --- [           main] o.s.c.e.PropertySourcesPropertyResolver  : Searching for key 'spring.config.name' in [integrationTest]
2017-05-25 12:24:38.649 DEBUG 4252 --- [           main] o.s.c.e.PropertySourcesPropertyResolver  : Searching for key 'spring.config.name' in [applicationConfigurationProperties]
2017-05-25 12:24:38.649 DEBUG 4252 --- [           main] o.s.c.e.PropertySourcesPropertyResolver  : Searching for key 'spring.config.name' in [refresh]
2017-05-25 12:24:38.649 DEBUG 4252 --- [           main] o.s.c.e.PropertySourcesPropertyResolver  : Could not find key 'spring.config.name' in any property source. Returning [null]
2017-05-25 12:24:38.649 DEBUG 4252 --- [           main] o.s.c.e.PropertySourcesPropertyResolver  : Searching for key 'vcap.application.name:application' in [systemProperties]
2017-05-25 12:24:38.651 DEBUG 4252 --- [           main] o.s.c.e.PropertySourcesPropertyResolver  : Searching for key 'vcap.application.name:application' in [systemEnvironment]
2017-05-25 12:24:38.660 DEBUG 4252 --- [           main] o.s.c.e.PropertySourcesPropertyResolver  : Searching for key 'vcap.application.name:application' in [random]
2017-05-25 12:24:38.662 DEBUG 4252 --- [           main] o.s.c.e.PropertySourcesPropertyResolver  : Searching for key 'vcap.application.name:application' in [integrationTest]
2017-05-25 12:24:38.663 DEBUG 4252 --- [           main] o.s.c.e.PropertySourcesPropertyResolver  : Searching for key 'vcap.application.name:application' in [applicationConfigurationProperties]
2017-05-25 12:24:38.664 DEBUG 4252 --- [           main] o.s.c.e.PropertySourcesPropertyResolver  : Searching for key 'vcap.application.name:application' in [refresh]
2017-05-25 12:24:38.664 DEBUG 4252 --- [           main] o.s.c.e.PropertySourcesPropertyResolver  : Could not find key 'vcap.application.name:application' in any property source. Returning [null]
2017-05-25 12:24:38.666 DEBUG 4252 --- [           main] o.s.c.e.PropertySourcesPropertyResolver  : Searching for key 'vcap.application.name' in [systemProperties]
2017-05-25 12:24:38.678 DEBUG 4252 --- [           main] o.s.c.e.PropertySourcesPropertyResolver  : Searching for key 'vcap.application.name' in [systemEnvironment]
2017-05-25 12:24:38.678 DEBUG 4252 --- [           main] o.s.c.e.PropertySourcesPropertyResolver  : Searching for key 'vcap.application.name' in [random]
2017-05-25 12:24:38.678 DEBUG 4252 --- [           main] o.s.c.e.PropertySourcesPropertyResolver  : Searching for key 'vcap.application.name' in [integrationTest]
2017-05-25 12:24:38.678 DEBUG 4252 --- [           main] o.s.c.e.PropertySourcesPropertyResolver  : Searching for key 'vcap.application.name' in [applicationConfigurationProperties]
2017-05-25 12:24:38.678 DEBUG 4252 --- [           main] o.s.c.e.PropertySourcesPropertyResolver  : Searching for key 'vcap.application.name' in [refresh]
2017-05-25 12:24:38.678 DEBUG 4252 --- [           main] o.s.c.e.PropertySourcesPropertyResolver  : Could not find key 'vcap.application.name' in any property source. Returning [null]
2017-05-25 12:24:38.679 DEBUG 4252 --- [           main] o.s.c.e.PropertySourcesPropertyResolver  : Searching for key 'spring.application.name:application' in [systemProperties]
2017-05-25 12:24:38.679 DEBUG 4252 --- [           main] o.s.c.e.PropertySourcesPropertyResolver  : Searching for key 'spring.application.name:application' in [systemEnvironment]
2017-05-25 12:24:38.679 DEBUG 4252 --- [           main] o.s.c.e.PropertySourcesPropertyResolver  : Searching for key 'spring.application.name:application' in [random]
2017-05-25 12:24:38.679 DEBUG 4252 --- [           main] o.s.c.e.PropertySourcesPropertyResolver  : Searching for key 'spring.application.name:application' in [integrationTest]
2017-05-25 12:24:38.679 DEBUG 4252 --- [           main] o.s.c.e.PropertySourcesPropertyResolver  : Searching for key 'spring.application.name:application' in [applicationConfigurationProperties]
2017-05-25 12:24:38.679 DEBUG 4252 --- [           main] o.s.c.e.PropertySourcesPropertyResolver  : Searching for key 'spring.application.name:application' in [refresh]
2017-05-25 12:24:38.679 DEBUG 4252 --- [           main] o.s.c.e.PropertySourcesPropertyResolver  : Could not find key 'spring.application.name:application' in any property source. Returning [null]
2017-05-25 12:24:38.679 DEBUG 4252 --- [           main] o.s.c.e.PropertySourcesPropertyResolver  : Searching for key 'spring.application.name' in [systemProperties]
2017-05-25 12:24:38.679 DEBUG 4252 --- [           main] o.s.c.e.PropertySourcesPropertyResolver  : Searching for key 'spring.application.name' in [systemEnvironment]
2017-05-25 12:24:38.680 DEBUG 4252 --- [           main] o.s.c.e.PropertySourcesPropertyResolver  : Searching for key 'spring.application.name' in [random]
2017-05-25 12:24:38.680 DEBUG 4252 --- [           main] o.s.c.e.PropertySourcesPropertyResolver  : Searching for key 'spring.application.name' in [integrationTest]
2017-05-25 12:24:38.693 DEBUG 4252 --- [           main] o.s.c.e.PropertySourcesPropertyResolver  : Searching for key 'spring.application.name' in [applicationConfigurationProperties]
2017-05-25 12:24:38.694 DEBUG 4252 --- [           main] o.s.c.e.PropertySourcesPropertyResolver  : Searching for key 'spring.application.name' in [refresh]
2017-05-25 12:24:38.694 DEBUG 4252 --- [           main] o.s.c.e.PropertySourcesPropertyResolver  : Could not find key 'spring.application.name' in any property source. Returning [null]
2017-05-25 12:24:38.695 DEBUG 4252 --- [           main] o.s.c.e.PropertySourcesPropertyResolver  : Searching for key 'PORT:null' in [systemProperties]
2017-05-25 12:24:38.696 DEBUG 4252 --- [           main] o.s.c.e.PropertySourcesPropertyResolver  : Searching for key 'PORT:null' in [systemEnvironment]
2017-05-25 12:24:38.696 DEBUG 4252 --- [           main] o.s.c.e.PropertySourcesPropertyResolver  : Searching for key 'PORT:null' in [random]
2017-05-25 12:24:38.696 DEBUG 4252 --- [           main] o.s.c.e.PropertySourcesPropertyResolver  : Searching for key 'PORT:null' in [integrationTest]
2017-05-25 12:24:38.696 DEBUG 4252 --- [           main] o.s.c.e.PropertySourcesPropertyResolver  : Searching for key 'PORT:null' in [applicationConfigurationProperties]
2017-05-25 12:24:38.696 DEBUG 4252 --- [           main] o.s.c.e.PropertySourcesPropertyResolver  : Searching for key 'PORT:null' in [refresh]
2017-05-25 12:24:38.697 DEBUG 4252 --- [           main] o.s.c.e.PropertySourcesPropertyResolver  : Could not find key 'PORT:null' in any property source. Returning [null]
2017-05-25 12:24:38.697 DEBUG 4252 --- [           main] o.s.c.e.PropertySourcesPropertyResolver  : Searching for key 'PORT' in [systemProperties]
2017-05-25 12:24:38.697 DEBUG 4252 --- [           main] o.s.c.e.PropertySourcesPropertyResolver  : Searching for key 'PORT' in [systemEnvironment]
2017-05-25 12:24:38.698 DEBUG 4252 --- [           main] o.s.c.e.PropertySourcesPropertyResolver  : Searching for key 'PORT' in [random]
2017-05-25 12:24:38.699 DEBUG 4252 --- [           main] o.s.c.e.PropertySourcesPropertyResolver  : Searching for key 'PORT' in [integrationTest]
2017-05-25 12:24:38.705 DEBUG 4252 --- [           main] o.s.c.e.PropertySourcesPropertyResolver  : Searching for key 'PORT' in [applicationConfigurationProperties]
2017-05-25 12:24:38.705 DEBUG 4252 --- [           main] o.s.c.e.PropertySourcesPropertyResolver  : Searching for key 'PORT' in [refresh]
2017-05-25 12:24:38.706 DEBUG 4252 --- [           main] o.s.c.e.PropertySourcesPropertyResolver  : Could not find key 'PORT' in any property source. Returning [null]
2017-05-25 12:24:38.706 DEBUG 4252 --- [           main] o.s.c.e.PropertySourcesPropertyResolver  : Searching for key 'server.port:null' in [systemProperties]
2017-05-25 12:24:38.706 DEBUG 4252 --- [           main] o.s.c.e.PropertySourcesPropertyResolver  : Searching for key 'server.port:null' in [systemEnvironment]
2017-05-25 12:24:38.706 DEBUG 4252 --- [           main] o.s.c.e.PropertySourcesPropertyResolver  : Searching for key 'server.port:null' in [random]
2017-05-25 12:24:38.706 DEBUG 4252 --- [           main] o.s.c.e.PropertySourcesPropertyResolver  : Searching for key 'server.port:null' in [integrationTest]
2017-05-25 12:24:38.706 DEBUG 4252 --- [           main] o.s.c.e.PropertySourcesPropertyResolver  : Searching for key 'server.port:null' in [applicationConfigurationProperties]
2017-05-25 12:24:38.706 DEBUG 4252 --- [           main] o.s.c.e.PropertySourcesPropertyResolver  : Searching for key 'server.port:null' in [refresh]
2017-05-25 12:24:38.707 DEBUG 4252 --- [           main] o.s.c.e.PropertySourcesPropertyResolver  : Could not find key 'server.port:null' in any property source. Returning [null]
2017-05-25 12:24:38.707 DEBUG 4252 --- [           main] o.s.c.e.PropertySourcesPropertyResolver  : Searching for key 'server.port' in [systemProperties]
2017-05-25 12:24:38.707 DEBUG 4252 --- [           main] o.s.c.e.PropertySourcesPropertyResolver  : Searching for key 'server.port' in [systemEnvironment]
2017-05-25 12:24:38.707 DEBUG 4252 --- [           main] o.s.c.e.PropertySourcesPropertyResolver  : Searching for key 'server.port' in [random]
2017-05-25 12:24:38.707 DEBUG 4252 --- [           main] o.s.c.e.PropertySourcesPropertyResolver  : Searching for key 'server.port' in [integrationTest]
2017-05-25 12:24:38.707 DEBUG 4252 --- [           main] o.s.c.e.PropertySourcesPropertyResolver  : Found key 'server.port' in [integrationTest] with type [String] and value '-1'
2017-05-25 12:24:38.710 DEBUG 4252 --- [           main] o.s.c.e.PropertySourcesPropertyResolver  : Searching for key 'spring.application.index:-1' in [systemProperties]
2017-05-25 12:24:38.710 DEBUG 4252 --- [           main] o.s.c.e.PropertySourcesPropertyResolver  : Searching for key 'spring.application.index:-1' in [systemEnvironment]
2017-05-25 12:24:38.711 DEBUG 4252 --- [           main] o.s.c.e.PropertySourcesPropertyResolver  : Searching for key 'spring.application.index:-1' in [random]
2017-05-25 12:24:38.711 DEBUG 4252 --- [           main] o.s.c.e.PropertySourcesPropertyResolver  : Searching for key 'spring.application.index:-1' in [integrationTest]
2017-05-25 12:24:38.712 DEBUG 4252 --- [           main] o.s.c.e.PropertySourcesPropertyResolver  : Searching for key 'spring.application.index:-1' in [applicationConfigurationProperties]
2017-05-25 12:24:38.712 DEBUG 4252 --- [           main] o.s.c.e.PropertySourcesPropertyResolver  : Searching for key 'spring.application.index:-1' in [refresh]
2017-05-25 12:24:38.712 DEBUG 4252 --- [           main] o.s.c.e.PropertySourcesPropertyResolver  : Could not find key 'spring.application.index:-1' in any property source. Returning [null]
2017-05-25 12:24:38.712 DEBUG 4252 --- [           main] o.s.c.e.PropertySourcesPropertyResolver  : Searching for key 'spring.application.index' in [systemProperties]
2017-05-25 12:24:38.712 DEBUG 4252 --- [           main] o.s.c.e.PropertySourcesPropertyResolver  : Searching for key 'spring.application.index' in [systemEnvironment]
2017-05-25 12:24:38.718 DEBUG 4252 --- [           main] o.s.c.e.PropertySourcesPropertyResolver  : Searching for key 'spring.application.index' in [random]
2017-05-25 12:24:38.718 DEBUG 4252 --- [           main] o.s.c.e.PropertySourcesPropertyResolver  : Searching for key 'spring.application.index' in [integrationTest]
2017-05-25 12:24:38.718 DEBUG 4252 --- [           main] o.s.c.e.PropertySourcesPropertyResolver  : Searching for key 'spring.application.index' in [applicationConfigurationProperties]
2017-05-25 12:24:38.718 DEBUG 4252 --- [           main] o.s.c.e.PropertySourcesPropertyResolver  : Searching for key 'spring.application.index' in [refresh]
2017-05-25 12:24:38.718 DEBUG 4252 --- [           main] o.s.c.e.PropertySourcesPropertyResolver  : Could not find key 'spring.application.index' in any property source. Returning [null]
2017-05-25 12:24:38.718 DEBUG 4252 --- [           main] o.s.c.e.PropertySourcesPropertyResolver  : Searching for key 'vcap.application.instance_index:-1' in [systemProperties]
2017-05-25 12:24:38.719 DEBUG 4252 --- [           main] o.s.c.e.PropertySourcesPropertyResolver  : Searching for key 'vcap.application.instance_index:-1' in [systemEnvironment]
2017-05-25 12:24:38.725 DEBUG 4252 --- [           main] o.s.c.e.PropertySourcesPropertyResolver  : Searching for key 'vcap.application.instance_index:-1' in [random]
2017-05-25 12:24:38.726 DEBUG 4252 --- [           main] o.s.c.e.PropertySourcesPropertyResolver  : Searching for key 'vcap.application.instance_index:-1' in [integrationTest]
2017-05-25 12:24:38.726 DEBUG 4252 --- [           main] o.s.c.e.PropertySourcesPropertyResolver  : Searching for key 'vcap.application.instance_index:-1' in [applicationConfigurationProperties]
2017-05-25 12:24:38.726 DEBUG 4252 --- [           main] o.s.c.e.PropertySourcesPropertyResolver  : Searching for key 'vcap.application.instance_index:-1' in [refresh]
2017-05-25 12:24:38.726 DEBUG 4252 --- [           main] o.s.c.e.PropertySourcesPropertyResolver  : Could not find key 'vcap.application.instance_index:-1' in any property source. Returning [null]
2017-05-25 12:24:38.726 DEBUG 4252 --- [           main] o.s.c.e.PropertySourcesPropertyResolver  : Searching for key 'vcap.application.instance_index' in [systemProperties]
2017-05-25 12:24:38.727 DEBUG 4252 --- [           main] o.s.c.e.PropertySourcesPropertyResolver  : Searching for key 'vcap.application.instance_index' in [systemEnvironment]
2017-05-25 12:24:38.727 DEBUG 4252 --- [           main] o.s.c.e.PropertySourcesPropertyResolver  : Searching for key 'vcap.application.instance_index' in [random]
2017-05-25 12:24:38.727 DEBUG 4252 --- [           main] o.s.c.e.PropertySourcesPropertyResolver  : Searching for key 'vcap.application.instance_index' in [integrationTest]
2017-05-25 12:24:38.727 DEBUG 4252 --- [           main] o.s.c.e.PropertySourcesPropertyResolver  : Searching for key 'vcap.application.instance_index' in [applicationConfigurationProperties]
2017-05-25 12:24:38.727 DEBUG 4252 --- [           main] o.s.c.e.PropertySourcesPropertyResolver  : Searching for key 'vcap.application.instance_index' in [refresh]
2017-05-25 12:24:38.728 DEBUG 4252 --- [           main] o.s.c.e.PropertySourcesPropertyResolver  : Could not find key 'vcap.application.instance_index' in any property source. Returning [null]
2017-05-25 12:24:38.729 DEBUG 4252 --- [           main] o.s.c.e.PropertySourcesPropertyResolver  : Searching for key 'spring.profiles.active' in [systemProperties]
2017-05-25 12:24:38.729 DEBUG 4252 --- [           main] o.s.c.e.PropertySourcesPropertyResolver  : Searching for key 'spring.profiles.active' in [systemEnvironment]
2017-05-25 12:24:38.729 DEBUG 4252 --- [           main] o.s.c.e.PropertySourcesPropertyResolver  : Searching for key 'spring.profiles.active' in [random]
2017-05-25 12:24:38.729 DEBUG 4252 --- [           main] o.s.c.e.PropertySourcesPropertyResolver  : Searching for key 'spring.profiles.active' in [integrationTest]
2017-05-25 12:24:38.731 DEBUG 4252 --- [           main] o.s.c.e.PropertySourcesPropertyResolver  : Searching for key 'spring.profiles.active' in [applicationConfigurationProperties]
2017-05-25 12:24:38.731 DEBUG 4252 --- [           main] o.s.c.e.PropertySourcesPropertyResolver  : Searching for key 'spring.profiles.active' in [refresh]
2017-05-25 12:24:38.731 DEBUG 4252 --- [           main] o.s.c.e.PropertySourcesPropertyResolver  : Could not find key 'spring.profiles.active' in any property source. Returning [null]
2017-05-25 12:24:38.733 DEBUG 4252 --- [           main] o.s.b.f.s.DefaultListableBeanFactory     : Registering scope 'restart' with implementation [org.springframework.boot.devtools.restart.RestartScopeInitializer$RestartScope@3cd3e762]
2017-05-25 12:24:38.743  INFO 4252 --- [           main] o.stacksonstacks.StacksApplicationTests  : Starting StacksApplicationTests on RRAFACZ-LT with PID 4252 (C:\Users\rrafacz\git\stacksonstacks.org\target\test-classes started by RRafacz in C:\Users\rrafacz\git\stacksonstacks.org)
2017-05-25 12:24:38.744 DEBUG 4252 --- [           main] o.s.c.e.PropertySourcesPropertyResolver  : Searching for key 'spring.profiles.active' in [systemProperties]
2017-05-25 12:24:38.744 DEBUG 4252 --- [           main] o.s.c.e.PropertySourcesPropertyResolver  : Searching for key 'spring.profiles.active' in [systemEnvironment]
2017-05-25 12:24:38.744 DEBUG 4252 --- [           main] o.s.c.e.PropertySourcesPropertyResolver  : Searching for key 'spring.profiles.active' in [random]
2017-05-25 12:24:38.744 DEBUG 4252 --- [           main] o.s.c.e.PropertySourcesPropertyResolver  : Searching for key 'spring.profiles.active' in [integrationTest]
2017-05-25 12:24:38.745 DEBUG 4252 --- [           main] o.s.c.e.PropertySourcesPropertyResolver  : Searching for key 'spring.profiles.active' in [applicationConfigurationProperties]
2017-05-25 12:24:38.745 DEBUG 4252 --- [           main] o.s.c.e.PropertySourcesPropertyResolver  : Searching for key 'spring.profiles.active' in [refresh]
2017-05-25 12:24:38.745 DEBUG 4252 --- [           main] o.s.c.e.PropertySourcesPropertyResolver  : Could not find key 'spring.profiles.active' in any property source. Returning [null]
2017-05-25 12:24:38.745 DEBUG 4252 --- [           main] o.s.c.e.PropertySourcesPropertyResolver  : Searching for key 'spring.profiles.default' in [systemProperties]
2017-05-25 12:24:38.745 DEBUG 4252 --- [           main] o.s.c.e.PropertySourcesPropertyResolver  : Searching for key 'spring.profiles.default' in [systemEnvironment]
2017-05-25 12:24:38.745 DEBUG 4252 --- [           main] o.s.c.e.PropertySourcesPropertyResolver  : Searching for key 'spring.profiles.default' in [random]
2017-05-25 12:24:38.746 DEBUG 4252 --- [           main] o.s.c.e.PropertySourcesPropertyResolver  : Searching for key 'spring.profiles.default' in [integrationTest]
2017-05-25 12:24:38.746 DEBUG 4252 --- [           main] o.s.c.e.PropertySourcesPropertyResolver  : Searching for key 'spring.profiles.default' in [applicationConfigurationProperties]
2017-05-25 12:24:38.746 DEBUG 4252 --- [           main] o.s.c.e.PropertySourcesPropertyResolver  : Searching for key 'spring.profiles.default' in [refresh]
2017-05-25 12:24:38.746 DEBUG 4252 --- [           main] o.s.c.e.PropertySourcesPropertyResolver  : Could not find key 'spring.profiles.default' in any property source. Returning [null]
2017-05-25 12:24:38.746  INFO 4252 --- [           main] o.stacksonstacks.StacksApplicationTests  : No active profile set, falling back to default profiles: default
2017-05-25 12:24:38.746 DEBUG 4252 --- [           main] o.s.boot.SpringApplication               : Loading source class org.stacksonstacks.StacksApplication
2017-05-25 12:24:39.112 DEBUG 4252 --- [           main] o.s.c.a.ClassPathBeanDefinitionScanner   : JSR-250 'javax.annotation.ManagedBean' found and supported for component scanning
2017-05-25 12:24:39.196 DEBUG 4252 --- [           main] o.s.b.c.c.ConfigFileApplicationListener  : Loaded config file 'classpath:/application.properties'
2017-05-25 12:24:39.196 DEBUG 4252 --- [           main] o.s.b.c.c.ConfigFileApplicationListener  : Skipped (empty) config file 'classpath:/application.properties' for profile default
2017-05-25 12:24:39.223 DEBUG 4252 --- [           main] o.s.b.f.s.DefaultListableBeanFactory     : Registering scope 'request' with implementation [org.springframework.web.context.request.RequestScope@478db956]
2017-05-25 12:24:39.224 DEBUG 4252 --- [           main] o.s.b.f.s.DefaultListableBeanFactory     : Registering scope 'session' with implementation [org.springframework.web.context.request.SessionScope@51bd8b5c]
2017-05-25 12:24:39.226 DEBUG 4252 --- [           main] o.s.b.f.s.DefaultListableBeanFactory     : Registering scope 'globalSession' with implementation [org.springframework.web.context.request.SessionScope@7b50df34]
2017-05-25 12:24:39.227 DEBUG 4252 --- [           main] o.s.b.f.s.DefaultListableBeanFactory     : Registering scope 'application' with implementation [org.springframework.web.context.support.ServletContextScope@19b843ba]
2017-05-25 12:24:39.241 DEBUG 4252 --- [           main] o.s.b.f.s.DefaultListableBeanFactory     : Creating shared instance of singleton bean 'org.springframework.context.annotation.internalConfigurationAnnotationProcessor'
2017-05-25 12:24:39.241 DEBUG 4252 --- [           main] o.s.b.f.s.DefaultListableBeanFactory     : Creating instance of bean 'org.springframework.context.annotation.internalConfigurationAnnotationProcessor'
2017-05-25 12:24:39.250 DEBUG 4252 --- [           main] o.s.b.f.s.DefaultListableBeanFactory     : Eagerly caching bean 'org.springframework.context.annotation.internalConfigurationAnnotationProcessor' to allow for resolving potential circular references
2017-05-25 12:24:39.253 DEBUG 4252 --- [           main] o.s.b.f.s.DefaultListableBeanFactory     : Finished creating instance of bean 'org.springframework.context.annotation.internalConfigurationAnnotationProcessor'
2017-05-25 12:24:39.292 DEBUG 4252 --- [           main] o.s.core.env.StandardEnvironment         : Adding [systemProperties] PropertySource with lowest search precedence
2017-05-25 12:24:39.292 DEBUG 4252 --- [           main] o.s.core.env.StandardEnvironment         : Adding [systemEnvironment] PropertySource with lowest search precedence
2017-05-25 12:24:39.293 DEBUG 4252 --- [           main] o.s.core.env.StandardEnvironment         : Initialized StandardEnvironment with PropertySources [systemProperties,systemEnvironment]
2017-05-25 12:24:39.293 DEBUG 4252 --- [           main] o.s.c.a.ClassPathBeanDefinitionScanner   : JSR-250 'javax.annotation.ManagedBean' found and supported for component scanning
2017-05-25 12:24:39.296 DEBUG 4252 --- [           main] .i.s.PathMatchingResourcePatternResolver : Resolved classpath location [org/stacksonstacks/] to resources [URL [file:/C:/Users/rrafacz/git/stacksonstacks.org/target/test-classes/org/stacksonstacks/], URL [file:/C:/Users/rrafacz/git/stacksonstacks.org/target/classes/org/stacksonstacks/]]
2017-05-25 12:24:39.297 DEBUG 4252 --- [           main] .i.s.PathMatchingResourcePatternResolver : Looking for matching resources in directory tree [C:\Users\rrafacz\git\stacksonstacks.org\target\test-classes\org\stacksonstacks]
2017-05-25 12:24:39.297 DEBUG 4252 --- [           main] .i.s.PathMatchingResourcePatternResolver : Searching directory [C:\Users\rrafacz\git\stacksonstacks.org\target\test-classes\org\stacksonstacks] for files matching pattern [C:/Users/rrafacz/git/stacksonstacks.org/target/test-classes/org/stacksonstacks/**/*.class]
2017-05-25 12:24:39.301 DEBUG 4252 --- [           main] .i.s.PathMatchingResourcePatternResolver : Looking for matching resources in directory tree [C:\Users\rrafacz\git\stacksonstacks.org\target\classes\org\stacksonstacks]
2017-05-25 12:24:39.302 DEBUG 4252 --- [           main] .i.s.PathMatchingResourcePatternResolver : Searching directory [C:\Users\rrafacz\git\stacksonstacks.org\target\classes\org\stacksonstacks] for files matching pattern [C:/Users/rrafacz/git/stacksonstacks.org/target/classes/org/stacksonstacks/**/*.class]
2017-05-25 12:24:39.303 DEBUG 4252 --- [           main] .i.s.PathMatchingResourcePatternResolver : Searching directory [C:\Users\rrafacz\git\stacksonstacks.org\target\classes\org\stacksonstacks\config] for files matching pattern [C:/Users/rrafacz/git/stacksonstacks.org/target/classes/org/stacksonstacks/**/*.class]
2017-05-25 12:24:39.303 DEBUG 4252 --- [           main] .i.s.PathMatchingResourcePatternResolver : Searching directory [C:\Users\rrafacz\git\stacksonstacks.org\target\classes\org\stacksonstacks\controller] for files matching pattern [C:/Users/rrafacz/git/stacksonstacks.org/target/classes/org/stacksonstacks/**/*.class]
2017-05-25 12:24:39.324 DEBUG 4252 --- [           main] .i.s.PathMatchingResourcePatternResolver : Searching directory [C:\Users\rrafacz\git\stacksonstacks.org\target\classes\org\stacksonstacks\domain] for files matching pattern [C:/Users/rrafacz/git/stacksonstacks.org/target/classes/org/stacksonstacks/**/*.class]
2017-05-25 12:24:39.325 DEBUG 4252 --- [           main] .i.s.PathMatchingResourcePatternResolver : Searching directory [C:\Users\rrafacz\git\stacksonstacks.org\target\classes\org\stacksonstacks\repository] for files matching pattern [C:/Users/rrafacz/git/stacksonstacks.org/target/classes/org/stacksonstacks/**/*.class]
2017-05-25 12:24:39.326 DEBUG 4252 --- [           main] .i.s.PathMatchingResourcePatternResolver : Resolved location pattern [classpath*:org/stacksonstacks/**/*.class] to resources [file [C:\Users\rrafacz\git\stacksonstacks.org\target\test-classes\org\stacksonstacks\StacksApplicationTests.class], file [C:\Users\rrafacz\git\stacksonstacks.org\target\classes\org\stacksonstacks\config\ProdDataSourceConfig.class], file [C:\Users\rrafacz\git\stacksonstacks.org\target\classes\org\stacksonstacks\config\SecurityConfig.class], file [C:\Users\rrafacz\git\stacksonstacks.org\target\classes\org\stacksonstacks\config\ThymeleafConfig.class], file [C:\Users\rrafacz\git\stacksonstacks.org\target\classes\org\stacksonstacks\controller\AdminController.class], file [C:\Users\rrafacz\git\stacksonstacks.org\target\classes\org\stacksonstacks\controller\AuthorController.class], file [C:\Users\rrafacz\git\stacksonstacks.org\target\classes\org\stacksonstacks\controller\LoginController.class], file [C:\Users\rrafacz\git\stacksonstacks.org\target\classes\org\stacksonstacks\controller\PostController.class], file [C:\Users\rrafacz\git\stacksonstacks.org\target\classes\org\stacksonstacks\domain\Author.class], file [C:\Users\rrafacz\git\stacksonstacks.org\target\classes\org\stacksonstacks\domain\AuthorDetails.class], file [C:\Users\rrafacz\git\stacksonstacks.org\target\classes\org\stacksonstacks\domain\Category.class], file [C:\Users\rrafacz\git\stacksonstacks.org\target\classes\org\stacksonstacks\domain\Post.class], file [C:\Users\rrafacz\git\stacksonstacks.org\target\classes\org\stacksonstacks\repository\AuthorRepository.class], file [C:\Users\rrafacz\git\stacksonstacks.org\target\classes\org\stacksonstacks\repository\CategoryRepository.class], file [C:\Users\rrafacz\git\stacksonstacks.org\target\classes\org\stacksonstacks\repository\PostRepository.class], file [C:\Users\rrafacz\git\stacksonstacks.org\target\classes\org\stacksonstacks\StacksApplication.class]]
2017-05-25 12:24:39.391 DEBUG 4252 --- [           main] o.s.c.a.ClassPathBeanDefinitionScanner   : Identified candidate component class: file [C:\Users\rrafacz\git\stacksonstacks.org\target\classes\org\stacksonstacks\config\ProdDataSourceConfig.class]
2017-05-25 12:24:39.412 DEBUG 4252 --- [           main] o.s.c.a.ClassPathBeanDefinitionScanner   : Identified candidate component class: file [C:\Users\rrafacz\git\stacksonstacks.org\target\classes\org\stacksonstacks\config\SecurityConfig.class]
2017-05-25 12:24:39.414 DEBUG 4252 --- [           main] o.s.c.a.ClassPathBeanDefinitionScanner   : Identified candidate component class: file [C:\Users\rrafacz\git\stacksonstacks.org\target\classes\org\stacksonstacks\config\ThymeleafConfig.class]
2017-05-25 12:24:39.420 DEBUG 4252 --- [           main] o.s.c.a.ClassPathBeanDefinitionScanner   : Identified candidate component class: file [C:\Users\rrafacz\git\stacksonstacks.org\target\classes\org\stacksonstacks\controller\AdminController.class]
2017-05-25 12:24:39.421 DEBUG 4252 --- [           main] o.s.c.a.ClassPathBeanDefinitionScanner   : Identified candidate component class: file [C:\Users\rrafacz\git\stacksonstacks.org\target\classes\org\stacksonstacks\controller\AuthorController.class]
2017-05-25 12:24:39.428 DEBUG 4252 --- [           main] o.s.c.a.ClassPathBeanDefinitionScanner   : Identified candidate component class: file [C:\Users\rrafacz\git\stacksonstacks.org\target\classes\org\stacksonstacks\controller\LoginController.class]
2017-05-25 12:24:39.434 DEBUG 4252 --- [           main] o.s.c.a.ClassPathBeanDefinitionScanner   : Identified candidate component class: file [C:\Users\rrafacz\git\stacksonstacks.org\target\classes\org\stacksonstacks\controller\PostController.class]
2017-05-25 12:24:39.440 DEBUG 4252 --- [           main] o.s.c.a.ClassPathBeanDefinitionScanner   : Ignored because not a concrete top-level class: file [C:\Users\rrafacz\git\stacksonstacks.org\target\classes\org\stacksonstacks\repository\AuthorRepository.class]
2017-05-25 12:24:39.443 DEBUG 4252 --- [           main] o.s.c.a.ClassPathBeanDefinitionScanner   : Ignored because not a concrete top-level class: file [C:\Users\rrafacz\git\stacksonstacks.org\target\classes\org\stacksonstacks\repository\CategoryRepository.class]
2017-05-25 12:24:39.464 DEBUG 4252 --- [           main] o.s.c.a.ClassPathBeanDefinitionScanner   : Ignored because not a concrete top-level class: file [C:\Users\rrafacz\git\stacksonstacks.org\target\classes\org\stacksonstacks\repository\PostRepository.class]
2017-05-25 12:24:39.626 DEBUG 4252 --- [           main] o.s.c.e.PropertySourcesPropertyResolver  : Searching for key 'java.runtime.name' in [systemProperties]
2017-05-25 12:24:39.626 DEBUG 4252 --- [           main] o.s.c.e.PropertySourcesPropertyResolver  : Found key 'java.runtime.name' in [systemProperties] with type [String] and value 'Java(TM) SE Runtime Environment'
2017-05-25 12:24:39.627 DEBUG 4252 --- [           main] o.s.c.e.PropertySourcesPropertyResolver  : Searching for key 'sun.boot.library.path' in [systemProperties]
2017-05-25 12:24:39.627 DEBUG 4252 --- [           main] o.s.c.e.PropertySourcesPropertyResolver  : Found key 'sun.boot.library.path' in [systemProperties] with type [String] and value 'C:\Program Files\Java\jdk1.8.0_111\jre\bin'
2017-05-25 12:24:39.628 DEBUG 4252 --- [           main] o.s.c.e.PropertySourcesPropertyResolver  : Searching for key 'java.vm.version' in [systemProperties]
2017-05-25 12:24:39.628 DEBUG 4252 --- [           main] o.s.c.e.PropertySourcesPropertyResolver  : Found key 'java.vm.version' in [systemProperties] with type [String] and value '25.111-b14'
2017-05-25 12:24:39.628 DEBUG 4252 --- [           main] o.s.c.e.PropertySourcesPropertyResolver  : Searching for key 'java.vm.vendor' in [systemProperties]
2017-05-25 12:24:39.628 DEBUG 4252 --- [           main] o.s.c.e.PropertySourcesPropertyResolver  : Found key 'java.vm.vendor' in [systemProperties] with type [String] and value 'Oracle Corporation'
2017-05-25 12:24:39.628 DEBUG 4252 --- [           main] o.s.c.e.PropertySourcesPropertyResolver  : Searching for key 'java.vendor.url' in [systemProperties]
2017-05-25 12:24:39.628 DEBUG 4252 --- [           main] o.s.c.e.PropertySourcesPropertyResolver  : Found key 'java.vendor.url' in [systemProperties] with type [String] and value 'http://java.oracle.com/'
2017-05-25 12:24:39.628 DEBUG 4252 --- [           main] o.s.c.e.PropertySourcesPropertyResolver  : Searching for key 'path.separator' in [systemProperties]
2017-05-25 12:24:39.628 DEBUG 4252 --- [           main] o.s.c.e.PropertySourcesPropertyResolver  : Found key 'path.separator' in [systemProperties] with type [String] and value ';'
2017-05-25 12:24:39.628 DEBUG 4252 --- [           main] o.s.c.e.PropertySourcesPropertyResolver  : Searching for key 'java.vm.name' in [systemProperties]
2017-05-25 12:24:39.629 DEBUG 4252 --- [           main] o.s.c.e.PropertySourcesPropertyResolver  : Found key 'java.vm.name' in [systemProperties] with type [String] and value 'Java HotSpot(TM) 64-Bit Server VM'
2017-05-25 12:24:39.629 DEBUG 4252 --- [           main] o.s.c.e.PropertySourcesPropertyResolver  : Searching for key 'file.encoding.pkg' in [systemProperties]
2017-05-25 12:24:39.629 DEBUG 4252 --- [           main] o.s.c.e.PropertySourcesPropertyResolver  : Found key 'file.encoding.pkg' in [systemProperties] with type [String] and value 'sun.io'
2017-05-25 12:24:39.629 DEBUG 4252 --- [           main] o.s.c.e.PropertySourcesPropertyResolver  : Searching for key 'user.country' in [systemProperties]
2017-05-25 12:24:39.629 DEBUG 4252 --- [           main] o.s.c.e.PropertySourcesPropertyResolver  : Found key 'user.country' in [systemProperties] with type [String] and value 'US'
2017-05-25 12:24:39.629 DEBUG 4252 --- [           main] o.s.c.e.PropertySourcesPropertyResolver  : Searching for key 'user.script' in [systemProperties]
2017-05-25 12:24:39.630 DEBUG 4252 --- [           main] o.s.c.e.PropertySourcesPropertyResolver  : Found key 'user.script' in [systemProperties] with type [String] and value ''
2017-05-25 12:24:39.630 DEBUG 4252 --- [           main] o.s.c.e.PropertySourcesPropertyResolver  : Searching for key 'sun.java.launcher' in [systemProperties]
2017-05-25 12:24:39.630 DEBUG 4252 --- [           main] o.s.c.e.PropertySourcesPropertyResolver  : Found key 'sun.java.launcher' in [systemProperties] with type [String] and value 'SUN_STANDARD'
2017-05-25 12:24:39.630 DEBUG 4252 --- [           main] o.s.c.e.PropertySourcesPropertyResolver  : Searching for key 'sun.os.patch.level' in [systemProperties]
2017-05-25 12:24:39.630 DEBUG 4252 --- [           main] o.s.c.e.PropertySourcesPropertyResolver  : Found key 'sun.os.patch.level' in [systemProperties] with type [String] and value 'Service Pack 1'
2017-05-25 12:24:39.630 DEBUG 4252 --- [           main] o.s.c.e.PropertySourcesPropertyResolver  : Searching for key 'PID' in [systemProperties]
2017-05-25 12:24:39.631 DEBUG 4252 --- [           main] o.s.c.e.PropertySourcesPropertyResolver  : Found key 'PID' in [systemProperties] with type [String] and value '4252'
2017-05-25 12:24:39.631 DEBUG 4252 --- [           main] o.s.c.e.PropertySourcesPropertyResolver  : Searching for key 'java.vm.specification.name' in [systemProperties]
2017-05-25 12:24:39.631 DEBUG 4252 --- [           main] o.s.c.e.PropertySourcesPropertyResolver  : Found key 'java.vm.specification.name' in [systemProperties] with type [String] and value 'Java Virtual Machine Specification'
2017-05-25 12:24:39.631 DEBUG 4252 --- [           main] o.s.c.e.PropertySourcesPropertyResolver  : Searching for key 'user.dir' in [systemProperties]
2017-05-25 12:24:39.631 DEBUG 4252 --- [           main] o.s.c.e.PropertySourcesPropertyResolver  : Found key 'user.dir' in [systemProperties] with type [String] and value 'C:\Users\rrafacz\git\stacksonstacks.org'
2017-05-25 12:24:39.631 DEBUG 4252 --- [           main] o.s.c.e.PropertySourcesPropertyResolver  : Searching for key 'java.runtime.version' in [systemProperties]
2017-05-25 12:24:39.632 DEBUG 4252 --- [           main] o.s.c.e.PropertySourcesPropertyResolver  : Found key 'java.runtime.version' in [systemProperties] with type [String] and value '1.8.0_111-b14'
2017-05-25 12:24:39.632 DEBUG 4252 --- [           main] o.s.c.e.PropertySourcesPropertyResolver  : Searching for key 'basedir' in [systemProperties]
2017-05-25 12:24:39.632 DEBUG 4252 --- [           main] o.s.c.e.PropertySourcesPropertyResolver  : Found key 'basedir' in [systemProperties] with type [String] and value 'C:\Users\rrafacz\git\stacksonstacks.org'
2017-05-25 12:24:39.632 DEBUG 4252 --- [           main] o.s.c.e.PropertySourcesPropertyResolver  : Searching for key 'java.awt.graphicsenv' in [systemProperties]
2017-05-25 12:24:39.632 DEBUG 4252 --- [           main] o.s.c.e.PropertySourcesPropertyResolver  : Found key 'java.awt.graphicsenv' in [systemProperties] with type [String] and value 'sun.awt.Win32GraphicsEnvironment'
2017-05-25 12:24:39.632 DEBUG 4252 --- [           main] o.s.c.e.PropertySourcesPropertyResolver  : Searching for key 'org.jboss.logging.provider' in [systemProperties]
2017-05-25 12:24:39.632 DEBUG 4252 --- [           main] o.s.c.e.PropertySourcesPropertyResolver  : Found key 'org.jboss.logging.provider' in [systemProperties] with type [String] and value 'slf4j'
2017-05-25 12:24:39.633 DEBUG 4252 --- [           main] o.s.c.e.PropertySourcesPropertyResolver  : Searching for key 'java.endorsed.dirs' in [systemProperties]
2017-05-25 12:24:39.633 DEBUG 4252 --- [           main] o.s.c.e.PropertySourcesPropertyResolver  : Found key 'java.endorsed.dirs' in [systemProperties] with type [String] and value 'C:\Program Files\Java\jdk1.8.0_111\jre\lib\endorsed'
2017-05-25 12:24:39.633 DEBUG 4252 --- [           main] o.s.c.e.PropertySourcesPropertyResolver  : Searching for key 'os.arch' in [systemProperties]
2017-05-25 12:24:39.633 DEBUG 4252 --- [           main] o.s.c.e.PropertySourcesPropertyResolver  : Found key 'os.arch' in [systemProperties] with type [String] and value 'amd64'
2017-05-25 12:24:39.633 DEBUG 4252 --- [           main] o.s.c.e.PropertySourcesPropertyResolver  : Searching for key 'surefire.real.class.path' in [systemProperties]
2017-05-25 12:24:39.633 DEBUG 4252 --- [           main] o.s.c.e.PropertySourcesPropertyResolver  : Found key 'surefire.real.class.path' in [systemProperties] with type [String] and value 'C:\Users\rrafacz\git\stacksonstacks.org\target\surefire\surefirebooter2657284108340421601.jar'
2017-05-25 12:24:39.634 DEBUG 4252 --- [           main] o.s.c.e.PropertySourcesPropertyResolver  : Searching for key 'java.io.tmpdir' in [systemProperties]
2017-05-25 12:24:39.634 DEBUG 4252 --- [           main] o.s.c.e.PropertySourcesPropertyResolver  : Found key 'java.io.tmpdir' in [systemProperties] with type [String] and value 'C:\Users\rrafacz\AppData\Local\Temp\'
2017-05-25 12:24:39.634 DEBUG 4252 --- [           main] o.s.c.e.PropertySourcesPropertyResolver  : Searching for key 'line.separator' in [systemProperties]
2017-05-25 12:24:39.634 DEBUG 4252 --- [           main] o.s.c.e.PropertySourcesPropertyResolver  : Found key 'line.separator' in [systemProperties] with type [String] and value '
'
2017-05-25 12:24:39.634 DEBUG 4252 --- [           main] o.s.c.e.PropertySourcesPropertyResolver  : Searching for key 'java.vm.specification.vendor' in [systemProperties]
2017-05-25 12:24:39.634 DEBUG 4252 --- [           main] o.s.c.e.PropertySourcesPropertyResolver  : Found key 'java.vm.specification.vendor' in [systemProperties] with type [String] and value 'Oracle Corporation'
2017-05-25 12:24:39.634 DEBUG 4252 --- [           main] o.s.c.e.PropertySourcesPropertyResolver  : Searching for key 'user.variant' in [systemProperties]
2017-05-25 12:24:39.635 DEBUG 4252 --- [           main] o.s.c.e.PropertySourcesPropertyResolver  : Found key 'user.variant' in [systemProperties] with type [String] and value ''
2017-05-25 12:24:39.635 DEBUG 4252 --- [           main] o.s.c.e.PropertySourcesPropertyResolver  : Searching for key 'os.name' in [systemProperties]
2017-05-25 12:24:39.635 DEBUG 4252 --- [           main] o.s.c.e.PropertySourcesPropertyResolver  : Found key 'os.name' in [systemProperties] with type [String] and value 'Windows 7'
2017-05-25 12:24:39.635 DEBUG 4252 --- [           main] o.s.c.e.PropertySourcesPropertyResolver  : Searching for key 'sun.jnu.encoding' in [systemProperties]
2017-05-25 12:24:39.635 DEBUG 4252 --- [           main] o.s.c.e.PropertySourcesPropertyResolver  : Found key 'sun.jnu.encoding' in [systemProperties] with type [String] and value 'Cp1252'
2017-05-25 12:24:39.635 DEBUG 4252 --- [           main] o.s.c.e.PropertySourcesPropertyResolver  : Searching for key 'spring.beaninfo.ignore' in [systemProperties]
2017-05-25 12:24:39.636 DEBUG 4252 --- [           main] o.s.c.e.PropertySourcesPropertyResolver  : Found key 'spring.beaninfo.ignore' in [systemProperties] with type [String] and value 'true'
2017-05-25 12:24:39.636 DEBUG 4252 --- [           main] o.s.c.e.PropertySourcesPropertyResolver  : Searching for key 'java.library.path' in [systemProperties]
2017-05-25 12:24:39.636 DEBUG 4252 --- [           main] o.s.c.e.PropertySourcesPropertyResolver  : Found key 'java.library.path' in [systemProperties] with type [String] and value 'C:\Program Files\Java\jdk1.8.0_111\jre\bin;C:\windows\Sun\Java\bin;C:\windows\system32;C:\windows;C:/Program Files/Java/jre1.8.0_131/bin/server;C:/Program Files/Java/jre1.8.0_131/bin;C:/Program Files/Java/jre1.8.0_131/lib/amd64;C:\ProgramData\Oracle\Java\javapath;C:\windows\system32;C:\windows;C:\windows\System32\Wbem;C:\windows\System32\WindowsPowerShell\v1.0\;C:\windows\system32\config\systemprofile\.dnx\bin;C:\Program Files\Microsoft DNX\Dnvm\;C:\Program Files\Microsoft SQL Server\130\Tools\Binn\;C:\HashiCorp\Vagrant\bin;C:\Program Files\Intel\WiFi\bin\;C:\Program Files\Common Files\Intel\WirelessCommon\;C:\ProgramData\Oracle\Java\javapath;C:\windows\system32;C:\windows;C:\windows\System32\Wbem;C:\windows\System32\WindowsPowerShell\v1.0\;C:\Users\rrafacz\AppData\Local\Programs\Git\cmd;C:\Python27;C:\Python27\Scripts; C:\Program Files\Java\jdk1.8.0_111\bin; C:\Program Files\Java\jdk1.8.0_111\bin\jconsole;;C:\windows\system32;;.'
2017-05-25 12:24:39.636 DEBUG 4252 --- [           main] o.s.c.e.PropertySourcesPropertyResolver  : Searching for key 'surefire.test.class.path' in [systemProperties]
2017-05-25 12:24:39.636 DEBUG 4252 --- [           main] o.s.c.e.PropertySourcesPropertyResolver  : Found key 'surefire.test.class.path' in [systemProperties] with type [String] and value 'C:\Users\rrafacz\git\stacksonstacks.org\target\test-classes;C:\Users\rrafacz\git\stacksonstacks.org\target\classes;C:\Users\rrafacz\.m2\repository\org\springframework\boot\spring-boot-starter-data-jpa\1.3.6.RELEASE\spring-boot-starter-data-jpa-1.3.6.RELEASE.jar;C:\Users\rrafacz\.m2\repository\org\springframework\boot\spring-boot-starter\1.3.6.RELEASE\spring-boot-starter-1.3.6.RELEASE.jar;C:\Users\rrafacz\.m2\repository\org\springframework\boot\spring-boot-starter-logging\1.3.6.RELEASE\spring-boot-starter-logging-1.3.6.RELEASE.jar;C:\Users\rrafacz\.m2\repository\ch\qos\logback\logback-classic\1.1.7\logback-classic-1.1.7.jar;C:\Users\rrafacz\.m2\repository\ch\qos\logback\logback-core\1.1.7\logback-core-1.1.7.jar;C:\Users\rrafacz\.m2\repository\org\slf4j\jul-to-slf4j\1.7.21\jul-to-slf4j-1.7.21.jar;C:\Users\rrafacz\.m2\repository\org\slf4j\log4j-over-slf4j\1.7.21\log4j-over-slf4j-1.7.21.jar;C:\Users\rrafacz\.m2\repository\org\yaml\snakeyaml\1.16\snakeyaml-1.16.jar;C:\Users\rrafacz\.m2\repository\org\springframework\boot\spring-boot-starter-aop\1.3.6.RELEASE\spring-boot-starter-aop-1.3.6.RELEASE.jar;C:\Users\rrafacz\.m2\repository\org\aspectj\aspectjweaver\1.8.9\aspectjweaver-1.8.9.jar;C:\Users\rrafacz\.m2\repository\org\springframework\boot\spring-boot-starter-jdbc\1.3.6.RELEASE\spring-boot-starter-jdbc-1.3.6.RELEASE.jar;C:\Users\rrafacz\.m2\repository\org\apache\tomcat\tomcat-jdbc\8.0.36\tomcat-jdbc-8.0.36.jar;C:\Users\rrafacz\.m2\repository\org\apache\tomcat\tomcat-juli\8.0.36\tomcat-juli-8.0.36.jar;C:\Users\rrafacz\.m2\repository\org\springframework\spring-jdbc\4.2.7.RELEASE\spring-jdbc-4.2.7.RELEASE.jar;C:\Users\rrafacz\.m2\repository\org\hibernate\hibernate-entitymanager\4.3.11.Final\hibernate-entitymanager-4.3.11.Final.jar;C:\Users\rrafacz\.m2\repository\org\jboss\logging\jboss-logging-annotations\1.2.0.Beta1\jboss-logging-annotations-1.2.0.Beta1.jar;C:\Users\rrafacz\.m2\repository\dom4j\dom4j\1.6.1\dom4j-1.6.1.jar;C:\Users\rrafacz\.m2\repository\xml-apis\xml-apis\1.0.b2\xml-apis-1.0.b2.jar;C:\Users\rrafacz\.m2\repository\org\hibernate\common\hibernate-commons-annotations\4.0.5.Final\hibernate-commons-annotations-4.0.5.Final.jar;C:\Users\rrafacz\.m2\repository\org\hibernate\javax\persistence\hibernate-jpa-2.1-api\1.0.0.Final\hibernate-jpa-2.1-api-1.0.0.Final.jar;C:\Users\rrafacz\.m2\repository\javax\transaction\javax.transaction-api\1.2\javax.transaction-api-1.2.jar;C:\Users\rrafacz\.m2\repository\org\springframework\data\spring-data-jpa\1.9.4.RELEASE\spring-data-jpa-1.9.4.RELEASE.jar;C:\Users\rrafacz\.m2\repository\org\springframework\data\spring-data-commons\1.11.4.RELEASE\spring-data-commons-1.11.4.RELEASE.jar;C:\Users\rrafacz\.m2\repository\org\springframework\spring-orm\4.2.7.RELEASE\spring-orm-4.2.7.RELEASE.jar;C:\Users\rrafacz\.m2\repository\org\springframework\spring-context\4.2.7.RELEASE\spring-context-4.2.7.RELEASE.jar;C:\Users\rrafacz\.m2\repository\org\springframework\spring-tx\4.2.7.RELEASE\spring-tx-4.2.7.RELEASE.jar;C:\Users\rrafacz\.m2\repository\org\springframework\spring-beans\4.2.7.RELEASE\spring-beans-4.2.7.RELEASE.jar;C:\Users\rrafacz\.m2\repository\org\slf4j\jcl-over-slf4j\1.7.21\jcl-over-slf4j-1.7.21.jar;C:\Users\rrafacz\.m2\repository\org\springframework\spring-aspects\4.2.7.RELEASE\spring-aspects-4.2.7.RELEASE.jar;C:\Users\rrafacz\.m2\repository\org\springframework\boot\spring-boot-devtools\1.3.6.RELEASE\spring-boot-devtools-1.3.6.RELEASE.jar;C:\Users\rrafacz\.m2\repository\org\springframework\boot\spring-boot\1.3.6.RELEASE\spring-boot-1.3.6.RELEASE.jar;C:\Users\rrafacz\.m2\repository\org\springframework\boot\spring-boot-autoconfigure\1.3.6.RELEASE\spring-boot-autoconfigure-1.3.6.RELEASE.jar;C:\Users\rrafacz\.m2\repository\org\springframework\boot\spring-boot-starter-thymeleaf\1.3.6.RELEASE\spring-boot-starter-thymeleaf-1.3.6.RELEASE.jar;C:\Users\rrafacz\.m2\repository\org\thymeleaf\thymeleaf-spring4\2.1.4.RELEASE\thymeleaf-spring4-2.1.4.RELEASE.jar;C:\Users\rrafacz\.m2\repository\nz\net\ultraq\thymeleaf\thymeleaf-layout-dialect\1.3.3\thymeleaf-layout-dialect-1.3.3.jar;C:\Users\rrafacz\.m2\repository\org\codehaus\groovy\groovy\2.4.7\groovy-2.4.7.jar;C:\Users\rrafacz\.m2\repository\org\springframework\boot\spring-boot-starter-web\1.3.6.RELEASE\spring-boot-starter-web-1.3.6.RELEASE.jar;C:\Users\rrafacz\.m2\repository\org\springframework\boot\spring-boot-starter-tomcat\1.3.6.RELEASE\spring-boot-starter-tomcat-1.3.6.RELEASE.jar;C:\Users\rrafacz\.m2\repository\org\apache\tomcat\embed\tomcat-embed-core\8.0.36\tomcat-embed-core-8.0.36.jar;C:\Users\rrafacz\.m2\repository\org\apache\tomcat\embed\tomcat-embed-el\8.0.36\tomcat-embed-el-8.0.36.jar;C:\Users\rrafacz\.m2\repository\org\apache\tomcat\embed\tomcat-embed-logging-juli\8.0.36\tomcat-embed-logging-juli-8.0.36.jar;C:\Users\rrafacz\.m2\repository\org\apache\tomcat\embed\tomcat-embed-websocket\8.0.36\tomcat-embed-websocket-8.0.36.jar;C:\Users\rrafacz\.m2\repository\org\springframework\boot\spring-boot-starter-validation\1.3.6.RELEASE\spring-boot-starter-validation-1.3.6.RELEASE.jar;C:\Users\rrafacz\.m2\repository\org\hibernate\hibernate-validator\5.2.4.Final\hibernate-validator-5.2.4.Final.jar;C:\Users\rrafacz\.m2\repository\javax\validation\validation-api\1.1.0.Final\validation-api-1.1.0.Final.jar;C:\Users\rrafacz\.m2\repository\com\fasterxml\classmate\1.1.0\classmate-1.1.0.jar;C:\Users\rrafacz\.m2\repository\com\fasterxml\jackson\core\jackson-databind\2.6.7\jackson-databind-2.6.7.jar;C:\Users\rrafacz\.m2\repository\com\fasterxml\jackson\core\jackson-annotations\2.6.7\jackson-annotations-2.6.7.jar;C:\Users\rrafacz\.m2\repository\com\fasterxml\jackson\core\jackson-core\2.6.7\jackson-core-2.6.7.jar;C:\Users\rrafacz\.m2\repository\org\springframework\spring-web\4.2.7.RELEASE\spring-web-4.2.7.RELEASE.jar;C:\Users\rrafacz\.m2\repository\org\springframework\spring-webmvc\4.2.7.RELEASE\spring-webmvc-4.2.7.RELEASE.jar;C:\Users\rrafacz\.m2\repository\org\springframework\spring-expression\4.2.7.RELEASE\spring-expression-4.2.7.RELEASE.jar;C:\Users\rrafacz\.m2\repository\org\springframework\boot\spring-boot-starter-test\1.3.6.RELEASE\spring-boot-starter-test-1.3.6.RELEASE.jar;C:\Users\rrafacz\.m2\repository\junit\junit\4.12\junit-4.12.jar;C:\Users\rrafacz\.m2\repository\org\mockito\mockito-core\1.10.19\mockito-core-1.10.19.jar;C:\Users\rrafacz\.m2\repository\org\objenesis\objenesis\2.1\objenesis-2.1.jar;C:\Users\rrafacz\.m2\repository\org\hamcrest\hamcrest-core\1.3\hamcrest-core-1.3.jar;C:\Users\rrafacz\.m2\repository\org\hamcrest\hamcrest-library\1.3\hamcrest-library-1.3.jar;C:\Users\rrafacz\.m2\repository\org\springframework\spring-core\4.2.7.RELEASE\spring-core-4.2.7.RELEASE.jar;C:\Users\rrafacz\.m2\repository\org\springframework\spring-test\4.2.7.RELEASE\spring-test-4.2.7.RELEASE.jar;C:\Users\rrafacz\.m2\repository\org\postgresql\postgresql\9.4.1208.jre7\postgresql-9.4.1208.jre7.jar;C:\Users\rrafacz\.m2\repository\com\h2database\h2\1.4.192\h2-1.4.192.jar;C:\Users\rrafacz\.m2\repository\com\zaxxer\HikariCP\2.4.7\HikariCP-2.4.7.jar;C:\Users\rrafacz\.m2\repository\org\slf4j\slf4j-api\1.7.21\slf4j-api-1.7.21.jar;C:\Users\rrafacz\.m2\repository\org\hibernate\hibernate-hikaricp\5.2.1.Final\hibernate-hikaricp-5.2.1.Final.jar;C:\Users\rrafacz\.m2\repository\org\jboss\logging\jboss-logging\3.3.0.Final\jboss-logging-3.3.0.Final.jar;C:\Users\rrafacz\.m2\repository\org\hibernate\hibernate-core\4.3.11.Final\hibernate-core-4.3.11.Final.jar;C:\Users\rrafacz\.m2\repository\org\jboss\spec\javax\transaction\jboss-transaction-api_1.2_spec\1.0.0.Final\jboss-transaction-api_1.2_spec-1.0.0.Final.jar;C:\Users\rrafacz\.m2\repository\antlr\antlr\2.7.7\antlr-2.7.7.jar;C:\Users\rrafacz\.m2\repository\org\jboss\jandex\1.1.0.Final\jandex-1.1.0.Final.jar;C:\Users\rrafacz\.m2\repository\com\zaxxer\HikariCP-java6\2.3.13\HikariCP-java6-2.3.13.jar;C:\Users\rrafacz\.m2\repository\com\zaxxer\HikariCP-agent\1.2.4\HikariCP-agent-1.2.4.jar;C:\Program Files\Java\jdk1.8.0_111\jre\..\lib\tools.jar;C:\Users\rrafacz\.m2\repository\org\javassist\javassist\3.18.1-GA\javassist-3.18.1-GA.jar;C:\Users\rrafacz\.m2\repository\org\springframework\boot\spring-boot-starter-security\1.3.6.RELEASE\spring-boot-starter-security-1.3.6.RELEASE.jar;C:\Users\rrafacz\.m2\repository\org\springframework\spring-aop\4.2.7.RELEASE\spring-aop-4.2.7.RELEASE.jar;C:\Users\rrafacz\.m2\repository\aopalliance\aopalliance\1.0\aopalliance-1.0.jar;C:\Users\rrafacz\.m2\repository\org\springframework\security\spring-security-config\4.0.4.RELEASE\spring-security-config-4.0.4.RELEASE.jar;C:\Users\rrafacz\.m2\repository\org\springframework\security\spring-security-core\4.0.4.RELEASE\spring-security-core-4.0.4.RELEASE.jar;C:\Users\rrafacz\.m2\repository\org\springframework\security\spring-security-web\4.0.4.RELEASE\spring-security-web-4.0.4.RELEASE.jar;C:\Users\rrafacz\.m2\repository\org\thymeleaf\extras\thymeleaf-extras-springsecurity4\2.1.2.RELEASE\thymeleaf-extras-springsecurity4-2.1.2.RELEASE.jar;C:\Users\rrafacz\.m2\repository\org\thymeleaf\thymeleaf\2.1.4.RELEASE\thymeleaf-2.1.4.RELEASE.jar;C:\Users\rrafacz\.m2\repository\ognl\ognl\3.0.8\ognl-3.0.8.jar;C:\Users\rrafacz\.m2\repository\org\unbescape\unbescape\1.1.0.RELEASE\unbescape-1.1.0.RELEASE.jar;'
2017-05-25 12:24:39.637 DEBUG 4252 --- [           main] o.s.c.e.PropertySourcesPropertyResolver  : Searching for key 'java.specification.name' in [systemProperties]
2017-05-25 12:24:39.637 DEBUG 4252 --- [           main] o.s.c.e.PropertySourcesPropertyResolver  : Found key 'java.specification.name' in [systemProperties] with type [String] and value 'Java Platform API Specification'
2017-05-25 12:24:39.637 DEBUG 4252 --- [           main] o.s.c.e.PropertySourcesPropertyResolver  : Searching for key 'java.class.version' in [systemProperties]
2017-05-25 12:24:39.637 DEBUG 4252 --- [           main] o.s.c.e.PropertySourcesPropertyResolver  : Found key 'java.class.version' in [systemProperties] with type [String] and value '52.0'
2017-05-25 12:24:39.637 DEBUG 4252 --- [           main] o.s.c.e.PropertySourcesPropertyResolver  : Searching for key 'sun.management.compiler' in [systemProperties]
2017-05-25 12:24:39.637 DEBUG 4252 --- [           main] o.s.c.e.PropertySourcesPropertyResolver  : Found key 'sun.management.compiler' in [systemProperties] with type [String] and value 'HotSpot 64-Bit Tiered Compilers'
2017-05-25 12:24:39.638 DEBUG 4252 --- [           main] o.s.c.e.PropertySourcesPropertyResolver  : Searching for key 'os.version' in [systemProperties]
2017-05-25 12:24:39.638 DEBUG 4252 --- [           main] o.s.c.e.PropertySourcesPropertyResolver  : Found key 'os.version' in [systemProperties] with type [String] and value '6.1'
2017-05-25 12:24:39.638 DEBUG 4252 --- [           main] o.s.c.e.PropertySourcesPropertyResolver  : Searching for key 'user.home' in [systemProperties]
2017-05-25 12:24:39.638 DEBUG 4252 --- [           main] o.s.c.e.PropertySourcesPropertyResolver  : Found key 'user.home' in [systemProperties] with type [String] and value 'C:\Users\rrafacz'
2017-05-25 12:24:39.638 DEBUG 4252 --- [           main] o.s.c.e.PropertySourcesPropertyResolver  : Searching for key 'user.timezone' in [systemProperties]
2017-05-25 12:24:39.638 DEBUG 4252 --- [           main] o.s.c.e.PropertySourcesPropertyResolver  : Found key 'user.timezone' in [systemProperties] with type [String] and value 'America/Chicago'
2017-05-25 12:24:39.639 DEBUG 4252 --- [           main] o.s.c.e.PropertySourcesPropertyResolver  : Searching for key 'java.awt.printerjob' in [systemProperties]
2017-05-25 12:24:39.639 DEBUG 4252 --- [           main] o.s.c.e.PropertySourcesPropertyResolver  : Found key 'java.awt.printerjob' in [systemProperties] with type [String] and value 'sun.awt.windows.WPrinterJob'
2017-05-25 12:24:39.639 DEBUG 4252 --- [           main] o.s.c.e.PropertySourcesPropertyResolver  : Searching for key 'file.encoding' in [systemProperties]
2017-05-25 12:24:39.639 DEBUG 4252 --- [           main] o.s.c.e.PropertySourcesPropertyResolver  : Found key 'file.encoding' in [systemProperties] with type [String] and value 'Cp1252'
2017-05-25 12:24:39.645 DEBUG 4252 --- [kground-preinit] o.h.v.i.e.r.DefaultTraversableResolver   : Found javax.persistence.Persistence on classpath containing 'getPersistenceUtil'. Assuming JPA 2 environment. Trying to instantiate JPA aware TraversableResolver
2017-05-25 12:24:39.650 DEBUG 4252 --- [           main] o.s.c.e.PropertySourcesPropertyResolver  : Searching for key 'java.specification.version' in [systemProperties]
2017-05-25 12:24:39.653 DEBUG 4252 --- [kground-preinit] o.h.v.i.e.r.DefaultTraversableResolver   : Instantiated JPA aware TraversableResolver of type org.hibernate.validator.internal.engine.resolver.JPATraversableResolver.
2017-05-25 12:24:39.653 DEBUG 4252 --- [           main] o.s.c.e.PropertySourcesPropertyResolver  : Found key 'java.specification.version' in [systemProperties] with type [String] and value '1.8'
2017-05-25 12:24:39.661 DEBUG 4252 --- [           main] o.s.c.e.PropertySourcesPropertyResolver  : Searching for key 'java.class.path' in [systemProperties]
2017-05-25 12:24:39.661 DEBUG 4252 --- [           main] o.s.c.e.PropertySourcesPropertyResolver  : Found key 'java.class.path' in [systemProperties] with type [String] and value 'C:\Users\rrafacz\git\stacksonstacks.org\target\test-classes;C:\Users\rrafacz\git\stacksonstacks.org\target\classes;C:\Users\rrafacz\.m2\repository\org\springframework\boot\spring-boot-starter-data-jpa\1.3.6.RELEASE\spring-boot-starter-data-jpa-1.3.6.RELEASE.jar;C:\Users\rrafacz\.m2\repository\org\springframework\boot\spring-boot-starter\1.3.6.RELEASE\spring-boot-starter-1.3.6.RELEASE.jar;C:\Users\rrafacz\.m2\repository\org\springframework\boot\spring-boot-starter-logging\1.3.6.RELEASE\spring-boot-starter-logging-1.3.6.RELEASE.jar;C:\Users\rrafacz\.m2\repository\ch\qos\logback\logback-classic\1.1.7\logback-classic-1.1.7.jar;C:\Users\rrafacz\.m2\repository\ch\qos\logback\logback-core\1.1.7\logback-core-1.1.7.jar;C:\Users\rrafacz\.m2\repository\org\slf4j\jul-to-slf4j\1.7.21\jul-to-slf4j-1.7.21.jar;C:\Users\rrafacz\.m2\repository\org\slf4j\log4j-over-slf4j\1.7.21\log4j-over-slf4j-1.7.21.jar;C:\Users\rrafacz\.m2\repository\org\yaml\snakeyaml\1.16\snakeyaml-1.16.jar;C:\Users\rrafacz\.m2\repository\org\springframework\boot\spring-boot-starter-aop\1.3.6.RELEASE\spring-boot-starter-aop-1.3.6.RELEASE.jar;C:\Users\rrafacz\.m2\repository\org\aspectj\aspectjweaver\1.8.9\aspectjweaver-1.8.9.jar;C:\Users\rrafacz\.m2\repository\org\springframework\boot\spring-boot-starter-jdbc\1.3.6.RELEASE\spring-boot-starter-jdbc-1.3.6.RELEASE.jar;C:\Users\rrafacz\.m2\repository\org\apache\tomcat\tomcat-jdbc\8.0.36\tomcat-jdbc-8.0.36.jar;C:\Users\rrafacz\.m2\repository\org\apache\tomcat\tomcat-juli\8.0.36\tomcat-juli-8.0.36.jar;C:\Users\rrafacz\.m2\repository\org\springframework\spring-jdbc\4.2.7.RELEASE\spring-jdbc-4.2.7.RELEASE.jar;C:\Users\rrafacz\.m2\repository\org\hibernate\hibernate-entitymanager\4.3.11.Final\hibernate-entitymanager-4.3.11.Final.jar;C:\Users\rrafacz\.m2\repository\org\jboss\logging\jboss-logging-annotations\1.2.0.Beta1\jboss-logging-annotations-1.2.0.Beta1.jar;C:\Users\rrafacz\.m2\repository\dom4j\dom4j\1.6.1\dom4j-1.6.1.jar;C:\Users\rrafacz\.m2\repository\xml-apis\xml-apis\1.0.b2\xml-apis-1.0.b2.jar;C:\Users\rrafacz\.m2\repository\org\hibernate\common\hibernate-commons-annotations\4.0.5.Final\hibernate-commons-annotations-4.0.5.Final.jar;C:\Users\rrafacz\.m2\repository\org\hibernate\javax\persistence\hibernate-jpa-2.1-api\1.0.0.Final\hibernate-jpa-2.1-api-1.0.0.Final.jar;C:\Users\rrafacz\.m2\repository\javax\transaction\javax.transaction-api\1.2\javax.transaction-api-1.2.jar;C:\Users\rrafacz\.m2\repository\org\springframework\data\spring-data-jpa\1.9.4.RELEASE\spring-data-jpa-1.9.4.RELEASE.jar;C:\Users\rrafacz\.m2\repository\org\springframework\data\spring-data-commons\1.11.4.RELEASE\spring-data-commons-1.11.4.RELEASE.jar;C:\Users\rrafacz\.m2\repository\org\springframework\spring-orm\4.2.7.RELEASE\spring-orm-4.2.7.RELEASE.jar;C:\Users\rrafacz\.m2\repository\org\springframework\spring-context\4.2.7.RELEASE\spring-context-4.2.7.RELEASE.jar;C:\Users\rrafacz\.m2\repository\org\springframework\spring-tx\4.2.7.RELEASE\spring-tx-4.2.7.RELEASE.jar;C:\Users\rrafacz\.m2\repository\org\springframework\spring-beans\4.2.7.RELEASE\spring-beans-4.2.7.RELEASE.jar;C:\Users\rrafacz\.m2\repository\org\slf4j\jcl-over-slf4j\1.7.21\jcl-over-slf4j-1.7.21.jar;C:\Users\rrafacz\.m2\repository\org\springframework\spring-aspects\4.2.7.RELEASE\spring-aspects-4.2.7.RELEASE.jar;C:\Users\rrafacz\.m2\repository\org\springframework\boot\spring-boot-devtools\1.3.6.RELEASE\spring-boot-devtools-1.3.6.RELEASE.jar;C:\Users\rrafacz\.m2\repository\org\springframework\boot\spring-boot\1.3.6.RELEASE\spring-boot-1.3.6.RELEASE.jar;C:\Users\rrafacz\.m2\repository\org\springframework\boot\spring-boot-autoconfigure\1.3.6.RELEASE\spring-boot-autoconfigure-1.3.6.RELEASE.jar;C:\Users\rrafacz\.m2\repository\org\springframework\boot\spring-boot-starter-thymeleaf\1.3.6.RELEASE\spring-boot-starter-thymeleaf-1.3.6.RELEASE.jar;C:\Users\rrafacz\.m2\repository\org\thymeleaf\thymeleaf-spring4\2.1.4.RELEASE\thymeleaf-spring4-2.1.4.RELEASE.jar;C:\Users\rrafacz\.m2\repository\nz\net\ultraq\thymeleaf\thymeleaf-layout-dialect\1.3.3\thymeleaf-layout-dialect-1.3.3.jar;C:\Users\rrafacz\.m2\repository\org\codehaus\groovy\groovy\2.4.7\groovy-2.4.7.jar;C:\Users\rrafacz\.m2\repository\org\springframework\boot\spring-boot-starter-web\1.3.6.RELEASE\spring-boot-starter-web-1.3.6.RELEASE.jar;C:\Users\rrafacz\.m2\repository\org\springframework\boot\spring-boot-starter-tomcat\1.3.6.RELEASE\spring-boot-starter-tomcat-1.3.6.RELEASE.jar;C:\Users\rrafacz\.m2\repository\org\apache\tomcat\embed\tomcat-embed-core\8.0.36\tomcat-embed-core-8.0.36.jar;C:\Users\rrafacz\.m2\repository\org\apache\tomcat\embed\tomcat-embed-el\8.0.36\tomcat-embed-el-8.0.36.jar;C:\Users\rrafacz\.m2\repository\org\apache\tomcat\embed\tomcat-embed-logging-juli\8.0.36\tomcat-embed-logging-juli-8.0.36.jar;C:\Users\rrafacz\.m2\repository\org\apache\tomcat\embed\tomcat-embed-websocket\8.0.36\tomcat-embed-websocket-8.0.36.jar;C:\Users\rrafacz\.m2\repository\org\springframework\boot\spring-boot-starter-validation\1.3.6.RELEASE\spring-boot-starter-validation-1.3.6.RELEASE.jar;C:\Users\rrafacz\.m2\repository\org\hibernate\hibernate-validator\5.2.4.Final\hibernate-validator-5.2.4.Final.jar;C:\Users\rrafacz\.m2\repository\javax\validation\validation-api\1.1.0.Final\validation-api-1.1.0.Final.jar;C:\Users\rrafacz\.m2\repository\com\fasterxml\classmate\1.1.0\classmate-1.1.0.jar;C:\Users\rrafacz\.m2\repository\com\fasterxml\jackson\core\jackson-databind\2.6.7\jackson-databind-2.6.7.jar;C:\Users\rrafacz\.m2\repository\com\fasterxml\jackson\core\jackson-annotations\2.6.7\jackson-annotations-2.6.7.jar;C:\Users\rrafacz\.m2\repository\com\fasterxml\jackson\core\jackson-core\2.6.7\jackson-core-2.6.7.jar;C:\Users\rrafacz\.m2\repository\org\springframework\spring-web\4.2.7.RELEASE\spring-web-4.2.7.RELEASE.jar;C:\Users\rrafacz\.m2\repository\org\springframework\spring-webmvc\4.2.7.RELEASE\spring-webmvc-4.2.7.RELEASE.jar;C:\Users\rrafacz\.m2\repository\org\springframework\spring-expression\4.2.7.RELEASE\spring-expression-4.2.7.RELEASE.jar;C:\Users\rrafacz\.m2\repository\org\springframework\boot\spring-boot-starter-test\1.3.6.RELEASE\spring-boot-starter-test-1.3.6.RELEASE.jar;C:\Users\rrafacz\.m2\repository\junit\junit\4.12\junit-4.12.jar;C:\Users\rrafacz\.m2\repository\org\mockito\mockito-core\1.10.19\mockito-core-1.10.19.jar;C:\Users\rrafacz\.m2\repository\org\objenesis\objenesis\2.1\objenesis-2.1.jar;C:\Users\rrafacz\.m2\repository\org\hamcrest\hamcrest-core\1.3\hamcrest-core-1.3.jar;C:\Users\rrafacz\.m2\repository\org\hamcrest\hamcrest-library\1.3\hamcrest-library-1.3.jar;C:\Users\rrafacz\.m2\repository\org\springframework\spring-core\4.2.7.RELEASE\spring-core-4.2.7.RELEASE.jar;C:\Users\rrafacz\.m2\repository\org\springframework\spring-test\4.2.7.RELEASE\spring-test-4.2.7.RELEASE.jar;C:\Users\rrafacz\.m2\repository\org\postgresql\postgresql\9.4.1208.jre7\postgresql-9.4.1208.jre7.jar;C:\Users\rrafacz\.m2\repository\com\h2database\h2\1.4.192\h2-1.4.192.jar;C:\Users\rrafacz\.m2\repository\com\zaxxer\HikariCP\2.4.7\HikariCP-2.4.7.jar;C:\Users\rrafacz\.m2\repository\org\slf4j\slf4j-api\1.7.21\slf4j-api-1.7.21.jar;C:\Users\rrafacz\.m2\repository\org\hibernate\hibernate-hikaricp\5.2.1.Final\hibernate-hikaricp-5.2.1.Final.jar;C:\Users\rrafacz\.m2\repository\org\jboss\logging\jboss-logging\3.3.0.Final\jboss-logging-3.3.0.Final.jar;C:\Users\rrafacz\.m2\repository\org\hibernate\hibernate-core\4.3.11.Final\hibernate-core-4.3.11.Final.jar;C:\Users\rrafacz\.m2\repository\org\jboss\spec\javax\transaction\jboss-transaction-api_1.2_spec\1.0.0.Final\jboss-transaction-api_1.2_spec-1.0.0.Final.jar;C:\Users\rrafacz\.m2\repository\antlr\antlr\2.7.7\antlr-2.7.7.jar;C:\Users\rrafacz\.m2\repository\org\jboss\jandex\1.1.0.Final\jandex-1.1.0.Final.jar;C:\Users\rrafacz\.m2\repository\com\zaxxer\HikariCP-java6\2.3.13\HikariCP-java6-2.3.13.jar;C:\Users\rrafacz\.m2\repository\com\zaxxer\HikariCP-agent\1.2.4\HikariCP-agent-1.2.4.jar;C:\Program Files\Java\jdk1.8.0_111\jre\..\lib\tools.jar;C:\Users\rrafacz\.m2\repository\org\javassist\javassist\3.18.1-GA\javassist-3.18.1-GA.jar;C:\Users\rrafacz\.m2\repository\org\springframework\boot\spring-boot-starter-security\1.3.6.RELEASE\spring-boot-starter-security-1.3.6.RELEASE.jar;C:\Users\rrafacz\.m2\repository\org\springframework\spring-aop\4.2.7.RELEASE\spring-aop-4.2.7.RELEASE.jar;C:\Users\rrafacz\.m2\repository\aopalliance\aopalliance\1.0\aopalliance-1.0.jar;C:\Users\rrafacz\.m2\repository\org\springframework\security\spring-security-config\4.0.4.RELEASE\spring-security-config-4.0.4.RELEASE.jar;C:\Users\rrafacz\.m2\repository\org\springframework\security\spring-security-core\4.0.4.RELEASE\spring-security-core-4.0.4.RELEASE.jar;C:\Users\rrafacz\.m2\repository\org\springframework\security\spring-security-web\4.0.4.RELEASE\spring-security-web-4.0.4.RELEASE.jar;C:\Users\rrafacz\.m2\repository\org\thymeleaf\extras\thymeleaf-extras-springsecurity4\2.1.2.RELEASE\thymeleaf-extras-springsecurity4-2.1.2.RELEASE.jar;C:\Users\rrafacz\.m2\repository\org\thymeleaf\thymeleaf\2.1.4.RELEASE\thymeleaf-2.1.4.RELEASE.jar;C:\Users\rrafacz\.m2\repository\ognl\ognl\3.0.8\ognl-3.0.8.jar;C:\Users\rrafacz\.m2\repository\org\unbescape\unbescape\1.1.0.RELEASE\unbescape-1.1.0.RELEASE.jar;'
2017-05-25 12:24:39.663 DEBUG 4252 --- [           main] o.s.c.e.PropertySourcesPropertyResolver  : Searching for key 'user.name' in [systemProperties]
2017-05-25 12:24:39.663 DEBUG 4252 --- [           main] o.s.c.e.PropertySourcesPropertyResolver  : Found key 'user.name' in [systemProperties] with type [String] and value 'RRafacz'
2017-05-25 12:24:39.663 DEBUG 4252 --- [           main] o.s.c.e.PropertySourcesPropertyResolver  : Searching for key 'java.vm.specification.version' in [systemProperties]
2017-05-25 12:24:39.663 DEBUG 4252 --- [           main] o.s.c.e.PropertySourcesPropertyResolver  : Found key 'java.vm.specification.version' in [systemProperties] with type [String] and value '1.8'
2017-05-25 12:24:39.663 DEBUG 4252 --- [           main] o.s.c.e.PropertySourcesPropertyResolver  : Searching for key 'sun.java.command' in [systemProperties]
2017-05-25 12:24:39.663 DEBUG 4252 --- [           main] o.s.c.e.PropertySourcesPropertyResolver  : Found key 'sun.java.command' in [systemProperties] with type [String] and value 'C:\Users\rrafacz\git\stacksonstacks.org\target\surefire\surefirebooter2657284108340421601.jar C:\Users\rrafacz\git\stacksonstacks.org\target\surefire\surefire3366078665067586203tmp C:\Users\rrafacz\git\stacksonstacks.org\target\surefire\surefire_08061031835920382733tmp'
2017-05-25 12:24:39.663 DEBUG 4252 --- [           main] o.s.c.e.PropertySourcesPropertyResolver  : Searching for key 'java.home' in [systemProperties]
2017-05-25 12:24:39.663 DEBUG 4252 --- [           main] o.s.c.e.PropertySourcesPropertyResolver  : Found key 'java.home' in [systemProperties] with type [String] and value 'C:\Program Files\Java\jdk1.8.0_111\jre'
2017-05-25 12:24:39.664 DEBUG 4252 --- [           main] o.s.c.e.PropertySourcesPropertyResolver  : Searching for key 'sun.arch.data.model' in [systemProperties]
2017-05-25 12:24:39.664 DEBUG 4252 --- [           main] o.s.c.e.PropertySourcesPropertyResolver  : Found key 'sun.arch.data.model' in [systemProperties] with type [String] and value '64'
2017-05-25 12:24:39.664 DEBUG 4252 --- [           main] o.s.c.e.PropertySourcesPropertyResolver  : Searching for key 'user.language' in [systemProperties]
2017-05-25 12:24:39.664 DEBUG 4252 --- [           main] o.s.c.e.PropertySourcesPropertyResolver  : Found key 'user.language' in [systemProperties] with type [String] and value 'en'
2017-05-25 12:24:39.664 DEBUG 4252 --- [           main] o.s.c.e.PropertySourcesPropertyResolver  : Searching for key 'java.specification.vendor' in [systemProperties]
2017-05-25 12:24:39.664 DEBUG 4252 --- [           main] o.s.c.e.PropertySourcesPropertyResolver  : Found key 'java.specification.vendor' in [systemProperties] with type [String] and value 'Oracle Corporation'
2017-05-25 12:24:39.664 DEBUG 4252 --- [           main] o.s.c.e.PropertySourcesPropertyResolver  : Searching for key 'awt.toolkit' in [systemProperties]
2017-05-25 12:24:39.664 DEBUG 4252 --- [           main] o.s.c.e.PropertySourcesPropertyResolver  : Found key 'awt.toolkit' in [systemProperties] with type [String] and value 'sun.awt.windows.WToolkit'
2017-05-25 12:24:39.664 DEBUG 4252 --- [           main] o.s.c.e.PropertySourcesPropertyResolver  : Searching for key 'java.vm.info' in [systemProperties]
2017-05-25 12:24:39.665 DEBUG 4252 --- [           main] o.s.c.e.PropertySourcesPropertyResolver  : Found key 'java.vm.info' in [systemProperties] with type [String] and value 'mixed mode'
2017-05-25 12:24:39.665 DEBUG 4252 --- [           main] o.s.c.e.PropertySourcesPropertyResolver  : Searching for key 'java.version' in [systemProperties]
2017-05-25 12:24:39.665 DEBUG 4252 --- [           main] o.s.c.e.PropertySourcesPropertyResolver  : Found key 'java.version' in [systemProperties] with type [String] and value '1.8.0_111'
2017-05-25 12:24:39.665 DEBUG 4252 --- [           main] o.s.c.e.PropertySourcesPropertyResolver  : Searching for key 'java.ext.dirs' in [systemProperties]
2017-05-25 12:24:39.665 DEBUG 4252 --- [           main] o.s.c.e.PropertySourcesPropertyResolver  : Found key 'java.ext.dirs' in [systemProperties] with type [String] and value 'C:\Program Files\Java\jdk1.8.0_111\jre\lib\ext;C:\windows\Sun\Java\lib\ext'
2017-05-25 12:24:39.665 DEBUG 4252 --- [           main] o.s.c.e.PropertySourcesPropertyResolver  : Searching for key 'sun.boot.class.path' in [systemProperties]
2017-05-25 12:24:39.665 DEBUG 4252 --- [           main] o.s.c.e.PropertySourcesPropertyResolver  : Found key 'sun.boot.class.path' in [systemProperties] with type [String] and value 'C:\Program Files\Java\jdk1.8.0_111\jre\lib\resources.jar;C:\Program Files\Java\jdk1.8.0_111\jre\lib\rt.jar;C:\Program Files\Java\jdk1.8.0_111\jre\lib\sunrsasign.jar;C:\Program Files\Java\jdk1.8.0_111\jre\lib\jsse.jar;C:\Program Files\Java\jdk1.8.0_111\jre\lib\jce.jar;C:\Program Files\Java\jdk1.8.0_111\jre\lib\charsets.jar;C:\Program Files\Java\jdk1.8.0_111\jre\lib\jfr.jar;C:\Program Files\Java\jdk1.8.0_111\jre\classes'
2017-05-25 12:24:39.665 DEBUG 4252 --- [           main] o.s.c.e.PropertySourcesPropertyResolver  : Searching for key 'java.awt.headless' in [systemProperties]
2017-05-25 12:24:39.665 DEBUG 4252 --- [           main] o.s.c.e.PropertySourcesPropertyResolver  : Found key 'java.awt.headless' in [systemProperties] with type [String] and value 'true'
2017-05-25 12:24:39.665 DEBUG 4252 --- [           main] o.s.c.e.PropertySourcesPropertyResolver  : Searching for key 'java.vendor' in [systemProperties]
2017-05-25 12:24:39.665 DEBUG 4252 --- [           main] o.s.c.e.PropertySourcesPropertyResolver  : Found key 'java.vendor' in [systemProperties] with type [String] and value 'Oracle Corporation'
2017-05-25 12:24:39.666 DEBUG 4252 --- [           main] o.s.c.e.PropertySourcesPropertyResolver  : Searching for key 'localRepository' in [systemProperties]
2017-05-25 12:24:39.666 DEBUG 4252 --- [           main] o.s.c.e.PropertySourcesPropertyResolver  : Found key 'localRepository' in [systemProperties] with type [String] and value 'C:\Users\rrafacz\.m2\repository'
2017-05-25 12:24:39.666 DEBUG 4252 --- [           main] o.s.c.e.PropertySourcesPropertyResolver  : Searching for key 'file.separator' in [systemProperties]
2017-05-25 12:24:39.666 DEBUG 4252 --- [           main] o.s.c.e.PropertySourcesPropertyResolver  : Found key 'file.separator' in [systemProperties] with type [String] and value '\'
2017-05-25 12:24:39.666 DEBUG 4252 --- [           main] o.s.c.e.PropertySourcesPropertyResolver  : Searching for key 'java.vendor.url.bug' in [systemProperties]
2017-05-25 12:24:39.666 DEBUG 4252 --- [           main] o.s.c.e.PropertySourcesPropertyResolver  : Found key 'java.vendor.url.bug' in [systemProperties] with type [String] and value 'http://bugreport.sun.com/bugreport/'
2017-05-25 12:24:39.666 DEBUG 4252 --- [           main] o.s.c.e.PropertySourcesPropertyResolver  : Searching for key 'sun.io.unicode.encoding' in [systemProperties]
2017-05-25 12:24:39.666 DEBUG 4252 --- [           main] o.s.c.e.PropertySourcesPropertyResolver  : Found key 'sun.io.unicode.encoding' in [systemProperties] with type [String] and value 'UnicodeLittle'
2017-05-25 12:24:39.666 DEBUG 4252 --- [           main] o.s.c.e.PropertySourcesPropertyResolver  : Searching for key 'sun.cpu.endian' in [systemProperties]
2017-05-25 12:24:39.666 DEBUG 4252 --- [           main] o.s.c.e.PropertySourcesPropertyResolver  : Found key 'sun.cpu.endian' in [systemProperties] with type [String] and value 'little'
2017-05-25 12:24:39.666 DEBUG 4252 --- [           main] o.s.c.e.PropertySourcesPropertyResolver  : Searching for key 'sun.desktop' in [systemProperties]
2017-05-25 12:24:39.666 DEBUG 4252 --- [           main] o.s.c.e.PropertySourcesPropertyResolver  : Found key 'sun.desktop' in [systemProperties] with type [String] and value 'windows'
2017-05-25 12:24:39.666 DEBUG 4252 --- [           main] o.s.c.e.PropertySourcesPropertyResolver  : Searching for key 'sun.cpu.isalist' in [systemProperties]
2017-05-25 12:24:39.666 DEBUG 4252 --- [           main] o.s.c.e.PropertySourcesPropertyResolver  : Found key 'sun.cpu.isalist' in [systemProperties] with type [String] and value 'amd64'
2017-05-25 12:24:39.667 DEBUG 4252 --- [           main] o.s.c.e.PropertySourcesPropertyResolver  : Searching for key 'PATH' in [systemProperties]
2017-05-25 12:24:39.667 DEBUG 4252 --- [           main] o.s.c.e.PropertySourcesPropertyResolver  : Searching for key 'PATH' in [systemEnvironment]
2017-05-25 12:24:39.667 DEBUG 4252 --- [           main] o.s.c.e.PropertySourcesPropertyResolver  : Found key 'PATH' in [systemEnvironment] with type [String] and value 'C:/Program Files/Java/jre1.8.0_131/bin/server;C:/Program Files/Java/jre1.8.0_131/bin;C:/Program Files/Java/jre1.8.0_131/lib/amd64;C:\ProgramData\Oracle\Java\javapath;C:\windows\system32;C:\windows;C:\windows\System32\Wbem;C:\windows\System32\WindowsPowerShell\v1.0\;C:\windows\system32\config\systemprofile\.dnx\bin;C:\Program Files\Microsoft DNX\Dnvm\;C:\Program Files\Microsoft SQL Server\130\Tools\Binn\;C:\HashiCorp\Vagrant\bin;C:\Program Files\Intel\WiFi\bin\;C:\Program Files\Common Files\Intel\WirelessCommon\;C:\ProgramData\Oracle\Java\javapath;C:\windows\system32;C:\windows;C:\windows\System32\Wbem;C:\windows\System32\WindowsPowerShell\v1.0\;C:\Users\rrafacz\AppData\Local\Programs\Git\cmd;C:\Python27;C:\Python27\Scripts; C:\Program Files\Java\jdk1.8.0_111\bin; C:\Program Files\Java\jdk1.8.0_111\bin\jconsole;;C:\windows\system32;'
2017-05-25 12:24:39.667 DEBUG 4252 --- [           main] o.s.c.e.PropertySourcesPropertyResolver  : Searching for key 'USERDOMAIN_ROAMINGPROFILE' in [systemProperties]
2017-05-25 12:24:39.667 DEBUG 4252 --- [           main] o.s.c.e.PropertySourcesPropertyResolver  : Searching for key 'USERDOMAIN_ROAMINGPROFILE' in [systemEnvironment]
2017-05-25 12:24:39.667 DEBUG 4252 --- [           main] o.s.c.e.PropertySourcesPropertyResolver  : Found key 'USERDOMAIN_ROAMINGPROFILE' in [systemEnvironment] with type [String] and value 'NORVAX'
2017-05-25 12:24:39.667 DEBUG 4252 --- [           main] o.s.c.e.PropertySourcesPropertyResolver  : Searching for key 'PROCESSOR_LEVEL' in [systemProperties]
2017-05-25 12:24:39.667 DEBUG 4252 --- [           main] o.s.c.e.PropertySourcesPropertyResolver  : Searching for key 'PROCESSOR_LEVEL' in [systemEnvironment]
2017-05-25 12:24:39.667 DEBUG 4252 --- [           main] o.s.c.e.PropertySourcesPropertyResolver  : Found key 'PROCESSOR_LEVEL' in [systemEnvironment] with type [String] and value '6'
2017-05-25 12:24:39.667 DEBUG 4252 --- [           main] o.s.c.e.PropertySourcesPropertyResolver  : Searching for key 'SYSTEMDRIVE' in [systemProperties]
2017-05-25 12:24:39.667 DEBUG 4252 --- [           main] o.s.c.e.PropertySourcesPropertyResolver  : Searching for key 'SYSTEMDRIVE' in [systemEnvironment]
2017-05-25 12:24:39.667 DEBUG 4252 --- [           main] o.s.c.e.PropertySourcesPropertyResolver  : Found key 'SYSTEMDRIVE' in [systemEnvironment] with type [String] and value 'C:'
2017-05-25 12:24:39.667 DEBUG 4252 --- [           main] o.s.c.e.PropertySourcesPropertyResolver  : Searching for key 'FP_NO_HOST_CHECK' in [systemProperties]
2017-05-25 12:24:39.667 DEBUG 4252 --- [           main] o.s.c.e.PropertySourcesPropertyResolver  : Searching for key 'FP_NO_HOST_CHECK' in [systemEnvironment]
2017-05-25 12:24:39.668 DEBUG 4252 --- [           main] o.s.c.e.PropertySourcesPropertyResolver  : Found key 'FP_NO_HOST_CHECK' in [systemEnvironment] with type [String] and value 'NO'
2017-05-25 12:24:39.668 DEBUG 4252 --- [           main] o.s.c.e.PropertySourcesPropertyResolver  : Searching for key 'VS140COMNTOOLS' in [systemProperties]
2017-05-25 12:24:39.668 DEBUG 4252 --- [           main] o.s.c.e.PropertySourcesPropertyResolver  : Searching for key 'VS140COMNTOOLS' in [systemEnvironment]
2017-05-25 12:24:39.668 DEBUG 4252 --- [           main] o.s.c.e.PropertySourcesPropertyResolver  : Found key 'VS140COMNTOOLS' in [systemEnvironment] with type [String] and value 'C:\Program Files (x86)\Microsoft Visual Studio 14.0\Common7\Tools\'
2017-05-25 12:24:39.668 DEBUG 4252 --- [           main] o.s.c.e.PropertySourcesPropertyResolver  : Searching for key 'SESSIONNAME' in [systemProperties]
2017-05-25 12:24:39.668 DEBUG 4252 --- [           main] o.s.c.e.PropertySourcesPropertyResolver  : Searching for key 'SESSIONNAME' in [systemEnvironment]
2017-05-25 12:24:39.668 DEBUG 4252 --- [           main] o.s.c.e.PropertySourcesPropertyResolver  : Found key 'SESSIONNAME' in [systemEnvironment] with type [String] and value 'Console'
2017-05-25 12:24:39.668 DEBUG 4252 --- [           main] o.s.c.e.PropertySourcesPropertyResolver  : Searching for key 'SPLUNK_USERNAME' in [systemProperties]
2017-05-25 12:24:39.668 DEBUG 4252 --- [           main] o.s.c.e.PropertySourcesPropertyResolver  : Searching for key 'SPLUNK_USERNAME' in [systemEnvironment]
2017-05-25 12:24:39.668 DEBUG 4252 --- [           main] o.s.c.e.PropertySourcesPropertyResolver  : Found key 'SPLUNK_USERNAME' in [systemEnvironment] with type [String] and value 'rrafacz'
2017-05-25 12:24:39.686 DEBUG 4252 --- [           main] o.s.c.e.PropertySourcesPropertyResolver  : Searching for key 'ALLUSERSPROFILE' in [systemProperties]
2017-05-25 12:24:39.686 DEBUG 4252 --- [           main] o.s.c.e.PropertySourcesPropertyResolver  : Searching for key 'ALLUSERSPROFILE' in [systemEnvironment]
2017-05-25 12:24:39.686 DEBUG 4252 --- [           main] o.s.c.e.PropertySourcesPropertyResolver  : Found key 'ALLUSERSPROFILE' in [systemEnvironment] with type [String] and value 'C:\ProgramData'
2017-05-25 12:24:39.686 DEBUG 4252 --- [           main] o.s.c.e.PropertySourcesPropertyResolver  : Searching for key 'PROCESSOR_ARCHITECTURE' in [systemProperties]
2017-05-25 12:24:39.686 DEBUG 4252 --- [           main] o.s.c.e.PropertySourcesPropertyResolver  : Searching for key 'PROCESSOR_ARCHITECTURE' in [systemEnvironment]
2017-05-25 12:24:39.686 DEBUG 4252 --- [           main] o.s.c.e.PropertySourcesPropertyResolver  : Found key 'PROCESSOR_ARCHITECTURE' in [systemEnvironment] with type [String] and value 'AMD64'
2017-05-25 12:24:39.687 DEBUG 4252 --- [           main] o.s.c.e.PropertySourcesPropertyResolver  : Searching for key 'JIRA_PASSWORD' in [systemProperties]
2017-05-25 12:24:39.687 DEBUG 4252 --- [           main] o.s.c.e.PropertySourcesPropertyResolver  : Searching for key 'JIRA_PASSWORD' in [systemEnvironment]
2017-05-25 12:24:39.687 DEBUG 4252 --- [           main] o.s.c.e.PropertySourcesPropertyResolver  : Found key 'JIRA_PASSWORD' in [systemEnvironment] with type [String] and value 'SNick3rs!2'
2017-05-25 12:24:39.687 DEBUG 4252 --- [           main] o.s.c.e.PropertySourcesPropertyResolver  : Searching for key 'PROGRAMFILES' in [systemProperties]
2017-05-25 12:24:39.687 DEBUG 4252 --- [           main] o.s.c.e.PropertySourcesPropertyResolver  : Searching for key 'PROGRAMFILES' in [systemEnvironment]
2017-05-25 12:24:39.687 DEBUG 4252 --- [           main] o.s.c.e.PropertySourcesPropertyResolver  : Found key 'PROGRAMFILES' in [systemEnvironment] with type [String] and value 'C:\Program Files'
2017-05-25 12:24:39.687 DEBUG 4252 --- [           main] o.s.c.e.PropertySourcesPropertyResolver  : Searching for key 'PSMODULEPATH' in [systemProperties]
2017-05-25 12:24:39.687 DEBUG 4252 --- [           main] o.s.c.e.PropertySourcesPropertyResolver  : Searching for key 'PSMODULEPATH' in [systemEnvironment]
2017-05-25 12:24:39.687 DEBUG 4252 --- [           main] o.s.c.e.PropertySourcesPropertyResolver  : Found key 'PSMODULEPATH' in [systemEnvironment] with type [String] and value 'C:\windows\system32\WindowsPowerShell\v1.0\Modules\'
2017-05-25 12:24:39.687 DEBUG 4252 --- [           main] o.s.c.e.PropertySourcesPropertyResolver  : Searching for key 'PROGRAMDATA' in [systemProperties]
2017-05-25 12:24:39.687 DEBUG 4252 --- [           main] o.s.c.e.PropertySourcesPropertyResolver  : Searching for key 'PROGRAMDATA' in [systemEnvironment]
2017-05-25 12:24:39.687 DEBUG 4252 --- [           main] o.s.c.e.PropertySourcesPropertyResolver  : Found key 'PROGRAMDATA' in [systemEnvironment] with type [String] and value 'C:\ProgramData'
2017-05-25 12:24:39.687 DEBUG 4252 --- [           main] o.s.c.e.PropertySourcesPropertyResolver  : Searching for key 'USERNAME' in [systemProperties]
2017-05-25 12:24:39.688 DEBUG 4252 --- [           main] o.s.c.e.PropertySourcesPropertyResolver  : Searching for key 'USERNAME' in [systemEnvironment]
2017-05-25 12:24:39.688 DEBUG 4252 --- [           main] o.s.c.e.PropertySourcesPropertyResolver  : Found key 'USERNAME' in [systemEnvironment] with type [String] and value 'RRafacz'
2017-05-25 12:24:39.688 DEBUG 4252 --- [           main] o.s.c.e.PropertySourcesPropertyResolver  : Searching for key 'REPORTING_DATABASE_USERNAME' in [systemProperties]
2017-05-25 12:24:39.688 DEBUG 4252 --- [           main] o.s.c.e.PropertySourcesPropertyResolver  : Searching for key 'REPORTING_DATABASE_USERNAME' in [systemEnvironment]
2017-05-25 12:24:39.688 DEBUG 4252 --- [           main] o.s.c.e.PropertySourcesPropertyResolver  : Found key 'REPORTING_DATABASE_USERNAME' in [systemEnvironment] with type [String] and value 'rrafacz'
2017-05-25 12:24:39.691 DEBUG 4252 --- [           main] o.s.c.e.PropertySourcesPropertyResolver  : Searching for key 'USERDNSDOMAIN' in [systemProperties]
2017-05-25 12:24:39.691 DEBUG 4252 --- [           main] o.s.c.e.PropertySourcesPropertyResolver  : Searching for key 'USERDNSDOMAIN' in [systemEnvironment]
2017-05-25 12:24:39.692 DEBUG 4252 --- [           main] o.s.c.e.PropertySourcesPropertyResolver  : Found key 'USERDNSDOMAIN' in [systemEnvironment] with type [String] and value 'NORVAX.NET'
2017-05-25 12:24:39.692 DEBUG 4252 --- [           main] o.s.c.e.PropertySourcesPropertyResolver  : Searching for key 'LOGBASENAME' in [systemProperties]
2017-05-25 12:24:39.692 DEBUG 4252 --- [           main] o.s.c.e.PropertySourcesPropertyResolver  : Searching for key 'LOGBASENAME' in [systemEnvironment]
2017-05-25 12:24:39.692 DEBUG 4252 --- [           main] o.s.c.e.PropertySourcesPropertyResolver  : Found key 'LOGBASENAME' in [systemEnvironment] with type [String] and value 'C:\Users\rrafacz\python_tuts\gohealth'
2017-05-25 12:24:39.692 DEBUG 4252 --- [           main] o.s.c.e.PropertySourcesPropertyResolver  : Searching for key 'PYTHONPATH' in [systemProperties]
2017-05-25 12:24:39.692 DEBUG 4252 --- [           main] o.s.c.e.PropertySourcesPropertyResolver  : Searching for key 'PYTHONPATH' in [systemEnvironment]
2017-05-25 12:24:39.692 DEBUG 4252 --- [           main] o.s.c.e.PropertySourcesPropertyResolver  : Found key 'PYTHONPATH' in [systemEnvironment] with type [String] and value 'C:\Python27\Lib;C:\Python27\DLLs;C:\Python27\Lib\lib-tk;'
2017-05-25 12:24:39.692 DEBUG 4252 --- [           main] o.s.c.e.PropertySourcesPropertyResolver  : Searching for key 'PATHEXT' in [systemProperties]
2017-05-25 12:24:39.692 DEBUG 4252 --- [           main] o.s.c.e.PropertySourcesPropertyResolver  : Searching for key 'PATHEXT' in [systemEnvironment]
2017-05-25 12:24:39.692 DEBUG 4252 --- [           main] o.s.c.e.PropertySourcesPropertyResolver  : Found key 'PATHEXT' in [systemEnvironment] with type [String] and value '.COM;.EXE;.BAT;.CMD;.VBS;.VBE;.JS;.JSE;.WSF;.WSH;.MSC'
2017-05-25 12:24:39.692 DEBUG 4252 --- [           main] o.s.c.e.PropertySourcesPropertyResolver  : Searching for key 'WINDIR' in [systemProperties]
2017-05-25 12:24:39.692 DEBUG 4252 --- [           main] o.s.c.e.PropertySourcesPropertyResolver  : Searching for key 'WINDIR' in [systemEnvironment]
2017-05-25 12:24:39.692 DEBUG 4252 --- [           main] o.s.c.e.PropertySourcesPropertyResolver  : Found key 'WINDIR' in [systemEnvironment] with type [String] and value 'C:\windows'
2017-05-25 12:24:39.693 DEBUG 4252 --- [           main] o.s.c.e.PropertySourcesPropertyResolver  : Searching for key 'HOMEPATH' in [systemProperties]
2017-05-25 12:24:39.693 DEBUG 4252 --- [           main] o.s.c.e.PropertySourcesPropertyResolver  : Searching for key 'HOMEPATH' in [systemEnvironment]
2017-05-25 12:24:39.693 DEBUG 4252 --- [           main] o.s.c.e.PropertySourcesPropertyResolver  : Found key 'HOMEPATH' in [systemEnvironment] with type [String] and value '\Users\rrafacz'
2017-05-25 12:24:39.693 DEBUG 4252 --- [           main] o.s.c.e.PropertySourcesPropertyResolver  : Searching for key 'PROCESSOR_IDENTIFIER' in [systemProperties]
2017-05-25 12:24:39.693 DEBUG 4252 --- [           main] o.s.c.e.PropertySourcesPropertyResolver  : Searching for key 'PROCESSOR_IDENTIFIER' in [systemEnvironment]
2017-05-25 12:24:39.693 DEBUG 4252 --- [           main] o.s.c.e.PropertySourcesPropertyResolver  : Found key 'PROCESSOR_IDENTIFIER' in [systemEnvironment] with type [String] and value 'Intel64 Family 6 Model 69 Stepping 1, GenuineIntel'
2017-05-25 12:24:39.693 DEBUG 4252 --- [           main] o.s.c.e.PropertySourcesPropertyResolver  : Searching for key 'WINDOWS_TRACING_LOGFILE' in [systemProperties]
2017-05-25 12:24:39.693 DEBUG 4252 --- [           main] o.s.c.e.PropertySourcesPropertyResolver  : Searching for key 'WINDOWS_TRACING_LOGFILE' in [systemEnvironment]
2017-05-25 12:24:39.693 DEBUG 4252 --- [           main] o.s.c.e.PropertySourcesPropertyResolver  : Found key 'WINDOWS_TRACING_LOGFILE' in [systemEnvironment] with type [String] and value 'C:\BVTBin\Tests\installpackage\csilogfile.log'
2017-05-25 12:24:39.693 DEBUG 4252 --- [           main] o.s.c.e.PropertySourcesPropertyResolver  : Searching for key 'PUBLIC' in [systemProperties]
2017-05-25 12:24:39.693 DEBUG 4252 --- [           main] o.s.c.e.PropertySourcesPropertyResolver  : Searching for key 'PUBLIC' in [systemEnvironment]
2017-05-25 12:24:39.693 DEBUG 4252 --- [           main] o.s.c.e.PropertySourcesPropertyResolver  : Found key 'PUBLIC' in [systemEnvironment] with type [String] and value 'C:\Users\Public'
2017-05-25 12:24:39.693 DEBUG 4252 --- [           main] o.s.c.e.PropertySourcesPropertyResolver  : Searching for key 'SCRIPTDIR' in [systemProperties]
2017-05-25 12:24:39.693 DEBUG 4252 --- [           main] o.s.c.e.PropertySourcesPropertyResolver  : Searching for key 'SCRIPTDIR' in [systemEnvironment]
2017-05-25 12:24:39.693 DEBUG 4252 --- [           main] o.s.c.e.PropertySourcesPropertyResolver  : Found key 'SCRIPTDIR' in [systemEnvironment] with type [String] and value 'C:\Users\rrafacz\python_tuts\gohealth'
2017-05-25 12:24:39.694 DEBUG 4252 --- [           main] o.s.c.e.PropertySourcesPropertyResolver  : Searching for key '=::' in [systemProperties]
2017-05-25 12:24:39.694 DEBUG 4252 --- [           main] o.s.c.e.PropertySourcesPropertyResolver  : Searching for key '=::' in [systemEnvironment]
2017-05-25 12:24:39.694 DEBUG 4252 --- [           main] o.s.c.e.PropertySourcesPropertyResolver  : Found key '=::' in [systemEnvironment] with type [String] and value '::\'
2017-05-25 12:24:39.697 DEBUG 4252 --- [           main] o.s.c.e.PropertySourcesPropertyResolver  : Searching for key 'LOCALAPPDATA' in [systemProperties]
2017-05-25 12:24:39.697 DEBUG 4252 --- [           main] o.s.c.e.PropertySourcesPropertyResolver  : Searching for key 'LOCALAPPDATA' in [systemEnvironment]
2017-05-25 12:24:39.697 DEBUG 4252 --- [           main] o.s.c.e.PropertySourcesPropertyResolver  : Found key 'LOCALAPPDATA' in [systemEnvironment] with type [String] and value 'C:\Users\rrafacz\AppData\Local'
2017-05-25 12:24:39.697 DEBUG 4252 --- [           main] o.s.c.e.PropertySourcesPropertyResolver  : Searching for key 'COMMONPROGRAMFILES(X86)' in [systemProperties]
2017-05-25 12:24:39.697 DEBUG 4252 --- [           main] o.s.c.e.PropertySourcesPropertyResolver  : Searching for key 'COMMONPROGRAMFILES(X86)' in [systemEnvironment]
2017-05-25 12:24:39.697 DEBUG 4252 --- [           main] o.s.c.e.PropertySourcesPropertyResolver  : Found key 'COMMONPROGRAMFILES(X86)' in [systemEnvironment] with type [String] and value 'C:\Program Files (x86)\Common Files'
2017-05-25 12:24:39.698 DEBUG 4252 --- [           main] o.s.c.e.PropertySourcesPropertyResolver  : Searching for key 'USERDOMAIN' in [systemProperties]
2017-05-25 12:24:39.698 DEBUG 4252 --- [           main] o.s.c.e.PropertySourcesPropertyResolver  : Searching for key 'USERDOMAIN' in [systemEnvironment]
2017-05-25 12:24:39.698 DEBUG 4252 --- [           main] o.s.c.e.PropertySourcesPropertyResolver  : Found key 'USERDOMAIN' in [systemEnvironment] with type [String] and value 'NORVAX'
2017-05-25 12:24:39.698 DEBUG 4252 --- [           main] o.s.c.e.PropertySourcesPropertyResolver  : Searching for key 'LOGONSERVER' in [systemProperties]
2017-05-25 12:24:39.698 DEBUG 4252 --- [           main] o.s.c.e.PropertySourcesPropertyResolver  : Searching for key 'LOGONSERVER' in [systemEnvironment]
2017-05-25 12:24:39.698 DEBUG 4252 --- [           main] o.s.c.e.PropertySourcesPropertyResolver  : Found key 'LOGONSERVER' in [systemEnvironment] with type [String] and value '\\DC1-2012'
2017-05-25 12:24:39.698 DEBUG 4252 --- [           main] o.s.c.e.PropertySourcesPropertyResolver  : Searching for key 'PROMPT' in [systemProperties]
2017-05-25 12:24:39.698 DEBUG 4252 --- [           main] o.s.c.e.PropertySourcesPropertyResolver  : Searching for key 'PROMPT' in [systemEnvironment]
2017-05-25 12:24:39.698 DEBUG 4252 --- [           main] o.s.c.e.PropertySourcesPropertyResolver  : Found key 'PROMPT' in [systemEnvironment] with type [String] and value '$P$G'
2017-05-25 12:24:39.698 DEBUG 4252 --- [           main] o.s.c.e.PropertySourcesPropertyResolver  : Searching for key 'PROGRAMFILES(X86)' in [systemProperties]
2017-05-25 12:24:39.699 DEBUG 4252 --- [           main] o.s.c.e.PropertySourcesPropertyResolver  : Searching for key 'PROGRAMFILES(X86)' in [systemEnvironment]
2017-05-25 12:24:39.699 DEBUG 4252 --- [           main] o.s.c.e.PropertySourcesPropertyResolver  : Found key 'PROGRAMFILES(X86)' in [systemEnvironment] with type [String] and value 'C:\Program Files (x86)'
2017-05-25 12:24:39.699 DEBUG 4252 --- [           main] o.s.c.e.PropertySourcesPropertyResolver  : Searching for key 'PDF' in [systemProperties]
2017-05-25 12:24:39.699 DEBUG 4252 --- [           main] o.s.c.e.PropertySourcesPropertyResolver  : Searching for key 'PDF' in [systemEnvironment]
2017-05-25 12:24:39.699 DEBUG 4252 --- [           main] o.s.c.e.PropertySourcesPropertyResolver  : Found key 'PDF' in [systemEnvironment] with type [String] and value 'C:\tmp\'
2017-05-25 12:24:39.699 DEBUG 4252 --- [           main] o.s.c.e.PropertySourcesPropertyResolver  : Searching for key 'WINDOWS_TRACING_FLAGS' in [systemProperties]
2017-05-25 12:24:39.699 DEBUG 4252 --- [           main] o.s.c.e.PropertySourcesPropertyResolver  : Searching for key 'WINDOWS_TRACING_FLAGS' in [systemEnvironment]
2017-05-25 12:24:39.699 DEBUG 4252 --- [           main] o.s.c.e.PropertySourcesPropertyResolver  : Found key 'WINDOWS_TRACING_FLAGS' in [systemEnvironment] with type [String] and value '3'
2017-05-25 12:24:39.699 DEBUG 4252 --- [           main] o.s.c.e.PropertySourcesPropertyResolver  : Searching for key '=C:' in [systemProperties]
2017-05-25 12:24:39.699 DEBUG 4252 --- [           main] o.s.c.e.PropertySourcesPropertyResolver  : Searching for key '=C:' in [systemEnvironment]
2017-05-25 12:24:39.699 DEBUG 4252 --- [           main] o.s.c.e.PropertySourcesPropertyResolver  : Found key '=C:' in [systemEnvironment] with type [String] and value 'C:\Users\rrafacz\git\stacksonstacks.org'
2017-05-25 12:24:39.699 DEBUG 4252 --- [           main] o.s.c.e.PropertySourcesPropertyResolver  : Searching for key 'APPDATA' in [systemProperties]
2017-05-25 12:24:39.699 DEBUG 4252 --- [           main] o.s.c.e.PropertySourcesPropertyResolver  : Searching for key 'APPDATA' in [systemEnvironment]
2017-05-25 12:24:39.699 DEBUG 4252 --- [           main] o.s.c.e.PropertySourcesPropertyResolver  : Found key 'APPDATA' in [systemEnvironment] with type [String] and value 'C:\Users\rrafacz\AppData\Roaming'
2017-05-25 12:24:39.699 DEBUG 4252 --- [           main] o.s.c.e.PropertySourcesPropertyResolver  : Searching for key 'PROGRAMW6432' in [systemProperties]
2017-05-25 12:24:39.700 DEBUG 4252 --- [           main] o.s.c.e.PropertySourcesPropertyResolver  : Searching for key 'PROGRAMW6432' in [systemEnvironment]
2017-05-25 12:24:39.700 DEBUG 4252 --- [           main] o.s.c.e.PropertySourcesPropertyResolver  : Found key 'PROGRAMW6432' in [systemEnvironment] with type [String] and value 'C:\Program Files'
2017-05-25 12:24:39.700 DEBUG 4252 --- [           main] o.s.c.e.PropertySourcesPropertyResolver  : Searching for key 'SYSTEMROOT' in [systemProperties]
2017-05-25 12:24:39.700 DEBUG 4252 --- [           main] o.s.c.e.PropertySourcesPropertyResolver  : Searching for key 'SYSTEMROOT' in [systemEnvironment]
2017-05-25 12:24:39.700 DEBUG 4252 --- [           main] o.s.c.e.PropertySourcesPropertyResolver  : Found key 'SYSTEMROOT' in [systemEnvironment] with type [String] and value 'C:\windows'
2017-05-25 12:24:39.700 DEBUG 4252 --- [           main] o.s.c.e.PropertySourcesPropertyResolver  : Searching for key 'BO_USERNAME' in [systemProperties]
2017-05-25 12:24:39.701 DEBUG 4252 --- [           main] o.s.c.e.PropertySourcesPropertyResolver  : Searching for key 'BO_USERNAME' in [systemEnvironment]
2017-05-25 12:24:39.701 DEBUG 4252 --- [           main] o.s.c.e.PropertySourcesPropertyResolver  : Found key 'BO_USERNAME' in [systemEnvironment] with type [String] and value 'rrafacz'
2017-05-25 12:24:39.701 DEBUG 4252 --- [           main] o.s.c.e.PropertySourcesPropertyResolver  : Searching for key 'VBOX_MSI_INSTALL_PATH' in [systemProperties]
2017-05-25 12:24:39.701 DEBUG 4252 --- [           main] o.s.c.e.PropertySourcesPropertyResolver  : Searching for key 'VBOX_MSI_INSTALL_PATH' in [systemEnvironment]
2017-05-25 12:24:39.701 DEBUG 4252 --- [           main] o.s.c.e.PropertySourcesPropertyResolver  : Found key 'VBOX_MSI_INSTALL_PATH' in [systemEnvironment] with type [String] and value 'C:\Program Files\Oracle\VirtualBox\'
2017-05-25 12:24:39.701 DEBUG 4252 --- [           main] o.s.c.e.PropertySourcesPropertyResolver  : Searching for key 'LOGDIR' in [systemProperties]
2017-05-25 12:24:39.701 DEBUG 4252 --- [           main] o.s.c.e.PropertySourcesPropertyResolver  : Searching for key 'LOGDIR' in [systemEnvironment]
2017-05-25 12:24:39.701 DEBUG 4252 --- [           main] o.s.c.e.PropertySourcesPropertyResolver  : Found key 'LOGDIR' in [systemEnvironment] with type [String] and value 'S:\CARRIER BPO\BrokerOffice Setups\Script Logs'
2017-05-25 12:24:39.701 DEBUG 4252 --- [           main] o.s.c.e.PropertySourcesPropertyResolver  : Searching for key 'JIRA_USERNAME' in [systemProperties]
2017-05-25 12:24:39.701 DEBUG 4252 --- [           main] o.s.c.e.PropertySourcesPropertyResolver  : Searching for key 'JIRA_USERNAME' in [systemEnvironment]
2017-05-25 12:24:39.701 DEBUG 4252 --- [           main] o.s.c.e.PropertySourcesPropertyResolver  : Found key 'JIRA_USERNAME' in [systemEnvironment] with type [String] and value 'rrafacz'
2017-05-25 12:24:39.701 DEBUG 4252 --- [           main] o.s.c.e.PropertySourcesPropertyResolver  : Searching for key 'OS' in [systemProperties]
2017-05-25 12:24:39.701 DEBUG 4252 --- [           main] o.s.c.e.PropertySourcesPropertyResolver  : Searching for key 'OS' in [systemEnvironment]
2017-05-25 12:24:39.701 DEBUG 4252 --- [           main] o.s.c.e.PropertySourcesPropertyResolver  : Found key 'OS' in [systemEnvironment] with type [String] and value 'Windows_NT'
2017-05-25 12:24:39.702 DEBUG 4252 --- [           main] o.s.c.e.PropertySourcesPropertyResolver  : Searching for key 'COMMONPROGRAMW6432' in [systemProperties]
2017-05-25 12:24:39.702 DEBUG 4252 --- [           main] o.s.c.e.PropertySourcesPropertyResolver  : Searching for key 'COMMONPROGRAMW6432' in [systemEnvironment]
2017-05-25 12:24:39.702 DEBUG 4252 --- [           main] o.s.c.e.PropertySourcesPropertyResolver  : Found key 'COMMONPROGRAMW6432' in [systemEnvironment] with type [String] and value 'C:\Program Files\Common Files'
2017-05-25 12:24:39.702 DEBUG 4252 --- [           main] o.s.c.e.PropertySourcesPropertyResolver  : Searching for key 'COMPUTERNAME' in [systemProperties]
2017-05-25 12:24:39.702 DEBUG 4252 --- [           main] o.s.c.e.PropertySourcesPropertyResolver  : Searching for key 'COMPUTERNAME' in [systemEnvironment]
2017-05-25 12:24:39.702 DEBUG 4252 --- [           main] o.s.c.e.PropertySourcesPropertyResolver  : Found key 'COMPUTERNAME' in [systemEnvironment] with type [String] and value 'RRAFACZ-LT'
2017-05-25 12:24:39.702 DEBUG 4252 --- [           main] o.s.c.e.PropertySourcesPropertyResolver  : Searching for key 'COMMONPROGRAMFILES' in [systemProperties]
2017-05-25 12:24:39.702 DEBUG 4252 --- [           main] o.s.c.e.PropertySourcesPropertyResolver  : Searching for key 'COMMONPROGRAMFILES' in [systemEnvironment]
2017-05-25 12:24:39.702 DEBUG 4252 --- [           main] o.s.c.e.PropertySourcesPropertyResolver  : Found key 'COMMONPROGRAMFILES' in [systemEnvironment] with type [String] and value 'C:\Program Files\Common Files'
2017-05-25 12:24:39.702 DEBUG 4252 --- [           main] o.s.c.e.PropertySourcesPropertyResolver  : Searching for key 'COMSPEC' in [systemProperties]
2017-05-25 12:24:39.702 DEBUG 4252 --- [           main] o.s.c.e.PropertySourcesPropertyResolver  : Searching for key 'COMSPEC' in [systemEnvironment]
2017-05-25 12:24:39.702 DEBUG 4252 --- [           main] o.s.c.e.PropertySourcesPropertyResolver  : Found key 'COMSPEC' in [systemEnvironment] with type [String] and value 'C:\windows\system32\cmd.exe'
2017-05-25 12:24:39.702 DEBUG 4252 --- [           main] o.s.c.e.PropertySourcesPropertyResolver  : Searching for key 'PROCESSOR_REVISION' in [systemProperties]
2017-05-25 12:24:39.702 DEBUG 4252 --- [           main] o.s.c.e.PropertySourcesPropertyResolver  : Searching for key 'PROCESSOR_REVISION' in [systemEnvironment]
2017-05-25 12:24:39.702 DEBUG 4252 --- [           main] o.s.c.e.PropertySourcesPropertyResolver  : Found key 'PROCESSOR_REVISION' in [systemEnvironment] with type [String] and value '4501'
2017-05-25 12:24:39.702 DEBUG 4252 --- [           main] o.s.c.e.PropertySourcesPropertyResolver  : Searching for key 'SPLUNK_PASSWORD' in [systemProperties]
2017-05-25 12:24:39.702 DEBUG 4252 --- [           main] o.s.c.e.PropertySourcesPropertyResolver  : Searching for key 'SPLUNK_PASSWORD' in [systemEnvironment]
2017-05-25 12:24:39.702 DEBUG 4252 --- [           main] o.s.c.e.PropertySourcesPropertyResolver  : Found key 'SPLUNK_PASSWORD' in [systemEnvironment] with type [String] and value 'Snick3rs1'
2017-05-25 12:24:39.703 DEBUG 4252 --- [           main] o.s.c.e.PropertySourcesPropertyResolver  : Searching for key 'TEMP' in [systemProperties]
2017-05-25 12:24:39.703 DEBUG 4252 --- [           main] o.s.c.e.PropertySourcesPropertyResolver  : Searching for key 'TEMP' in [systemEnvironment]
2017-05-25 12:24:39.703 DEBUG 4252 --- [           main] o.s.c.e.PropertySourcesPropertyResolver  : Found key 'TEMP' in [systemEnvironment] with type [String] and value 'C:\Users\rrafacz\AppData\Local\Temp'
2017-05-25 12:24:39.703 DEBUG 4252 --- [           main] o.s.c.e.PropertySourcesPropertyResolver  : Searching for key 'HOMEDRIVE' in [systemProperties]
2017-05-25 12:24:39.703 DEBUG 4252 --- [           main] o.s.c.e.PropertySourcesPropertyResolver  : Searching for key 'HOMEDRIVE' in [systemEnvironment]
2017-05-25 12:24:39.703 DEBUG 4252 --- [           main] o.s.c.e.PropertySourcesPropertyResolver  : Found key 'HOMEDRIVE' in [systemEnvironment] with type [String] and value 'C:'
2017-05-25 12:24:39.703 DEBUG 4252 --- [           main] o.s.c.e.PropertySourcesPropertyResolver  : Searching for key 'USERPROFILE' in [systemProperties]
2017-05-25 12:24:39.703 DEBUG 4252 --- [           main] o.s.c.e.PropertySourcesPropertyResolver  : Searching for key 'USERPROFILE' in [systemEnvironment]
2017-05-25 12:24:39.703 DEBUG 4252 --- [           main] o.s.c.e.PropertySourcesPropertyResolver  : Found key 'USERPROFILE' in [systemEnvironment] with type [String] and value 'C:\Users\rrafacz'
2017-05-25 12:24:39.703 DEBUG 4252 --- [           main] o.s.c.e.PropertySourcesPropertyResolver  : Searching for key 'TMP' in [systemProperties]
2017-05-25 12:24:39.703 DEBUG 4252 --- [           main] o.s.c.e.PropertySourcesPropertyResolver  : Searching for key 'TMP' in [systemEnvironment]
2017-05-25 12:24:39.703 DEBUG 4252 --- [           main] o.s.c.e.PropertySourcesPropertyResolver  : Found key 'TMP' in [systemEnvironment] with type [String] and value 'C:\Users\rrafacz\AppData\Local\Temp'
2017-05-25 12:24:39.703 DEBUG 4252 --- [           main] o.s.c.e.PropertySourcesPropertyResolver  : Searching for key 'BO_PASSWORD' in [systemProperties]
2017-05-25 12:24:39.703 DEBUG 4252 --- [           main] o.s.c.e.PropertySourcesPropertyResolver  : Searching for key 'BO_PASSWORD' in [systemEnvironment]
2017-05-25 12:24:39.703 DEBUG 4252 --- [           main] o.s.c.e.PropertySourcesPropertyResolver  : Found key 'BO_PASSWORD' in [systemEnvironment] with type [String] and value 'Snick3rs!2'
2017-05-25 12:24:39.703 DEBUG 4252 --- [           main] o.s.c.e.PropertySourcesPropertyResolver  : Searching for key 'NUMBER_OF_PROCESSORS' in [systemProperties]
2017-05-25 12:24:39.703 DEBUG 4252 --- [           main] o.s.c.e.PropertySourcesPropertyResolver  : Searching for key 'NUMBER_OF_PROCESSORS' in [systemEnvironment]
2017-05-25 12:24:39.703 DEBUG 4252 --- [           main] o.s.c.e.PropertySourcesPropertyResolver  : Found key 'NUMBER_OF_PROCESSORS' in [systemEnvironment] with type [String] and value '4'
2017-05-25 12:24:39.703 DEBUG 4252 --- [           main] o.s.c.e.PropertySourcesPropertyResolver  : Searching for key 'REPORTING_DATABASE_PASSWORD' in [systemProperties]
2017-05-25 12:24:39.709 DEBUG 4252 --- [           main] o.s.c.e.PropertySourcesPropertyResolver  : Searching for key 'REPORTING_DATABASE_PASSWORD' in [systemEnvironment]
2017-05-25 12:24:39.709 DEBUG 4252 --- [           main] o.s.c.e.PropertySourcesPropertyResolver  : Found key 'REPORTING_DATABASE_PASSWORD' in [systemEnvironment] with type [String] and value '1b5adfe5ebe408accf4a126ea485c866'
2017-05-25 12:24:39.709 DEBUG 4252 --- [           main] o.s.c.e.PropertySourcesPropertyResolver  : Searching for key 'spring.jmx.enabled' in [systemProperties]
2017-05-25 12:24:39.711 DEBUG 4252 --- [           main] o.s.c.e.PropertySourcesPropertyResolver  : Searching for key 'spring.jmx.enabled' in [systemEnvironment]
2017-05-25 12:24:39.711 DEBUG 4252 --- [           main] o.s.c.e.PropertySourcesPropertyResolver  : Searching for key 'spring.jmx.enabled' in [random]
2017-05-25 12:24:39.711 DEBUG 4252 --- [           main] o.s.c.e.PropertySourcesPropertyResolver  : Searching for key 'spring.jmx.enabled' in [integrationTest]
2017-05-25 12:24:39.711 DEBUG 4252 --- [           main] o.s.c.e.PropertySourcesPropertyResolver  : Found key 'spring.jmx.enabled' in [integrationTest] with type [String] and value 'false'
2017-05-25 12:24:39.718 DEBUG 4252 --- [           main] o.s.c.e.PropertySourcesPropertyResolver  : Searching for key 'server.port' in [systemProperties]
2017-05-25 12:24:39.719 DEBUG 4252 --- [           main] o.s.c.e.PropertySourcesPropertyResolver  : Searching for key 'server.port' in [systemEnvironment]
2017-05-25 12:24:39.719 DEBUG 4252 --- [           main] o.s.c.e.PropertySourcesPropertyResolver  : Searching for key 'server.port' in [random]
2017-05-25 12:24:39.719 DEBUG 4252 --- [           main] o.s.c.e.PropertySourcesPropertyResolver  : Searching for key 'server.port' in [integrationTest]
2017-05-25 12:24:39.719 DEBUG 4252 --- [           main] o.s.c.e.PropertySourcesPropertyResolver  : Found key 'server.port' in [integrationTest] with type [String] and value '-1'
2017-05-25 12:24:39.719 DEBUG 4252 --- [           main] o.s.c.e.PropertySourcesPropertyResolver  : Searching for key 'logging.level.org.springframework' in [systemProperties]
2017-05-25 12:24:39.719 DEBUG 4252 --- [           main] o.s.c.e.PropertySourcesPropertyResolver  : Searching for key 'logging.level.org.springframework' in [systemEnvironment]
2017-05-25 12:24:39.719 DEBUG 4252 --- [           main] o.s.c.e.PropertySourcesPropertyResolver  : Searching for key 'logging.level.org.springframework' in [random]
2017-05-25 12:24:39.719 DEBUG 4252 --- [           main] o.s.c.e.PropertySourcesPropertyResolver  : Searching for key 'logging.level.org.springframework' in [integrationTest]
2017-05-25 12:24:39.719 DEBUG 4252 --- [           main] o.s.c.e.PropertySourcesPropertyResolver  : Searching for key 'logging.level.org.springframework' in [applicationConfigurationProperties]
2017-05-25 12:24:39.720 DEBUG 4252 --- [           main] o.s.c.e.PropertySourcesPropertyResolver  : Found key 'logging.level.org.springframework' in [applicationConfigurationProperties] with type [String] and value 'DEBUG'
2017-05-25 12:24:39.720 DEBUG 4252 --- [           main] o.s.c.e.PropertySourcesPropertyResolver  : Searching for key 'logging.level.org.hibernate' in [systemProperties]
2017-05-25 12:24:39.720 DEBUG 4252 --- [           main] o.s.c.e.PropertySourcesPropertyResolver  : Searching for key 'logging.level.org.hibernate' in [systemEnvironment]
2017-05-25 12:24:39.720 DEBUG 4252 --- [           main] o.s.c.e.PropertySourcesPropertyResolver  : Searching for key 'logging.level.org.hibernate' in [random]
2017-05-25 12:24:39.720 DEBUG 4252 --- [           main] o.s.c.e.PropertySourcesPropertyResolver  : Searching for key 'logging.level.org.hibernate' in [integrationTest]
2017-05-25 12:24:39.720 DEBUG 4252 --- [           main] o.s.c.e.PropertySourcesPropertyResolver  : Searching for key 'logging.level.org.hibernate' in [applicationConfigurationProperties]
2017-05-25 12:24:39.720 DEBUG 4252 --- [           main] o.s.c.e.PropertySourcesPropertyResolver  : Found key 'logging.level.org.hibernate' in [applicationConfigurationProperties] with type [String] and value 'DEBUG'
2017-05-25 12:24:39.720 DEBUG 4252 --- [           main] o.s.c.e.PropertySourcesPropertyResolver  : Searching for key 'spring.h2.console.enabled' in [systemProperties]
2017-05-25 12:24:39.720 DEBUG 4252 --- [           main] o.s.c.e.PropertySourcesPropertyResolver  : Searching for key 'spring.h2.console.enabled' in [systemEnvironment]
2017-05-25 12:24:39.720 DEBUG 4252 --- [           main] o.s.c.e.PropertySourcesPropertyResolver  : Searching for key 'spring.h2.console.enabled' in [random]
2017-05-25 12:24:39.720 DEBUG 4252 --- [           main] o.s.c.e.PropertySourcesPropertyResolver  : Searching for key 'spring.h2.console.enabled' in [integrationTest]
2017-05-25 12:24:39.720 DEBUG 4252 --- [           main] o.s.c.e.PropertySourcesPropertyResolver  : Searching for key 'spring.h2.console.enabled' in [applicationConfigurationProperties]
2017-05-25 12:24:39.721 DEBUG 4252 --- [           main] o.s.c.e.PropertySourcesPropertyResolver  : Found key 'spring.h2.console.enabled' in [applicationConfigurationProperties] with type [String] and value 'true'
2017-05-25 12:24:39.721 DEBUG 4252 --- [           main] o.s.c.e.PropertySourcesPropertyResolver  : Searching for key 'logging.level.org.springframework.web' in [systemProperties]
2017-05-25 12:24:39.721 DEBUG 4252 --- [           main] o.s.c.e.PropertySourcesPropertyResolver  : Searching for key 'logging.level.org.springframework.web' in [systemEnvironment]
2017-05-25 12:24:39.721 DEBUG 4252 --- [           main] o.s.c.e.PropertySourcesPropertyResolver  : Searching for key 'logging.level.org.springframework.web' in [random]
2017-05-25 12:24:39.721 DEBUG 4252 --- [           main] o.s.c.e.PropertySourcesPropertyResolver  : Searching for key 'logging.level.org.springframework.web' in [integrationTest]
2017-05-25 12:24:39.721 DEBUG 4252 --- [           main] o.s.c.e.PropertySourcesPropertyResolver  : Searching for key 'logging.level.org.springframework.web' in [applicationConfigurationProperties]
2017-05-25 12:24:39.721 DEBUG 4252 --- [           main] o.s.c.e.PropertySourcesPropertyResolver  : Found key 'logging.level.org.springframework.web' in [applicationConfigurationProperties] with type [String] and value 'ERROR'
2017-05-25 12:24:39.721 DEBUG 4252 --- [           main] o.s.c.e.PropertySourcesPropertyResolver  : Searching for key 'spring.mustache.cache' in [systemProperties]
2017-05-25 12:24:39.721 DEBUG 4252 --- [           main] o.s.c.e.PropertySourcesPropertyResolver  : Searching for key 'spring.mustache.cache' in [systemEnvironment]
2017-05-25 12:24:39.721 DEBUG 4252 --- [           main] o.s.c.e.PropertySourcesPropertyResolver  : Searching for key 'spring.mustache.cache' in [random]
2017-05-25 12:24:39.721 DEBUG 4252 --- [           main] o.s.c.e.PropertySourcesPropertyResolver  : Searching for key 'spring.mustache.cache' in [integrationTest]
2017-05-25 12:24:39.721 DEBUG 4252 --- [           main] o.s.c.e.PropertySourcesPropertyResolver  : Searching for key 'spring.mustache.cache' in [applicationConfigurationProperties]
2017-05-25 12:24:39.721 DEBUG 4252 --- [           main] o.s.c.e.PropertySourcesPropertyResolver  : Searching for key 'spring.mustache.cache' in [refresh]
2017-05-25 12:24:39.721 DEBUG 4252 --- [           main] o.s.c.e.PropertySourcesPropertyResolver  : Found key 'spring.mustache.cache' in [refresh] with type [String] and value 'false'
2017-05-25 12:24:39.721 DEBUG 4252 --- [           main] o.s.c.e.PropertySourcesPropertyResolver  : Searching for key 'spring.h2.console.enabled' in [systemProperties]
2017-05-25 12:24:39.721 DEBUG 4252 --- [           main] o.s.c.e.PropertySourcesPropertyResolver  : Searching for key 'spring.h2.console.enabled' in [systemEnvironment]
2017-05-25 12:24:39.721 DEBUG 4252 --- [           main] o.s.c.e.PropertySourcesPropertyResolver  : Searching for key 'spring.h2.console.enabled' in [random]
2017-05-25 12:24:39.721 DEBUG 4252 --- [           main] o.s.c.e.PropertySourcesPropertyResolver  : Searching for key 'spring.h2.console.enabled' in [integrationTest]
2017-05-25 12:24:39.721 DEBUG 4252 --- [           main] o.s.c.e.PropertySourcesPropertyResolver  : Searching for key 'spring.h2.console.enabled' in [applicationConfigurationProperties]
2017-05-25 12:24:39.722 DEBUG 4252 --- [           main] o.s.c.e.PropertySourcesPropertyResolver  : Found key 'spring.h2.console.enabled' in [applicationConfigurationProperties] with type [String] and value 'true'
2017-05-25 12:24:39.722 DEBUG 4252 --- [           main] o.s.c.e.PropertySourcesPropertyResolver  : Searching for key 'spring.groovy.template.cache' in [systemProperties]
2017-05-25 12:24:39.722 DEBUG 4252 --- [           main] o.s.c.e.PropertySourcesPropertyResolver  : Searching for key 'spring.groovy.template.cache' in [systemEnvironment]
2017-05-25 12:24:39.722 DEBUG 4252 --- [           main] o.s.c.e.PropertySourcesPropertyResolver  : Searching for key 'spring.groovy.template.cache' in [random]
2017-05-25 12:24:39.722 DEBUG 4252 --- [           main] o.s.c.e.PropertySourcesPropertyResolver  : Searching for key 'spring.groovy.template.cache' in [integrationTest]
2017-05-25 12:24:39.722 DEBUG 4252 --- [           main] o.s.c.e.PropertySourcesPropertyResolver  : Searching for key 'spring.groovy.template.cache' in [applicationConfigurationProperties]
2017-05-25 12:24:39.722 DEBUG 4252 --- [           main] o.s.c.e.PropertySourcesPropertyResolver  : Searching for key 'spring.groovy.template.cache' in [refresh]
2017-05-25 12:24:39.722 DEBUG 4252 --- [           main] o.s.c.e.PropertySourcesPropertyResolver  : Found key 'spring.groovy.template.cache' in [refresh] with type [String] and value 'false'
2017-05-25 12:24:39.722 DEBUG 4252 --- [           main] o.s.c.e.PropertySourcesPropertyResolver  : Searching for key 'spring.resources.cache-period' in [systemProperties]
2017-05-25 12:24:39.722 DEBUG 4252 --- [           main] o.s.c.e.PropertySourcesPropertyResolver  : Searching for key 'spring.resources.cache-period' in [systemEnvironment]
2017-05-25 12:24:39.722 DEBUG 4252 --- [           main] o.s.c.e.PropertySourcesPropertyResolver  : Searching for key 'spring.resources.cache-period' in [random]
2017-05-25 12:24:39.722 DEBUG 4252 --- [           main] o.s.c.e.PropertySourcesPropertyResolver  : Searching for key 'spring.resources.cache-period' in [integrationTest]
2017-05-25 12:24:39.722 DEBUG 4252 --- [           main] o.s.c.e.PropertySourcesPropertyResolver  : Searching for key 'spring.resources.cache-period' in [applicationConfigurationProperties]
2017-05-25 12:24:39.722 DEBUG 4252 --- [           main] o.s.c.e.PropertySourcesPropertyResolver  : Searching for key 'spring.resources.cache-period' in [refresh]
2017-05-25 12:24:39.722 DEBUG 4252 --- [           main] o.s.c.e.PropertySourcesPropertyResolver  : Found key 'spring.resources.cache-period' in [refresh] with type [String] and value '0'
2017-05-25 12:24:39.722 DEBUG 4252 --- [           main] o.s.c.e.PropertySourcesPropertyResolver  : Searching for key 'spring.thymeleaf.cache' in [systemProperties]
2017-05-25 12:24:39.722 DEBUG 4252 --- [           main] o.s.c.e.PropertySourcesPropertyResolver  : Searching for key 'spring.thymeleaf.cache' in [systemEnvironment]
2017-05-25 12:24:39.722 DEBUG 4252 --- [           main] o.s.c.e.PropertySourcesPropertyResolver  : Searching for key 'spring.thymeleaf.cache' in [random]
2017-05-25 12:24:39.722 DEBUG 4252 --- [           main] o.s.c.e.PropertySourcesPropertyResolver  : Searching for key 'spring.thymeleaf.cache' in [integrationTest]
2017-05-25 12:24:39.722 DEBUG 4252 --- [           main] o.s.c.e.PropertySourcesPropertyResolver  : Searching for key 'spring.thymeleaf.cache' in [applicationConfigurationProperties]
2017-05-25 12:24:39.722 DEBUG 4252 --- [           main] o.s.c.e.PropertySourcesPropertyResolver  : Searching for key 'spring.thymeleaf.cache' in [refresh]
2017-05-25 12:24:39.722 DEBUG 4252 --- [           main] o.s.c.e.PropertySourcesPropertyResolver  : Found key 'spring.thymeleaf.cache' in [refresh] with type [String] and value 'false'
2017-05-25 12:24:39.723 DEBUG 4252 --- [           main] o.s.c.e.PropertySourcesPropertyResolver  : Searching for key 'spring.freemarker.cache' in [systemProperties]
2017-05-25 12:24:39.723 DEBUG 4252 --- [           main] o.s.c.e.PropertySourcesPropertyResolver  : Searching for key 'spring.freemarker.cache' in [systemEnvironment]
2017-05-25 12:24:39.723 DEBUG 4252 --- [           main] o.s.c.e.PropertySourcesPropertyResolver  : Searching for key 'spring.freemarker.cache' in [random]
2017-05-25 12:24:39.723 DEBUG 4252 --- [           main] o.s.c.e.PropertySourcesPropertyResolver  : Searching for key 'spring.freemarker.cache' in [integrationTest]
2017-05-25 12:24:39.723 DEBUG 4252 --- [           main] o.s.c.e.PropertySourcesPropertyResolver  : Searching for key 'spring.freemarker.cache' in [applicationConfigurationProperties]
2017-05-25 12:24:39.723 DEBUG 4252 --- [           main] o.s.c.e.PropertySourcesPropertyResolver  : Searching for key 'spring.freemarker.cache' in [refresh]
2017-05-25 12:24:39.723 DEBUG 4252 --- [           main] o.s.c.e.PropertySourcesPropertyResolver  : Found key 'spring.freemarker.cache' in [refresh] with type [String] and value 'false'
2017-05-25 12:24:39.723 DEBUG 4252 --- [           main] o.s.c.e.PropertySourcesPropertyResolver  : Searching for key 'spring.velocity.cache' in [systemProperties]
2017-05-25 12:24:39.723 DEBUG 4252 --- [           main] o.s.c.e.PropertySourcesPropertyResolver  : Searching for key 'spring.velocity.cache' in [systemEnvironment]
2017-05-25 12:24:39.723 DEBUG 4252 --- [           main] o.s.c.e.PropertySourcesPropertyResolver  : Searching for key 'spring.velocity.cache' in [random]
2017-05-25 12:24:39.723 DEBUG 4252 --- [           main] o.s.c.e.PropertySourcesPropertyResolver  : Searching for key 'spring.velocity.cache' in [integrationTest]
2017-05-25 12:24:39.723 DEBUG 4252 --- [           main] o.s.c.e.PropertySourcesPropertyResolver  : Searching for key 'spring.velocity.cache' in [applicationConfigurationProperties]
2017-05-25 12:24:39.723 DEBUG 4252 --- [           main] o.s.c.e.PropertySourcesPropertyResolver  : Searching for key 'spring.velocity.cache' in [refresh]
2017-05-25 12:24:39.723 DEBUG 4252 --- [           main] o.s.c.e.PropertySourcesPropertyResolver  : Found key 'spring.velocity.cache' in [refresh] with type [String] and value 'false'
2017-05-25 12:24:39.723 DEBUG 4252 --- [           main] o.s.c.e.PropertySourcesPropertyResolver  : Searching for key 'server.session.persistent' in [systemProperties]
2017-05-25 12:24:39.723 DEBUG 4252 --- [           main] o.s.c.e.PropertySourcesPropertyResolver  : Searching for key 'server.session.persistent' in [systemEnvironment]
2017-05-25 12:24:39.723 DEBUG 4252 --- [           main] o.s.c.e.PropertySourcesPropertyResolver  : Searching for key 'server.session.persistent' in [random]
2017-05-25 12:24:39.723 DEBUG 4252 --- [           main] o.s.c.e.PropertySourcesPropertyResolver  : Searching for key 'server.session.persistent' in [integrationTest]
2017-05-25 12:24:39.723 DEBUG 4252 --- [           main] o.s.c.e.PropertySourcesPropertyResolver  : Searching for key 'server.session.persistent' in [applicationConfigurationProperties]
2017-05-25 12:24:39.723 DEBUG 4252 --- [           main] o.s.c.e.PropertySourcesPropertyResolver  : Searching for key 'server.session.persistent' in [refresh]
2017-05-25 12:24:39.723 DEBUG 4252 --- [           main] o.s.c.e.PropertySourcesPropertyResolver  : Found key 'server.session.persistent' in [refresh] with type [String] and value 'true'
2017-05-25 12:24:39.920 DEBUG 4252 --- [           main] o.s.b.f.s.DefaultListableBeanFactory     : Returning cached instance of singleton bean 'autoConfigurationReport'
2017-05-25 12:24:40.041 DEBUG 4252 --- [           main] o.s.c.e.PropertySourcesPropertyResolver  : Searching for key 'spring.messages.basename' in [systemProperties]
2017-05-25 12:24:40.041 DEBUG 4252 --- [           main] o.s.c.e.PropertySourcesPropertyResolver  : Searching for key 'spring.messages.basename' in [systemEnvironment]
2017-05-25 12:24:40.041 DEBUG 4252 --- [           main] o.s.c.e.PropertySourcesPropertyResolver  : Searching for key 'spring.messages.basename' in [random]
2017-05-25 12:24:40.041 DEBUG 4252 --- [           main] o.s.c.e.PropertySourcesPropertyResolver  : Searching for key 'spring.messages.basename' in [integrationTest]
2017-05-25 12:24:40.041 DEBUG 4252 --- [           main] o.s.c.e.PropertySourcesPropertyResolver  : Searching for key 'spring.messages.basename' in [applicationConfigurationProperties]
2017-05-25 12:24:40.041 DEBUG 4252 --- [           main] o.s.c.e.PropertySourcesPropertyResolver  : Searching for key 'spring.messages.basename' in [refresh]
2017-05-25 12:24:40.041 DEBUG 4252 --- [           main] o.s.c.e.PropertySourcesPropertyResolver  : Could not find key 'spring.messages.basename' in any property source. Returning [null]
2017-05-25 12:24:40.042 DEBUG 4252 --- [           main] .i.s.PathMatchingResourcePatternResolver : Resolved classpath location [messages.properties] to resources []
2017-05-25 12:24:40.043 DEBUG 4252 --- [           main] o.s.b.f.s.DefaultListableBeanFactory     : Returning cached instance of singleton bean 'autoConfigurationReport'
2017-05-25 12:24:40.051 DEBUG 4252 --- [           main] o.s.b.f.s.DefaultListableBeanFactory     : Returning cached instance of singleton bean 'autoConfigurationReport'
2017-05-25 12:24:40.054 DEBUG 4252 --- [           main] o.s.b.f.s.DefaultListableBeanFactory     : Returning cached instance of singleton bean 'autoConfigurationReport'
2017-05-25 12:24:40.054 DEBUG 4252 --- [           main] o.s.b.f.s.DefaultListableBeanFactory     : Returning cached instance of singleton bean 'autoConfigurationReport'
2017-05-25 12:24:40.066 DEBUG 4252 --- [           main] o.s.b.f.s.DefaultListableBeanFactory     : Returning cached instance of singleton bean 'autoConfigurationReport'
2017-05-25 12:24:40.067 DEBUG 4252 --- [           main] o.s.b.f.s.DefaultListableBeanFactory     : Returning cached instance of singleton bean 'autoConfigurationReport'
2017-05-25 12:24:40.070 DEBUG 4252 --- [           main] o.s.b.f.s.DefaultListableBeanFactory     : Returning cached instance of singleton bean 'autoConfigurationReport'
2017-05-25 12:24:40.075 DEBUG 4252 --- [           main] o.s.b.f.s.DefaultListableBeanFactory     : Returning cached instance of singleton bean 'autoConfigurationReport'
2017-05-25 12:24:40.079 DEBUG 4252 --- [           main] o.s.b.f.s.DefaultListableBeanFactory     : Returning cached instance of singleton bean 'autoConfigurationReport'
2017-05-25 12:24:40.081 DEBUG 4252 --- [           main] o.s.b.f.s.DefaultListableBeanFactory     : Returning cached instance of singleton bean 'autoConfigurationReport'
2017-05-25 12:24:40.082 DEBUG 4252 --- [           main] o.s.b.f.s.DefaultListableBeanFactory     : Returning cached instance of singleton bean 'autoConfigurationReport'
2017-05-25 12:24:40.094 DEBUG 4252 --- [           main] o.s.b.f.s.DefaultListableBeanFactory     : Returning cached instance of singleton bean 'autoConfigurationReport'
2017-05-25 12:24:40.095 DEBUG 4252 --- [           main] o.s.b.f.s.DefaultListableBeanFactory     : Returning cached instance of singleton bean 'autoConfigurationReport'
2017-05-25 12:24:40.098 DEBUG 4252 --- [           main] o.s.b.f.s.DefaultListableBeanFactory     : Returning cached instance of singleton bean 'autoConfigurationReport'
2017-05-25 12:24:40.116 DEBUG 4252 --- [           main] o.s.b.f.s.DefaultListableBeanFactory     : Returning cached instance of singleton bean 'autoConfigurationReport'
2017-05-25 12:24:40.129 DEBUG 4252 --- [           main] o.s.b.f.s.DefaultListableBeanFactory     : Returning cached instance of singleton bean 'autoConfigurationReport'
2017-05-25 12:24:40.129 DEBUG 4252 --- [           main] o.s.b.f.s.DefaultListableBeanFactory     : Returning cached instance of singleton bean 'autoConfigurationReport'
2017-05-25 12:24:40.129 DEBUG 4252 --- [           main] o.s.b.f.s.DefaultListableBeanFactory     : Returning cached instance of singleton bean 'autoConfigurationReport'
2017-05-25 12:24:40.150 DEBUG 4252 --- [           main] o.s.b.f.s.DefaultListableBeanFactory     : Returning cached instance of singleton bean 'autoConfigurationReport'
2017-05-25 12:24:40.152 DEBUG 4252 --- [           main] o.s.b.f.s.DefaultListableBeanFactory     : Returning cached instance of singleton bean 'autoConfigurationReport'
2017-05-25 12:24:40.153 DEBUG 4252 --- [           main] o.s.b.f.s.DefaultListableBeanFactory     : Returning cached instance of singleton bean 'autoConfigurationReport'
2017-05-25 12:24:40.277 DEBUG 4252 --- [           main] o.s.c.e.PropertySourcesPropertyResolver  : Searching for key 'java.runtime.name' in [systemProperties]
2017-05-25 12:24:40.277 DEBUG 4252 --- [           main] o.s.c.e.PropertySourcesPropertyResolver  : Found key 'java.runtime.name' in [systemProperties] with type [String] and value 'Java(TM) SE Runtime Environment'
2017-05-25 12:24:40.277 DEBUG 4252 --- [           main] o.s.c.e.PropertySourcesPropertyResolver  : Searching for key 'sun.boot.library.path' in [systemProperties]
2017-05-25 12:24:40.277 DEBUG 4252 --- [           main] o.s.c.e.PropertySourcesPropertyResolver  : Found key 'sun.boot.library.path' in [systemProperties] with type [String] and value 'C:\Program Files\Java\jdk1.8.0_111\jre\bin'
2017-05-25 12:24:40.277 DEBUG 4252 --- [           main] o.s.c.e.PropertySourcesPropertyResolver  : Searching for key 'java.vm.version' in [systemProperties]
2017-05-25 12:24:40.277 DEBUG 4252 --- [           main] o.s.c.e.PropertySourcesPropertyResolver  : Found key 'java.vm.version' in [systemProperties] with type [String] and value '25.111-b14'
2017-05-25 12:24:40.277 DEBUG 4252 --- [           main] o.s.c.e.PropertySourcesPropertyResolver  : Searching for key 'java.vm.vendor' in [systemProperties]
2017-05-25 12:24:40.278 DEBUG 4252 --- [           main] o.s.c.e.PropertySourcesPropertyResolver  : Found key 'java.vm.vendor' in [systemProperties] with type [String] and value 'Oracle Corporation'
2017-05-25 12:24:40.278 DEBUG 4252 --- [           main] o.s.c.e.PropertySourcesPropertyResolver  : Searching for key 'java.vendor.url' in [systemProperties]
2017-05-25 12:24:40.279 DEBUG 4252 --- [           main] o.s.c.e.PropertySourcesPropertyResolver  : Found key 'java.vendor.url' in [systemProperties] with type [String] and value 'http://java.oracle.com/'
2017-05-25 12:24:40.281 DEBUG 4252 --- [           main] o.s.c.e.PropertySourcesPropertyResolver  : Searching for key 'path.separator' in [systemProperties]
2017-05-25 12:24:40.281 DEBUG 4252 --- [           main] o.s.c.e.PropertySourcesPropertyResolver  : Found key 'path.separator' in [systemProperties] with type [String] and value ';'
2017-05-25 12:24:40.281 DEBUG 4252 --- [           main] o.s.c.e.PropertySourcesPropertyResolver  : Searching for key 'java.vm.name' in [systemProperties]
2017-05-25 12:24:40.281 DEBUG 4252 --- [           main] o.s.c.e.PropertySourcesPropertyResolver  : Found key 'java.vm.name' in [systemProperties] with type [String] and value 'Java HotSpot(TM) 64-Bit Server VM'
2017-05-25 12:24:40.282 DEBUG 4252 --- [           main] o.s.c.e.PropertySourcesPropertyResolver  : Searching for key 'file.encoding.pkg' in [systemProperties]
2017-05-25 12:24:40.282 DEBUG 4252 --- [           main] o.s.c.e.PropertySourcesPropertyResolver  : Found key 'file.encoding.pkg' in [systemProperties] with type [String] and value 'sun.io'
2017-05-25 12:24:40.282 DEBUG 4252 --- [           main] o.s.c.e.PropertySourcesPropertyResolver  : Searching for key 'user.country' in [systemProperties]
2017-05-25 12:24:40.282 DEBUG 4252 --- [           main] o.s.c.e.PropertySourcesPropertyResolver  : Found key 'user.country' in [systemProperties] with type [String] and value 'US'
2017-05-25 12:24:40.282 DEBUG 4252 --- [           main] o.s.c.e.PropertySourcesPropertyResolver  : Searching for key 'user.script' in [systemProperties]
2017-05-25 12:24:40.282 DEBUG 4252 --- [           main] o.s.c.e.PropertySourcesPropertyResolver  : Found key 'user.script' in [systemProperties] with type [String] and value ''
2017-05-25 12:24:40.282 DEBUG 4252 --- [           main] o.s.c.e.PropertySourcesPropertyResolver  : Searching for key 'sun.java.launcher' in [systemProperties]
2017-05-25 12:24:40.282 DEBUG 4252 --- [           main] o.s.c.e.PropertySourcesPropertyResolver  : Found key 'sun.java.launcher' in [systemProperties] with type [String] and value 'SUN_STANDARD'
2017-05-25 12:24:40.283 DEBUG 4252 --- [           main] o.s.c.e.PropertySourcesPropertyResolver  : Searching for key 'sun.os.patch.level' in [systemProperties]
2017-05-25 12:24:40.283 DEBUG 4252 --- [           main] o.s.c.e.PropertySourcesPropertyResolver  : Found key 'sun.os.patch.level' in [systemProperties] with type [String] and value 'Service Pack 1'
2017-05-25 12:24:40.283 DEBUG 4252 --- [           main] o.s.c.e.PropertySourcesPropertyResolver  : Searching for key 'PID' in [systemProperties]
2017-05-25 12:24:40.283 DEBUG 4252 --- [           main] o.s.c.e.PropertySourcesPropertyResolver  : Found key 'PID' in [systemProperties] with type [String] and value '4252'
2017-05-25 12:24:40.283 DEBUG 4252 --- [           main] o.s.c.e.PropertySourcesPropertyResolver  : Searching for key 'java.vm.specification.name' in [systemProperties]
2017-05-25 12:24:40.284 DEBUG 4252 --- [           main] o.s.c.e.PropertySourcesPropertyResolver  : Found key 'java.vm.specification.name' in [systemProperties] with type [String] and value 'Java Virtual Machine Specification'
2017-05-25 12:24:40.284 DEBUG 4252 --- [           main] o.s.c.e.PropertySourcesPropertyResolver  : Searching for key 'user.dir' in [systemProperties]
2017-05-25 12:24:40.284 DEBUG 4252 --- [           main] o.s.c.e.PropertySourcesPropertyResolver  : Found key 'user.dir' in [systemProperties] with type [String] and value 'C:\Users\rrafacz\git\stacksonstacks.org'
2017-05-25 12:24:40.284 DEBUG 4252 --- [           main] o.s.c.e.PropertySourcesPropertyResolver  : Searching for key 'java.runtime.version' in [systemProperties]
2017-05-25 12:24:40.284 DEBUG 4252 --- [           main] o.s.c.e.PropertySourcesPropertyResolver  : Found key 'java.runtime.version' in [systemProperties] with type [String] and value '1.8.0_111-b14'
2017-05-25 12:24:40.284 DEBUG 4252 --- [           main] o.s.c.e.PropertySourcesPropertyResolver  : Searching for key 'basedir' in [systemProperties]
2017-05-25 12:24:40.284 DEBUG 4252 --- [           main] o.s.c.e.PropertySourcesPropertyResolver  : Found key 'basedir' in [systemProperties] with type [String] and value 'C:\Users\rrafacz\git\stacksonstacks.org'
2017-05-25 12:24:40.284 DEBUG 4252 --- [           main] o.s.c.e.PropertySourcesPropertyResolver  : Searching for key 'java.awt.graphicsenv' in [systemProperties]
2017-05-25 12:24:40.284 DEBUG 4252 --- [           main] o.s.c.e.PropertySourcesPropertyResolver  : Found key 'java.awt.graphicsenv' in [systemProperties] with type [String] and value 'sun.awt.Win32GraphicsEnvironment'
2017-05-25 12:24:40.284 DEBUG 4252 --- [           main] o.s.c.e.PropertySourcesPropertyResolver  : Searching for key 'org.jboss.logging.provider' in [systemProperties]
2017-05-25 12:24:40.284 DEBUG 4252 --- [           main] o.s.c.e.PropertySourcesPropertyResolver  : Found key 'org.jboss.logging.provider' in [systemProperties] with type [String] and value 'slf4j'
2017-05-25 12:24:40.284 DEBUG 4252 --- [           main] o.s.c.e.PropertySourcesPropertyResolver  : Searching for key 'java.endorsed.dirs' in [systemProperties]
2017-05-25 12:24:40.284 DEBUG 4252 --- [           main] o.s.c.e.PropertySourcesPropertyResolver  : Found key 'java.endorsed.dirs' in [systemProperties] with type [String] and value 'C:\Program Files\Java\jdk1.8.0_111\jre\lib\endorsed'
2017-05-25 12:24:40.284 DEBUG 4252 --- [           main] o.s.c.e.PropertySourcesPropertyResolver  : Searching for key 'os.arch' in [systemProperties]
2017-05-25 12:24:40.284 DEBUG 4252 --- [           main] o.s.c.e.PropertySourcesPropertyResolver  : Found key 'os.arch' in [systemProperties] with type [String] and value 'amd64'
2017-05-25 12:24:40.284 DEBUG 4252 --- [           main] o.s.c.e.PropertySourcesPropertyResolver  : Searching for key 'surefire.real.class.path' in [systemProperties]
2017-05-25 12:24:40.284 DEBUG 4252 --- [           main] o.s.c.e.PropertySourcesPropertyResolver  : Found key 'surefire.real.class.path' in [systemProperties] with type [String] and value 'C:\Users\rrafacz\git\stacksonstacks.org\target\surefire\surefirebooter2657284108340421601.jar'
2017-05-25 12:24:40.285 DEBUG 4252 --- [           main] o.s.c.e.PropertySourcesPropertyResolver  : Searching for key 'java.io.tmpdir' in [systemProperties]
2017-05-25 12:24:40.285 DEBUG 4252 --- [           main] o.s.c.e.PropertySourcesPropertyResolver  : Found key 'java.io.tmpdir' in [systemProperties] with type [String] and value 'C:\Users\rrafacz\AppData\Local\Temp\'
2017-05-25 12:24:40.285 DEBUG 4252 --- [           main] o.s.c.e.PropertySourcesPropertyResolver  : Searching for key 'line.separator' in [systemProperties]
2017-05-25 12:24:40.290 DEBUG 4252 --- [           main] o.s.c.e.PropertySourcesPropertyResolver  : Found key 'line.separator' in [systemProperties] with type [String] and value '
'
2017-05-25 12:24:40.290 DEBUG 4252 --- [           main] o.s.c.e.PropertySourcesPropertyResolver  : Searching for key 'java.vm.specification.vendor' in [systemProperties]
2017-05-25 12:24:40.290 DEBUG 4252 --- [           main] o.s.c.e.PropertySourcesPropertyResolver  : Found key 'java.vm.specification.vendor' in [systemProperties] with type [String] and value 'Oracle Corporation'
2017-05-25 12:24:40.290 DEBUG 4252 --- [           main] o.s.c.e.PropertySourcesPropertyResolver  : Searching for key 'user.variant' in [systemProperties]
2017-05-25 12:24:40.290 DEBUG 4252 --- [           main] o.s.c.e.PropertySourcesPropertyResolver  : Found key 'user.variant' in [systemProperties] with type [String] and value ''
2017-05-25 12:24:40.290 DEBUG 4252 --- [           main] o.s.c.e.PropertySourcesPropertyResolver  : Searching for key 'os.name' in [systemProperties]
2017-05-25 12:24:40.291 DEBUG 4252 --- [           main] o.s.c.e.PropertySourcesPropertyResolver  : Found key 'os.name' in [systemProperties] with type [String] and value 'Windows 7'
2017-05-25 12:24:40.291 DEBUG 4252 --- [           main] o.s.c.e.PropertySourcesPropertyResolver  : Searching for key 'sun.jnu.encoding' in [systemProperties]
2017-05-25 12:24:40.291 DEBUG 4252 --- [           main] o.s.c.e.PropertySourcesPropertyResolver  : Found key 'sun.jnu.encoding' in [systemProperties] with type [String] and value 'Cp1252'
2017-05-25 12:24:40.291 DEBUG 4252 --- [           main] o.s.c.e.PropertySourcesPropertyResolver  : Searching for key 'spring.beaninfo.ignore' in [systemProperties]
2017-05-25 12:24:40.291 DEBUG 4252 --- [           main] o.s.c.e.PropertySourcesPropertyResolver  : Found key 'spring.beaninfo.ignore' in [systemProperties] with type [String] and value 'true'
2017-05-25 12:24:40.291 DEBUG 4252 --- [           main] o.s.c.e.PropertySourcesPropertyResolver  : Searching for key 'java.library.path' in [systemProperties]
2017-05-25 12:24:40.291 DEBUG 4252 --- [           main] o.s.c.e.PropertySourcesPropertyResolver  : Found key 'java.library.path' in [systemProperties] with type [String] and value 'C:\Program Files\Java\jdk1.8.0_111\jre\bin;C:\windows\Sun\Java\bin;C:\windows\system32;C:\windows;C:/Program Files/Java/jre1.8.0_131/bin/server;C:/Program Files/Java/jre1.8.0_131/bin;C:/Program Files/Java/jre1.8.0_131/lib/amd64;C:\ProgramData\Oracle\Java\javapath;C:\windows\system32;C:\windows;C:\windows\System32\Wbem;C:\windows\System32\WindowsPowerShell\v1.0\;C:\windows\system32\config\systemprofile\.dnx\bin;C:\Program Files\Microsoft DNX\Dnvm\;C:\Program Files\Microsoft SQL Server\130\Tools\Binn\;C:\HashiCorp\Vagrant\bin;C:\Program Files\Intel\WiFi\bin\;C:\Program Files\Common Files\Intel\WirelessCommon\;C:\ProgramData\Oracle\Java\javapath;C:\windows\system32;C:\windows;C:\windows\System32\Wbem;C:\windows\System32\WindowsPowerShell\v1.0\;C:\Users\rrafacz\AppData\Local\Programs\Git\cmd;C:\Python27;C:\Python27\Scripts; C:\Program Files\Java\jdk1.8.0_111\bin; C:\Program Files\Java\jdk1.8.0_111\bin\jconsole;;C:\windows\system32;;.'
2017-05-25 12:24:40.292 DEBUG 4252 --- [           main] o.s.c.e.PropertySourcesPropertyResolver  : Searching for key 'surefire.test.class.path' in [systemProperties]
2017-05-25 12:24:40.292 DEBUG 4252 --- [           main] o.s.c.e.PropertySourcesPropertyResolver  : Found key 'surefire.test.class.path' in [systemProperties] with type [String] and value 'C:\Users\rrafacz\git\stacksonstacks.org\target\test-classes;C:\Users\rrafacz\git\stacksonstacks.org\target\classes;C:\Users\rrafacz\.m2\repository\org\springframework\boot\spring-boot-starter-data-jpa\1.3.6.RELEASE\spring-boot-starter-data-jpa-1.3.6.RELEASE.jar;C:\Users\rrafacz\.m2\repository\org\springframework\boot\spring-boot-starter\1.3.6.RELEASE\spring-boot-starter-1.3.6.RELEASE.jar;C:\Users\rrafacz\.m2\repository\org\springframework\boot\spring-boot-starter-logging\1.3.6.RELEASE\spring-boot-starter-logging-1.3.6.RELEASE.jar;C:\Users\rrafacz\.m2\repository\ch\qos\logback\logback-classic\1.1.7\logback-classic-1.1.7.jar;C:\Users\rrafacz\.m2\repository\ch\qos\logback\logback-core\1.1.7\logback-core-1.1.7.jar;C:\Users\rrafacz\.m2\repository\org\slf4j\jul-to-slf4j\1.7.21\jul-to-slf4j-1.7.21.jar;C:\Users\rrafacz\.m2\repository\org\slf4j\log4j-over-slf4j\1.7.21\log4j-over-slf4j-1.7.21.jar;C:\Users\rrafacz\.m2\repository\org\yaml\snakeyaml\1.16\snakeyaml-1.16.jar;C:\Users\rrafacz\.m2\repository\org\springframework\boot\spring-boot-starter-aop\1.3.6.RELEASE\spring-boot-starter-aop-1.3.6.RELEASE.jar;C:\Users\rrafacz\.m2\repository\org\aspectj\aspectjweaver\1.8.9\aspectjweaver-1.8.9.jar;C:\Users\rrafacz\.m2\repository\org\springframework\boot\spring-boot-starter-jdbc\1.3.6.RELEASE\spring-boot-starter-jdbc-1.3.6.RELEASE.jar;C:\Users\rrafacz\.m2\repository\org\apache\tomcat\tomcat-jdbc\8.0.36\tomcat-jdbc-8.0.36.jar;C:\Users\rrafacz\.m2\repository\org\apache\tomcat\tomcat-juli\8.0.36\tomcat-juli-8.0.36.jar;C:\Users\rrafacz\.m2\repository\org\springframework\spring-jdbc\4.2.7.RELEASE\spring-jdbc-4.2.7.RELEASE.jar;C:\Users\rrafacz\.m2\repository\org\hibernate\hibernate-entitymanager\4.3.11.Final\hibernate-entitymanager-4.3.11.Final.jar;C:\Users\rrafacz\.m2\repository\org\jboss\logging\jboss-logging-annotations\1.2.0.Beta1\jboss-logging-annotations-1.2.0.Beta1.jar;C:\Users\rrafacz\.m2\repository\dom4j\dom4j\1.6.1\dom4j-1.6.1.jar;C:\Users\rrafacz\.m2\repository\xml-apis\xml-apis\1.0.b2\xml-apis-1.0.b2.jar;C:\Users\rrafacz\.m2\repository\org\hibernate\common\hibernate-commons-annotations\4.0.5.Final\hibernate-commons-annotations-4.0.5.Final.jar;C:\Users\rrafacz\.m2\repository\org\hibernate\javax\persistence\hibernate-jpa-2.1-api\1.0.0.Final\hibernate-jpa-2.1-api-1.0.0.Final.jar;C:\Users\rrafacz\.m2\repository\javax\transaction\javax.transaction-api\1.2\javax.transaction-api-1.2.jar;C:\Users\rrafacz\.m2\repository\org\springframework\data\spring-data-jpa\1.9.4.RELEASE\spring-data-jpa-1.9.4.RELEASE.jar;C:\Users\rrafacz\.m2\repository\org\springframework\data\spring-data-commons\1.11.4.RELEASE\spring-data-commons-1.11.4.RELEASE.jar;C:\Users\rrafacz\.m2\repository\org\springframework\spring-orm\4.2.7.RELEASE\spring-orm-4.2.7.RELEASE.jar;C:\Users\rrafacz\.m2\repository\org\springframework\spring-context\4.2.7.RELEASE\spring-context-4.2.7.RELEASE.jar;C:\Users\rrafacz\.m2\repository\org\springframework\spring-tx\4.2.7.RELEASE\spring-tx-4.2.7.RELEASE.jar;C:\Users\rrafacz\.m2\repository\org\springframework\spring-beans\4.2.7.RELEASE\spring-beans-4.2.7.RELEASE.jar;C:\Users\rrafacz\.m2\repository\org\slf4j\jcl-over-slf4j\1.7.21\jcl-over-slf4j-1.7.21.jar;C:\Users\rrafacz\.m2\repository\org\springframework\spring-aspects\4.2.7.RELEASE\spring-aspects-4.2.7.RELEASE.jar;C:\Users\rrafacz\.m2\repository\org\springframework\boot\spring-boot-devtools\1.3.6.RELEASE\spring-boot-devtools-1.3.6.RELEASE.jar;C:\Users\rrafacz\.m2\repository\org\springframework\boot\spring-boot\1.3.6.RELEASE\spring-boot-1.3.6.RELEASE.jar;C:\Users\rrafacz\.m2\repository\org\springframework\boot\spring-boot-autoconfigure\1.3.6.RELEASE\spring-boot-autoconfigure-1.3.6.RELEASE.jar;C:\Users\rrafacz\.m2\repository\org\springframework\boot\spring-boot-starter-thymeleaf\1.3.6.RELEASE\spring-boot-starter-thymeleaf-1.3.6.RELEASE.jar;C:\Users\rrafacz\.m2\repository\org\thymeleaf\thymeleaf-spring4\2.1.4.RELEASE\thymeleaf-spring4-2.1.4.RELEASE.jar;C:\Users\rrafacz\.m2\repository\nz\net\ultraq\thymeleaf\thymeleaf-layout-dialect\1.3.3\thymeleaf-layout-dialect-1.3.3.jar;C:\Users\rrafacz\.m2\repository\org\codehaus\groovy\groovy\2.4.7\groovy-2.4.7.jar;C:\Users\rrafacz\.m2\repository\org\springframework\boot\spring-boot-starter-web\1.3.6.RELEASE\spring-boot-starter-web-1.3.6.RELEASE.jar;C:\Users\rrafacz\.m2\repository\org\springframework\boot\spring-boot-starter-tomcat\1.3.6.RELEASE\spring-boot-starter-tomcat-1.3.6.RELEASE.jar;C:\Users\rrafacz\.m2\repository\org\apache\tomcat\embed\tomcat-embed-core\8.0.36\tomcat-embed-core-8.0.36.jar;C:\Users\rrafacz\.m2\repository\org\apache\tomcat\embed\tomcat-embed-el\8.0.36\tomcat-embed-el-8.0.36.jar;C:\Users\rrafacz\.m2\repository\org\apache\tomcat\embed\tomcat-embed-logging-juli\8.0.36\tomcat-embed-logging-juli-8.0.36.jar;C:\Users\rrafacz\.m2\repository\org\apache\tomcat\embed\tomcat-embed-websocket\8.0.36\tomcat-embed-websocket-8.0.36.jar;C:\Users\rrafacz\.m2\repository\org\springframework\boot\spring-boot-starter-validation\1.3.6.RELEASE\spring-boot-starter-validation-1.3.6.RELEASE.jar;C:\Users\rrafacz\.m2\repository\org\hibernate\hibernate-validator\5.2.4.Final\hibernate-validator-5.2.4.Final.jar;C:\Users\rrafacz\.m2\repository\javax\validation\validation-api\1.1.0.Final\validation-api-1.1.0.Final.jar;C:\Users\rrafacz\.m2\repository\com\fasterxml\classmate\1.1.0\classmate-1.1.0.jar;C:\Users\rrafacz\.m2\repository\com\fasterxml\jackson\core\jackson-databind\2.6.7\jackson-databind-2.6.7.jar;C:\Users\rrafacz\.m2\repository\com\fasterxml\jackson\core\jackson-annotations\2.6.7\jackson-annotations-2.6.7.jar;C:\Users\rrafacz\.m2\repository\com\fasterxml\jackson\core\jackson-core\2.6.7\jackson-core-2.6.7.jar;C:\Users\rrafacz\.m2\repository\org\springframework\spring-web\4.2.7.RELEASE\spring-web-4.2.7.RELEASE.jar;C:\Users\rrafacz\.m2\repository\org\springframework\spring-webmvc\4.2.7.RELEASE\spring-webmvc-4.2.7.RELEASE.jar;C:\Users\rrafacz\.m2\repository\org\springframework\spring-expression\4.2.7.RELEASE\spring-expression-4.2.7.RELEASE.jar;C:\Users\rrafacz\.m2\repository\org\springframework\boot\spring-boot-starter-test\1.3.6.RELEASE\spring-boot-starter-test-1.3.6.RELEASE.jar;C:\Users\rrafacz\.m2\repository\junit\junit\4.12\junit-4.12.jar;C:\Users\rrafacz\.m2\repository\org\mockito\mockito-core\1.10.19\mockito-core-1.10.19.jar;C:\Users\rrafacz\.m2\repository\org\objenesis\objenesis\2.1\objenesis-2.1.jar;C:\Users\rrafacz\.m2\repository\org\hamcrest\hamcrest-core\1.3\hamcrest-core-1.3.jar;C:\Users\rrafacz\.m2\repository\org\hamcrest\hamcrest-library\1.3\hamcrest-library-1.3.jar;C:\Users\rrafacz\.m2\repository\org\springframework\spring-core\4.2.7.RELEASE\spring-core-4.2.7.RELEASE.jar;C:\Users\rrafacz\.m2\repository\org\springframework\spring-test\4.2.7.RELEASE\spring-test-4.2.7.RELEASE.jar;C:\Users\rrafacz\.m2\repository\org\postgresql\postgresql\9.4.1208.jre7\postgresql-9.4.1208.jre7.jar;C:\Users\rrafacz\.m2\repository\com\h2database\h2\1.4.192\h2-1.4.192.jar;C:\Users\rrafacz\.m2\repository\com\zaxxer\HikariCP\2.4.7\HikariCP-2.4.7.jar;C:\Users\rrafacz\.m2\repository\org\slf4j\slf4j-api\1.7.21\slf4j-api-1.7.21.jar;C:\Users\rrafacz\.m2\repository\org\hibernate\hibernate-hikaricp\5.2.1.Final\hibernate-hikaricp-5.2.1.Final.jar;C:\Users\rrafacz\.m2\repository\org\jboss\logging\jboss-logging\3.3.0.Final\jboss-logging-3.3.0.Final.jar;C:\Users\rrafacz\.m2\repository\org\hibernate\hibernate-core\4.3.11.Final\hibernate-core-4.3.11.Final.jar;C:\Users\rrafacz\.m2\repository\org\jboss\spec\javax\transaction\jboss-transaction-api_1.2_spec\1.0.0.Final\jboss-transaction-api_1.2_spec-1.0.0.Final.jar;C:\Users\rrafacz\.m2\repository\antlr\antlr\2.7.7\antlr-2.7.7.jar;C:\Users\rrafacz\.m2\repository\org\jboss\jandex\1.1.0.Final\jandex-1.1.0.Final.jar;C:\Users\rrafacz\.m2\repository\com\zaxxer\HikariCP-java6\2.3.13\HikariCP-java6-2.3.13.jar;C:\Users\rrafacz\.m2\repository\com\zaxxer\HikariCP-agent\1.2.4\HikariCP-agent-1.2.4.jar;C:\Program Files\Java\jdk1.8.0_111\jre\..\lib\tools.jar;C:\Users\rrafacz\.m2\repository\org\javassist\javassist\3.18.1-GA\javassist-3.18.1-GA.jar;C:\Users\rrafacz\.m2\repository\org\springframework\boot\spring-boot-starter-security\1.3.6.RELEASE\spring-boot-starter-security-1.3.6.RELEASE.jar;C:\Users\rrafacz\.m2\repository\org\springframework\spring-aop\4.2.7.RELEASE\spring-aop-4.2.7.RELEASE.jar;C:\Users\rrafacz\.m2\repository\aopalliance\aopalliance\1.0\aopalliance-1.0.jar;C:\Users\rrafacz\.m2\repository\org\springframework\security\spring-security-config\4.0.4.RELEASE\spring-security-config-4.0.4.RELEASE.jar;C:\Users\rrafacz\.m2\repository\org\springframework\security\spring-security-core\4.0.4.RELEASE\spring-security-core-4.0.4.RELEASE.jar;C:\Users\rrafacz\.m2\repository\org\springframework\security\spring-security-web\4.0.4.RELEASE\spring-security-web-4.0.4.RELEASE.jar;C:\Users\rrafacz\.m2\repository\org\thymeleaf\extras\thymeleaf-extras-springsecurity4\2.1.2.RELEASE\thymeleaf-extras-springsecurity4-2.1.2.RELEASE.jar;C:\Users\rrafacz\.m2\repository\org\thymeleaf\thymeleaf\2.1.4.RELEASE\thymeleaf-2.1.4.RELEASE.jar;C:\Users\rrafacz\.m2\repository\ognl\ognl\3.0.8\ognl-3.0.8.jar;C:\Users\rrafacz\.m2\repository\org\unbescape\unbescape\1.1.0.RELEASE\unbescape-1.1.0.RELEASE.jar;'
2017-05-25 12:24:40.292 DEBUG 4252 --- [           main] o.s.c.e.PropertySourcesPropertyResolver  : Searching for key 'java.specification.name' in [systemProperties]
2017-05-25 12:24:40.293 DEBUG 4252 --- [           main] o.s.c.e.PropertySourcesPropertyResolver  : Found key 'java.specification.name' in [systemProperties] with type [String] and value 'Java Platform API Specification'
2017-05-25 12:24:40.293 DEBUG 4252 --- [           main] o.s.c.e.PropertySourcesPropertyResolver  : Searching for key 'java.class.version' in [systemProperties]
2017-05-25 12:24:40.293 DEBUG 4252 --- [           main] o.s.c.e.PropertySourcesPropertyResolver  : Found key 'java.class.version' in [systemProperties] with type [String] and value '52.0'
2017-05-25 12:24:40.293 DEBUG 4252 --- [           main] o.s.c.e.PropertySourcesPropertyResolver  : Searching for key 'sun.management.compiler' in [systemProperties]
2017-05-25 12:24:40.293 DEBUG 4252 --- [           main] o.s.c.e.PropertySourcesPropertyResolver  : Found key 'sun.management.compiler' in [systemProperties] with type [String] and value 'HotSpot 64-Bit Tiered Compilers'
2017-05-25 12:24:40.293 DEBUG 4252 --- [           main] o.s.c.e.PropertySourcesPropertyResolver  : Searching for key 'os.version' in [systemProperties]
2017-05-25 12:24:40.293 DEBUG 4252 --- [           main] o.s.c.e.PropertySourcesPropertyResolver  : Found key 'os.version' in [systemProperties] with type [String] and value '6.1'
2017-05-25 12:24:40.293 DEBUG 4252 --- [           main] o.s.c.e.PropertySourcesPropertyResolver  : Searching for key 'user.home' in [systemProperties]
2017-05-25 12:24:40.293 DEBUG 4252 --- [           main] o.s.c.e.PropertySourcesPropertyResolver  : Found key 'user.home' in [systemProperties] with type [String] and value 'C:\Users\rrafacz'
2017-05-25 12:24:40.293 DEBUG 4252 --- [           main] o.s.c.e.PropertySourcesPropertyResolver  : Searching for key 'user.timezone' in [systemProperties]
2017-05-25 12:24:40.294 DEBUG 4252 --- [           main] o.s.c.e.PropertySourcesPropertyResolver  : Found key 'user.timezone' in [systemProperties] with type [String] and value 'America/Chicago'
2017-05-25 12:24:40.294 DEBUG 4252 --- [           main] o.s.c.e.PropertySourcesPropertyResolver  : Searching for key 'java.awt.printerjob' in [systemProperties]
2017-05-25 12:24:40.294 DEBUG 4252 --- [           main] o.s.c.e.PropertySourcesPropertyResolver  : Found key 'java.awt.printerjob' in [systemProperties] with type [String] and value 'sun.awt.windows.WPrinterJob'
2017-05-25 12:24:40.294 DEBUG 4252 --- [           main] o.s.c.e.PropertySourcesPropertyResolver  : Searching for key 'file.encoding' in [systemProperties]
2017-05-25 12:24:40.294 DEBUG 4252 --- [           main] o.s.c.e.PropertySourcesPropertyResolver  : Found key 'file.encoding' in [systemProperties] with type [String] and value 'Cp1252'
2017-05-25 12:24:40.294 DEBUG 4252 --- [           main] o.s.c.e.PropertySourcesPropertyResolver  : Searching for key 'java.specification.version' in [systemProperties]
2017-05-25 12:24:40.294 DEBUG 4252 --- [           main] o.s.c.e.PropertySourcesPropertyResolver  : Found key 'java.specification.version' in [systemProperties] with type [String] and value '1.8'
2017-05-25 12:24:40.294 DEBUG 4252 --- [           main] o.s.c.e.PropertySourcesPropertyResolver  : Searching for key 'java.class.path' in [systemProperties]
2017-05-25 12:24:40.294 DEBUG 4252 --- [           main] o.s.c.e.PropertySourcesPropertyResolver  : Found key 'java.class.path' in [systemProperties] with type [String] and value 'C:\Users\rrafacz\git\stacksonstacks.org\target\test-classes;C:\Users\rrafacz\git\stacksonstacks.org\target\classes;C:\Users\rrafacz\.m2\repository\org\springframework\boot\spring-boot-starter-data-jpa\1.3.6.RELEASE\spring-boot-starter-data-jpa-1.3.6.RELEASE.jar;C:\Users\rrafacz\.m2\repository\org\springframework\boot\spring-boot-starter\1.3.6.RELEASE\spring-boot-starter-1.3.6.RELEASE.jar;C:\Users\rrafacz\.m2\repository\org\springframework\boot\spring-boot-starter-logging\1.3.6.RELEASE\spring-boot-starter-logging-1.3.6.RELEASE.jar;C:\Users\rrafacz\.m2\repository\ch\qos\logback\logback-classic\1.1.7\logback-classic-1.1.7.jar;C:\Users\rrafacz\.m2\repository\ch\qos\logback\logback-core\1.1.7\logback-core-1.1.7.jar;C:\Users\rrafacz\.m2\repository\org\slf4j\jul-to-slf4j\1.7.21\jul-to-slf4j-1.7.21.jar;C:\Users\rrafacz\.m2\repository\org\slf4j\log4j-over-slf4j\1.7.21\log4j-over-slf4j-1.7.21.jar;C:\Users\rrafacz\.m2\repository\org\yaml\snakeyaml\1.16\snakeyaml-1.16.jar;C:\Users\rrafacz\.m2\repository\org\springframework\boot\spring-boot-starter-aop\1.3.6.RELEASE\spring-boot-starter-aop-1.3.6.RELEASE.jar;C:\Users\rrafacz\.m2\repository\org\aspectj\aspectjweaver\1.8.9\aspectjweaver-1.8.9.jar;C:\Users\rrafacz\.m2\repository\org\springframework\boot\spring-boot-starter-jdbc\1.3.6.RELEASE\spring-boot-starter-jdbc-1.3.6.RELEASE.jar;C:\Users\rrafacz\.m2\repository\org\apache\tomcat\tomcat-jdbc\8.0.36\tomcat-jdbc-8.0.36.jar;C:\Users\rrafacz\.m2\repository\org\apache\tomcat\tomcat-juli\8.0.36\tomcat-juli-8.0.36.jar;C:\Users\rrafacz\.m2\repository\org\springframework\spring-jdbc\4.2.7.RELEASE\spring-jdbc-4.2.7.RELEASE.jar;C:\Users\rrafacz\.m2\repository\org\hibernate\hibernate-entitymanager\4.3.11.Final\hibernate-entitymanager-4.3.11.Final.jar;C:\Users\rrafacz\.m2\repository\org\jboss\logging\jboss-logging-annotations\1.2.0.Beta1\jboss-logging-annotations-1.2.0.Beta1.jar;C:\Users\rrafacz\.m2\repository\dom4j\dom4j\1.6.1\dom4j-1.6.1.jar;C:\Users\rrafacz\.m2\repository\xml-apis\xml-apis\1.0.b2\xml-apis-1.0.b2.jar;C:\Users\rrafacz\.m2\repository\org\hibernate\common\hibernate-commons-annotations\4.0.5.Final\hibernate-commons-annotations-4.0.5.Final.jar;C:\Users\rrafacz\.m2\repository\org\hibernate\javax\persistence\hibernate-jpa-2.1-api\1.0.0.Final\hibernate-jpa-2.1-api-1.0.0.Final.jar;C:\Users\rrafacz\.m2\repository\javax\transaction\javax.transaction-api\1.2\javax.transaction-api-1.2.jar;C:\Users\rrafacz\.m2\repository\org\springframework\data\spring-data-jpa\1.9.4.RELEASE\spring-data-jpa-1.9.4.RELEASE.jar;C:\Users\rrafacz\.m2\repository\org\springframework\data\spring-data-commons\1.11.4.RELEASE\spring-data-commons-1.11.4.RELEASE.jar;C:\Users\rrafacz\.m2\repository\org\springframework\spring-orm\4.2.7.RELEASE\spring-orm-4.2.7.RELEASE.jar;C:\Users\rrafacz\.m2\repository\org\springframework\spring-context\4.2.7.RELEASE\spring-context-4.2.7.RELEASE.jar;C:\Users\rrafacz\.m2\repository\org\springframework\spring-tx\4.2.7.RELEASE\spring-tx-4.2.7.RELEASE.jar;C:\Users\rrafacz\.m2\repository\org\springframework\spring-beans\4.2.7.RELEASE\spring-beans-4.2.7.RELEASE.jar;C:\Users\rrafacz\.m2\repository\org\slf4j\jcl-over-slf4j\1.7.21\jcl-over-slf4j-1.7.21.jar;C:\Users\rrafacz\.m2\repository\org\springframework\spring-aspects\4.2.7.RELEASE\spring-aspects-4.2.7.RELEASE.jar;C:\Users\rrafacz\.m2\repository\org\springframework\boot\spring-boot-devtools\1.3.6.RELEASE\spring-boot-devtools-1.3.6.RELEASE.jar;C:\Users\rrafacz\.m2\repository\org\springframework\boot\spring-boot\1.3.6.RELEASE\spring-boot-1.3.6.RELEASE.jar;C:\Users\rrafacz\.m2\repository\org\springframework\boot\spring-boot-autoconfigure\1.3.6.RELEASE\spring-boot-autoconfigure-1.3.6.RELEASE.jar;C:\Users\rrafacz\.m2\repository\org\springframework\boot\spring-boot-starter-thymeleaf\1.3.6.RELEASE\spring-boot-starter-thymeleaf-1.3.6.RELEASE.jar;C:\Users\rrafacz\.m2\repository\org\thymeleaf\thymeleaf-spring4\2.1.4.RELEASE\thymeleaf-spring4-2.1.4.RELEASE.jar;C:\Users\rrafacz\.m2\repository\nz\net\ultraq\thymeleaf\thymeleaf-layout-dialect\1.3.3\thymeleaf-layout-dialect-1.3.3.jar;C:\Users\rrafacz\.m2\repository\org\codehaus\groovy\groovy\2.4.7\groovy-2.4.7.jar;C:\Users\rrafacz\.m2\repository\org\springframework\boot\spring-boot-starter-web\1.3.6.RELEASE\spring-boot-starter-web-1.3.6.RELEASE.jar;C:\Users\rrafacz\.m2\repository\org\springframework\boot\spring-boot-starter-tomcat\1.3.6.RELEASE\spring-boot-starter-tomcat-1.3.6.RELEASE.jar;C:\Users\rrafacz\.m2\repository\org\apache\tomcat\embed\tomcat-embed-core\8.0.36\tomcat-embed-core-8.0.36.jar;C:\Users\rrafacz\.m2\repository\org\apache\tomcat\embed\tomcat-embed-el\8.0.36\tomcat-embed-el-8.0.36.jar;C:\Users\rrafacz\.m2\repository\org\apache\tomcat\embed\tomcat-embed-logging-juli\8.0.36\tomcat-embed-logging-juli-8.0.36.jar;C:\Users\rrafacz\.m2\repository\org\apache\tomcat\embed\tomcat-embed-websocket\8.0.36\tomcat-embed-websocket-8.0.36.jar;C:\Users\rrafacz\.m2\repository\org\springframework\boot\spring-boot-starter-validation\1.3.6.RELEASE\spring-boot-starter-validation-1.3.6.RELEASE.jar;C:\Users\rrafacz\.m2\repository\org\hibernate\hibernate-validator\5.2.4.Final\hibernate-validator-5.2.4.Final.jar;C:\Users\rrafacz\.m2\repository\javax\validation\validation-api\1.1.0.Final\validation-api-1.1.0.Final.jar;C:\Users\rrafacz\.m2\repository\com\fasterxml\classmate\1.1.0\classmate-1.1.0.jar;C:\Users\rrafacz\.m2\repository\com\fasterxml\jackson\core\jackson-databind\2.6.7\jackson-databind-2.6.7.jar;C:\Users\rrafacz\.m2\repository\com\fasterxml\jackson\core\jackson-annotations\2.6.7\jackson-annotations-2.6.7.jar;C:\Users\rrafacz\.m2\repository\com\fasterxml\jackson\core\jackson-core\2.6.7\jackson-core-2.6.7.jar;C:\Users\rrafacz\.m2\repository\org\springframework\spring-web\4.2.7.RELEASE\spring-web-4.2.7.RELEASE.jar;C:\Users\rrafacz\.m2\repository\org\springframework\spring-webmvc\4.2.7.RELEASE\spring-webmvc-4.2.7.RELEASE.jar;C:\Users\rrafacz\.m2\repository\org\springframework\spring-expression\4.2.7.RELEASE\spring-expression-4.2.7.RELEASE.jar;C:\Users\rrafacz\.m2\repository\org\springframework\boot\spring-boot-starter-test\1.3.6.RELEASE\spring-boot-starter-test-1.3.6.RELEASE.jar;C:\Users\rrafacz\.m2\repository\junit\junit\4.12\junit-4.12.jar;C:\Users\rrafacz\.m2\repository\org\mockito\mockito-core\1.10.19\mockito-core-1.10.19.jar;C:\Users\rrafacz\.m2\repository\org\objenesis\objenesis\2.1\objenesis-2.1.jar;C:\Users\rrafacz\.m2\repository\org\hamcrest\hamcrest-core\1.3\hamcrest-core-1.3.jar;C:\Users\rrafacz\.m2\repository\org\hamcrest\hamcrest-library\1.3\hamcrest-library-1.3.jar;C:\Users\rrafacz\.m2\repository\org\springframework\spring-core\4.2.7.RELEASE\spring-core-4.2.7.RELEASE.jar;C:\Users\rrafacz\.m2\repository\org\springframework\spring-test\4.2.7.RELEASE\spring-test-4.2.7.RELEASE.jar;C:\Users\rrafacz\.m2\repository\org\postgresql\postgresql\9.4.1208.jre7\postgresql-9.4.1208.jre7.jar;C:\Users\rrafacz\.m2\repository\com\h2database\h2\1.4.192\h2-1.4.192.jar;C:\Users\rrafacz\.m2\repository\com\zaxxer\HikariCP\2.4.7\HikariCP-2.4.7.jar;C:\Users\rrafacz\.m2\repository\org\slf4j\slf4j-api\1.7.21\slf4j-api-1.7.21.jar;C:\Users\rrafacz\.m2\repository\org\hibernate\hibernate-hikaricp\5.2.1.Final\hibernate-hikaricp-5.2.1.Final.jar;C:\Users\rrafacz\.m2\repository\org\jboss\logging\jboss-logging\3.3.0.Final\jboss-logging-3.3.0.Final.jar;C:\Users\rrafacz\.m2\repository\org\hibernate\hibernate-core\4.3.11.Final\hibernate-core-4.3.11.Final.jar;C:\Users\rrafacz\.m2\repository\org\jboss\spec\javax\transaction\jboss-transaction-api_1.2_spec\1.0.0.Final\jboss-transaction-api_1.2_spec-1.0.0.Final.jar;C:\Users\rrafacz\.m2\repository\antlr\antlr\2.7.7\antlr-2.7.7.jar;C:\Users\rrafacz\.m2\repository\org\jboss\jandex\1.1.0.Final\jandex-1.1.0.Final.jar;C:\Users\rrafacz\.m2\repository\com\zaxxer\HikariCP-java6\2.3.13\HikariCP-java6-2.3.13.jar;C:\Users\rrafacz\.m2\repository\com\zaxxer\HikariCP-agent\1.2.4\HikariCP-agent-1.2.4.jar;C:\Program Files\Java\jdk1.8.0_111\jre\..\lib\tools.jar;C:\Users\rrafacz\.m2\repository\org\javassist\javassist\3.18.1-GA\javassist-3.18.1-GA.jar;C:\Users\rrafacz\.m2\repository\org\springframework\boot\spring-boot-starter-security\1.3.6.RELEASE\spring-boot-starter-security-1.3.6.RELEASE.jar;C:\Users\rrafacz\.m2\repository\org\springframework\spring-aop\4.2.7.RELEASE\spring-aop-4.2.7.RELEASE.jar;C:\Users\rrafacz\.m2\repository\aopalliance\aopalliance\1.0\aopalliance-1.0.jar;C:\Users\rrafacz\.m2\repository\org\springframework\security\spring-security-config\4.0.4.RELEASE\spring-security-config-4.0.4.RELEASE.jar;C:\Users\rrafacz\.m2\repository\org\springframework\security\spring-security-core\4.0.4.RELEASE\spring-security-core-4.0.4.RELEASE.jar;C:\Users\rrafacz\.m2\repository\org\springframework\security\spring-security-web\4.0.4.RELEASE\spring-security-web-4.0.4.RELEASE.jar;C:\Users\rrafacz\.m2\repository\org\thymeleaf\extras\thymeleaf-extras-springsecurity4\2.1.2.RELEASE\thymeleaf-extras-springsecurity4-2.1.2.RELEASE.jar;C:\Users\rrafacz\.m2\repository\org\thymeleaf\thymeleaf\2.1.4.RELEASE\thymeleaf-2.1.4.RELEASE.jar;C:\Users\rrafacz\.m2\repository\ognl\ognl\3.0.8\ognl-3.0.8.jar;C:\Users\rrafacz\.m2\repository\org\unbescape\unbescape\1.1.0.RELEASE\unbescape-1.1.0.RELEASE.jar;'
2017-05-25 12:24:40.295 DEBUG 4252 --- [           main] o.s.c.e.PropertySourcesPropertyResolver  : Searching for key 'user.name' in [systemProperties]
2017-05-25 12:24:40.295 DEBUG 4252 --- [           main] o.s.c.e.PropertySourcesPropertyResolver  : Found key 'user.name' in [systemProperties] with type [String] and value 'RRafacz'
2017-05-25 12:24:40.295 DEBUG 4252 --- [           main] o.s.c.e.PropertySourcesPropertyResolver  : Searching for key 'java.vm.specification.version' in [systemProperties]
2017-05-25 12:24:40.295 DEBUG 4252 --- [           main] o.s.c.e.PropertySourcesPropertyResolver  : Found key 'java.vm.specification.version' in [systemProperties] with type [String] and value '1.8'
2017-05-25 12:24:40.295 DEBUG 4252 --- [           main] o.s.c.e.PropertySourcesPropertyResolver  : Searching for key 'sun.java.command' in [systemProperties]
2017-05-25 12:24:40.295 DEBUG 4252 --- [           main] o.s.c.e.PropertySourcesPropertyResolver  : Found key 'sun.java.command' in [systemProperties] with type [String] and value 'C:\Users\rrafacz\git\stacksonstacks.org\target\surefire\surefirebooter2657284108340421601.jar C:\Users\rrafacz\git\stacksonstacks.org\target\surefire\surefire3366078665067586203tmp C:\Users\rrafacz\git\stacksonstacks.org\target\surefire\surefire_08061031835920382733tmp'
2017-05-25 12:24:40.296 DEBUG 4252 --- [           main] o.s.c.e.PropertySourcesPropertyResolver  : Searching for key 'java.home' in [systemProperties]
2017-05-25 12:24:40.296 DEBUG 4252 --- [           main] o.s.c.e.PropertySourcesPropertyResolver  : Found key 'java.home' in [systemProperties] with type [String] and value 'C:\Program Files\Java\jdk1.8.0_111\jre'
2017-05-25 12:24:40.296 DEBUG 4252 --- [           main] o.s.c.e.PropertySourcesPropertyResolver  : Searching for key 'sun.arch.data.model' in [systemProperties]
2017-05-25 12:24:40.296 DEBUG 4252 --- [           main] o.s.c.e.PropertySourcesPropertyResolver  : Found key 'sun.arch.data.model' in [systemProperties] with type [String] and value '64'
2017-05-25 12:24:40.296 DEBUG 4252 --- [           main] o.s.c.e.PropertySourcesPropertyResolver  : Searching for key 'user.language' in [systemProperties]
2017-05-25 12:24:40.296 DEBUG 4252 --- [           main] o.s.c.e.PropertySourcesPropertyResolver  : Found key 'user.language' in [systemProperties] with type [String] and value 'en'
2017-05-25 12:24:40.296 DEBUG 4252 --- [           main] o.s.c.e.PropertySourcesPropertyResolver  : Searching for key 'java.specification.vendor' in [systemProperties]
2017-05-25 12:24:40.296 DEBUG 4252 --- [           main] o.s.c.e.PropertySourcesPropertyResolver  : Found key 'java.specification.vendor' in [systemProperties] with type [String] and value 'Oracle Corporation'
2017-05-25 12:24:40.296 DEBUG 4252 --- [           main] o.s.c.e.PropertySourcesPropertyResolver  : Searching for key 'awt.toolkit' in [systemProperties]
2017-05-25 12:24:40.296 DEBUG 4252 --- [           main] o.s.c.e.PropertySourcesPropertyResolver  : Found key 'awt.toolkit' in [systemProperties] with type [String] and value 'sun.awt.windows.WToolkit'
2017-05-25 12:24:40.296 DEBUG 4252 --- [           main] o.s.c.e.PropertySourcesPropertyResolver  : Searching for key 'java.vm.info' in [systemProperties]
2017-05-25 12:24:40.296 DEBUG 4252 --- [           main] o.s.c.e.PropertySourcesPropertyResolver  : Found key 'java.vm.info' in [systemProperties] with type [String] and value 'mixed mode'
2017-05-25 12:24:40.296 DEBUG 4252 --- [           main] o.s.c.e.PropertySourcesPropertyResolver  : Searching for key 'java.version' in [systemProperties]
2017-05-25 12:24:40.296 DEBUG 4252 --- [           main] o.s.c.e.PropertySourcesPropertyResolver  : Found key 'java.version' in [systemProperties] with type [String] and value '1.8.0_111'
2017-05-25 12:24:40.296 DEBUG 4252 --- [           main] o.s.c.e.PropertySourcesPropertyResolver  : Searching for key 'java.ext.dirs' in [systemProperties]
2017-05-25 12:24:40.300 DEBUG 4252 --- [           main] o.s.c.e.PropertySourcesPropertyResolver  : Found key 'java.ext.dirs' in [systemProperties] with type [String] and value 'C:\Program Files\Java\jdk1.8.0_111\jre\lib\ext;C:\windows\Sun\Java\lib\ext'
2017-05-25 12:24:40.300 DEBUG 4252 --- [           main] o.s.c.e.PropertySourcesPropertyResolver  : Searching for key 'sun.boot.class.path' in [systemProperties]
2017-05-25 12:24:40.300 DEBUG 4252 --- [           main] o.s.c.e.PropertySourcesPropertyResolver  : Found key 'sun.boot.class.path' in [systemProperties] with type [String] and value 'C:\Program Files\Java\jdk1.8.0_111\jre\lib\resources.jar;C:\Program Files\Java\jdk1.8.0_111\jre\lib\rt.jar;C:\Program Files\Java\jdk1.8.0_111\jre\lib\sunrsasign.jar;C:\Program Files\Java\jdk1.8.0_111\jre\lib\jsse.jar;C:\Program Files\Java\jdk1.8.0_111\jre\lib\jce.jar;C:\Program Files\Java\jdk1.8.0_111\jre\lib\charsets.jar;C:\Program Files\Java\jdk1.8.0_111\jre\lib\jfr.jar;C:\Program Files\Java\jdk1.8.0_111\jre\classes'
2017-05-25 12:24:40.300 DEBUG 4252 --- [           main] o.s.c.e.PropertySourcesPropertyResolver  : Searching for key 'java.awt.headless' in [systemProperties]
2017-05-25 12:24:40.300 DEBUG 4252 --- [           main] o.s.c.e.PropertySourcesPropertyResolver  : Found key 'java.awt.headless' in [systemProperties] with type [String] and value 'true'
2017-05-25 12:24:40.300 DEBUG 4252 --- [           main] o.s.c.e.PropertySourcesPropertyResolver  : Searching for key 'java.vendor' in [systemProperties]
2017-05-25 12:24:40.300 DEBUG 4252 --- [           main] o.s.c.e.PropertySourcesPropertyResolver  : Found key 'java.vendor' in [systemProperties] with type [String] and value 'Oracle Corporation'
2017-05-25 12:24:40.300 DEBUG 4252 --- [           main] o.s.c.e.PropertySourcesPropertyResolver  : Searching for key 'localRepository' in [systemProperties]
2017-05-25 12:24:40.302 DEBUG 4252 --- [           main] o.s.c.e.PropertySourcesPropertyResolver  : Found key 'localRepository' in [systemProperties] with type [String] and value 'C:\Users\rrafacz\.m2\repository'
2017-05-25 12:24:40.303 DEBUG 4252 --- [           main] o.s.c.e.PropertySourcesPropertyResolver  : Searching for key 'file.separator' in [systemProperties]
2017-05-25 12:24:40.303 DEBUG 4252 --- [           main] o.s.c.e.PropertySourcesPropertyResolver  : Found key 'file.separator' in [systemProperties] with type [String] and value '\'
2017-05-25 12:24:40.303 DEBUG 4252 --- [           main] o.s.c.e.PropertySourcesPropertyResolver  : Searching for key 'java.vendor.url.bug' in [systemProperties]
2017-05-25 12:24:40.303 DEBUG 4252 --- [           main] o.s.c.e.PropertySourcesPropertyResolver  : Found key 'java.vendor.url.bug' in [systemProperties] with type [String] and value 'http://bugreport.sun.com/bugreport/'
2017-05-25 12:24:40.304 DEBUG 4252 --- [           main] o.s.c.e.PropertySourcesPropertyResolver  : Searching for key 'sun.io.unicode.encoding' in [systemProperties]
2017-05-25 12:24:40.305 DEBUG 4252 --- [           main] o.s.c.e.PropertySourcesPropertyResolver  : Found key 'sun.io.unicode.encoding' in [systemProperties] with type [String] and value 'UnicodeLittle'
2017-05-25 12:24:40.305 DEBUG 4252 --- [           main] o.s.c.e.PropertySourcesPropertyResolver  : Searching for key 'sun.cpu.endian' in [systemProperties]
2017-05-25 12:24:40.305 DEBUG 4252 --- [           main] o.s.c.e.PropertySourcesPropertyResolver  : Found key 'sun.cpu.endian' in [systemProperties] with type [String] and value 'little'
2017-05-25 12:24:40.305 DEBUG 4252 --- [           main] o.s.c.e.PropertySourcesPropertyResolver  : Searching for key 'sun.desktop' in [systemProperties]
2017-05-25 12:24:40.305 DEBUG 4252 --- [           main] o.s.c.e.PropertySourcesPropertyResolver  : Found key 'sun.desktop' in [systemProperties] with type [String] and value 'windows'
2017-05-25 12:24:40.305 DEBUG 4252 --- [           main] o.s.c.e.PropertySourcesPropertyResolver  : Searching for key 'sun.cpu.isalist' in [systemProperties]
2017-05-25 12:24:40.305 DEBUG 4252 --- [           main] o.s.c.e.PropertySourcesPropertyResolver  : Found key 'sun.cpu.isalist' in [systemProperties] with type [String] and value 'amd64'
2017-05-25 12:24:40.306 DEBUG 4252 --- [           main] o.s.c.e.PropertySourcesPropertyResolver  : Searching for key 'PATH' in [systemProperties]
2017-05-25 12:24:40.306 DEBUG 4252 --- [           main] o.s.c.e.PropertySourcesPropertyResolver  : Searching for key 'PATH' in [systemEnvironment]
2017-05-25 12:24:40.306 DEBUG 4252 --- [           main] o.s.c.e.PropertySourcesPropertyResolver  : Found key 'PATH' in [systemEnvironment] with type [String] and value 'C:/Program Files/Java/jre1.8.0_131/bin/server;C:/Program Files/Java/jre1.8.0_131/bin;C:/Program Files/Java/jre1.8.0_131/lib/amd64;C:\ProgramData\Oracle\Java\javapath;C:\windows\system32;C:\windows;C:\windows\System32\Wbem;C:\windows\System32\WindowsPowerShell\v1.0\;C:\windows\system32\config\systemprofile\.dnx\bin;C:\Program Files\Microsoft DNX\Dnvm\;C:\Program Files\Microsoft SQL Server\130\Tools\Binn\;C:\HashiCorp\Vagrant\bin;C:\Program Files\Intel\WiFi\bin\;C:\Program Files\Common Files\Intel\WirelessCommon\;C:\ProgramData\Oracle\Java\javapath;C:\windows\system32;C:\windows;C:\windows\System32\Wbem;C:\windows\System32\WindowsPowerShell\v1.0\;C:\Users\rrafacz\AppData\Local\Programs\Git\cmd;C:\Python27;C:\Python27\Scripts; C:\Program Files\Java\jdk1.8.0_111\bin; C:\Program Files\Java\jdk1.8.0_111\bin\jconsole;;C:\windows\system32;'
2017-05-25 12:24:40.306 DEBUG 4252 --- [           main] o.s.c.e.PropertySourcesPropertyResolver  : Searching for key 'USERDOMAIN_ROAMINGPROFILE' in [systemProperties]
2017-05-25 12:24:40.306 DEBUG 4252 --- [           main] o.s.c.e.PropertySourcesPropertyResolver  : Searching for key 'USERDOMAIN_ROAMINGPROFILE' in [systemEnvironment]
2017-05-25 12:24:40.306 DEBUG 4252 --- [           main] o.s.c.e.PropertySourcesPropertyResolver  : Found key 'USERDOMAIN_ROAMINGPROFILE' in [systemEnvironment] with type [String] and value 'NORVAX'
2017-05-25 12:24:40.306 DEBUG 4252 --- [           main] o.s.c.e.PropertySourcesPropertyResolver  : Searching for key 'PROCESSOR_LEVEL' in [systemProperties]
2017-05-25 12:24:40.306 DEBUG 4252 --- [           main] o.s.c.e.PropertySourcesPropertyResolver  : Searching for key 'PROCESSOR_LEVEL' in [systemEnvironment]
2017-05-25 12:24:40.306 DEBUG 4252 --- [           main] o.s.c.e.PropertySourcesPropertyResolver  : Found key 'PROCESSOR_LEVEL' in [systemEnvironment] with type [String] and value '6'
2017-05-25 12:24:40.306 DEBUG 4252 --- [           main] o.s.c.e.PropertySourcesPropertyResolver  : Searching for key 'SYSTEMDRIVE' in [systemProperties]
2017-05-25 12:24:40.319 DEBUG 4252 --- [           main] o.s.c.e.PropertySourcesPropertyResolver  : Searching for key 'SYSTEMDRIVE' in [systemEnvironment]
2017-05-25 12:24:40.319 DEBUG 4252 --- [           main] o.s.c.e.PropertySourcesPropertyResolver  : Found key 'SYSTEMDRIVE' in [systemEnvironment] with type [String] and value 'C:'
2017-05-25 12:24:40.319 DEBUG 4252 --- [           main] o.s.c.e.PropertySourcesPropertyResolver  : Searching for key 'FP_NO_HOST_CHECK' in [systemProperties]
2017-05-25 12:24:40.319 DEBUG 4252 --- [           main] o.s.c.e.PropertySourcesPropertyResolver  : Searching for key 'FP_NO_HOST_CHECK' in [systemEnvironment]
2017-05-25 12:24:40.319 DEBUG 4252 --- [           main] o.s.c.e.PropertySourcesPropertyResolver  : Found key 'FP_NO_HOST_CHECK' in [systemEnvironment] with type [String] and value 'NO'
2017-05-25 12:24:40.319 DEBUG 4252 --- [           main] o.s.c.e.PropertySourcesPropertyResolver  : Searching for key 'VS140COMNTOOLS' in [systemProperties]
2017-05-25 12:24:40.320 DEBUG 4252 --- [           main] o.s.c.e.PropertySourcesPropertyResolver  : Searching for key 'VS140COMNTOOLS' in [systemEnvironment]
2017-05-25 12:24:40.320 DEBUG 4252 --- [           main] o.s.c.e.PropertySourcesPropertyResolver  : Found key 'VS140COMNTOOLS' in [systemEnvironment] with type [String] and value 'C:\Program Files (x86)\Microsoft Visual Studio 14.0\Common7\Tools\'
2017-05-25 12:24:40.320 DEBUG 4252 --- [           main] o.s.c.e.PropertySourcesPropertyResolver  : Searching for key 'SESSIONNAME' in [systemProperties]
2017-05-25 12:24:40.320 DEBUG 4252 --- [           main] o.s.c.e.PropertySourcesPropertyResolver  : Searching for key 'SESSIONNAME' in [systemEnvironment]
2017-05-25 12:24:40.320 DEBUG 4252 --- [           main] o.s.c.e.PropertySourcesPropertyResolver  : Found key 'SESSIONNAME' in [systemEnvironment] with type [String] and value 'Console'
2017-05-25 12:24:40.320 DEBUG 4252 --- [           main] o.s.c.e.PropertySourcesPropertyResolver  : Searching for key 'SPLUNK_USERNAME' in [systemProperties]
2017-05-25 12:24:40.320 DEBUG 4252 --- [           main] o.s.c.e.PropertySourcesPropertyResolver  : Searching for key 'SPLUNK_USERNAME' in [systemEnvironment]
2017-05-25 12:24:40.320 DEBUG 4252 --- [           main] o.s.c.e.PropertySourcesPropertyResolver  : Found key 'SPLUNK_USERNAME' in [systemEnvironment] with type [String] and value 'rrafacz'
2017-05-25 12:24:40.320 DEBUG 4252 --- [           main] o.s.c.e.PropertySourcesPropertyResolver  : Searching for key 'ALLUSERSPROFILE' in [systemProperties]
2017-05-25 12:24:40.320 DEBUG 4252 --- [           main] o.s.c.e.PropertySourcesPropertyResolver  : Searching for key 'ALLUSERSPROFILE' in [systemEnvironment]
2017-05-25 12:24:40.320 DEBUG 4252 --- [           main] o.s.c.e.PropertySourcesPropertyResolver  : Found key 'ALLUSERSPROFILE' in [systemEnvironment] with type [String] and value 'C:\ProgramData'
2017-05-25 12:24:40.320 DEBUG 4252 --- [           main] o.s.c.e.PropertySourcesPropertyResolver  : Searching for key 'PROCESSOR_ARCHITECTURE' in [systemProperties]
2017-05-25 12:24:40.320 DEBUG 4252 --- [           main] o.s.c.e.PropertySourcesPropertyResolver  : Searching for key 'PROCESSOR_ARCHITECTURE' in [systemEnvironment]
2017-05-25 12:24:40.320 DEBUG 4252 --- [           main] o.s.c.e.PropertySourcesPropertyResolver  : Found key 'PROCESSOR_ARCHITECTURE' in [systemEnvironment] with type [String] and value 'AMD64'
2017-05-25 12:24:40.320 DEBUG 4252 --- [           main] o.s.c.e.PropertySourcesPropertyResolver  : Searching for key 'JIRA_PASSWORD' in [systemProperties]
2017-05-25 12:24:40.320 DEBUG 4252 --- [           main] o.s.c.e.PropertySourcesPropertyResolver  : Searching for key 'JIRA_PASSWORD' in [systemEnvironment]
2017-05-25 12:24:40.320 DEBUG 4252 --- [           main] o.s.c.e.PropertySourcesPropertyResolver  : Found key 'JIRA_PASSWORD' in [systemEnvironment] with type [String] and value 'SNick3rs!2'
2017-05-25 12:24:40.320 DEBUG 4252 --- [           main] o.s.c.e.PropertySourcesPropertyResolver  : Searching for key 'PROGRAMFILES' in [systemProperties]
2017-05-25 12:24:40.321 DEBUG 4252 --- [           main] o.s.c.e.PropertySourcesPropertyResolver  : Searching for key 'PROGRAMFILES' in [systemEnvironment]
2017-05-25 12:24:40.321 DEBUG 4252 --- [           main] o.s.c.e.PropertySourcesPropertyResolver  : Found key 'PROGRAMFILES' in [systemEnvironment] with type [String] and value 'C:\Program Files'
2017-05-25 12:24:40.321 DEBUG 4252 --- [           main] o.s.c.e.PropertySourcesPropertyResolver  : Searching for key 'PSMODULEPATH' in [systemProperties]
2017-05-25 12:24:40.321 DEBUG 4252 --- [           main] o.s.c.e.PropertySourcesPropertyResolver  : Searching for key 'PSMODULEPATH' in [systemEnvironment]
2017-05-25 12:24:40.321 DEBUG 4252 --- [           main] o.s.c.e.PropertySourcesPropertyResolver  : Found key 'PSMODULEPATH' in [systemEnvironment] with type [String] and value 'C:\windows\system32\WindowsPowerShell\v1.0\Modules\'
2017-05-25 12:24:40.321 DEBUG 4252 --- [           main] o.s.c.e.PropertySourcesPropertyResolver  : Searching for key 'PROGRAMDATA' in [systemProperties]
2017-05-25 12:24:40.321 DEBUG 4252 --- [           main] o.s.c.e.PropertySourcesPropertyResolver  : Searching for key 'PROGRAMDATA' in [systemEnvironment]
2017-05-25 12:24:40.321 DEBUG 4252 --- [           main] o.s.c.e.PropertySourcesPropertyResolver  : Found key 'PROGRAMDATA' in [systemEnvironment] with type [String] and value 'C:\ProgramData'
2017-05-25 12:24:40.321 DEBUG 4252 --- [           main] o.s.c.e.PropertySourcesPropertyResolver  : Searching for key 'USERNAME' in [systemProperties]
2017-05-25 12:24:40.321 DEBUG 4252 --- [           main] o.s.c.e.PropertySourcesPropertyResolver  : Searching for key 'USERNAME' in [systemEnvironment]
2017-05-25 12:24:40.321 DEBUG 4252 --- [           main] o.s.c.e.PropertySourcesPropertyResolver  : Found key 'USERNAME' in [systemEnvironment] with type [String] and value 'RRafacz'
2017-05-25 12:24:40.321 DEBUG 4252 --- [           main] o.s.c.e.PropertySourcesPropertyResolver  : Searching for key 'REPORTING_DATABASE_USERNAME' in [systemProperties]
2017-05-25 12:24:40.321 DEBUG 4252 --- [           main] o.s.c.e.PropertySourcesPropertyResolver  : Searching for key 'REPORTING_DATABASE_USERNAME' in [systemEnvironment]
2017-05-25 12:24:40.321 DEBUG 4252 --- [           main] o.s.c.e.PropertySourcesPropertyResolver  : Found key 'REPORTING_DATABASE_USERNAME' in [systemEnvironment] with type [String] and value 'rrafacz'
2017-05-25 12:24:40.321 DEBUG 4252 --- [           main] o.s.c.e.PropertySourcesPropertyResolver  : Searching for key 'USERDNSDOMAIN' in [systemProperties]
2017-05-25 12:24:40.321 DEBUG 4252 --- [           main] o.s.c.e.PropertySourcesPropertyResolver  : Searching for key 'USERDNSDOMAIN' in [systemEnvironment]
2017-05-25 12:24:40.321 DEBUG 4252 --- [           main] o.s.c.e.PropertySourcesPropertyResolver  : Found key 'USERDNSDOMAIN' in [systemEnvironment] with type [String] and value 'NORVAX.NET'
2017-05-25 12:24:40.321 DEBUG 4252 --- [           main] o.s.c.e.PropertySourcesPropertyResolver  : Searching for key 'LOGBASENAME' in [systemProperties]
2017-05-25 12:24:40.321 DEBUG 4252 --- [           main] o.s.c.e.PropertySourcesPropertyResolver  : Searching for key 'LOGBASENAME' in [systemEnvironment]
2017-05-25 12:24:40.321 DEBUG 4252 --- [           main] o.s.c.e.PropertySourcesPropertyResolver  : Found key 'LOGBASENAME' in [systemEnvironment] with type [String] and value 'C:\Users\rrafacz\python_tuts\gohealth'
2017-05-25 12:24:40.321 DEBUG 4252 --- [           main] o.s.c.e.PropertySourcesPropertyResolver  : Searching for key 'PYTHONPATH' in [systemProperties]
2017-05-25 12:24:40.321 DEBUG 4252 --- [           main] o.s.c.e.PropertySourcesPropertyResolver  : Searching for key 'PYTHONPATH' in [systemEnvironment]
2017-05-25 12:24:40.322 DEBUG 4252 --- [           main] o.s.c.e.PropertySourcesPropertyResolver  : Found key 'PYTHONPATH' in [systemEnvironment] with type [String] and value 'C:\Python27\Lib;C:\Python27\DLLs;C:\Python27\Lib\lib-tk;'
2017-05-25 12:24:40.322 DEBUG 4252 --- [           main] o.s.c.e.PropertySourcesPropertyResolver  : Searching for key 'PATHEXT' in [systemProperties]
2017-05-25 12:24:40.322 DEBUG 4252 --- [           main] o.s.c.e.PropertySourcesPropertyResolver  : Searching for key 'PATHEXT' in [systemEnvironment]
2017-05-25 12:24:40.322 DEBUG 4252 --- [           main] o.s.c.e.PropertySourcesPropertyResolver  : Found key 'PATHEXT' in [systemEnvironment] with type [String] and value '.COM;.EXE;.BAT;.CMD;.VBS;.VBE;.JS;.JSE;.WSF;.WSH;.MSC'
2017-05-25 12:24:40.322 DEBUG 4252 --- [           main] o.s.c.e.PropertySourcesPropertyResolver  : Searching for key 'WINDIR' in [systemProperties]
2017-05-25 12:24:40.322 DEBUG 4252 --- [           main] o.s.c.e.PropertySourcesPropertyResolver  : Searching for key 'WINDIR' in [systemEnvironment]
2017-05-25 12:24:40.323 DEBUG 4252 --- [           main] o.s.c.e.PropertySourcesPropertyResolver  : Found key 'WINDIR' in [systemEnvironment] with type [String] and value 'C:\windows'
2017-05-25 12:24:40.323 DEBUG 4252 --- [           main] o.s.c.e.PropertySourcesPropertyResolver  : Searching for key 'HOMEPATH' in [systemProperties]
2017-05-25 12:24:40.323 DEBUG 4252 --- [           main] o.s.c.e.PropertySourcesPropertyResolver  : Searching for key 'HOMEPATH' in [systemEnvironment]
2017-05-25 12:24:40.323 DEBUG 4252 --- [           main] o.s.c.e.PropertySourcesPropertyResolver  : Found key 'HOMEPATH' in [systemEnvironment] with type [String] and value '\Users\rrafacz'
2017-05-25 12:24:40.323 DEBUG 4252 --- [           main] o.s.c.e.PropertySourcesPropertyResolver  : Searching for key 'PROCESSOR_IDENTIFIER' in [systemProperties]
2017-05-25 12:24:40.323 DEBUG 4252 --- [           main] o.s.c.e.PropertySourcesPropertyResolver  : Searching for key 'PROCESSOR_IDENTIFIER' in [systemEnvironment]
2017-05-25 12:24:40.323 DEBUG 4252 --- [           main] o.s.c.e.PropertySourcesPropertyResolver  : Found key 'PROCESSOR_IDENTIFIER' in [systemEnvironment] with type [String] and value 'Intel64 Family 6 Model 69 Stepping 1, GenuineIntel'
2017-05-25 12:24:40.323 DEBUG 4252 --- [           main] o.s.c.e.PropertySourcesPropertyResolver  : Searching for key 'WINDOWS_TRACING_LOGFILE' in [systemProperties]
2017-05-25 12:24:40.323 DEBUG 4252 --- [           main] o.s.c.e.PropertySourcesPropertyResolver  : Searching for key 'WINDOWS_TRACING_LOGFILE' in [systemEnvironment]
2017-05-25 12:24:40.323 DEBUG 4252 --- [           main] o.s.c.e.PropertySourcesPropertyResolver  : Found key 'WINDOWS_TRACING_LOGFILE' in [systemEnvironment] with type [String] and value 'C:\BVTBin\Tests\installpackage\csilogfile.log'
2017-05-25 12:24:40.330 DEBUG 4252 --- [           main] o.s.c.e.PropertySourcesPropertyResolver  : Searching for key 'PUBLIC' in [systemProperties]
2017-05-25 12:24:40.330 DEBUG 4252 --- [           main] o.s.c.e.PropertySourcesPropertyResolver  : Searching for key 'PUBLIC' in [systemEnvironment]
2017-05-25 12:24:40.330 DEBUG 4252 --- [           main] o.s.c.e.PropertySourcesPropertyResolver  : Found key 'PUBLIC' in [systemEnvironment] with type [String] and value 'C:\Users\Public'
2017-05-25 12:24:40.330 DEBUG 4252 --- [           main] o.s.c.e.PropertySourcesPropertyResolver  : Searching for key 'SCRIPTDIR' in [systemProperties]
2017-05-25 12:24:40.330 DEBUG 4252 --- [           main] o.s.c.e.PropertySourcesPropertyResolver  : Searching for key 'SCRIPTDIR' in [systemEnvironment]
2017-05-25 12:24:40.330 DEBUG 4252 --- [           main] o.s.c.e.PropertySourcesPropertyResolver  : Found key 'SCRIPTDIR' in [systemEnvironment] with type [String] and value 'C:\Users\rrafacz\python_tuts\gohealth'
2017-05-25 12:24:40.333 DEBUG 4252 --- [           main] o.s.c.e.PropertySourcesPropertyResolver  : Searching for key '=::' in [systemProperties]
2017-05-25 12:24:40.333 DEBUG 4252 --- [           main] o.s.c.e.PropertySourcesPropertyResolver  : Searching for key '=::' in [systemEnvironment]
2017-05-25 12:24:40.333 DEBUG 4252 --- [           main] o.s.c.e.PropertySourcesPropertyResolver  : Found key '=::' in [systemEnvironment] with type [String] and value '::\'
2017-05-25 12:24:40.333 DEBUG 4252 --- [           main] o.s.c.e.PropertySourcesPropertyResolver  : Searching for key 'LOCALAPPDATA' in [systemProperties]
2017-05-25 12:24:40.333 DEBUG 4252 --- [           main] o.s.c.e.PropertySourcesPropertyResolver  : Searching for key 'LOCALAPPDATA' in [systemEnvironment]
2017-05-25 12:24:40.333 DEBUG 4252 --- [           main] o.s.c.e.PropertySourcesPropertyResolver  : Found key 'LOCALAPPDATA' in [systemEnvironment] with type [String] and value 'C:\Users\rrafacz\AppData\Local'
2017-05-25 12:24:40.333 DEBUG 4252 --- [           main] o.s.c.e.PropertySourcesPropertyResolver  : Searching for key 'COMMONPROGRAMFILES(X86)' in [systemProperties]
2017-05-25 12:24:40.333 DEBUG 4252 --- [           main] o.s.c.e.PropertySourcesPropertyResolver  : Searching for key 'COMMONPROGRAMFILES(X86)' in [systemEnvironment]
2017-05-25 12:24:40.333 DEBUG 4252 --- [           main] o.s.c.e.PropertySourcesPropertyResolver  : Found key 'COMMONPROGRAMFILES(X86)' in [systemEnvironment] with type [String] and value 'C:\Program Files (x86)\Common Files'
2017-05-25 12:24:40.334 DEBUG 4252 --- [           main] o.s.c.e.PropertySourcesPropertyResolver  : Searching for key 'USERDOMAIN' in [systemProperties]
2017-05-25 12:24:40.334 DEBUG 4252 --- [           main] o.s.c.e.PropertySourcesPropertyResolver  : Searching for key 'USERDOMAIN' in [systemEnvironment]
2017-05-25 12:24:40.334 DEBUG 4252 --- [           main] o.s.c.e.PropertySourcesPropertyResolver  : Found key 'USERDOMAIN' in [systemEnvironment] with type [String] and value 'NORVAX'
2017-05-25 12:24:40.334 DEBUG 4252 --- [           main] o.s.c.e.PropertySourcesPropertyResolver  : Searching for key 'LOGONSERVER' in [systemProperties]
2017-05-25 12:24:40.334 DEBUG 4252 --- [           main] o.s.c.e.PropertySourcesPropertyResolver  : Searching for key 'LOGONSERVER' in [systemEnvironment]
2017-05-25 12:24:40.334 DEBUG 4252 --- [           main] o.s.c.e.PropertySourcesPropertyResolver  : Found key 'LOGONSERVER' in [systemEnvironment] with type [String] and value '\\DC1-2012'
2017-05-25 12:24:40.334 DEBUG 4252 --- [           main] o.s.c.e.PropertySourcesPropertyResolver  : Searching for key 'PROMPT' in [systemProperties]
2017-05-25 12:24:40.334 DEBUG 4252 --- [           main] o.s.c.e.PropertySourcesPropertyResolver  : Searching for key 'PROMPT' in [systemEnvironment]
2017-05-25 12:24:40.334 DEBUG 4252 --- [           main] o.s.c.e.PropertySourcesPropertyResolver  : Found key 'PROMPT' in [systemEnvironment] with type [String] and value '$P$G'
2017-05-25 12:24:40.334 DEBUG 4252 --- [           main] o.s.c.e.PropertySourcesPropertyResolver  : Searching for key 'PROGRAMFILES(X86)' in [systemProperties]
2017-05-25 12:24:40.334 DEBUG 4252 --- [           main] o.s.c.e.PropertySourcesPropertyResolver  : Searching for key 'PROGRAMFILES(X86)' in [systemEnvironment]
2017-05-25 12:24:40.334 DEBUG 4252 --- [           main] o.s.c.e.PropertySourcesPropertyResolver  : Found key 'PROGRAMFILES(X86)' in [systemEnvironment] with type [String] and value 'C:\Program Files (x86)'
2017-05-25 12:24:40.334 DEBUG 4252 --- [           main] o.s.c.e.PropertySourcesPropertyResolver  : Searching for key 'PDF' in [systemProperties]
2017-05-25 12:24:40.334 DEBUG 4252 --- [           main] o.s.c.e.PropertySourcesPropertyResolver  : Searching for key 'PDF' in [systemEnvironment]
2017-05-25 12:24:40.335 DEBUG 4252 --- [           main] o.s.c.e.PropertySourcesPropertyResolver  : Found key 'PDF' in [systemEnvironment] with type [String] and value 'C:\tmp\'
2017-05-25 12:24:40.335 DEBUG 4252 --- [           main] o.s.c.e.PropertySourcesPropertyResolver  : Searching for key 'WINDOWS_TRACING_FLAGS' in [systemProperties]
2017-05-25 12:24:40.335 DEBUG 4252 --- [           main] o.s.c.e.PropertySourcesPropertyResolver  : Searching for key 'WINDOWS_TRACING_FLAGS' in [systemEnvironment]
2017-05-25 12:24:40.335 DEBUG 4252 --- [           main] o.s.c.e.PropertySourcesPropertyResolver  : Found key 'WINDOWS_TRACING_FLAGS' in [systemEnvironment] with type [String] and value '3'
2017-05-25 12:24:40.335 DEBUG 4252 --- [           main] o.s.c.e.PropertySourcesPropertyResolver  : Searching for key '=C:' in [systemProperties]
2017-05-25 12:24:40.335 DEBUG 4252 --- [           main] o.s.c.e.PropertySourcesPropertyResolver  : Searching for key '=C:' in [systemEnvironment]
2017-05-25 12:24:40.335 DEBUG 4252 --- [           main] o.s.c.e.PropertySourcesPropertyResolver  : Found key '=C:' in [systemEnvironment] with type [String] and value 'C:\Users\rrafacz\git\stacksonstacks.org'
2017-05-25 12:24:40.335 DEBUG 4252 --- [           main] o.s.c.e.PropertySourcesPropertyResolver  : Searching for key 'APPDATA' in [systemProperties]
2017-05-25 12:24:40.335 DEBUG 4252 --- [           main] o.s.c.e.PropertySourcesPropertyResolver  : Searching for key 'APPDATA' in [systemEnvironment]
2017-05-25 12:24:40.335 DEBUG 4252 --- [           main] o.s.c.e.PropertySourcesPropertyResolver  : Found key 'APPDATA' in [systemEnvironment] with type [String] and value 'C:\Users\rrafacz\AppData\Roaming'
2017-05-25 12:24:40.335 DEBUG 4252 --- [           main] o.s.c.e.PropertySourcesPropertyResolver  : Searching for key 'PROGRAMW6432' in [systemProperties]
2017-05-25 12:24:40.335 DEBUG 4252 --- [           main] o.s.c.e.PropertySourcesPropertyResolver  : Searching for key 'PROGRAMW6432' in [systemEnvironment]
2017-05-25 12:24:40.335 DEBUG 4252 --- [           main] o.s.c.e.PropertySourcesPropertyResolver  : Found key 'PROGRAMW6432' in [systemEnvironment] with type [String] and value 'C:\Program Files'
2017-05-25 12:24:40.335 DEBUG 4252 --- [           main] o.s.c.e.PropertySourcesPropertyResolver  : Searching for key 'SYSTEMROOT' in [systemProperties]
2017-05-25 12:24:40.335 DEBUG 4252 --- [           main] o.s.c.e.PropertySourcesPropertyResolver  : Searching for key 'SYSTEMROOT' in [systemEnvironment]
2017-05-25 12:24:40.335 DEBUG 4252 --- [           main] o.s.c.e.PropertySourcesPropertyResolver  : Found key 'SYSTEMROOT' in [systemEnvironment] with type [String] and value 'C:\windows'
2017-05-25 12:24:40.335 DEBUG 4252 --- [           main] o.s.c.e.PropertySourcesPropertyResolver  : Searching for key 'BO_USERNAME' in [systemProperties]
2017-05-25 12:24:40.335 DEBUG 4252 --- [           main] o.s.c.e.PropertySourcesPropertyResolver  : Searching for key 'BO_USERNAME' in [systemEnvironment]
2017-05-25 12:24:40.335 DEBUG 4252 --- [           main] o.s.c.e.PropertySourcesPropertyResolver  : Found key 'BO_USERNAME' in [systemEnvironment] with type [String] and value 'rrafacz'
2017-05-25 12:24:40.336 DEBUG 4252 --- [           main] o.s.c.e.PropertySourcesPropertyResolver  : Searching for key 'VBOX_MSI_INSTALL_PATH' in [systemProperties]
2017-05-25 12:24:40.336 DEBUG 4252 --- [           main] o.s.c.e.PropertySourcesPropertyResolver  : Searching for key 'VBOX_MSI_INSTALL_PATH' in [systemEnvironment]
2017-05-25 12:24:40.336 DEBUG 4252 --- [           main] o.s.c.e.PropertySourcesPropertyResolver  : Found key 'VBOX_MSI_INSTALL_PATH' in [systemEnvironment] with type [String] and value 'C:\Program Files\Oracle\VirtualBox\'
2017-05-25 12:24:40.336 DEBUG 4252 --- [           main] o.s.c.e.PropertySourcesPropertyResolver  : Searching for key 'LOGDIR' in [systemProperties]
2017-05-25 12:24:40.336 DEBUG 4252 --- [           main] o.s.c.e.PropertySourcesPropertyResolver  : Searching for key 'LOGDIR' in [systemEnvironment]
2017-05-25 12:24:40.336 DEBUG 4252 --- [           main] o.s.c.e.PropertySourcesPropertyResolver  : Found key 'LOGDIR' in [systemEnvironment] with type [String] and value 'S:\CARRIER BPO\BrokerOffice Setups\Script Logs'
2017-05-25 12:24:40.337 DEBUG 4252 --- [           main] o.s.c.e.PropertySourcesPropertyResolver  : Searching for key 'JIRA_USERNAME' in [systemProperties]
2017-05-25 12:24:40.337 DEBUG 4252 --- [           main] o.s.c.e.PropertySourcesPropertyResolver  : Searching for key 'JIRA_USERNAME' in [systemEnvironment]
2017-05-25 12:24:40.337 DEBUG 4252 --- [           main] o.s.c.e.PropertySourcesPropertyResolver  : Found key 'JIRA_USERNAME' in [systemEnvironment] with type [String] and value 'rrafacz'
2017-05-25 12:24:40.337 DEBUG 4252 --- [           main] o.s.c.e.PropertySourcesPropertyResolver  : Searching for key 'OS' in [systemProperties]
2017-05-25 12:24:40.337 DEBUG 4252 --- [           main] o.s.c.e.PropertySourcesPropertyResolver  : Searching for key 'OS' in [systemEnvironment]
2017-05-25 12:24:40.337 DEBUG 4252 --- [           main] o.s.c.e.PropertySourcesPropertyResolver  : Found key 'OS' in [systemEnvironment] with type [String] and value 'Windows_NT'
2017-05-25 12:24:40.337 DEBUG 4252 --- [           main] o.s.c.e.PropertySourcesPropertyResolver  : Searching for key 'COMMONPROGRAMW6432' in [systemProperties]
2017-05-25 12:24:40.337 DEBUG 4252 --- [           main] o.s.c.e.PropertySourcesPropertyResolver  : Searching for key 'COMMONPROGRAMW6432' in [systemEnvironment]
2017-05-25 12:24:40.337 DEBUG 4252 --- [           main] o.s.c.e.PropertySourcesPropertyResolver  : Found key 'COMMONPROGRAMW6432' in [systemEnvironment] with type [String] and value 'C:\Program Files\Common Files'
2017-05-25 12:24:40.337 DEBUG 4252 --- [           main] o.s.c.e.PropertySourcesPropertyResolver  : Searching for key 'COMPUTERNAME' in [systemProperties]
2017-05-25 12:24:40.337 DEBUG 4252 --- [           main] o.s.c.e.PropertySourcesPropertyResolver  : Searching for key 'COMPUTERNAME' in [systemEnvironment]
2017-05-25 12:24:40.337 DEBUG 4252 --- [           main] o.s.c.e.PropertySourcesPropertyResolver  : Found key 'COMPUTERNAME' in [systemEnvironment] with type [String] and value 'RRAFACZ-LT'
2017-05-25 12:24:40.337 DEBUG 4252 --- [           main] o.s.c.e.PropertySourcesPropertyResolver  : Searching for key 'COMMONPROGRAMFILES' in [systemProperties]
2017-05-25 12:24:40.337 DEBUG 4252 --- [           main] o.s.c.e.PropertySourcesPropertyResolver  : Searching for key 'COMMONPROGRAMFILES' in [systemEnvironment]
2017-05-25 12:24:40.337 DEBUG 4252 --- [           main] o.s.c.e.PropertySourcesPropertyResolver  : Found key 'COMMONPROGRAMFILES' in [systemEnvironment] with type [String] and value 'C:\Program Files\Common Files'
2017-05-25 12:24:40.337 DEBUG 4252 --- [           main] o.s.c.e.PropertySourcesPropertyResolver  : Searching for key 'COMSPEC' in [systemProperties]
2017-05-25 12:24:40.337 DEBUG 4252 --- [           main] o.s.c.e.PropertySourcesPropertyResolver  : Searching for key 'COMSPEC' in [systemEnvironment]
2017-05-25 12:24:40.338 DEBUG 4252 --- [           main] o.s.c.e.PropertySourcesPropertyResolver  : Found key 'COMSPEC' in [systemEnvironment] with type [String] and value 'C:\windows\system32\cmd.exe'
2017-05-25 12:24:40.341 DEBUG 4252 --- [           main] o.s.c.e.PropertySourcesPropertyResolver  : Searching for key 'PROCESSOR_REVISION' in [systemProperties]
2017-05-25 12:24:40.341 DEBUG 4252 --- [           main] o.s.c.e.PropertySourcesPropertyResolver  : Searching for key 'PROCESSOR_REVISION' in [systemEnvironment]
2017-05-25 12:24:40.342 DEBUG 4252 --- [           main] o.s.c.e.PropertySourcesPropertyResolver  : Found key 'PROCESSOR_REVISION' in [systemEnvironment] with type [String] and value '4501'
2017-05-25 12:24:40.342 DEBUG 4252 --- [           main] o.s.c.e.PropertySourcesPropertyResolver  : Searching for key 'SPLUNK_PASSWORD' in [systemProperties]
2017-05-25 12:24:40.342 DEBUG 4252 --- [           main] o.s.c.e.PropertySourcesPropertyResolver  : Searching for key 'SPLUNK_PASSWORD' in [systemEnvironment]
2017-05-25 12:24:40.342 DEBUG 4252 --- [           main] o.s.c.e.PropertySourcesPropertyResolver  : Found key 'SPLUNK_PASSWORD' in [systemEnvironment] with type [String] and value 'Snick3rs1'
2017-05-25 12:24:40.342 DEBUG 4252 --- [           main] o.s.c.e.PropertySourcesPropertyResolver  : Searching for key 'TEMP' in [systemProperties]
2017-05-25 12:24:40.342 DEBUG 4252 --- [           main] o.s.c.e.PropertySourcesPropertyResolver  : Searching for key 'TEMP' in [systemEnvironment]
2017-05-25 12:24:40.342 DEBUG 4252 --- [           main] o.s.c.e.PropertySourcesPropertyResolver  : Found key 'TEMP' in [systemEnvironment] with type [String] and value 'C:\Users\rrafacz\AppData\Local\Temp'
2017-05-25 12:24:40.342 DEBUG 4252 --- [           main] o.s.c.e.PropertySourcesPropertyResolver  : Searching for key 'HOMEDRIVE' in [systemProperties]
2017-05-25 12:24:40.342 DEBUG 4252 --- [           main] o.s.c.e.PropertySourcesPropertyResolver  : Searching for key 'HOMEDRIVE' in [systemEnvironment]
2017-05-25 12:24:40.342 DEBUG 4252 --- [           main] o.s.c.e.PropertySourcesPropertyResolver  : Found key 'HOMEDRIVE' in [systemEnvironment] with type [String] and value 'C:'
2017-05-25 12:24:40.342 DEBUG 4252 --- [           main] o.s.c.e.PropertySourcesPropertyResolver  : Searching for key 'USERPROFILE' in [systemProperties]
2017-05-25 12:24:40.342 DEBUG 4252 --- [           main] o.s.c.e.PropertySourcesPropertyResolver  : Searching for key 'USERPROFILE' in [systemEnvironment]
2017-05-25 12:24:40.342 DEBUG 4252 --- [           main] o.s.c.e.PropertySourcesPropertyResolver  : Found key 'USERPROFILE' in [systemEnvironment] with type [String] and value 'C:\Users\rrafacz'
2017-05-25 12:24:40.343 DEBUG 4252 --- [           main] o.s.c.e.PropertySourcesPropertyResolver  : Searching for key 'TMP' in [systemProperties]
2017-05-25 12:24:40.343 DEBUG 4252 --- [           main] o.s.c.e.PropertySourcesPropertyResolver  : Searching for key 'TMP' in [systemEnvironment]
2017-05-25 12:24:40.343 DEBUG 4252 --- [           main] o.s.c.e.PropertySourcesPropertyResolver  : Found key 'TMP' in [systemEnvironment] with type [String] and value 'C:\Users\rrafacz\AppData\Local\Temp'
2017-05-25 12:24:40.343 DEBUG 4252 --- [           main] o.s.c.e.PropertySourcesPropertyResolver  : Searching for key 'BO_PASSWORD' in [systemProperties]
2017-05-25 12:24:40.343 DEBUG 4252 --- [           main] o.s.c.e.PropertySourcesPropertyResolver  : Searching for key 'BO_PASSWORD' in [systemEnvironment]
2017-05-25 12:24:40.343 DEBUG 4252 --- [           main] o.s.c.e.PropertySourcesPropertyResolver  : Found key 'BO_PASSWORD' in [systemEnvironment] with type [String] and value 'Snick3rs!2'
2017-05-25 12:24:40.343 DEBUG 4252 --- [           main] o.s.c.e.PropertySourcesPropertyResolver  : Searching for key 'NUMBER_OF_PROCESSORS' in [systemProperties]
2017-05-25 12:24:40.343 DEBUG 4252 --- [           main] o.s.c.e.PropertySourcesPropertyResolver  : Searching for key 'NUMBER_OF_PROCESSORS' in [systemEnvironment]
2017-05-25 12:24:40.343 DEBUG 4252 --- [           main] o.s.c.e.PropertySourcesPropertyResolver  : Found key 'NUMBER_OF_PROCESSORS' in [systemEnvironment] with type [String] and value '4'
2017-05-25 12:24:40.343 DEBUG 4252 --- [           main] o.s.c.e.PropertySourcesPropertyResolver  : Searching for key 'REPORTING_DATABASE_PASSWORD' in [systemProperties]
2017-05-25 12:24:40.344 DEBUG 4252 --- [           main] o.s.c.e.PropertySourcesPropertyResolver  : Searching for key 'REPORTING_DATABASE_PASSWORD' in [systemEnvironment]
2017-05-25 12:24:40.344 DEBUG 4252 --- [           main] o.s.c.e.PropertySourcesPropertyResolver  : Found key 'REPORTING_DATABASE_PASSWORD' in [systemEnvironment] with type [String] and value '1b5adfe5ebe408accf4a126ea485c866'
2017-05-25 12:24:40.344 DEBUG 4252 --- [           main] o.s.c.e.PropertySourcesPropertyResolver  : Searching for key 'spring.jmx.enabled' in [systemProperties]
2017-05-25 12:24:40.344 DEBUG 4252 --- [           main] o.s.c.e.PropertySourcesPropertyResolver  : Searching for key 'spring.jmx.enabled' in [systemEnvironment]
2017-05-25 12:24:40.344 DEBUG 4252 --- [           main] o.s.c.e.PropertySourcesPropertyResolver  : Searching for key 'spring.jmx.enabled' in [random]
2017-05-25 12:24:40.344 DEBUG 4252 --- [           main] o.s.c.e.PropertySourcesPropertyResolver  : Searching for key 'spring.jmx.enabled' in [integrationTest]
2017-05-25 12:24:40.344 DEBUG 4252 --- [           main] o.s.c.e.PropertySourcesPropertyResolver  : Found key 'spring.jmx.enabled' in [integrationTest] with type [String] and value 'false'
2017-05-25 12:24:40.344 DEBUG 4252 --- [           main] o.s.c.e.PropertySourcesPropertyResolver  : Searching for key 'server.port' in [systemProperties]
2017-05-25 12:24:40.344 DEBUG 4252 --- [           main] o.s.c.e.PropertySourcesPropertyResolver  : Searching for key 'server.port' in [systemEnvironment]
2017-05-25 12:24:40.344 DEBUG 4252 --- [           main] o.s.c.e.PropertySourcesPropertyResolver  : Searching for key 'server.port' in [random]
2017-05-25 12:24:40.344 DEBUG 4252 --- [           main] o.s.c.e.PropertySourcesPropertyResolver  : Searching for key 'server.port' in [integrationTest]
2017-05-25 12:24:40.344 DEBUG 4252 --- [           main] o.s.c.e.PropertySourcesPropertyResolver  : Found key 'server.port' in [integrationTest] with type [String] and value '-1'
2017-05-25 12:24:40.344 DEBUG 4252 --- [           main] o.s.c.e.PropertySourcesPropertyResolver  : Searching for key 'logging.level.org.springframework' in [systemProperties]
2017-05-25 12:24:40.344 DEBUG 4252 --- [           main] o.s.c.e.PropertySourcesPropertyResolver  : Searching for key 'logging.level.org.springframework' in [systemEnvironment]
2017-05-25 12:24:40.344 DEBUG 4252 --- [           main] o.s.c.e.PropertySourcesPropertyResolver  : Searching for key 'logging.level.org.springframework' in [random]
2017-05-25 12:24:40.344 DEBUG 4252 --- [           main] o.s.c.e.PropertySourcesPropertyResolver  : Searching for key 'logging.level.org.springframework' in [integrationTest]
2017-05-25 12:24:40.344 DEBUG 4252 --- [           main] o.s.c.e.PropertySourcesPropertyResolver  : Searching for key 'logging.level.org.springframework' in [applicationConfigurationProperties]
2017-05-25 12:24:40.344 DEBUG 4252 --- [           main] o.s.c.e.PropertySourcesPropertyResolver  : Found key 'logging.level.org.springframework' in [applicationConfigurationProperties] with type [String] and value 'DEBUG'
2017-05-25 12:24:40.347 DEBUG 4252 --- [           main] o.s.c.e.PropertySourcesPropertyResolver  : Searching for key 'logging.level.org.hibernate' in [systemProperties]
2017-05-25 12:24:40.347 DEBUG 4252 --- [           main] o.s.c.e.PropertySourcesPropertyResolver  : Searching for key 'logging.level.org.hibernate' in [systemEnvironment]
2017-05-25 12:24:40.348 DEBUG 4252 --- [           main] o.s.c.e.PropertySourcesPropertyResolver  : Searching for key 'logging.level.org.hibernate' in [random]
2017-05-25 12:24:40.348 DEBUG 4252 --- [           main] o.s.c.e.PropertySourcesPropertyResolver  : Searching for key 'logging.level.org.hibernate' in [integrationTest]
2017-05-25 12:24:40.348 DEBUG 4252 --- [           main] o.s.c.e.PropertySourcesPropertyResolver  : Searching for key 'logging.level.org.hibernate' in [applicationConfigurationProperties]
2017-05-25 12:24:40.349 DEBUG 4252 --- [           main] o.s.c.e.PropertySourcesPropertyResolver  : Found key 'logging.level.org.hibernate' in [applicationConfigurationProperties] with type [String] and value 'DEBUG'
2017-05-25 12:24:40.350 DEBUG 4252 --- [           main] o.s.c.e.PropertySourcesPropertyResolver  : Searching for key 'spring.h2.console.enabled' in [systemProperties]
2017-05-25 12:24:40.350 DEBUG 4252 --- [           main] o.s.c.e.PropertySourcesPropertyResolver  : Searching for key 'spring.h2.console.enabled' in [systemEnvironment]
2017-05-25 12:24:40.350 DEBUG 4252 --- [           main] o.s.c.e.PropertySourcesPropertyResolver  : Searching for key 'spring.h2.console.enabled' in [random]
2017-05-25 12:24:40.350 DEBUG 4252 --- [           main] o.s.c.e.PropertySourcesPropertyResolver  : Searching for key 'spring.h2.console.enabled' in [integrationTest]
2017-05-25 12:24:40.351 DEBUG 4252 --- [           main] o.s.c.e.PropertySourcesPropertyResolver  : Searching for key 'spring.h2.console.enabled' in [applicationConfigurationProperties]
2017-05-25 12:24:40.351 DEBUG 4252 --- [           main] o.s.c.e.PropertySourcesPropertyResolver  : Found key 'spring.h2.console.enabled' in [applicationConfigurationProperties] with type [String] and value 'true'
2017-05-25 12:24:40.351 DEBUG 4252 --- [           main] o.s.c.e.PropertySourcesPropertyResolver  : Searching for key 'logging.level.org.springframework.web' in [systemProperties]
2017-05-25 12:24:40.351 DEBUG 4252 --- [           main] o.s.c.e.PropertySourcesPropertyResolver  : Searching for key 'logging.level.org.springframework.web' in [systemEnvironment]
2017-05-25 12:24:40.351 DEBUG 4252 --- [           main] o.s.c.e.PropertySourcesPropertyResolver  : Searching for key 'logging.level.org.springframework.web' in [random]
2017-05-25 12:24:40.351 DEBUG 4252 --- [           main] o.s.c.e.PropertySourcesPropertyResolver  : Searching for key 'logging.level.org.springframework.web' in [integrationTest]
2017-05-25 12:24:40.351 DEBUG 4252 --- [           main] o.s.c.e.PropertySourcesPropertyResolver  : Searching for key 'logging.level.org.springframework.web' in [applicationConfigurationProperties]
2017-05-25 12:24:40.351 DEBUG 4252 --- [           main] o.s.c.e.PropertySourcesPropertyResolver  : Found key 'logging.level.org.springframework.web' in [applicationConfigurationProperties] with type [String] and value 'ERROR'
2017-05-25 12:24:40.351 DEBUG 4252 --- [           main] o.s.c.e.PropertySourcesPropertyResolver  : Searching for key 'spring.mustache.cache' in [systemProperties]
2017-05-25 12:24:40.351 DEBUG 4252 --- [           main] o.s.c.e.PropertySourcesPropertyResolver  : Searching for key 'spring.mustache.cache' in [systemEnvironment]
2017-05-25 12:24:40.351 DEBUG 4252 --- [           main] o.s.c.e.PropertySourcesPropertyResolver  : Searching for key 'spring.mustache.cache' in [random]
2017-05-25 12:24:40.351 DEBUG 4252 --- [           main] o.s.c.e.PropertySourcesPropertyResolver  : Searching for key 'spring.mustache.cache' in [integrationTest]
2017-05-25 12:24:40.351 DEBUG 4252 --- [           main] o.s.c.e.PropertySourcesPropertyResolver  : Searching for key 'spring.mustache.cache' in [applicationConfigurationProperties]
2017-05-25 12:24:40.351 DEBUG 4252 --- [           main] o.s.c.e.PropertySourcesPropertyResolver  : Searching for key 'spring.mustache.cache' in [refresh]
2017-05-25 12:24:40.351 DEBUG 4252 --- [           main] o.s.c.e.PropertySourcesPropertyResolver  : Found key 'spring.mustache.cache' in [refresh] with type [String] and value 'false'
2017-05-25 12:24:40.351 DEBUG 4252 --- [           main] o.s.c.e.PropertySourcesPropertyResolver  : Searching for key 'spring.h2.console.enabled' in [systemProperties]
2017-05-25 12:24:40.351 DEBUG 4252 --- [           main] o.s.c.e.PropertySourcesPropertyResolver  : Searching for key 'spring.h2.console.enabled' in [systemEnvironment]
2017-05-25 12:24:40.352 DEBUG 4252 --- [           main] o.s.c.e.PropertySourcesPropertyResolver  : Searching for key 'spring.h2.console.enabled' in [random]
2017-05-25 12:24:40.352 DEBUG 4252 --- [           main] o.s.c.e.PropertySourcesPropertyResolver  : Searching for key 'spring.h2.console.enabled' in [integrationTest]
2017-05-25 12:24:40.352 DEBUG 4252 --- [           main] o.s.c.e.PropertySourcesPropertyResolver  : Searching for key 'spring.h2.console.enabled' in [applicationConfigurationProperties]
2017-05-25 12:24:40.352 DEBUG 4252 --- [           main] o.s.c.e.PropertySourcesPropertyResolver  : Found key 'spring.h2.console.enabled' in [applicationConfigurationProperties] with type [String] and value 'true'
2017-05-25 12:24:40.352 DEBUG 4252 --- [           main] o.s.c.e.PropertySourcesPropertyResolver  : Searching for key 'spring.groovy.template.cache' in [systemProperties]
2017-05-25 12:24:40.352 DEBUG 4252 --- [           main] o.s.c.e.PropertySourcesPropertyResolver  : Searching for key 'spring.groovy.template.cache' in [systemEnvironment]
2017-05-25 12:24:40.352 DEBUG 4252 --- [           main] o.s.c.e.PropertySourcesPropertyResolver  : Searching for key 'spring.groovy.template.cache' in [random]
2017-05-25 12:24:40.352 DEBUG 4252 --- [           main] o.s.c.e.PropertySourcesPropertyResolver  : Searching for key 'spring.groovy.template.cache' in [integrationTest]
2017-05-25 12:24:40.352 DEBUG 4252 --- [           main] o.s.c.e.PropertySourcesPropertyResolver  : Searching for key 'spring.groovy.template.cache' in [applicationConfigurationProperties]
2017-05-25 12:24:40.352 DEBUG 4252 --- [           main] o.s.c.e.PropertySourcesPropertyResolver  : Searching for key 'spring.groovy.template.cache' in [refresh]
2017-05-25 12:24:40.352 DEBUG 4252 --- [           main] o.s.c.e.PropertySourcesPropertyResolver  : Found key 'spring.groovy.template.cache' in [refresh] with type [String] and value 'false'
2017-05-25 12:24:40.352 DEBUG 4252 --- [           main] o.s.c.e.PropertySourcesPropertyResolver  : Searching for key 'spring.resources.cache-period' in [systemProperties]
2017-05-25 12:24:40.352 DEBUG 4252 --- [           main] o.s.c.e.PropertySourcesPropertyResolver  : Searching for key 'spring.resources.cache-period' in [systemEnvironment]
2017-05-25 12:24:40.352 DEBUG 4252 --- [           main] o.s.c.e.PropertySourcesPropertyResolver  : Searching for key 'spring.resources.cache-period' in [random]
2017-05-25 12:24:40.352 DEBUG 4252 --- [           main] o.s.c.e.PropertySourcesPropertyResolver  : Searching for key 'spring.resources.cache-period' in [integrationTest]
2017-05-25 12:24:40.352 DEBUG 4252 --- [           main] o.s.c.e.PropertySourcesPropertyResolver  : Searching for key 'spring.resources.cache-period' in [applicationConfigurationProperties]
2017-05-25 12:24:40.352 DEBUG 4252 --- [           main] o.s.c.e.PropertySourcesPropertyResolver  : Searching for key 'spring.resources.cache-period' in [refresh]
2017-05-25 12:24:40.352 DEBUG 4252 --- [           main] o.s.c.e.PropertySourcesPropertyResolver  : Found key 'spring.resources.cache-period' in [refresh] with type [String] and value '0'
2017-05-25 12:24:40.352 DEBUG 4252 --- [           main] o.s.c.e.PropertySourcesPropertyResolver  : Searching for key 'spring.thymeleaf.cache' in [systemProperties]
2017-05-25 12:24:40.352 DEBUG 4252 --- [           main] o.s.c.e.PropertySourcesPropertyResolver  : Searching for key 'spring.thymeleaf.cache' in [systemEnvironment]
2017-05-25 12:24:40.352 DEBUG 4252 --- [           main] o.s.c.e.PropertySourcesPropertyResolver  : Searching for key 'spring.thymeleaf.cache' in [random]
2017-05-25 12:24:40.353 DEBUG 4252 --- [           main] o.s.c.e.PropertySourcesPropertyResolver  : Searching for key 'spring.thymeleaf.cache' in [integrationTest]
2017-05-25 12:24:40.353 DEBUG 4252 --- [           main] o.s.c.e.PropertySourcesPropertyResolver  : Searching for key 'spring.thymeleaf.cache' in [applicationConfigurationProperties]
2017-05-25 12:24:40.353 DEBUG 4252 --- [           main] o.s.c.e.PropertySourcesPropertyResolver  : Searching for key 'spring.thymeleaf.cache' in [refresh]
2017-05-25 12:24:40.353 DEBUG 4252 --- [           main] o.s.c.e.PropertySourcesPropertyResolver  : Found key 'spring.thymeleaf.cache' in [refresh] with type [String] and value 'false'
2017-05-25 12:24:40.353 DEBUG 4252 --- [           main] o.s.c.e.PropertySourcesPropertyResolver  : Searching for key 'spring.freemarker.cache' in [systemProperties]
2017-05-25 12:24:40.354 DEBUG 4252 --- [           main] o.s.c.e.PropertySourcesPropertyResolver  : Searching for key 'spring.freemarker.cache' in [systemEnvironment]
2017-05-25 12:24:40.354 DEBUG 4252 --- [           main] o.s.c.e.PropertySourcesPropertyResolver  : Searching for key 'spring.freemarker.cache' in [random]
2017-05-25 12:24:40.354 DEBUG 4252 --- [           main] o.s.c.e.PropertySourcesPropertyResolver  : Searching for key 'spring.freemarker.cache' in [integrationTest]
2017-05-25 12:24:40.354 DEBUG 4252 --- [           main] o.s.c.e.PropertySourcesPropertyResolver  : Searching for key 'spring.freemarker.cache' in [applicationConfigurationProperties]
2017-05-25 12:24:40.354 DEBUG 4252 --- [           main] o.s.c.e.PropertySourcesPropertyResolver  : Searching for key 'spring.freemarker.cache' in [refresh]
2017-05-25 12:24:40.354 DEBUG 4252 --- [           main] o.s.c.e.PropertySourcesPropertyResolver  : Found key 'spring.freemarker.cache' in [refresh] with type [String] and value 'false'
2017-05-25 12:24:40.354 DEBUG 4252 --- [           main] o.s.c.e.PropertySourcesPropertyResolver  : Searching for key 'spring.velocity.cache' in [systemProperties]
2017-05-25 12:24:40.354 DEBUG 4252 --- [           main] o.s.c.e.PropertySourcesPropertyResolver  : Searching for key 'spring.velocity.cache' in [systemEnvironment]
2017-05-25 12:24:40.354 DEBUG 4252 --- [           main] o.s.c.e.PropertySourcesPropertyResolver  : Searching for key 'spring.velocity.cache' in [random]
2017-05-25 12:24:40.354 DEBUG 4252 --- [           main] o.s.c.e.PropertySourcesPropertyResolver  : Searching for key 'spring.velocity.cache' in [integrationTest]
2017-05-25 12:24:40.354 DEBUG 4252 --- [           main] o.s.c.e.PropertySourcesPropertyResolver  : Searching for key 'spring.velocity.cache' in [applicationConfigurationProperties]
2017-05-25 12:24:40.354 DEBUG 4252 --- [           main] o.s.c.e.PropertySourcesPropertyResolver  : Searching for key 'spring.velocity.cache' in [refresh]
2017-05-25 12:24:40.354 DEBUG 4252 --- [           main] o.s.c.e.PropertySourcesPropertyResolver  : Found key 'spring.velocity.cache' in [refresh] with type [String] and value 'false'
2017-05-25 12:24:40.354 DEBUG 4252 --- [           main] o.s.c.e.PropertySourcesPropertyResolver  : Searching for key 'server.session.persistent' in [systemProperties]
2017-05-25 12:24:40.354 DEBUG 4252 --- [           main] o.s.c.e.PropertySourcesPropertyResolver  : Searching for key 'server.session.persistent' in [systemEnvironment]
2017-05-25 12:24:40.354 DEBUG 4252 --- [           main] o.s.c.e.PropertySourcesPropertyResolver  : Searching for key 'server.session.persistent' in [random]
2017-05-25 12:24:40.354 DEBUG 4252 --- [           main] o.s.c.e.PropertySourcesPropertyResolver  : Searching for key 'server.session.persistent' in [integrationTest]
2017-05-25 12:24:40.354 DEBUG 4252 --- [           main] o.s.c.e.PropertySourcesPropertyResolver  : Searching for key 'server.session.persistent' in [applicationConfigurationProperties]
2017-05-25 12:24:40.354 DEBUG 4252 --- [           main] o.s.c.e.PropertySourcesPropertyResolver  : Searching for key 'server.session.persistent' in [refresh]
2017-05-25 12:24:40.354 DEBUG 4252 --- [           main] o.s.c.e.PropertySourcesPropertyResolver  : Found key 'server.session.persistent' in [refresh] with type [String] and value 'true'
2017-05-25 12:24:40.409 DEBUG 4252 --- [           main] o.s.b.f.s.DefaultListableBeanFactory     : Returning cached instance of singleton bean 'autoConfigurationReport'
2017-05-25 12:24:40.424 DEBUG 4252 --- [           main] o.s.b.f.s.DefaultListableBeanFactory     : Returning cached instance of singleton bean 'autoConfigurationReport'
2017-05-25 12:24:40.438 DEBUG 4252 --- [           main] o.s.b.f.s.DefaultListableBeanFactory     : Returning cached instance of singleton bean 'autoConfigurationReport'
2017-05-25 12:24:40.442 DEBUG 4252 --- [           main] o.s.b.f.s.DefaultListableBeanFactory     : Returning cached instance of singleton bean 'autoConfigurationReport'
2017-05-25 12:24:40.444 DEBUG 4252 --- [           main] o.s.c.e.PropertySourcesPropertyResolver  : Searching for key 'spring.jmx.enabled' in [systemProperties]
2017-05-25 12:24:40.444 DEBUG 4252 --- [           main] o.s.c.e.PropertySourcesPropertyResolver  : Searching for key 'spring.jmx.enabled' in [systemEnvironment]
2017-05-25 12:24:40.444 DEBUG 4252 --- [           main] o.s.c.e.PropertySourcesPropertyResolver  : Searching for key 'spring.jmx.enabled' in [random]
2017-05-25 12:24:40.444 DEBUG 4252 --- [           main] o.s.c.e.PropertySourcesPropertyResolver  : Searching for key 'spring.jmx.enabled' in [integrationTest]
2017-05-25 12:24:40.444 DEBUG 4252 --- [           main] o.s.c.e.PropertySourcesPropertyResolver  : Found key 'spring.jmx.enabled' in [integrationTest] with type [String] and value 'false'
2017-05-25 12:24:40.444 DEBUG 4252 --- [           main] o.s.b.f.s.DefaultListableBeanFactory     : Returning cached instance of singleton bean 'autoConfigurationReport'
2017-05-25 12:24:40.445 DEBUG 4252 --- [           main] o.s.b.f.s.DefaultListableBeanFactory     : Returning cached instance of singleton bean 'autoConfigurationReport'
2017-05-25 12:24:40.446 DEBUG 4252 --- [           main] o.s.b.f.s.DefaultListableBeanFactory     : Returning cached instance of singleton bean 'autoConfigurationReport'
2017-05-25 12:24:40.451 DEBUG 4252 --- [           main] o.s.b.f.s.DefaultListableBeanFactory     : Returning cached instance of singleton bean 'autoConfigurationReport'
2017-05-25 12:24:40.451 DEBUG 4252 --- [           main] o.s.b.f.s.DefaultListableBeanFactory     : Returning cached instance of singleton bean 'autoConfigurationReport'
2017-05-25 12:24:40.454 DEBUG 4252 --- [           main] o.s.b.f.s.DefaultListableBeanFactory     : Returning cached instance of singleton bean 'autoConfigurationReport'
2017-05-25 12:24:40.455 DEBUG 4252 --- [           main] o.s.b.f.s.DefaultListableBeanFactory     : Returning cached instance of singleton bean 'autoConfigurationReport'
2017-05-25 12:24:40.462 DEBUG 4252 --- [           main] o.s.b.f.s.DefaultListableBeanFactory     : Returning cached instance of singleton bean 'autoConfigurationReport'
2017-05-25 12:24:40.463 DEBUG 4252 --- [           main] o.s.b.f.s.DefaultListableBeanFactory     : Returning cached instance of singleton bean 'autoConfigurationReport'
2017-05-25 12:24:40.464 DEBUG 4252 --- [           main] o.s.b.f.s.DefaultListableBeanFactory     : Returning cached instance of singleton bean 'autoConfigurationReport'
2017-05-25 12:24:40.464 DEBUG 4252 --- [           main] o.s.b.f.s.DefaultListableBeanFactory     : Returning cached instance of singleton bean 'autoConfigurationReport'
2017-05-25 12:24:40.477 DEBUG 4252 --- [           main] o.s.b.f.s.DefaultListableBeanFactory     : Returning cached instance of singleton bean 'autoConfigurationReport'
2017-05-25 12:24:40.490 DEBUG 4252 --- [           main] o.s.b.f.s.DefaultListableBeanFactory     : Returning cached instance of singleton bean 'autoConfigurationReport'
2017-05-25 12:24:40.491 DEBUG 4252 --- [           main] o.s.b.f.s.DefaultListableBeanFactory     : Returning cached instance of singleton bean 'autoConfigurationReport'
2017-05-25 12:24:40.492 DEBUG 4252 --- [           main] o.s.b.f.s.DefaultListableBeanFactory     : Returning cached instance of singleton bean 'autoConfigurationReport'
2017-05-25 12:24:40.496 DEBUG 4252 --- [           main] o.s.b.f.s.DefaultListableBeanFactory     : Returning cached instance of singleton bean 'autoConfigurationReport'
2017-05-25 12:24:40.506 DEBUG 4252 --- [           main] o.s.b.f.s.DefaultListableBeanFactory     : Returning cached instance of singleton bean 'autoConfigurationReport'
2017-05-25 12:24:40.519 DEBUG 4252 --- [           main] o.s.b.f.s.DefaultListableBeanFactory     : Returning cached instance of singleton bean 'autoConfigurationReport'
2017-05-25 12:24:40.523 DEBUG 4252 --- [           main] o.s.b.f.s.DefaultListableBeanFactory     : Returning cached instance of singleton bean 'autoConfigurationReport'
2017-05-25 12:24:40.525 DEBUG 4252 --- [           main] o.s.b.f.s.DefaultListableBeanFactory     : Returning cached instance of singleton bean 'autoConfigurationReport'
2017-05-25 12:24:40.526 DEBUG 4252 --- [           main] o.s.b.f.s.DefaultListableBeanFactory     : Returning cached instance of singleton bean 'autoConfigurationReport'
2017-05-25 12:24:40.529 DEBUG 4252 --- [           main] o.s.b.f.s.DefaultListableBeanFactory     : Returning cached instance of singleton bean 'autoConfigurationReport'
2017-05-25 12:24:40.535 DEBUG 4252 --- [           main] o.s.b.f.s.DefaultListableBeanFactory     : Returning cached instance of singleton bean 'autoConfigurationReport'
2017-05-25 12:24:40.544 DEBUG 4252 --- [           main] o.s.b.f.s.DefaultListableBeanFactory     : Returning cached instance of singleton bean 'autoConfigurationReport'
2017-05-25 12:24:40.545 DEBUG 4252 --- [           main] o.s.b.f.s.DefaultListableBeanFactory     : Returning cached instance of singleton bean 'autoConfigurationReport'
2017-05-25 12:24:40.549 DEBUG 4252 --- [           main] o.s.b.f.s.DefaultListableBeanFactory     : Returning cached instance of singleton bean 'autoConfigurationReport'
2017-05-25 12:24:40.550 DEBUG 4252 --- [           main] o.s.b.f.s.DefaultListableBeanFactory     : Returning cached instance of singleton bean 'autoConfigurationReport'
2017-05-25 12:24:40.552 DEBUG 4252 --- [           main] o.s.b.f.s.DefaultListableBeanFactory     : Returning cached instance of singleton bean 'autoConfigurationReport'
2017-05-25 12:24:40.554 DEBUG 4252 --- [           main] o.s.b.f.s.DefaultListableBeanFactory     : Returning cached instance of singleton bean 'autoConfigurationReport'
2017-05-25 12:24:40.554 DEBUG 4252 --- [           main] o.s.b.f.s.DefaultListableBeanFactory     : Returning cached instance of singleton bean 'autoConfigurationReport'
2017-05-25 12:24:40.560 DEBUG 4252 --- [           main] o.s.b.f.s.DefaultListableBeanFactory     : Returning cached instance of singleton bean 'autoConfigurationReport'
2017-05-25 12:24:40.586 DEBUG 4252 --- [           main] o.s.b.f.s.DefaultListableBeanFactory     : Returning cached instance of singleton bean 'autoConfigurationReport'
2017-05-25 12:24:40.590 DEBUG 4252 --- [           main] o.s.b.f.s.DefaultListableBeanFactory     : Returning cached instance of singleton bean 'autoConfigurationReport'
2017-05-25 12:24:40.593 DEBUG 4252 --- [           main] o.s.b.f.s.DefaultListableBeanFactory     : Returning cached instance of singleton bean 'autoConfigurationReport'
2017-05-25 12:24:40.596 DEBUG 4252 --- [           main] o.s.b.f.s.DefaultListableBeanFactory     : Returning cached instance of singleton bean 'autoConfigurationReport'
2017-05-25 12:24:40.614 DEBUG 4252 --- [           main] o.s.b.f.s.DefaultListableBeanFactory     : Returning cached instance of singleton bean 'autoConfigurationReport'
2017-05-25 12:24:40.614 DEBUG 4252 --- [           main] o.s.b.f.s.DefaultListableBeanFactory     : Returning cached instance of singleton bean 'autoConfigurationReport'
2017-05-25 12:24:40.617 DEBUG 4252 --- [           main] o.s.b.f.s.DefaultListableBeanFactory     : Returning cached instance of singleton bean 'autoConfigurationReport'
2017-05-25 12:24:40.619 DEBUG 4252 --- [           main] o.s.b.f.s.DefaultListableBeanFactory     : Returning cached instance of singleton bean 'autoConfigurationReport'
2017-05-25 12:24:40.620 DEBUG 4252 --- [           main] o.s.b.f.s.DefaultListableBeanFactory     : Returning cached instance of singleton bean 'autoConfigurationReport'
2017-05-25 12:24:40.625 DEBUG 4252 --- [           main] o.s.b.f.s.DefaultListableBeanFactory     : Returning cached instance of singleton bean 'autoConfigurationReport'
2017-05-25 12:24:40.628 DEBUG 4252 --- [           main] o.s.b.f.s.DefaultListableBeanFactory     : Returning cached instance of singleton bean 'autoConfigurationReport'
2017-05-25 12:24:40.631 DEBUG 4252 --- [           main] o.s.b.f.s.DefaultListableBeanFactory     : Returning cached instance of singleton bean 'autoConfigurationReport'
2017-05-25 12:24:40.631 DEBUG 4252 --- [           main] o.s.b.f.s.DefaultListableBeanFactory     : Returning cached instance of singleton bean 'autoConfigurationReport'
2017-05-25 12:24:40.632 DEBUG 4252 --- [           main] o.s.b.f.s.DefaultListableBeanFactory     : Returning cached instance of singleton bean 'autoConfigurationReport'
2017-05-25 12:24:40.642 DEBUG 4252 --- [           main] o.s.b.f.s.DefaultListableBeanFactory     : Returning cached instance of singleton bean 'autoConfigurationReport'
2017-05-25 12:24:40.643 DEBUG 4252 --- [           main] o.s.b.f.s.DefaultListableBeanFactory     : Returning cached instance of singleton bean 'autoConfigurationReport'
2017-05-25 12:24:40.649 DEBUG 4252 --- [           main] o.s.b.f.s.DefaultListableBeanFactory     : Returning cached instance of singleton bean 'autoConfigurationReport'
2017-05-25 12:24:40.651 DEBUG 4252 --- [           main] o.s.b.f.s.DefaultListableBeanFactory     : Returning cached instance of singleton bean 'autoConfigurationReport'
2017-05-25 12:24:40.657 DEBUG 4252 --- [           main] o.s.b.f.s.DefaultListableBeanFactory     : Returning cached instance of singleton bean 'autoConfigurationReport'
2017-05-25 12:24:40.662 DEBUG 4252 --- [           main] o.s.b.f.s.DefaultListableBeanFactory     : Returning cached instance of singleton bean 'autoConfigurationReport'
2017-05-25 12:24:40.663 DEBUG 4252 --- [           main] o.s.b.f.s.DefaultListableBeanFactory     : Returning cached instance of singleton bean 'autoConfigurationReport'
2017-05-25 12:24:40.664 DEBUG 4252 --- [           main] o.s.b.f.s.DefaultListableBeanFactory     : Returning cached instance of singleton bean 'autoConfigurationReport'
2017-05-25 12:24:40.666 DEBUG 4252 --- [           main] o.s.b.f.s.DefaultListableBeanFactory     : Returning cached instance of singleton bean 'autoConfigurationReport'
2017-05-25 12:24:40.666 DEBUG 4252 --- [           main] o.s.b.f.s.DefaultListableBeanFactory     : Returning cached instance of singleton bean 'autoConfigurationReport'
2017-05-25 12:24:40.675 DEBUG 4252 --- [           main] o.s.b.f.s.DefaultListableBeanFactory     : Returning cached instance of singleton bean 'autoConfigurationReport'
2017-05-25 12:24:40.676 DEBUG 4252 --- [           main] o.s.b.f.s.DefaultListableBeanFactory     : Returning cached instance of singleton bean 'autoConfigurationReport'
2017-05-25 12:24:40.677 DEBUG 4252 --- [           main] o.s.b.f.s.DefaultListableBeanFactory     : Returning cached instance of singleton bean 'autoConfigurationReport'
2017-05-25 12:24:40.679 DEBUG 4252 --- [           main] o.s.b.f.s.DefaultListableBeanFactory     : Returning cached instance of singleton bean 'autoConfigurationReport'
2017-05-25 12:24:40.680 DEBUG 4252 --- [           main] o.s.b.f.s.DefaultListableBeanFactory     : Returning cached instance of singleton bean 'autoConfigurationReport'
2017-05-25 12:24:40.681 DEBUG 4252 --- [           main] o.s.b.f.s.DefaultListableBeanFactory     : Returning cached instance of singleton bean 'autoConfigurationReport'
2017-05-25 12:24:40.692 DEBUG 4252 --- [           main] o.s.b.f.s.DefaultListableBeanFactory     : Returning cached instance of singleton bean 'autoConfigurationReport'
2017-05-25 12:24:40.697 DEBUG 4252 --- [           main] o.s.b.f.s.DefaultListableBeanFactory     : Returning cached instance of singleton bean 'autoConfigurationReport'
2017-05-25 12:24:40.699 DEBUG 4252 --- [           main] o.s.b.f.s.DefaultListableBeanFactory     : Returning cached instance of singleton bean 'autoConfigurationReport'
2017-05-25 12:24:40.699 DEBUG 4252 --- [           main] o.s.b.f.s.DefaultListableBeanFactory     : Returning cached instance of singleton bean 'autoConfigurationReport'
2017-05-25 12:24:40.701 DEBUG 4252 --- [           main] o.s.b.f.s.DefaultListableBeanFactory     : Returning cached instance of singleton bean 'autoConfigurationReport'
2017-05-25 12:24:40.702 DEBUG 4252 --- [           main] o.s.b.f.s.DefaultListableBeanFactory     : Returning cached instance of singleton bean 'autoConfigurationReport'
2017-05-25 12:24:40.710 DEBUG 4252 --- [           main] o.s.b.f.s.DefaultListableBeanFactory     : Returning cached instance of singleton bean 'autoConfigurationReport'
2017-05-25 12:24:40.710 DEBUG 4252 --- [           main] o.s.b.f.s.DefaultListableBeanFactory     : Returning cached instance of singleton bean 'autoConfigurationReport'
2017-05-25 12:24:40.710 DEBUG 4252 --- [           main] o.s.b.f.s.DefaultListableBeanFactory     : Returning cached instance of singleton bean 'autoConfigurationReport'
2017-05-25 12:24:40.713 DEBUG 4252 --- [           main] o.s.b.f.s.DefaultListableBeanFactory     : Returning cached instance of singleton bean 'autoConfigurationReport'
2017-05-25 12:24:40.714 DEBUG 4252 --- [           main] o.s.b.f.s.DefaultListableBeanFactory     : Returning cached instance of singleton bean 'autoConfigurationReport'
2017-05-25 12:24:40.715 DEBUG 4252 --- [           main] o.s.b.f.s.DefaultListableBeanFactory     : Returning cached instance of singleton bean 'autoConfigurationReport'
2017-05-25 12:24:40.717 DEBUG 4252 --- [           main] o.s.b.f.s.DefaultListableBeanFactory     : Returning cached instance of singleton bean 'autoConfigurationReport'
2017-05-25 12:24:40.717 DEBUG 4252 --- [           main] o.s.b.f.s.DefaultListableBeanFactory     : Returning cached instance of singleton bean 'autoConfigurationReport'
2017-05-25 12:24:40.727 DEBUG 4252 --- [           main] o.s.core.env.StandardEnvironment         : Adding [systemProperties] PropertySource with lowest search precedence
2017-05-25 12:24:40.727 DEBUG 4252 --- [           main] o.s.core.env.StandardEnvironment         : Adding [systemEnvironment] PropertySource with lowest search precedence
2017-05-25 12:24:40.728 DEBUG 4252 --- [           main] o.s.core.env.StandardEnvironment         : Initialized StandardEnvironment with PropertySources [systemProperties,systemEnvironment]
2017-05-25 12:24:40.730 DEBUG 4252 --- [           main] .i.s.PathMatchingResourcePatternResolver : Resolved classpath location [org/springframework/data/] to resources [URL [jar:file:/C:/Users/rrafacz/.m2/repository/org/springframework/data/spring-data-jpa/1.9.4.RELEASE/spring-data-jpa-1.9.4.RELEASE.jar!/org/springframework/data/], URL [jar:file:/C:/Users/rrafacz/.m2/repository/org/springframework/data/spring-data-commons/1.11.4.RELEASE/spring-data-commons-1.11.4.RELEASE.jar!/org/springframework/data/]]
2017-05-25 12:24:40.731 DEBUG 4252 --- [           main] .i.s.PathMatchingResourcePatternResolver : Looking for matching resources in jar file [file:/C:/Users/rrafacz/.m2/repository/org/springframework/data/spring-data-jpa/1.9.4.RELEASE/spring-data-jpa-1.9.4.RELEASE.jar]
2017-05-25 12:24:40.752 DEBUG 4252 --- [           main] .i.s.PathMatchingResourcePatternResolver : Looking for matching resources in jar file [file:/C:/Users/rrafacz/.m2/repository/org/springframework/data/spring-data-commons/1.11.4.RELEASE/spring-data-commons-1.11.4.RELEASE.jar]
2017-05-25 12:24:40.788 DEBUG 4252 --- [           main] .i.s.PathMatchingResourcePatternResolver : Resolved location pattern [classpath*:org/springframework/data/**/*.class] to resources [URL [jar:file:/C:/Users/rrafacz/.m2/repository/org/springframework/data/spring-data-jpa/1.9.4.RELEASE/spring-data-jpa-1.9.4.RELEASE.jar!/org/springframework/data/jpa/mapping/JpaPersistentProperty.class], URL [jar:file:/C:/Users/rrafacz/.m2/repository/org/springframework/data/spring-data-jpa/1.9.4.RELEASE/spring-data-jpa-1.9.4.RELEASE.jar!/org/springframework/data/jpa/mapping/JpaPersistentPropertyImpl.class], URL [jar:file:/C:/Users/rrafacz/.m2/repository/org/springframework/data/spring-data-jpa/1.9.4.RELEASE/spring-data-jpa-1.9.4.RELEASE.jar!/org/springframework/data/jpa/mapping/JpaPersistentEntityImpl.class], URL [jar:file:/C:/Users/rrafacz/.m2/repository/org/springframework/data/spring-data-jpa/1.9.4.RELEASE/spring-data-jpa-1.9.4.RELEASE.jar!/org/springframework/data/jpa/mapping/JpaPersistentEntityImpl$JpaProxyAwareIdentifierAccessor.class], URL [jar:file:/C:/Users/rrafacz/.m2/repository/org/springframework/data/spring-data-jpa/1.9.4.RELEASE/spring-data-jpa-1.9.4.RELEASE.jar!/org/springframework/data/jpa/mapping/JpaMetamodelMappingContext.class], URL [jar:file:/C:/Users/rrafacz/.m2/repository/org/springframework/data/spring-data-jpa/1.9.4.RELEASE/spring-data-jpa-1.9.4.RELEASE.jar!/org/springframework/data/jpa/mapping/JpaPersistentEntity.class], URL [jar:file:/C:/Users/rrafacz/.m2/repository/org/springframework/data/spring-data-jpa/1.9.4.RELEASE/spring-data-jpa-1.9.4.RELEASE.jar!/org/springframework/data/jpa/util/BeanDefinitionUtils$EntityManagerFactoryBeanDefinition.class], URL [jar:file:/C:/Users/rrafacz/.m2/repository/org/springframework/data/spring-data-jpa/1.9.4.RELEASE/spring-data-jpa-1.9.4.RELEASE.jar!/org/springframework/data/jpa/util/BeanDefinitionUtils.class], URL [jar:file:/C:/Users/rrafacz/.m2/repository/org/springframework/data/spring-data-jpa/1.9.4.RELEASE/spring-data-jpa-1.9.4.RELEASE.jar!/org/springframework/data/jpa/convert/threetenbp/ThreeTenBackPortJpaConverters$LocalTimeConverter.class], URL [jar:file:/C:/Users/rrafacz/.m2/repository/org/springframework/data/spring-data-jpa/1.9.4.RELEASE/spring-data-jpa-1.9.4.RELEASE.jar!/org/springframework/data/jpa/convert/threetenbp/ThreeTenBackPortJpaConverters$LocalDateTimeConverter.class], URL [jar:file:/C:/Users/rrafacz/.m2/repository/org/springframework/data/spring-data-jpa/1.9.4.RELEASE/spring-data-jpa-1.9.4.RELEASE.jar!/org/springframework/data/jpa/convert/threetenbp/ThreeTenBackPortJpaConverters$InstantConverter.class], URL [jar:file:/C:/Users/rrafacz/.m2/repository/org/springframework/data/spring-data-jpa/1.9.4.RELEASE/spring-data-jpa-1.9.4.RELEASE.jar!/org/springframework/data/jpa/convert/threetenbp/ThreeTenBackPortJpaConverters$LocalDateConverter.class], URL [jar:file:/C:/Users/rrafacz/.m2/repository/org/springframework/data/spring-data-jpa/1.9.4.RELEASE/spring-data-jpa-1.9.4.RELEASE.jar!/org/springframework/data/jpa/convert/threetenbp/ThreeTenBackPortJpaConverters.class], URL [jar:file:/C:/Users/rrafacz/.m2/repository/org/springframework/data/spring-data-jpa/1.9.4.RELEASE/spring-data-jpa-1.9.4.RELEASE.jar!/org/springframework/data/jpa/convert/threeten/Jsr310JpaConverters$InstantConverter.class], URL [jar:file:/C:/Users/rrafacz/.m2/repository/org/springframework/data/spring-data-jpa/1.9.4.RELEASE/spring-data-jpa-1.9.4.RELEASE.jar!/org/springframework/data/jpa/convert/threeten/Jsr310JpaConverters$LocalDateConverter.class], URL [jar:file:/C:/Users/rrafacz/.m2/repository/org/springframework/data/spring-data-jpa/1.9.4.RELEASE/spring-data-jpa-1.9.4.RELEASE.jar!/org/springframework/data/jpa/convert/threeten/Jsr310JpaConverters$LocalTimeConverter.class], URL [jar:file:/C:/Users/rrafacz/.m2/repository/org/springframework/data/spring-data-jpa/1.9.4.RELEASE/spring-data-jpa-1.9.4.RELEASE.jar!/org/springframework/data/jpa/convert/threeten/Jsr310JpaConverters.class], URL [jar:file:/C:/Users/rrafacz/.m2/repository/org/springframework/data/spring-data-jpa/1.9.4.RELEASE/spring-data-jpa-1.9.4.RELEASE.jar!/org/springframework/data/jpa/convert/threeten/Jsr310JpaConverters$LocalDateTimeConverter.class], URL [jar:file:/C:/Users/rrafacz/.m2/repository/org/springframework/data/spring-data-jpa/1.9.4.RELEASE/spring-data-jpa-1.9.4.RELEASE.jar!/org/springframework/data/jpa/repository/Query.class], URL [jar:file:/C:/Users/rrafacz/.m2/repository/org/springframework/data/spring-data-jpa/1.9.4.RELEASE/spring-data-jpa-1.9.4.RELEASE.jar!/org/springframework/data/jpa/repository/query/ParameterMetadataProvider$1.class], URL [jar:file:/C:/Users/rrafacz/.m2/repository/org/springframework/data/spring-data-jpa/1.9.4.RELEASE/spring-data-jpa-1.9.4.RELEASE.jar!/org/springframework/data/jpa/repository/query/StringQuery.class], URL [jar:file:/C:/Users/rrafacz/.m2/repository/org/springframework/data/spring-data-jpa/1.9.4.RELEASE/spring-data-jpa-1.9.4.RELEASE.jar!/org/springframework/data/jpa/repository/query/JpaQueryExecution.class], URL [jar:file:/C:/Users/rrafacz/.m2/repository/org/springframework/data/spring-data-jpa/1.9.4.RELEASE/spring-data-jpa-1.9.4.RELEASE.jar!/org/springframework/data/jpa/repository/query/JpaQueryLookupStrategy$AbstractQueryLookupStrategy.class], URL [jar:file:/C:/Users/rrafacz/.m2/repository/org/springframework/data/spring-data-jpa/1.9.4.RELEASE/spring-data-jpa-1.9.4.RELEASE.jar!/org/springframework/data/jpa/repository/query/JpaResultConverters$BlobToByteArrayConverter.class], URL [jar:file:/C:/Users/rrafacz/.m2/repository/org/springframework/data/spring-data-jpa/1.9.4.RELEASE/spring-data-jpa-1.9.4.RELEASE.jar!/org/springframework/data/jpa/repository/query/JpaQueryLookupStrategy$CreateQueryLookupStrategy.class], URL [jar:file:/C:/Users/rrafacz/.m2/repository/org/springframework/data/spring-data-jpa/1.9.4.RELEASE/spring-data-jpa-1.9.4.RELEASE.jar!/org/springframework/data/jpa/repository/query/JpaResultConverters.class], URL [jar:file:/C:/Users/rrafacz/.m2/repository/org/springframework/data/spring-data-jpa/1.9.4.RELEASE/spring-data-jpa-1.9.4.RELEASE.jar!/org/springframework/data/jpa/repository/query/JpaQueryExecution$SingleEntityExecution.class], URL [jar:file:/C:/Users/rrafacz/.m2/repository/org/springframework/data/spring-data-jpa/1.9.4.RELEASE/spring-data-jpa-1.9.4.RELEASE.jar!/org/springframework/data/jpa/repository/query/AbstractStringBasedJpaQuery.class], URL [jar:file:/C:/Users/rrafacz/.m2/repository/org/springframework/data/spring-data-jpa/1.9.4.RELEASE/spring-data-jpa-1.9.4.RELEASE.jar!/org/springframework/data/jpa/repository/query/JpaQueryExecution$StreamExecution.class], URL [jar:file:/C:/Users/rrafacz/.m2/repository/org/springframework/data/spring-data-jpa/1.9.4.RELEASE/spring-data-jpa-1.9.4.RELEASE.jar!/org/springframework/data/jpa/repository/query/StoredProcedureAttributeSource$1.class], URL [jar:file:/C:/Users/rrafacz/.m2/repository/org/springframework/data/spring-data-jpa/1.9.4.RELEASE/spring-data-jpa-1.9.4.RELEASE.jar!/org/springframework/data/jpa/repository/query/SpelExpressionStringQueryParameterBinder.class], URL [jar:file:/C:/Users/rrafacz/.m2/repository/org/springframework/data/spring-data-jpa/1.9.4.RELEASE/spring-data-jpa-1.9.4.RELEASE.jar!/org/springframework/data/jpa/repository/query/JpaQueryExecution$ProcedureExecution.class], URL [jar:file:/C:/Users/rrafacz/.m2/repository/org/springframework/data/spring-data-jpa/1.9.4.RELEASE/spring-data-jpa-1.9.4.RELEASE.jar!/org/springframework/data/jpa/repository/query/StringQuery$InParameterBinding.class], URL [jar:file:/C:/Users/rrafacz/.m2/repository/org/springframework/data/spring-data-jpa/1.9.4.RELEASE/spring-data-jpa-1.9.4.RELEASE.jar!/org/springframework/data/jpa/repository/query/JpaQueryExecution$SlicedExecution.class], URL [jar:file:/C:/Users/rrafacz/.m2/repository/org/springframework/data/spring-data-jpa/1.9.4.RELEASE/spring-data-jpa-1.9.4.RELEASE.jar!/org/springframework/data/jpa/repository/query/StringQueryParameterBinder.class], URL [jar:file:/C:/Users/rrafacz/.m2/repository/org/springframework/data/spring-data-jpa/1.9.4.RELEASE/spring-data-jpa-1.9.4.RELEASE.jar!/org/springframework/data/jpa/repository/query/StringQuery$LikeParameterBinding.class], URL [jar:file:/C:/Users/rrafacz/.m2/repository/org/springframework/data/spring-data-jpa/1.9.4.RELEASE/spring-data-jpa-1.9.4.RELEASE.jar!/org/springframework/data/jpa/repository/query/StringQuery$ParameterBinding.class], URL [jar:file:/C:/Users/rrafacz/.m2/repository/org/springframework/data/spring-data-jpa/1.9.4.RELEASE/spring-data-jpa-1.9.4.RELEASE.jar!/org/springframework/data/jpa/repository/query/JpaParameters.class], URL [jar:file:/C:/Users/rrafacz/.m2/repository/org/springframework/data/spring-data-jpa/1.9.4.RELEASE/spring-data-jpa-1.9.4.RELEASE.jar!/org/springframework/data/jpa/repository/query/JpaQueryCreator.class], URL [jar:file:/C:/Users/rrafacz/.m2/repository/org/springframework/data/spring-data-jpa/1.9.4.RELEASE/spring-data-jpa-1.9.4.RELEASE.jar!/org/springframework/data/jpa/repository/query/JpaQueryExecution$DeleteExecution.class], URL [jar:file:/C:/Users/rrafacz/.m2/repository/org/springframework/data/spring-data-jpa/1.9.4.RELEASE/spring-data-jpa-1.9.4.RELEASE.jar!/org/springframework/data/jpa/repository/query/CriteriaQueryParameterBinder.class], URL [jar:file:/C:/Users/rrafacz/.m2/repository/org/springframework/data/spring-data-jpa/1.9.4.RELEASE/spring-data-jpa-1.9.4.RELEASE.jar!/org/springframework/data/jpa/repository/query/JpaQueryLookupStrategy.class], URL [jar:file:/C:/Users/rrafacz/.m2/repository/org/springframework/data/spring-data-jpa/1.9.4.RELEASE/spring-data-jpa-1.9.4.RELEASE.jar!/org/springframework/data/jpa/repository/query/StringQuery$1.class], URL [jar:file:/C:/Users/rrafacz/.m2/repository/org/springframework/data/spring-data-jpa/1.9.4.RELEASE/spring-data-jpa-1.9.4.RELEASE.jar!/org/springframework/data/jpa/repository/query/JpaQueryLookupStrategy$DeclaredQueryLookupStrategy.class], URL [jar:file:/C:/Users/rrafacz/.m2/repository/org/springframework/data/spring-data-jpa/1.9.4.RELEASE/spring-data-jpa-1.9.4.RELEASE.jar!/org/springframework/data/jpa/repository/query/JpaQueryExecution$CollectionExecution.class], URL [jar:file:/C:/Users/rrafacz/.m2/repository/org/springframework/data/spring-data-jpa/1.9.4.RELEASE/spring-data-jpa-1.9.4.RELEASE.jar!/org/springframework/data/jpa/repository/query/JpaQueryExecution$PagedExecution.class], URL [jar:file:/C:/Users/rrafacz/.m2/repository/org/springframework/data/spring-data-jpa/1.9.4.RELEASE/spring-data-jpa-1.9.4.RELEASE.jar!/org/springframework/data/jpa/repository/query/JpaQueryLookupStrategy$CreateIfNotFoundQueryLookupStrategy.class], URL [jar:file:/C:/Users/rrafacz/.m2/repository/org/springframework/data/spring-data-jpa/1.9.4.RELEASE/spring-data-jpa-1.9.4.RELEASE.jar!/org/springframework/data/jpa/repository/query/SimpleJpaQuery.class], URL [jar:file:/C:/Users/rrafacz/.m2/repository/org/springframework/data/spring-data-jpa/1.9.4.RELEASE/spring-data-jpa-1.9.4.RELEASE.jar!/org/springframework/data/jpa/repository/query/StoredProcedureAttributes.class], URL [jar:file:/C:/Users/rrafacz/.m2/repository/org/springframework/data/spring-data-jpa/1.9.4.RELEASE/spring-data-jpa-1.9.4.RELEASE.jar!/org/springframework/data/jpa/repository/query/AbstractJpaQuery.class], URL [jar:file:/C:/Users/rrafacz/.m2/repository/org/springframework/data/spring-data-jpa/1.9.4.RELEASE/spring-data-jpa-1.9.4.RELEASE.jar!/org/springframework/data/jpa/repository/query/JpaEntityGraph.class], URL [jar:file:/C:/Users/rrafacz/.m2/repository/org/springframework/data/spring-data-jpa/1.9.4.RELEASE/spring-data-jpa-1.9.4.RELEASE.jar!/org/springframework/data/jpa/repository/query/ParameterMetadataProvider$ParameterMetadata.class], URL [jar:file:/C:/Users/rrafacz/.m2/repository/org/springframework/data/spring-data-jpa/1.9.4.RELEASE/spring-data-jpa-1.9.4.RELEASE.jar!/org/springframework/data/jpa/repository/query/Jpa21Utils.class], URL [jar:file:/C:/Users/rrafacz/.m2/repository/org/springframework/data/spring-data-jpa/1.9.4.RELEASE/spring-data-jpa-1.9.4.RELEASE.jar!/org/springframework/data/jpa/repository/query/InvalidJpaQueryMethodException.class], URL [jar:file:/C:/Users/rrafacz/.m2/repository/org/springframework/data/spring-data-jpa/1.9.4.RELEASE/spring-data-jpa-1.9.4.RELEASE.jar!/org/springframework/data/jpa/repository/query/PartTreeJpaQuery$CountQueryPreparer.class], URL [jar:file:/C:/Users/rrafacz/.m2/repository/org/springframework/data/spring-data-jpa/1.9.4.RELEASE/spring-data-jpa-1.9.4.RELEASE.jar!/org/springframework/data/jpa/repository/query/JpaQueryCreator$PredicateBuilder.class], URL [jar:file:/C:/Users/rrafacz/.m2/repository/org/springframework/data/spring-data-jpa/1.9.4.RELEASE/spring-data-jpa-1.9.4.RELEASE.jar!/org/springframework/data/jpa/repository/query/JpaEntityMetadata.class], URL [jar:file:/C:/Users/rrafacz/.m2/repository/org/springframework/data/spring-data-jpa/1.9.4.RELEASE/spring-data-jpa-1.9.4.RELEASE.jar!/org/springframework/data/jpa/repository/query/PartTreeJpaQuery$QueryPreparer.class], URL [jar:file:/C:/Users/rrafacz/.m2/repository/org/springframework/data/spring-data-jpa/1.9.4.RELEASE/spring-data-jpa-1.9.4.RELEASE.jar!/org/springframework/data/jpa/repository/query/NativeJpaQuery.class], URL [jar:file:/C:/Users/rrafacz/.m2/repository/org/springframework/data/spring-data-jpa/1.9.4.RELEASE/spring-data-jpa-1.9.4.RELEASE.jar!/org/springframework/data/jpa/repository/query/ExpressionBasedStringQuery.class], URL [jar:file:/C:/Users/rrafacz/.m2/repository/org/springframework/data/spring-data-jpa/1.9.4.RELEASE/spring-data-jpa-1.9.4.RELEASE.jar!/org/springframework/data/jpa/repository/query/JpaQueryFactory.class], URL [jar:file:/C:/Users/rrafacz/.m2/repository/org/springframework/data/spring-data-jpa/1.9.4.RELEASE/spring-data-jpa-1.9.4.RELEASE.jar!/org/springframework/data/jpa/repository/query/JpaQueryCreator$1.class], URL [jar:file:/C:/Users/rrafacz/.m2/repository/org/springframework/data/spring-data-jpa/1.9.4.RELEASE/spring-data-jpa-1.9.4.RELEASE.jar!/org/springframework/data/jpa/repository/query/JpaQueryMethod.class], URL [jar:file:/C:/Users/rrafacz/.m2/repository/org/springframework/data/spring-data-jpa/1.9.4.RELEASE/spring-data-jpa-1.9.4.RELEASE.jar!/org/springframework/data/jpa/repository/query/JpaParameters$JpaParameter.class], URL [jar:file:/C:/Users/rrafacz/.m2/repository/org/springframework/data/spring-data-jpa/1.9.4.RELEASE/spring-data-jpa-1.9.4.RELEASE.jar!/org/springframework/data/jpa/repository/query/PartTreeJpaQuery.class], URL [jar:file:/C:/Users/rrafacz/.m2/repository/org/springframework/data/spring-data-jpa/1.9.4.RELEASE/spring-data-jpa-1.9.4.RELEASE.jar!/org/springframework/data/jpa/repository/query/Procedure.class], URL [jar:file:/C:/Users/rrafacz/.m2/repository/org/springframework/data/spring-data-jpa/1.9.4.RELEASE/spring-data-jpa-1.9.4.RELEASE.jar!/org/springframework/data/jpa/repository/query/StoredProcedureJpaQuery.class], URL [jar:file:/C:/Users/rrafacz/.m2/repository/org/springframework/data/spring-data-jpa/1.9.4.RELEASE/spring-data-jpa-1.9.4.RELEASE.jar!/org/springframework/data/jpa/repository/query/JpaQueryLookupStrategy$1.class], URL [jar:file:/C:/Users/rrafacz/.m2/repository/org/springframework/data/spring-data-jpa/1.9.4.RELEASE/spring-data-jpa-1.9.4.RELEASE.jar!/org/springframework/data/jpa/repository/query/JpaQueryExecution$ModifyingExecution.class], URL [jar:file:/C:/Users/rrafacz/.m2/repository/org/springframework/data/spring-data-jpa/1.9.4.RELEASE/spring-data-jpa-1.9.4.RELEASE.jar!/org/springframework/data/jpa/repository/query/ParameterMetadataProvider.class], URL [jar:file:/C:/Users/rrafacz/.m2/repository/org/springframework/data/spring-data-jpa/1.9.4.RELEASE/spring-data-jpa-1.9.4.RELEASE.jar!/org/springframework/data/jpa/repository/query/JpaCountQueryCreator.class], URL [jar:file:/C:/Users/rrafacz/.m2/repository/org/springframework/data/spring-data-jpa/1.9.4.RELEASE/spring-data-jpa-1.9.4.RELEASE.jar!/org/springframework/data/jpa/repository/query/StringQuery$ParameterBindingParser.class], URL [jar:file:/C:/Users/rrafacz/.m2/repository/org/springframework/data/spring-data-jpa/1.9.4.RELEASE/spring-data-jpa-1.9.4.RELEASE.jar!/org/springframework/data/jpa/repository/query/QueryUtils.class], URL [jar:file:/C:/Users/rrafacz/.m2/repository/org/springframework/data/spring-data-jpa/1.9.4.RELEASE/spring-data-jpa-1.9.4.RELEASE.jar!/org/springframework/data/jpa/repository/query/NamedQuery.class], URL [jar:file:/C:/Users/rrafacz/.m2/repository/org/springframework/data/spring-data-jpa/1.9.4.RELEASE/spring-data-jpa-1.9.4.RELEASE.jar!/org/springframework/data/jpa/repository/query/DefaultJpaEntityMetadata.class], URL [jar:file:/C:/Users/rrafacz/.m2/repository/org/springframework/data/spring-data-jpa/1.9.4.RELEASE/spring-data-jpa-1.9.4.RELEASE.jar!/org/springframework/data/jpa/repository/query/StringQuery$ParameterBindingParser$ParameterBindingType.class], URL [jar:file:/C:/Users/rrafacz/.m2/repository/org/springframework/data/spring-data-jpa/1.9.4.RELEASE/spring-data-jpa-1.9.4.RELEASE.jar!/org/springframework/data/jpa/repository/query/ParameterBinder.class], URL [jar:file:/C:/Users/rrafacz/.m2/repository/org/springframework/data/spring-data-jpa/1.9.4.RELEASE/spring-data-jpa-1.9.4.RELEASE.jar!/org/springframework/data/jpa/repository/query/StoredProcedureAttributeSource.class], URL [jar:file:/C:/Users/rrafacz/.m2/repository/org/springframework/data/spring-data-jpa/1.9.4.RELEASE/spring-data-jpa-1.9.4.RELEASE.jar!/org/springframework/data/jpa/repository/EntityGraph$EntityGraphType.class], URL [jar:file:/C:/Users/rrafacz/.m2/repository/org/springframework/data/spring-data-jpa/1.9.4.RELEASE/spring-data-jpa-1.9.4.RELEASE.jar!/org/springframework/data/jpa/repository/QueryHints.class], URL [jar:file:/C:/Users/rrafacz/.m2/repository/org/springframework/data/spring-data-jpa/1.9.4.RELEASE/spring-data-jpa-1.9.4.RELEASE.jar!/org/springframework/data/jpa/repository/JpaSpecificationExecutor.class], URL [jar:file:/C:/Users/rrafacz/.m2/repository/org/springframework/data/spring-data-jpa/1.9.4.RELEASE/spring-data-jpa-1.9.4.RELEASE.jar!/org/springframework/data/jpa/repository/Lock.class], URL [jar:file:/C:/Users/rrafacz/.m2/repository/org/springframework/data/spring-data-jpa/1.9.4.RELEASE/spring-data-jpa-1.9.4.RELEASE.jar!/org/springframework/data/jpa/repository/cdi/JpaRepositoryBean.class], URL [jar:file:/C:/Users/rrafacz/.m2/repository/org/springframework/data/spring-data-jpa/1.9.4.RELEASE/spring-data-jpa-1.9.4.RELEASE.jar!/org/springframework/data/jpa/repository/cdi/JpaRepositoryExtension.class], URL [jar:file:/C:/Users/rrafacz/.m2/repository/org/springframework/data/spring-data-jpa/1.9.4.RELEASE/spring-data-jpa-1.9.4.RELEASE.jar!/org/springframework/data/jpa/repository/JpaContext.class], URL [jar:file:/C:/Users/rrafacz/.m2/repository/org/springframework/data/spring-data-jpa/1.9.4.RELEASE/spring-data-jpa-1.9.4.RELEASE.jar!/org/springframework/data/jpa/repository/Modifying.class], URL [jar:file:/C:/Users/rrafacz/.m2/repository/org/springframework/data/spring-data-jpa/1.9.4.RELEASE/spring-data-jpa-1.9.4.RELEASE.jar!/org/springframework/data/jpa/repository/config/AuditingBeanDefinitionParser$SpringConfiguredBeanDefinitionParser.class], URL [jar:file:/C:/Users/rrafacz/.m2/repository/org/springframework/data/spring-data-jpa/1.9.4.RELEASE/spring-data-jpa-1.9.4.RELEASE.jar!/org/springframework/data/jpa/repository/config/EnableJpaAuditing.class], URL [jar:file:/C:/Users/rrafacz/.m2/repository/org/springframework/data/spring-data-jpa/1.9.4.RELEASE/spring-data-jpa-1.9.4.RELEASE.jar!/org/springframework/data/jpa/repository/config/AuditingBeanDefinitionParser.class], URL [jar:file:/C:/Users/rrafacz/.m2/repository/org/springframework/data/spring-data-jpa/1.9.4.RELEASE/spring-data-jpa-1.9.4.RELEASE.jar!/org/springframework/data/jpa/repository/config/JpaAuditingRegistrar.class], URL [jar:file:/C:/Users/rrafacz/.m2/repository/org/springframework/data/spring-data-jpa/1.9.4.RELEASE/spring-data-jpa-1.9.4.RELEASE.jar!/org/springframework/data/jpa/repository/config/EnableJpaRepositories.class], URL [jar:file:/C:/Users/rrafacz/.m2/repository/org/springframework/data/spring-data-jpa/1.9.4.RELEASE/spring-data-jpa-1.9.4.RELEASE.jar!/org/springframework/data/jpa/repository/config/AuditingBeanDefinitionParser$1.class], URL [jar:file:/C:/Users/rrafacz/.m2/repository/org/springframework/data/spring-data-jpa/1.9.4.RELEASE/spring-data-jpa-1.9.4.RELEASE.jar!/org/springframework/data/jpa/repository/config/JpaRepositoriesRegistrar.class], URL [jar:file:/C:/Users/rrafacz/.m2/repository/org/springframework/data/spring-data-jpa/1.9.4.RELEASE/spring-data-jpa-1.9.4.RELEASE.jar!/org/springframework/data/jpa/repository/config/JpaRepositoryConfigExtension.class], URL [jar:file:/C:/Users/rrafacz/.m2/repository/org/springframework/data/spring-data-jpa/1.9.4.RELEASE/spring-data-jpa-1.9.4.RELEASE.jar!/org/springframework/data/jpa/repository/config/BeanDefinitionNames.class], URL [jar:file:/C:/Users/rrafacz/.m2/repository/org/springframework/data/spring-data-jpa/1.9.4.RELEASE/spring-data-jpa-1.9.4.RELEASE.jar!/org/springframework/data/jpa/repository/config/JpaRepositoryNameSpaceHandler.class], URL [jar:file:/C:/Users/rrafacz/.m2/repository/org/springframework/data/spring-data-jpa/1.9.4.RELEASE/spring-data-jpa-1.9.4.RELEASE.jar!/org/springframework/data/jpa/repository/config/JpaMetamodelMappingContextFactoryBean.class], URL [jar:file:/C:/Users/rrafacz/.m2/repository/org/springframework/data/spring-data-jpa/1.9.4.RELEASE/spring-data-jpa-1.9.4.RELEASE.jar!/org/springframework/data/jpa/repository/JpaRepository.class], URL [jar:file:/C:/Users/rrafacz/.m2/repository/org/springframework/data/spring-data-jpa/1.9.4.RELEASE/spring-data-jpa-1.9.4.RELEASE.jar!/org/springframework/data/jpa/repository/EntityGraph.class], URL [jar:file:/C:/Users/rrafacz/.m2/repository/org/springframework/data/spring-data-jpa/1.9.4.RELEASE/spring-data-jpa-1.9.4.RELEASE.jar!/org/springframework/data/jpa/repository/support/Querydsl$1.class], URL [jar:file:/C:/Users/rrafacz/.m2/repository/org/springframework/data/spring-data-jpa/1.9.4.RELEASE/spring-data-jpa-1.9.4.RELEASE.jar!/org/springframework/data/jpa/repository/support/CrudMethodMetadataPostProcessor$ThreadBoundTargetSource.class], URL [jar:file:/C:/Users/rrafacz/.m2/repository/org/springframework/data/spring-data-jpa/1.9.4.RELEASE/spring-data-jpa-1.9.4.RELEASE.jar!/org/springframework/data/jpa/repository/support/JpaPersistableEntityInformation.class], URL [jar:file:/C:/Users/rrafacz/.m2/repository/org/springframework/data/spring-data-jpa/1.9.4.RELEASE/spring-data-jpa-1.9.4.RELEASE.jar!/org/springframework/data/jpa/repository/support/CrudMethodMetadataPostProcessor.class], URL [jar:file:/C:/Users/rrafacz/.m2/repository/org/springframework/data/spring-data-jpa/1.9.4.RELEASE/spring-data-jpa-1.9.4.RELEASE.jar!/org/springframework/data/jpa/repository/support/CrudMethodMetadataPostProcessor$1.class], URL [jar:file:/C:/Users/rrafacz/.m2/repository/org/springframework/data/spring-data-jpa/1.9.4.RELEASE/spring-data-jpa-1.9.4.RELEASE.jar!/org/springframework/data/jpa/repository/support/JpaEntityInformation.class], URL [jar:file:/C:/Users/rrafacz/.m2/repository/org/springframework/data/spring-data-jpa/1.9.4.RELEASE/spring-data-jpa-1.9.4.RELEASE.jar!/org/springframework/data/jpa/repository/support/JpaMetamodelEntityInformation.class], URL [jar:file:/C:/Users/rrafacz/.m2/repository/org/springframework/data/spring-data-jpa/1.9.4.RELEASE/spring-data-jpa-1.9.4.RELEASE.jar!/org/springframework/data/jpa/repository/support/JpaMetamodelEntityInformation$IdMetadata.class], URL [jar:file:/C:/Users/rrafacz/.m2/repository/org/springframework/data/spring-data-jpa/1.9.4.RELEASE/spring-data-jpa-1.9.4.RELEASE.jar!/org/springframework/data/jpa/repository/support/JpaEntityInformationSupport.class], URL [jar:file:/C:/Users/rrafacz/.m2/repository/org/springframework/data/spring-data-jpa/1.9.4.RELEASE/spring-data-jpa-1.9.4.RELEASE.jar!/org/springframework/data/jpa/repository/support/QueryDslRepositorySupport.class], URL [jar:file:/C:/Users/rrafacz/.m2/repository/org/springframework/data/spring-data-jpa/1.9.4.RELEASE/spring-data-jpa-1.9.4.RELEASE.jar!/org/springframework/data/jpa/repository/support/JpaRepositoryFactory.class], URL [jar:file:/C:/Users/rrafacz/.m2/repository/org/springframework/data/spring-data-jpa/1.9.4.RELEASE/spring-data-jpa-1.9.4.RELEASE.jar!/org/springframework/data/jpa/repository/support/CrudMethodMetadataPostProcessor$DefaultCrudMethodMetadata.class], URL [jar:file:/C:/Users/rrafacz/.m2/repository/org/springframework/data/spring-data-jpa/1.9.4.RELEASE/spring-data-jpa-1.9.4.RELEASE.jar!/org/springframework/data/jpa/repository/support/SimpleJpaRepository.class], URL [jar:file:/C:/Users/rrafacz/.m2/repository/org/springframework/data/spring-data-jpa/1.9.4.RELEASE/spring-data-jpa-1.9.4.RELEASE.jar!/org/springframework/data/jpa/repository/support/Querydsl.class], URL [jar:file:/C:/Users/rrafacz/.m2/repository/org/springframework/data/spring-data-jpa/1.9.4.RELEASE/spring-data-jpa-1.9.4.RELEASE.jar!/org/springframework/data/jpa/repository/support/CrudMethodMetadata.class], URL [jar:file:/C:/Users/rrafacz/.m2/repository/org/springframework/data/spring-data-jpa/1.9.4.RELEASE/spring-data-jpa-1.9.4.RELEASE.jar!/org/springframework/data/jpa/repository/support/CrudMethodMetadataPostProcessor$CrudMethodMetadataPopulatingMethodInterceptor.class], URL [jar:file:/C:/Users/rrafacz/.m2/repository/org/springframework/data/spring-data-jpa/1.9.4.RELEASE/spring-data-jpa-1.9.4.RELEASE.jar!/org/springframework/data/jpa/repository/support/EntityManagerBeanDefinitionRegistrarPostProcessor.class], URL [jar:file:/C:/Users/rrafacz/.m2/repository/org/springframework/data/spring-data-jpa/1.9.4.RELEASE/spring-data-jpa-1.9.4.RELEASE.jar!/org/springframework/data/jpa/repository/support/JpaMetamodelEntityInformation$IdentifierDerivingDirectFieldAccessFallbackBeanWrapper.class], URL [jar:file:/C:/Users/rrafacz/.m2/repository/org/springframework/data/spring-data-jpa/1.9.4.RELEASE/spring-data-jpa-1.9.4.RELEASE.jar!/org/springframework/data/jpa/repository/support/QueryDslJpaRepository.class], URL [jar:file:/C:/Users/rrafacz/.m2/repository/org/springframework/data/spring-data-jpa/1.9.4.RELEASE/spring-data-jpa-1.9.4.RELEASE.jar!/org/springframework/data/jpa/repository/support/JpaRepositoryFactoryBean.class], URL [jar:file:/C:/Users/rrafacz/.m2/repository/org/springframework/data/spring-data-jpa/1.9.4.RELEASE/spring-data-jpa-1.9.4.RELEASE.jar!/org/springframework/data/jpa/repository/support/DefaultJpaContext.class], URL [jar:file:/C:/Users/rrafacz/.m2/repository/org/springframework/data/spring-data-jpa/1.9.4.RELEASE/spring-data-jpa-1.9.4.RELEASE.jar!/org/springframework/data/jpa/repository/support/SimpleJpaRepository$ByIdsSpecification.class], URL [jar:file:/C:/Users/rrafacz/.m2/repository/org/springframework/data/spring-data-jpa/1.9.4.RELEASE/spring-data-jpa-1.9.4.RELEASE.jar!/org/springframework/data/jpa/repository/Temporal.class], URL [jar:file:/C:/Users/rrafacz/.m2/repository/org/springframework/data/spring-data-jpa/1.9.4.RELEASE/spring-data-jpa-1.9.4.RELEASE.jar!/org/springframework/data/jpa/domain/JpaSort.class], URL [jar:file:/C:/Users/rrafacz/.m2/repository/org/springframework/data/spring-data-jpa/1.9.4.RELEASE/spring-data-jpa-1.9.4.RELEASE.jar!/org/springframework/data/jpa/domain/Specification.class], URL [jar:file:/C:/Users/rrafacz/.m2/repository/org/springframework/data/spring-data-jpa/1.9.4.RELEASE/spring-data-jpa-1.9.4.RELEASE.jar!/org/springframework/data/jpa/domain/JpaSort$1.class], URL [jar:file:/C:/Users/rrafacz/.m2/repository/org/springframework/data/spring-data-jpa/1.9.4.RELEASE/spring-data-jpa-1.9.4.RELEASE.jar!/org/springframework/data/jpa/domain/Specifications$CompositionType$2.class], URL [jar:file:/C:/Users/rrafacz/.m2/repository/org/springframework/data/spring-data-jpa/1.9.4.RELEASE/spring-data-jpa-1.9.4.RELEASE.jar!/org/springframework/data/jpa/domain/QAbstractAuditable.class], URL [jar:file:/C:/Users/rrafacz/.m2/repository/org/springframework/data/spring-data-jpa/1.9.4.RELEASE/spring-data-jpa-1.9.4.RELEASE.jar!/org/springframework/data/jpa/domain/AbstractAuditable.class], URL [jar:file:/C:/Users/rrafacz/.m2/repository/org/springframework/data/spring-data-jpa/1.9.4.RELEASE/spring-data-jpa-1.9.4.RELEASE.jar!/org/springframework/data/jpa/domain/QAbstractPersistable.class], URL [jar:file:/C:/Users/rrafacz/.m2/repository/org/springframework/data/spring-data-jpa/1.9.4.RELEASE/spring-data-jpa-1.9.4.RELEASE.jar!/org/springframework/data/jpa/domain/Specifications$CompositionType$1.class], URL [jar:file:/C:/Users/rrafacz/.m2/repository/org/springframework/data/spring-data-jpa/1.9.4.RELEASE/spring-data-jpa-1.9.4.RELEASE.jar!/org/springframework/data/jpa/domain/Specifications$CompositionType.class], URL [jar:file:/C:/Users/rrafacz/.m2/repository/org/springframework/data/spring-data-jpa/1.9.4.RELEASE/spring-data-jpa-1.9.4.RELEASE.jar!/org/springframework/data/jpa/domain/Specifications.class], URL [jar:file:/C:/Users/rrafacz/.m2/repository/org/springframework/data/spring-data-jpa/1.9.4.RELEASE/spring-data-jpa-1.9.4.RELEASE.jar!/org/springframework/data/jpa/domain/Specifications$ComposedSpecification.class], URL [jar:file:/C:/Users/rrafacz/.m2/repository/org/springframework/data/spring-data-jpa/1.9.4.RELEASE/spring-data-jpa-1.9.4.RELEASE.jar!/org/springframework/data/jpa/domain/AbstractAuditable_.class], URL [jar:file:/C:/Users/rrafacz/.m2/repository/org/springframework/data/spring-data-jpa/1.9.4.RELEASE/spring-data-jpa-1.9.4.RELEASE.jar!/org/springframework/data/jpa/domain/support/AuditingBeanFactoryPostProcessor.class], URL [jar:file:/C:/Users/rrafacz/.m2/repository/org/springframework/data/spring-data-jpa/1.9.4.RELEASE/spring-data-jpa-1.9.4.RELEASE.jar!/org/springframework/data/jpa/domain/support/AuditingEntityListener.class], URL [jar:file:/C:/Users/rrafacz/.m2/repository/org/springframework/data/spring-data-jpa/1.9.4.RELEASE/spring-data-jpa-1.9.4.RELEASE.jar!/org/springframework/data/jpa/domain/Specifications$1.class], URL [jar:file:/C:/Users/rrafacz/.m2/repository/org/springframework/data/spring-data-jpa/1.9.4.RELEASE/spring-data-jpa-1.9.4.RELEASE.jar!/org/springframework/data/jpa/domain/JpaSort$Path.class], URL [jar:file:/C:/Users/rrafacz/.m2/repository/org/springframework/data/spring-data-jpa/1.9.4.RELEASE/spring-data-jpa-1.9.4.RELEASE.jar!/org/springframework/data/jpa/domain/AbstractPersistable.class], URL [jar:file:/C:/Users/rrafacz/.m2/repository/org/springframework/data/spring-data-jpa/1.9.4.RELEASE/spring-data-jpa-1.9.4.RELEASE.jar!/org/springframework/data/jpa/domain/Specifications$NegatedSpecification.class], URL [jar:file:/C:/Users/rrafacz/.m2/repository/org/springframework/data/spring-data-jpa/1.9.4.RELEASE/spring-data-jpa-1.9.4.RELEASE.jar!/org/springframework/data/jpa/domain/AbstractPersistable_.class], URL [jar:file:/C:/Users/rrafacz/.m2/repository/org/springframework/data/spring-data-jpa/1.9.4.RELEASE/spring-data-jpa-1.9.4.RELEASE.jar!/org/springframework/data/jpa/provider/PersistenceProvider$4.class], URL [jar:file:/C:/Users/rrafacz/.m2/repository/org/springframework/data/spring-data-jpa/1.9.4.RELEASE/spring-data-jpa-1.9.4.RELEASE.jar!/org/springframework/data/jpa/provider/PersistenceProvider$EclipseLinkScrollableResultsIterator.class], URL [jar:file:/C:/Users/rrafacz/.m2/repository/org/springframework/data/spring-data-jpa/1.9.4.RELEASE/spring-data-jpa-1.9.4.RELEASE.jar!/org/springframework/data/jpa/provider/PersistenceProvider$3.class], URL [jar:file:/C:/Users/rrafacz/.m2/repository/org/springframework/data/spring-data-jpa/1.9.4.RELEASE/spring-data-jpa-1.9.4.RELEASE.jar!/org/springframework/data/jpa/provider/QueryExtractor.class], URL [jar:file:/C:/Users/rrafacz/.m2/repository/org/springframework/data/spring-data-jpa/1.9.4.RELEASE/spring-data-jpa-1.9.4.RELEASE.jar!/org/springframework/data/jpa/provider/PersistenceProvider.class], URL [jar:file:/C:/Users/rrafacz/.m2/repository/org/springframework/data/spring-data-jpa/1.9.4.RELEASE/spring-data-jpa-1.9.4.RELEASE.jar!/org/springframework/data/jpa/provider/PersistenceProvider$1.class], URL [jar:file:/C:/Users/rrafacz/.m2/repository/org/springframework/data/spring-data-jpa/1.9.4.RELEASE/spring-data-jpa-1.9.4.RELEASE.jar!/org/springframework/data/jpa/provider/PersistenceProvider$2.class], URL [jar:file:/C:/Users/rrafacz/.m2/repository/org/springframework/data/spring-data-jpa/1.9.4.RELEASE/spring-data-jpa-1.9.4.RELEASE.jar!/org/springframework/data/jpa/provider/JpaClassUtils.class], URL [jar:file:/C:/Users/rrafacz/.m2/repository/org/springframework/data/spring-data-jpa/1.9.4.RELEASE/spring-data-jpa-1.9.4.RELEASE.jar!/org/springframework/data/jpa/provider/PersistenceProvider$HibernateScrollableResultsIterator.class], URL [jar:file:/C:/Users/rrafacz/.m2/repository/org/springframework/data/spring-data-jpa/1.9.4.RELEASE/spring-data-jpa-1.9.4.RELEASE.jar!/org/springframework/data/jpa/provider/PersistenceProvider$OpenJpaResultStreamingIterator.class], URL [jar:file:/C:/Users/rrafacz/.m2/repository/org/springframework/data/spring-data-jpa/1.9.4.RELEASE/spring-data-jpa-1.9.4.RELEASE.jar!/org/springframework/data/jpa/provider/PersistenceProvider$Constants.class], URL [jar:file:/C:/Users/rrafacz/.m2/repository/org/springframework/data/spring-data-jpa/1.9.4.RELEASE/spring-data-jpa-1.9.4.RELEASE.jar!/org/springframework/data/jpa/provider/ProxyIdAccessor.class], URL [jar:file:/C:/Users/rrafacz/.m2/repository/org/springframework/data/spring-data-jpa/1.9.4.RELEASE/spring-data-jpa-1.9.4.RELEASE.jar!/org/springframework/data/jpa/support/ClasspathScanningPersistenceUnitPostProcessor.class], URL [jar:file:/C:/Users/rrafacz/.m2/repository/org/springframework/data/spring-data-jpa/1.9.4.RELEASE/spring-data-jpa-1.9.4.RELEASE.jar!/org/springframework/data/jpa/support/MergingPersistenceUnitManager.class], URL [jar:file:/C:/Users/rrafacz/.m2/repository/org/springframework/data/spring-data-commons/1.11.4.RELEASE/spring-data-commons-1.11.4.RELEASE.jar!/org/springframework/data/history/AnnotationRevisionMetadata.class], URL [jar:file:/C:/Users/rrafacz/.m2/repository/org/springframework/data/spring-data-commons/1.11.4.RELEASE/spring-data-commons-1.11.4.RELEASE.jar!/org/springframework/data/history/Revisions.class], URL [jar:file:/C:/Users/rrafacz/.m2/repository/org/springframework/data/spring-data-commons/1.11.4.RELEASE/spring-data-commons-1.11.4.RELEASE.jar!/org/springframework/data/history/RevisionMetadata.class], URL [jar:file:/C:/Users/rrafacz/.m2/repository/org/springframework/data/spring-data-commons/1.11.4.RELEASE/spring-data-commons-1.11.4.RELEASE.jar!/org/springframework/data/history/Revision.class], URL [jar:file:/C:/Users/rrafacz/.m2/repository/org/springframework/data/spring-data-commons/1.11.4.RELEASE/spring-data-commons-1.11.4.RELEASE.jar!/org/springframework/data/mapping/model/SimpleTypeHolder.class], URL [jar:file:/C:/Users/rrafacz/.m2/repository/org/springframework/data/spring-data-commons/1.11.4.RELEASE/spring-data-commons-1.11.4.RELEASE.jar!/org/springframework/data/mapping/model/SpELExpressionEvaluator.class], URL [jar:file:/C:/Users/rrafacz/.m2/repository/org/springframework/data/spring-data-commons/1.11.4.RELEASE/spring-data-commons-1.11.4.RELEASE.jar!/org/springframework/data/mapping/model/CamelCaseAbbreviatingFieldNamingStrategy.class], URL [jar:file:/C:/Users/rrafacz/.m2/repository/org/springframework/data/spring-data-commons/1.11.4.RELEASE/spring-data-commons-1.11.4.RELEASE.jar!/org/springframework/data/mapping/model/MutablePersistentEntity.class], URL [jar:file:/C:/Users/rrafacz/.m2/repository/org/springframework/data/spring-data-commons/1.11.4.RELEASE/spring-data-commons-1.11.4.RELEASE.jar!/org/springframework/data/mapping/model/AnnotationBasedPersistentProperty.class], URL [jar:file:/C:/Users/rrafacz/.m2/repository/org/springframework/data/spring-data-commons/1.11.4.RELEASE/spring-data-commons-1.11.4.RELEASE.jar!/org/springframework/data/mapping/model/MappingInstantiationException.class], URL [jar:file:/C:/Users/rrafacz/.m2/repository/org/springframework/data/spring-data-commons/1.11.4.RELEASE/spring-data-commons-1.11.4.RELEASE.jar!/org/springframework/data/mapping/model/DefaultSpELExpressionEvaluator.class], URL [jar:file:/C:/Users/rrafacz/.m2/repository/org/springframework/data/spring-data-commons/1.11.4.RELEASE/spring-data-commons-1.11.4.RELEASE.jar!/org/springframework/data/mapping/model/BeanWrapper.class], URL [jar:file:/C:/Users/rrafacz/.m2/repository/org/springframework/data/spring-data-commons/1.11.4.RELEASE/spring-data-commons-1.11.4.RELEASE.jar!/org/springframework/data/mapping/model/PropertyNameFieldNamingStrategy.class], URL [jar:file:/C:/Users/rrafacz/.m2/repository/org/springframework/data/spring-data-commons/1.11.4.RELEASE/spring-data-commons-1.11.4.RELEASE.jar!/org/springframework/data/mapping/model/PersistentEntityParameterValueProvider.class], URL [jar:file:/C:/Users/rrafacz/.m2/repository/org/springframework/data/spring-data-commons/1.11.4.RELEASE/spring-data-commons-1.11.4.RELEASE.jar!/org/springframework/data/mapping/model/PropertyValueProvider.class], URL [jar:file:/C:/Users/rrafacz/.m2/repository/org/springframework/data/spring-data-commons/1.11.4.RELEASE/spring-data-commons-1.11.4.RELEASE.jar!/org/springframework/data/mapping/model/BasicPersistentEntity.class], URL [jar:file:/C:/Users/rrafacz/.m2/repository/org/springframework/data/spring-data-commons/1.11.4.RELEASE/spring-data-commons-1.11.4.RELEASE.jar!/org/springframework/data/mapping/model/ConvertingPropertyAccessor.class], URL [jar:file:/C:/Users/rrafacz/.m2/repository/org/springframework/data/spring-data-commons/1.11.4.RELEASE/spring-data-commons-1.11.4.RELEASE.jar!/org/springframework/data/mapping/model/BasicPersistentEntity$AssociationComparator.class], URL [jar:file:/C:/Users/rrafacz/.m2/repository/org/springframework/data/spring-data-commons/1.11.4.RELEASE/spring-data-commons-1.11.4.RELEASE.jar!/org/springframework/data/mapping/model/AbstractPersistentProperty.class], URL [jar:file:/C:/Users/rrafacz/.m2/repository/org/springframework/data/spring-data-commons/1.11.4.RELEASE/spring-data-commons-1.11.4.RELEASE.jar!/org/springframework/data/mapping/model/SpELExpressionParameterValueProvider.class], URL [jar:file:/C:/Users/rrafacz/.m2/repository/org/springframework/data/spring-data-commons/1.11.4.RELEASE/spring-data-commons-1.11.4.RELEASE.jar!/org/springframework/data/mapping/model/BasicPersistentEntity$NullReturningIdentifierAccessor.class], URL [jar:file:/C:/Users/rrafacz/.m2/repository/org/springframework/data/spring-data-commons/1.11.4.RELEASE/spring-data-commons-1.11.4.RELEASE.jar!/org/springframework/data/mapping/model/IllegalMappingException.class], URL [jar:file:/C:/Users/rrafacz/.m2/repository/org/springframework/data/spring-data-commons/1.11.4.RELEASE/spring-data-commons-1.11.4.RELEASE.jar!/org/springframework/data/mapping/model/SnakeCaseFieldNamingStrategy.class], URL [jar:file:/C:/Users/rrafacz/.m2/repository/org/springframework/data/spring-data-commons/1.11.4.RELEASE/spring-data-commons-1.11.4.RELEASE.jar!/org/springframework/data/mapping/model/PreferredConstructorDiscoverer.class], URL [jar:file:/C:/Users/rrafacz/.m2/repository/org/springframework/data/spring-data-commons/1.11.4.RELEASE/spring-data-commons-1.11.4.RELEASE.jar!/org/springframework/data/mapping/model/CamelCaseSplittingFieldNamingStrategy.class], URL [jar:file:/C:/Users/rrafacz/.m2/repository/org/springframework/data/spring-data-commons/1.11.4.RELEASE/spring-data-commons-1.11.4.RELEASE.jar!/org/springframework/data/mapping/model/IdPropertyIdentifierAccessor.class], URL [jar:file:/C:/Users/rrafacz/.m2/repository/org/springframework/data/spring-data-commons/1.11.4.RELEASE/spring-data-commons-1.11.4.RELEASE.jar!/org/springframework/data/mapping/model/SpELContext.class], URL [jar:file:/C:/Users/rrafacz/.m2/repository/org/springframework/data/spring-data-commons/1.11.4.RELEASE/spring-data-commons-1.11.4.RELEASE.jar!/org/springframework/data/mapping/model/MappingException.class], URL [jar:file:/C:/Users/rrafacz/.m2/repository/org/springframework/data/spring-data-commons/1.11.4.RELEASE/spring-data-commons-1.11.4.RELEASE.jar!/org/springframework/data/mapping/model/ParameterValueProvider.class], URL [jar:file:/C:/Users/rrafacz/.m2/repository/org/springframework/data/spring-data-commons/1.11.4.RELEASE/spring-data-commons-1.11.4.RELEASE.jar!/org/springframework/data/mapping/model/FieldNamingStrategy.class], URL [jar:file:/C:/Users/rrafacz/.m2/repository/org/springframework/data/spring-data-commons/1.11.4.RELEASE/spring-data-commons-1.11.4.RELEASE.jar!/org/springframework/data/mapping/PropertyPath$1.class], URL [jar:file:/C:/Users/rrafacz/.m2/repository/org/springframework/data/spring-data-commons/1.11.4.RELEASE/spring-data-commons-1.11.4.RELEASE.jar!/org/springframework/data/mapping/context/AbstractMappingContext$PersistentPropertyFilter.class], URL [jar:file:/C:/Users/rrafacz/.m2/repository/org/springframework/data/spring-data-commons/1.11.4.RELEASE/spring-data-commons-1.11.4.RELEASE.jar!/org/springframework/data/mapping/context/MappingContextEvent.class], URL [jar:file:/C:/Users/rrafacz/.m2/repository/org/springframework/data/spring-data-commons/1.11.4.RELEASE/spring-data-commons-1.11.4.RELEASE.jar!/org/springframework/data/mapping/context/PersistentPropertyPath.class], URL [jar:file:/C:/Users/rrafacz/.m2/repository/org/springframework/data/spring-data-commons/1.11.4.RELEASE/spring-data-commons-1.11.4.RELEASE.jar!/org/springframework/data/mapping/context/MappingContextIsNewStrategyFactory.class], URL [jar:file:/C:/Users/rrafacz/.m2/repository/org/springframework/data/spring-data-commons/1.11.4.RELEASE/spring-data-commons-1.11.4.RELEASE.jar!/org/springframework/data/mapping/context/MappingContextIsNewStrategyFactory$PropertyIsNullOrZeroNumberIsNewStrategy.class], URL [jar:file:/C:/Users/rrafacz/.m2/repository/org/springframework/data/spring-data-commons/1.11.4.RELEASE/spring-data-commons-1.11.4.RELEASE.jar!/org/springframework/data/mapping/context/MappingContextIsNewStrategyFactory$PropertyIsNullIsNewStrategy.class], URL [jar:file:/C:/Users/rrafacz/.m2/repository/org/springframework/data/spring-data-commons/1.11.4.RELEASE/spring-data-commons-1.11.4.RELEASE.jar!/org/springframework/data/mapping/context/DefaultPersistentPropertyPath$PropertyNameConverter.class], URL [jar:file:/C:/Users/rrafacz/.m2/repository/org/springframework/data/spring-data-commons/1.11.4.RELEASE/spring-data-commons-1.11.4.RELEASE.jar!/org/springframework/data/mapping/context/AbstractMappingContext$PersistentPropertyCreator.class], URL [jar:file:/C:/Users/rrafacz/.m2/repository/org/springframework/data/spring-data-commons/1.11.4.RELEASE/spring-data-commons-1.11.4.RELEASE.jar!/org/springframework/data/mapping/context/AbstractMappingContext.class], URL [jar:file:/C:/Users/rrafacz/.m2/repository/org/springframework/data/spring-data-commons/1.11.4.RELEASE/spring-data-commons-1.11.4.RELEASE.jar!/org/springframework/data/mapping/context/InvalidPersistentPropertyPath.class], URL [jar:file:/C:/Users/rrafacz/.m2/repository/org/springframework/data/spring-data-commons/1.11.4.RELEASE/spring-data-commons-1.11.4.RELEASE.jar!/org/springframework/data/mapping/context/AbstractMappingContext$1.class], URL [jar:file:/C:/Users/rrafacz/.m2/repository/org/springframework/data/spring-data-commons/1.11.4.RELEASE/spring-data-commons-1.11.4.RELEASE.jar!/org/springframework/data/mapping/context/MappingContextIsNewStrategyFactory$PersistentPropertyInspectingIsNewStrategy.class], URL [jar:file:/C:/Users/rrafacz/.m2/repository/org/springframework/data/spring-data-commons/1.11.4.RELEASE/spring-data-commons-1.11.4.RELEASE.jar!/org/springframework/data/mapping/context/MappingContext.class], URL [jar:file:/C:/Users/rrafacz/.m2/repository/org/springframework/data/spring-data-commons/1.11.4.RELEASE/spring-data-commons-1.11.4.RELEASE.jar!/org/springframework/data/mapping/context/AbstractMappingContext$PersistentPropertyFilter$PropertyMatch.class], URL [jar:file:/C:/Users/rrafacz/.m2/repository/org/springframework/data/spring-data-commons/1.11.4.RELEASE/spring-data-commons-1.11.4.RELEASE.jar!/org/springframework/data/mapping/context/DefaultPersistentPropertyPath.class], URL [jar:file:/C:/Users/rrafacz/.m2/repository/org/springframework/data/spring-data-commons/1.11.4.RELEASE/spring-data-commons-1.11.4.RELEASE.jar!/org/springframework/data/mapping/context/PersistentEntities.class], URL [jar:file:/C:/Users/rrafacz/.m2/repository/org/springframework/data/spring-data-commons/1.11.4.RELEASE/spring-data-commons-1.11.4.RELEASE.jar!/org/springframework/data/mapping/PersistentProperty.class], URL [jar:file:/C:/Users/rrafacz/.m2/repository/org/springframework/data/spring-data-commons/1.11.4.RELEASE/spring-data-commons-1.11.4.RELEASE.jar!/org/springframework/data/mapping/PreferredConstructor.class], URL [jar:file:/C:/Users/rrafacz/.m2/repository/org/springframework/data/spring-data-commons/1.11.4.RELEASE/spring-data-commons-1.11.4.RELEASE.jar!/org/springframework/data/mapping/Association.class], URL [jar:file:/C:/Users/rrafacz/.m2/repository/org/springframework/data/spring-data-commons/1.11.4.RELEASE/spring-data-commons-1.11.4.RELEASE.jar!/org/springframework/data/mapping/SimplePropertyHandler.class], URL [jar:file:/C:/Users/rrafacz/.m2/repository/org/springframework/data/spring-data-commons/1.11.4.RELEASE/spring-data-commons-1.11.4.RELEASE.jar!/org/springframework/data/mapping/IdentifierAccessor.class], URL [jar:file:/C:/Users/rrafacz/.m2/repository/org/springframework/data/spring-data-commons/1.11.4.RELEASE/spring-data-commons-1.11.4.RELEASE.jar!/org/springframework/data/mapping/PersistentPropertyAccessor.class], URL [jar:file:/C:/Users/rrafacz/.m2/repository/org/springframework/data/spring-data-commons/1.11.4.RELEASE/spring-data-commons-1.11.4.RELEASE.jar!/org/springframework/data/mapping/PropertyPath.class], URL [jar:file:/C:/Users/rrafacz/.m2/repository/org/springframework/data/spring-data-commons/1.11.4.RELEASE/spring-data-commons-1.11.4.RELEASE.jar!/org/springframework/data/mapping/PropertyHandler.class], URL [jar:file:/C:/Users/rrafacz/.m2/repository/org/springframework/data/spring-data-commons/1.11.4.RELEASE/spring-data-commons-1.11.4.RELEASE.jar!/org/springframework/data/mapping/PropertyReferenceException.class], URL [jar:file:/C:/Users/rrafacz/.m2/repository/org/springframework/data/spring-data-commons/1.11.4.RELEASE/spring-data-commons-1.11.4.RELEASE.jar!/org/springframework/data/mapping/AssociationHandler.class], URL [jar:file:/C:/Users/rrafacz/.m2/repository/org/springframework/data/spring-data-commons/1.11.4.RELEASE/spring-data-commons-1.11.4.RELEASE.jar!/org/springframework/data/mapping/PersistentEntity.class], URL [jar:file:/C:/Users/rrafacz/.m2/repository/org/springframework/data/spring-data-commons/1.11.4.RELEASE/spring-data-commons-1.11.4.RELEASE.jar!/org/springframework/data/mapping/PreferredConstructor$Parameter.class], URL [jar:file:/C:/Users/rrafacz/.m2/repository/org/springframework/data/spring-data-commons/1.11.4.RELEASE/spring-data-commons-1.11.4.RELEASE.jar!/org/springframework/data/mapping/SimpleAssociationHandler.class], URL [jar:file:/C:/Users/rrafacz/.m2/repository/org/springframework/data/spring-data-commons/1.11.4.RELEASE/spring-data-commons-1.11.4.RELEASE.jar!/org/springframework/data/geo/GeoModule$DistanceMixin.class], URL [jar:file:/C:/Users/rrafacz/.m2/repository/org/springframework/data/spring-data-commons/1.11.4.RELEASE/spring-data-commons-1.11.4.RELEASE.jar!/org/springframework/data/geo/GeoPage.class], URL [jar:file:/C:/Users/rrafacz/.m2/repository/org/springframework/data/spring-data-commons/1.11.4.RELEASE/spring-data-commons-1.11.4.RELEASE.jar!/org/springframework/data/geo/CustomMetric.class], URL [jar:file:/C:/Users/rrafacz/.m2/repository/org/springframework/data/spring-data-commons/1.11.4.RELEASE/spring-data-commons-1.11.4.RELEASE.jar!/org/springframework/data/geo/GeoModule.class], URL [jar:file:/C:/Users/rrafacz/.m2/repository/org/springframework/data/spring-data-commons/1.11.4.RELEASE/spring-data-commons-1.11.4.RELEASE.jar!/org/springframework/data/geo/GeoModule$PointMixin.class], URL [jar:file:/C:/Users/rrafacz/.m2/repository/org/springframework/data/spring-data-commons/1.11.4.RELEASE/spring-data-commons-1.11.4.RELEASE.jar!/org/springframework/data/geo/GeoResults.class], URL [jar:file:/C:/Users/rrafacz/.m2/repository/org/springframework/data/spring-data-commons/1.11.4.RELEASE/spring-data-commons-1.11.4.RELEASE.jar!/org/springframework/data/geo/Distance.class], URL [jar:file:/C:/Users/rrafacz/.m2/repository/org/springframework/data/spring-data-commons/1.11.4.RELEASE/spring-data-commons-1.11.4.RELEASE.jar!/org/springframework/data/geo/GeoModule$CircleMixin.class], URL [jar:file:/C:/Users/rrafacz/.m2/repository/org/springframework/data/spring-data-commons/1.11.4.RELEASE/spring-data-commons-1.11.4.RELEASE.jar!/org/springframework/data/geo/Circle.class], URL [jar:file:/C:/Users/rrafacz/.m2/repository/org/springframework/data/spring-data-commons/1.11.4.RELEASE/spring-data-commons-1.11.4.RELEASE.jar!/org/springframework/data/geo/GeoModule$PolygonMixin.class], URL [jar:file:/C:/Users/rrafacz/.m2/repository/org/springframework/data/spring-data-commons/1.11.4.RELEASE/spring-data-commons-1.11.4.RELEASE.jar!/org/springframework/data/geo/Polygon.class], URL [jar:file:/C:/Users/rrafacz/.m2/repository/org/springframework/data/spring-data-commons/1.11.4.RELEASE/spring-data-commons-1.11.4.RELEASE.jar!/org/springframework/data/geo/Metrics.class], URL [jar:file:/C:/Users/rrafacz/.m2/repository/org/springframework/data/spring-data-commons/1.11.4.RELEASE/spring-data-commons-1.11.4.RELEASE.jar!/org/springframework/data/geo/Point.class], URL [jar:file:/C:/Users/rrafacz/.m2/repository/org/springframework/data/spring-data-commons/1.11.4.RELEASE/spring-data-commons-1.11.4.RELEASE.jar!/org/springframework/data/geo/Box.class], URL [jar:file:/C:/Users/rrafacz/.m2/repository/org/springframework/data/spring-data-commons/1.11.4.RELEASE/spring-data-commons-1.11.4.RELEASE.jar!/org/springframework/data/geo/format/PointFormatter.class], URL [jar:file:/C:/Users/rrafacz/.m2/repository/org/springframework/data/spring-data-commons/1.11.4.RELEASE/spring-data-commons-1.11.4.RELEASE.jar!/org/springframework/data/geo/format/DistanceFormatter.class], URL [jar:file:/C:/Users/rrafacz/.m2/repository/org/springframework/data/spring-data-commons/1.11.4.RELEASE/spring-data-commons-1.11.4.RELEASE.jar!/org/springframework/data/geo/Metric.class], URL [jar:file:/C:/Users/rrafacz/.m2/repository/org/springframework/data/spring-data-commons/1.11.4.RELEASE/spring-data-commons-1.11.4.RELEASE.jar!/org/springframework/data/geo/GeoResult.class], URL [jar:file:/C:/Users/rrafacz/.m2/repository/org/springframework/data/spring-data-commons/1.11.4.RELEASE/spring-data-commons-1.11.4.RELEASE.jar!/org/springframework/data/geo/GeoModule$BoxMixin.class], URL [jar:file:/C:/Users/rrafacz/.m2/repository/org/springframework/data/spring-data-commons/1.11.4.RELEASE/spring-data-commons-1.11.4.RELEASE.jar!/org/springframework/data/geo/Shape.class], URL [jar:file:/C:/Users/rrafacz/.m2/repository/org/springframework/data/spring-data-commons/1.11.4.RELEASE/spring-data-commons-1.11.4.RELEASE.jar!/org/springframework/data/web/MapDataBinder$MapPropertyAccessor$PropertyTraversingMapAccessor.class], URL [jar:file:/C:/Users/rrafacz/.m2/repository/org/springframework/data/spring-data-commons/1.11.4.RELEASE/spring-data-commons-1.11.4.RELEASE.jar!/org/springframework/data/web/PageableDefault.class], URL [jar:file:/C:/Users/rrafacz/.m2/repository/org/springframework/data/spring-data-commons/1.11.4.RELEASE/spring-data-commons-1.11.4.RELEASE.jar!/org/springframework/data/web/MapDataBinder.class], URL [jar:file:/C:/Users/rrafacz/.m2/repository/org/springframework/data/spring-data-commons/1.11.4.RELEASE/spring-data-commons-1.11.4.RELEASE.jar!/org/springframework/data/web/PageableHandlerMethodArgumentResolver.class], URL [jar:file:/C:/Users/rrafacz/.m2/repository/org/springframework/data/spring-data-commons/1.11.4.RELEASE/spring-data-commons-1.11.4.RELEASE.jar!/org/springframework/data/web/SpringDataAnnotationUtils.class], URL [jar:file:/C:/Users/rrafacz/.m2/repository/org/springframework/data/spring-data-commons/1.11.4.RELEASE/spring-data-commons-1.11.4.RELEASE.jar!/org/springframework/data/web/ProxyingHandlerMethodArgumentResolver.class], URL [jar:file:/C:/Users/rrafacz/.m2/repository/org/springframework/data/spring-data-commons/1.11.4.RELEASE/spring-data-commons-1.11.4.RELEASE.jar!/org/springframework/data/web/querydsl/QuerydslPredicateArgumentResolver.class], URL [jar:file:/C:/Users/rrafacz/.m2/repository/org/springframework/data/spring-data-commons/1.11.4.RELEASE/spring-data-commons-1.11.4.RELEASE.jar!/org/springframework/data/web/PagedResourcesAssemblerArgumentResolver.class], URL [jar:file:/C:/Users/rrafacz/.m2/repository/org/springframework/data/spring-data-commons/1.11.4.RELEASE/spring-data-commons-1.11.4.RELEASE.jar!/org/springframework/data/web/SortHandlerMethodArgumentResolver.class], URL [jar:file:/C:/Users/rrafacz/.m2/repository/org/springframework/data/spring-data-commons/1.11.4.RELEASE/spring-data-commons-1.11.4.RELEASE.jar!/org/springframework/data/web/PagedResourcesAssembler$SimplePagedResourceAssembler.class], URL [jar:file:/C:/Users/rrafacz/.m2/repository/org/springframework/data/spring-data-commons/1.11.4.RELEASE/spring-data-commons-1.11.4.RELEASE.jar!/org/springframework/data/web/MapDataBinder$MapPropertyAccessor.class], URL [jar:file:/C:/Users/rrafacz/.m2/repository/org/springframework/data/spring-data-commons/1.11.4.RELEASE/spring-data-commons-1.11.4.RELEASE.jar!/org/springframework/data/web/SortDefault.class], URL [jar:file:/C:/Users/rrafacz/.m2/repository/org/springframework/data/spring-data-commons/1.11.4.RELEASE/spring-data-commons-1.11.4.RELEASE.jar!/org/springframework/data/web/HateoasPageableHandlerMethodArgumentResolver.class], URL [jar:file:/C:/Users/rrafacz/.m2/repository/org/springframework/data/spring-data-commons/1.11.4.RELEASE/spring-data-commons-1.11.4.RELEASE.jar!/org/springframework/data/web/HateoasSortHandlerMethodArgumentResolver.class], URL [jar:file:/C:/Users/rrafacz/.m2/repository/org/springframework/data/spring-data-commons/1.11.4.RELEASE/spring-data-commons-1.11.4.RELEASE.jar!/org/springframework/data/web/config/SpringDataWebConfiguration.class], URL [jar:file:/C:/Users/rrafacz/.m2/repository/org/springframework/data/spring-data-commons/1.11.4.RELEASE/spring-data-commons-1.11.4.RELEASE.jar!/org/springframework/data/web/config/EnableSpringDataWebSupport$SpringDataWebConfigurationImportSelector.class], URL [jar:file:/C:/Users/rrafacz/.m2/repository/org/springframework/data/spring-data-commons/1.11.4.RELEASE/spring-data-commons-1.11.4.RELEASE.jar!/org/springframework/data/web/config/SpringDataJacksonConfiguration.class], URL [jar:file:/C:/Users/rrafacz/.m2/repository/org/springframework/data/spring-data-commons/1.11.4.RELEASE/spring-data-commons-1.11.4.RELEASE.jar!/org/springframework/data/web/config/EnableSpringDataWebSupport$QuerydslActivator.class], URL [jar:file:/C:/Users/rrafacz/.m2/repository/org/springframework/data/spring-data-commons/1.11.4.RELEASE/spring-data-commons-1.11.4.RELEASE.jar!/org/springframework/data/web/config/EnableSpringDataWebSupport.class], URL [jar:file:/C:/Users/rrafacz/.m2/repository/org/springframework/data/spring-data-commons/1.11.4.RELEASE/spring-data-commons-1.11.4.RELEASE.jar!/org/springframework/data/web/config/HateoasAwareSpringDataWebConfiguration.class], URL [jar:file:/C:/Users/rrafacz/.m2/repository/org/springframework/data/spring-data-commons/1.11.4.RELEASE/spring-data-commons-1.11.4.RELEASE.jar!/org/springframework/data/web/config/QuerydslWebConfiguration.class], URL [jar:file:/C:/Users/rrafacz/.m2/repository/org/springframework/data/spring-data-commons/1.11.4.RELEASE/spring-data-commons-1.11.4.RELEASE.jar!/org/springframework/data/web/config/SpringDataWebConfigurationMixin.class], URL [jar:file:/C:/Users/rrafacz/.m2/repository/org/springframework/data/spring-data-commons/1.11.4.RELEASE/spring-data-commons-1.11.4.RELEASE.jar!/org/springframework/data/web/SortDefault$SortDefaults.class], URL [jar:file:/C:/Users/rrafacz/.m2/repository/org/springframework/data/spring-data-commons/1.11.4.RELEASE/spring-data-commons-1.11.4.RELEASE.jar!/org/springframework/data/web/PagedResourcesAssembler.class], URL [jar:file:/C:/Users/rrafacz/.m2/repository/org/springframework/data/spring-data-commons/1.11.4.RELEASE/spring-data-commons-1.11.4.RELEASE.jar!/org/springframework/data/web/SortHandlerMethodArgumentResolver$ExpressionBuilder.class], URL [jar:file:/C:/Users/rrafacz/.m2/repository/org/springframework/data/spring-data-commons/1.11.4.RELEASE/spring-data-commons-1.11.4.RELEASE.jar!/org/springframework/data/web/PagedResourcesAssembler$1.class], URL [jar:file:/C:/Users/rrafacz/.m2/repository/org/springframework/data/spring-data-commons/1.11.4.RELEASE/spring-data-commons-1.11.4.RELEASE.jar!/org/springframework/data/web/MethodParameterAwarePagedResourcesAssembler.class], URL [jar:file:/C:/Users/rrafacz/.m2/repository/org/springframework/data/spring-data-commons/1.11.4.RELEASE/spring-data-commons-1.11.4.RELEASE.jar!/org/springframework/data/util/ReflectionUtils$DescribedFieldFilter.class], URL [jar:file:/C:/Users/rrafacz/.m2/repository/org/springframework/data/spring-data-commons/1.11.4.RELEASE/spring-data-commons-1.11.4.RELEASE.jar!/org/springframework/data/util/TypeVariableTypeInformation.class], URL [jar:file:/C:/Users/rrafacz/.m2/repository/org/springframework/data/spring-data-commons/1.11.4.RELEASE/spring-data-commons-1.11.4.RELEASE.jar!/org/springframework/data/util/StreamUtils.class], URL [jar:file:/C:/Users/rrafacz/.m2/repository/org/springframework/data/spring-data-commons/1.11.4.RELEASE/spring-data-commons-1.11.4.RELEASE.jar!/org/springframework/data/util/TypeDiscoverer$SyntheticParamterizedType.class], URL [jar:file:/C:/Users/rrafacz/.m2/repository/org/springframework/data/spring-data-commons/1.11.4.RELEASE/spring-data-commons-1.11.4.RELEASE.jar!/org/springframework/data/util/AnnotatedTypeScanner.class], URL [jar:file:/C:/Users/rrafacz/.m2/repository/org/springframework/data/spring-data-commons/1.11.4.RELEASE/spring-data-commons-1.11.4.RELEASE.jar!/org/springframework/data/util/GenericArrayTypeInformation.class], URL [jar:file:/C:/Users/rrafacz/.m2/repository/org/springframework/data/spring-data-commons/1.11.4.RELEASE/spring-data-commons-1.11.4.RELEASE.jar!/org/springframework/data/util/ReflectionUtils$1.class], URL [jar:file:/C:/Users/rrafacz/.m2/repository/org/springframework/data/spring-data-commons/1.11.4.RELEASE/spring-data-commons-1.11.4.RELEASE.jar!/org/springframework/data/util/StreamUtils$CloseableIteratorDisposingRunnable.class], URL [jar:file:/C:/Users/rrafacz/.m2/repository/org/springframework/data/spring-data-commons/1.11.4.RELEASE/spring-data-commons-1.11.4.RELEASE.jar!/org/springframework/data/util/ParsingUtils.class], URL [jar:file:/C:/Users/rrafacz/.m2/repository/org/springframework/data/spring-data-commons/1.11.4.RELEASE/spring-data-commons-1.11.4.RELEASE.jar!/org/springframework/data/util/ParentTypeAwareTypeInformation.class], URL [jar:file:/C:/Users/rrafacz/.m2/repository/org/springframework/data/spring-data-commons/1.11.4.RELEASE/spring-data-commons-1.11.4.RELEASE.jar!/org/springframework/data/util/AnnotationDetectionMethodCallback.class], URL [jar:file:/C:/Users/rrafacz/.m2/repository/org/springframework/data/spring-data-commons/1.11.4.RELEASE/spring-data-commons-1.11.4.RELEASE.jar!/org/springframework/data/util/ParameterizedTypeInformation.class], URL [jar:file:/C:/Users/rrafacz/.m2/repository/org/springframework/data/spring-data-commons/1.11.4.RELEASE/spring-data-commons-1.11.4.RELEASE.jar!/org/springframework/data/util/CacheValue.class], URL [jar:file:/C:/Users/rrafacz/.m2/repository/org/springframework/data/spring-data-commons/1.11.4.RELEASE/spring-data-commons-1.11.4.RELEASE.jar!/org/springframework/data/util/TypeInformation.class], URL [jar:file:/C:/Users/rrafacz/.m2/repository/org/springframework/data/spring-data-commons/1.11.4.RELEASE/spring-data-commons-1.11.4.RELEASE.jar!/org/springframework/data/util/ClassTypeInformation.class], URL [jar:file:/C:/Users/rrafacz/.m2/repository/org/springframework/data/spring-data-commons/1.11.4.RELEASE/spring-data-commons-1.11.4.RELEASE.jar!/org/springframework/data/util/AnnotatedTypeScanner$InterfaceAwareScanner.class], URL [jar:file:/C:/Users/rrafacz/.m2/repository/org/springframework/data/spring-data-commons/1.11.4.RELEASE/spring-data-commons-1.11.4.RELEASE.jar!/org/springframework/data/util/DirectFieldAccessFallbackBeanWrapper.class], URL [jar:file:/C:/Users/rrafacz/.m2/repository/org/springframework/data/spring-data-commons/1.11.4.RELEASE/spring-data-commons-1.11.4.RELEASE.jar!/org/springframework/data/util/TypeDiscoverer.class], URL [jar:file:/C:/Users/rrafacz/.m2/repository/org/springframework/data/spring-data-commons/1.11.4.RELEASE/spring-data-commons-1.11.4.RELEASE.jar!/org/springframework/data/util/AnnotationDetectionFieldCallback.class], URL [jar:file:/C:/Users/rrafacz/.m2/repository/org/springframework/data/spring-data-commons/1.11.4.RELEASE/spring-data-commons-1.11.4.RELEASE.jar!/org/springframework/data/util/Version.class], URL [jar:file:/C:/Users/rrafacz/.m2/repository/org/springframework/data/spring-data-commons/1.11.4.RELEASE/spring-data-commons-1.11.4.RELEASE.jar!/org/springframework/data/util/ReflectionUtils$AnnotationFieldFilter.class], URL [jar:file:/C:/Users/rrafacz/.m2/repository/org/springframework/data/spring-data-commons/1.11.4.RELEASE/spring-data-commons-1.11.4.RELEASE.jar!/org/springframework/data/util/CloseableIterator.class], URL [jar:file:/C:/Users/rrafacz/.m2/repository/org/springframework/data/spring-data-commons/1.11.4.RELEASE/spring-data-commons-1.11.4.RELEASE.jar!/org/springframework/data/util/ReflectionUtils.class], URL [jar:file:/C:/Users/rrafacz/.m2/repository/org/springframework/data/spring-data-commons/1.11.4.RELEASE/spring-data-commons-1.11.4.RELEASE.jar!/org/springframework/data/convert/ConfigurableTypeInformationMapper.class], URL [jar:file:/C:/Users/rrafacz/.m2/repository/org/springframework/data/spring-data-commons/1.11.4.RELEASE/spring-data-commons-1.11.4.RELEASE.jar!/org/springframework/data/convert/ThreeTenBackPortConverters.class], URL [jar:file:/C:/Users/rrafacz/.m2/repository/org/springframework/data/spring-data-commons/1.11.4.RELEASE/spring-data-commons-1.11.4.RELEASE.jar!/org/springframework/data/convert/ClassGeneratingEntityInstantiator$ObjectInstantiatorClassGenerator$1.class], URL [jar:file:/C:/Users/rrafacz/.m2/repository/org/springframework/data/spring-data-commons/1.11.4.RELEASE/spring-data-commons-1.11.4.RELEASE.jar!/org/springframework/data/convert/WritingConverter.class], URL [jar:file:/C:/Users/rrafacz/.m2/repository/org/springframework/data/spring-data-commons/1.11.4.RELEASE/spring-data-commons-1.11.4.RELEASE.jar!/org/springframework/data/convert/Jsr310Converters$LocalDateTimeToDateConverter.class], URL [jar:file:/C:/Users/rrafacz/.m2/repository/org/springframework/data/spring-data-commons/1.11.4.RELEASE/spring-data-commons-1.11.4.RELEASE.jar!/org/springframework/data/convert/Jsr310Converters$InstantToDateConverter.class], URL [jar:file:/C:/Users/rrafacz/.m2/repository/org/springframework/data/spring-data-commons/1.11.4.RELEASE/spring-data-commons-1.11.4.RELEASE.jar!/org/springframework/data/convert/ReflectionEntityInstantiator.class], URL [jar:file:/C:/Users/rrafacz/.m2/repository/org/springframework/data/spring-data-commons/1.11.4.RELEASE/spring-data-commons-1.11.4.RELEASE.jar!/org/springframework/data/convert/TypeInformationMapper.class], URL [jar:file:/C:/Users/rrafacz/.m2/repository/org/springframework/data/spring-data-commons/1.11.4.RELEASE/spring-data-commons-1.11.4.RELEASE.jar!/org/springframework/data/convert/BytecodeGeneratingEntityInstantiator.class], URL [jar:file:/C:/Users/rrafacz/.m2/repository/org/springframework/data/spring-data-commons/1.11.4.RELEASE/spring-data-commons-1.11.4.RELEASE.jar!/org/springframework/data/convert/BytecodeGeneratingEntityInstantiator$ObjectInstantiator.class], URL [jar:file:/C:/Users/rrafacz/.m2/repository/org/springframework/data/spring-data-commons/1.11.4.RELEASE/spring-data-commons-1.11.4.RELEASE.jar!/org/springframework/data/convert/ThreeTenBackPortConverters$LocalTimeToDateConverter.class], URL [jar:file:/C:/Users/rrafacz/.m2/repository/org/springframework/data/spring-data-commons/1.11.4.RELEASE/spring-data-commons-1.11.4.RELEASE.jar!/org/springframework/data/convert/TypeAliasAccessor.class], URL [jar:file:/C:/Users/rrafacz/.m2/repository/org/springframework/data/spring-data-commons/1.11.4.RELEASE/spring-data-commons-1.11.4.RELEASE.jar!/org/springframework/data/convert/Jsr310Converters$LocalDateToDateConverter.class], URL [jar:file:/C:/Users/rrafacz/.m2/repository/org/springframework/data/spring-data-commons/1.11.4.RELEASE/spring-data-commons-1.11.4.RELEASE.jar!/org/springframework/data/convert/DefaultTypeMapper.class], URL [jar:file:/C:/Users/rrafacz/.m2/repository/org/springframework/data/spring-data-commons/1.11.4.RELEASE/spring-data-commons-1.11.4.RELEASE.jar!/org/springframework/data/convert/EntityReader.class], URL [jar:file:/C:/Users/rrafacz/.m2/repository/org/springframework/data/spring-data-commons/1.11.4.RELEASE/spring-data-commons-1.11.4.RELEASE.jar!/org/springframework/data/convert/MappingContextTypeInformationMapper.class], URL [jar:file:/C:/Users/rrafacz/.m2/repository/org/springframework/data/spring-data-commons/1.11.4.RELEASE/spring-data-commons-1.11.4.RELEASE.jar!/org/springframework/data/convert/JodaTimeConverters$LocalDateTimeToDateConverter.class], URL [jar:file:/C:/Users/rrafacz/.m2/repository/org/springframework/data/spring-data-commons/1.11.4.RELEASE/spring-data-commons-1.11.4.RELEASE.jar!/org/springframework/data/convert/TypeMapper.class], URL [jar:file:/C:/Users/rrafacz/.m2/repository/org/springframework/data/spring-data-commons/1.11.4.RELEASE/spring-data-commons-1.11.4.RELEASE.jar!/org/springframework/data/convert/ThreeTenBackPortConverters$DateToLocalDateConverter.class], URL [jar:file:/C:/Users/rrafacz/.m2/repository/org/springframework/data/spring-data-commons/1.11.4.RELEASE/spring-data-commons-1.11.4.RELEASE.jar!/org/springframework/data/convert/Jsr310Converters$DateToLocalDateConverter.class], URL [jar:file:/C:/Users/rrafacz/.m2/repository/org/springframework/data/spring-data-commons/1.11.4.RELEASE/spring-data-commons-1.11.4.RELEASE.jar!/org/springframework/data/convert/SimpleTypeInformationMapper.class], URL [jar:file:/C:/Users/rrafacz/.m2/repository/org/springframework/data/spring-data-commons/1.11.4.RELEASE/spring-data-commons-1.11.4.RELEASE.jar!/org/springframework/data/convert/JodaTimeConverters$DateToDateMidnightConverter.class], URL [jar:file:/C:/Users/rrafacz/.m2/repository/org/springframework/data/spring-data-commons/1.11.4.RELEASE/spring-data-commons-1.11.4.RELEASE.jar!/org/springframework/data/convert/JodaTimeConverters$DateToLocalDateTimeConverter.class], URL [jar:file:/C:/Users/rrafacz/.m2/repository/org/springframework/data/spring-data-commons/1.11.4.RELEASE/spring-data-commons-1.11.4.RELEASE.jar!/org/springframework/data/convert/ThreeTenBackPortConverters$DateToLocalDateTimeConverter.class], URL [jar:file:/C:/Users/rrafacz/.m2/repository/org/springframework/data/spring-data-commons/1.11.4.RELEASE/spring-data-commons-1.11.4.RELEASE.jar!/org/springframework/data/convert/JodaTimeConverters$DateToLocalDateConverter.class], URL [jar:file:/C:/Users/rrafacz/.m2/repository/org/springframework/data/spring-data-commons/1.11.4.RELEASE/spring-data-commons-1.11.4.RELEASE.jar!/org/springframework/data/convert/EntityConverter.class], URL [jar:file:/C:/Users/rrafacz/.m2/repository/org/springframework/data/spring-data-commons/1.11.4.RELEASE/spring-data-commons-1.11.4.RELEASE.jar!/org/springframework/data/convert/EntityInstantiators.class], URL [jar:file:/C:/Users/rrafacz/.m2/repository/org/springframework/data/spring-data-commons/1.11.4.RELEASE/spring-data-commons-1.11.4.RELEASE.jar!/org/springframework/data/convert/ClassGeneratingEntityInstantiator$EntityInstantiatorAdapter.class], URL [jar:file:/C:/Users/rrafacz/.m2/repository/org/springframework/data/spring-data-commons/1.11.4.RELEASE/spring-data-commons-1.11.4.RELEASE.jar!/org/springframework/data/convert/ThreeTenBackPortConverters$LocalDateTimeToDateConverter.class], URL [jar:file:/C:/Users/rrafacz/.m2/repository/org/springframework/data/spring-data-commons/1.11.4.RELEASE/spring-data-commons-1.11.4.RELEASE.jar!/org/springframework/data/convert/Jsr310Converters$DateToLocalDateTimeConverter.class], URL [jar:file:/C:/Users/rrafacz/.m2/repository/org/springframework/data/spring-data-commons/1.11.4.RELEASE/spring-data-commons-1.11.4.RELEASE.jar!/org/springframework/data/convert/JodaTimeConverters$DateMidnightToDateConverter.class], URL [jar:file:/C:/Users/rrafacz/.m2/repository/org/springframework/data/spring-data-commons/1.11.4.RELEASE/spring-data-commons-1.11.4.RELEASE.jar!/org/springframework/data/convert/ClassGeneratingEntityInstantiator$ObjectInstantiatorClassGenerator$ByteArrayClassLoader.class], URL [jar:file:/C:/Users/rrafacz/.m2/repository/org/springframework/data/spring-data-commons/1.11.4.RELEASE/spring-data-commons-1.11.4.RELEASE.jar!/org/springframework/data/convert/JodaTimeConverters$LocalDateToDateConverter.class], URL [jar:file:/C:/Users/rrafacz/.m2/repository/org/springframework/data/spring-data-commons/1.11.4.RELEASE/spring-data-commons-1.11.4.RELEASE.jar!/org/springframework/data/convert/Jsr310Converters$DateToInstantConverter.class], URL [jar:file:/C:/Users/rrafacz/.m2/repository/org/springframework/data/spring-data-commons/1.11.4.RELEASE/spring-data-commons-1.11.4.RELEASE.jar!/org/springframework/data/convert/ClassGeneratingEntityInstantiator$1.class], URL [jar:file:/C:/Users/rrafacz/.m2/repository/org/springframework/data/spring-data-commons/1.11.4.RELEASE/spring-data-commons-1.11.4.RELEASE.jar!/org/springframework/data/convert/ReadingConverter.class], URL [jar:file:/C:/Users/rrafacz/.m2/repository/org/springframework/data/spring-data-commons/1.11.4.RELEASE/spring-data-commons-1.11.4.RELEASE.jar!/org/springframework/data/convert/ClassGeneratingEntityInstantiator$ObjectInstantiatorClassGenerator.class], URL [jar:file:/C:/Users/rrafacz/.m2/repository/org/springframework/data/spring-data-commons/1.11.4.RELEASE/spring-data-commons-1.11.4.RELEASE.jar!/org/springframework/data/convert/ThreeTenBackPortConverters$LocalDateToDateConverter.class], URL [jar:file:/C:/Users/rrafacz/.m2/repository/org/springframework/data/spring-data-commons/1.11.4.RELEASE/spring-data-commons-1.11.4.RELEASE.jar!/org/springframework/data/convert/Jsr310Converters$LocalTimeToDateConverter.class], URL [jar:file:/C:/Users/rrafacz/.m2/repository/org/springframework/data/spring-data-commons/1.11.4.RELEASE/spring-data-commons-1.11.4.RELEASE.jar!/org/springframework/data/convert/JodaTimeConverters.class], URL [jar:file:/C:/Users/rrafacz/.m2/repository/org/springframework/data/spring-data-commons/1.11.4.RELEASE/spring-data-commons-1.11.4.RELEASE.jar!/org/springframework/data/convert/ThreeTenBackPortConverters$DateToInstantConverter.class], URL [jar:file:/C:/Users/rrafacz/.m2/repository/org/springframework/data/spring-data-commons/1.11.4.RELEASE/spring-data-commons-1.11.4.RELEASE.jar!/org/springframework/data/convert/ClassGeneratingEntityInstantiator.class], URL [jar:file:/C:/Users/rrafacz/.m2/repository/org/springframework/data/spring-data-commons/1.11.4.RELEASE/spring-data-commons-1.11.4.RELEASE.jar!/org/springframework/data/convert/EntityWriter.class], URL [jar:file:/C:/Users/rrafacz/.m2/repository/org/springframework/data/spring-data-commons/1.11.4.RELEASE/spring-data-commons-1.11.4.RELEASE.jar!/org/springframework/data/convert/JodaTimeConverters$DateTimeToDateConverter.class], URL [jar:file:/C:/Users/rrafacz/.m2/repository/org/springframework/data/spring-data-commons/1.11.4.RELEASE/spring-data-commons-1.11.4.RELEASE.jar!/org/springframework/data/convert/JodaTimeConverters$DateToDateTimeConverter.class], URL [jar:file:/C:/Users/rrafacz/.m2/repository/org/springframework/data/spring-data-commons/1.11.4.RELEASE/spring-data-commons-1.11.4.RELEASE.jar!/org/springframework/data/convert/ThreeTenBackPortConverters$InstantToDateConverter.class], URL [jar:file:/C:/Users/rrafacz/.m2/repository/org/springframework/data/spring-data-commons/1.11.4.RELEASE/spring-data-commons-1.11.4.RELEASE.jar!/org/springframework/data/convert/Jsr310Converters$DateToLocalTimeConverter.class], URL [jar:file:/C:/Users/rrafacz/.m2/repository/org/springframework/data/spring-data-commons/1.11.4.RELEASE/spring-data-commons-1.11.4.RELEASE.jar!/org/springframework/data/convert/Jsr310Converters.class], URL [jar:file:/C:/Users/rrafacz/.m2/repository/org/springframework/data/spring-data-commons/1.11.4.RELEASE/spring-data-commons-1.11.4.RELEASE.jar!/org/springframework/data/convert/ClassGeneratingEntityInstantiator$ObjectInstantiator.class], URL [jar:file:/C:/Users/rrafacz/.m2/repository/org/springframework/data/spring-data-commons/1.11.4.RELEASE/spring-data-commons-1.11.4.RELEASE.jar!/org/springframework/data/convert/EntityInstantiator.class], URL [jar:file:/C:/Users/rrafacz/.m2/repository/org/springframework/data/spring-data-commons/1.11.4.RELEASE/spring-data-commons-1.11.4.RELEASE.jar!/org/springframework/data/convert/ThreeTenBackPortConverters$DateToLocalTimeConverter.class], URL [jar:file:/C:/Users/rrafacz/.m2/repository/org/springframework/data/spring-data-commons/1.11.4.RELEASE/spring-data-commons-1.11.4.RELEASE.jar!/org/springframework/data/crossstore/ChangeSetBacked.class], URL [jar:file:/C:/Users/rrafacz/.m2/repository/org/springframework/data/spring-data-commons/1.11.4.RELEASE/spring-data-commons-1.11.4.RELEASE.jar!/org/springframework/data/crossstore/ChangeSet.class], URL [jar:file:/C:/Users/rrafacz/.m2/repository/org/springframework/data/spring-data-commons/1.11.4.RELEASE/spring-data-commons-1.11.4.RELEASE.jar!/org/springframework/data/crossstore/HashMapChangeSet.class], URL [jar:file:/C:/Users/rrafacz/.m2/repository/org/springframework/data/spring-data-commons/1.11.4.RELEASE/spring-data-commons-1.11.4.RELEASE.jar!/org/springframework/data/crossstore/ChangeSetBackedTransactionSynchronization.class], URL [jar:file:/C:/Users/rrafacz/.m2/repository/org/springframework/data/spring-data-commons/1.11.4.RELEASE/spring-data-commons-1.11.4.RELEASE.jar!/org/springframework/data/crossstore/ChangeSetPersister.class], URL [jar:file:/C:/Users/rrafacz/.m2/repository/org/springframework/data/spring-data-commons/1.11.4.RELEASE/spring-data-commons-1.11.4.RELEASE.jar!/org/springframework/data/crossstore/ChangeSetPersister$NotFoundException.class], URL [jar:file:/C:/Users/rrafacz/.m2/repository/org/springframework/data/spring-data-commons/1.11.4.RELEASE/spring-data-commons-1.11.4.RELEASE.jar!/org/springframework/data/repository/history/support/RevisionEntityInformation.class], URL [jar:file:/C:/Users/rrafacz/.m2/repository/org/springframework/data/spring-data-commons/1.11.4.RELEASE/spring-data-commons-1.11.4.RELEASE.jar!/org/springframework/data/repository/history/RevisionRepository.class], URL [jar:file:/C:/Users/rrafacz/.m2/repository/org/springframework/data/spring-data-commons/1.11.4.RELEASE/spring-data-commons-1.11.4.RELEASE.jar!/org/springframework/data/repository/RepositoryDefinition.class], URL [jar:file:/C:/Users/rrafacz/.m2/repository/org/springframework/data/spring-data-commons/1.11.4.RELEASE/spring-data-commons-1.11.4.RELEASE.jar!/org/springframework/data/repository/NoRepositoryBean.class], URL [jar:file:/C:/Users/rrafacz/.m2/repository/org/springframework/data/spring-data-commons/1.11.4.RELEASE/spring-data-commons-1.11.4.RELEASE.jar!/org/springframework/data/repository/CrudRepository.class], URL [jar:file:/C:/Users/rrafacz/.m2/repository/org/springframework/data/spring-data-commons/1.11.4.RELEASE/spring-data-commons-1.11.4.RELEASE.jar!/org/springframework/data/repository/PagingAndSortingRepository.class], URL [jar:file:/C:/Users/rrafacz/.m2/repository/org/springframework/data/spring-data-commons/1.11.4.RELEASE/spring-data-commons-1.11.4.RELEASE.jar!/org/springframework/data/repository/query/ParameterAccessor.class], URL [jar:file:/C:/Users/rrafacz/.m2/repository/org/springframework/data/spring-data-commons/1.11.4.RELEASE/spring-data-commons-1.11.4.RELEASE.jar!/org/springframework/data/repository/query/EvaluationContextExtensionInformation.class], URL [jar:file:/C:/Users/rrafacz/.m2/repository/org/springframework/data/spring-data-commons/1.11.4.RELEASE/spring-data-commons-1.11.4.RELEASE.jar!/org/springframework/data/repository/query/parser/PartTree$Subject.class], URL [jar:file:/C:/Users/rrafacz/.m2/repository/org/springframework/data/spring-data-commons/1.11.4.RELEASE/spring-data-commons-1.11.4.RELEASE.jar!/org/springframework/data/repository/query/parser/Part$IgnoreCaseType.class], URL [jar:file:/C:/Users/rrafacz/.m2/repository/org/springframework/data/spring-data-commons/1.11.4.RELEASE/spring-data-commons-1.11.4.RELEASE.jar!/org/springframework/data/repository/query/parser/Part$Type.class], URL [jar:file:/C:/Users/rrafacz/.m2/repository/org/springframework/data/spring-data-commons/1.11.4.RELEASE/spring-data-commons-1.11.4.RELEASE.jar!/org/springframework/data/repository/query/parser/Part.class], URL [jar:file:/C:/Users/rrafacz/.m2/repository/org/springframework/data/spring-data-commons/1.11.4.RELEASE/spring-data-commons-1.11.4.RELEASE.jar!/org/springframework/data/repository/query/parser/AbstractQueryCreator.class], URL [jar:file:/C:/Users/rrafacz/.m2/repository/org/springframework/data/spring-data-commons/1.11.4.RELEASE/spring-data-commons-1.11.4.RELEASE.jar!/org/springframework/data/repository/query/parser/PartTree.class], URL [jar:file:/C:/Users/rrafacz/.m2/repository/org/springframework/data/spring-data-commons/1.11.4.RELEASE/spring-data-commons-1.11.4.RELEASE.jar!/org/springframework/data/repository/query/parser/PartTree$Predicate.class], URL [jar:file:/C:/Users/rrafacz/.m2/repository/org/springframework/data/spring-data-commons/1.11.4.RELEASE/spring-data-commons-1.11.4.RELEASE.jar!/org/springframework/data/repository/query/parser/OrderBySource.class], URL [jar:file:/C:/Users/rrafacz/.m2/repository/org/springframework/data/spring-data-commons/1.11.4.RELEASE/spring-data-commons-1.11.4.RELEASE.jar!/org/springframework/data/repository/query/parser/PartTree$OrPart.class], URL [jar:file:/C:/Users/rrafacz/.m2/repository/org/springframework/data/spring-data-commons/1.11.4.RELEASE/spring-data-commons-1.11.4.RELEASE.jar!/org/springframework/data/repository/query/ExtensionAwareEvaluationContextProvider$EvaluationContextExtensionAdapter.class], URL [jar:file:/C:/Users/rrafacz/.m2/repository/org/springframework/data/spring-data-commons/1.11.4.RELEASE/spring-data-commons-1.11.4.RELEASE.jar!/org/springframework/data/repository/query/QueryLookupStrategy$Key.class], URL [jar:file:/C:/Users/rrafacz/.m2/repository/org/springframework/data/spring-data-commons/1.11.4.RELEASE/spring-data-commons-1.11.4.RELEASE.jar!/org/springframework/data/repository/query/EvaluationContextExtensionInformation$RootObjectInformation$1.class], URL [jar:file:/C:/Users/rrafacz/.m2/repository/org/springframework/data/spring-data-commons/1.11.4.RELEASE/spring-data-commons-1.11.4.RELEASE.jar!/org/springframework/data/repository/query/DefaultParameters.class], URL [jar:file:/C:/Users/rrafacz/.m2/repository/org/springframework/data/spring-data-commons/1.11.4.RELEASE/spring-data-commons-1.11.4.RELEASE.jar!/org/springframework/data/repository/query/EvaluationContextExtensionInformation$ExtensionTypeInformation.class], URL [jar:file:/C:/Users/rrafacz/.m2/repository/org/springframework/data/spring-data-commons/1.11.4.RELEASE/spring-data-commons-1.11.4.RELEASE.jar!/org/springframework/data/repository/query/EvaluationContextExtensionInformation$1.class], URL [jar:file:/C:/Users/rrafacz/.m2/repository/org/springframework/data/spring-data-commons/1.11.4.RELEASE/spring-data-commons-1.11.4.RELEASE.jar!/org/springframework/data/repository/query/Parameter.class], URL [jar:file:/C:/Users/rrafacz/.m2/repository/org/springframework/data/spring-data-commons/1.11.4.RELEASE/spring-data-commons-1.11.4.RELEASE.jar!/org/springframework/data/repository/query/QueryMethod.class], URL [jar:file:/C:/Users/rrafacz/.m2/repository/org/springframework/data/spring-data-commons/1.11.4.RELEASE/spring-data-commons-1.11.4.RELEASE.jar!/org/springframework/data/repository/query/Param.class], URL [jar:file:/C:/Users/rrafacz/.m2/repository/org/springframework/data/spring-data-commons/1.11.4.RELEASE/spring-data-commons-1.11.4.RELEASE.jar!/org/springframework/data/repository/query/ParametersParameterAccessor$BindableParameterIterator.class], URL [jar:file:/C:/Users/rrafacz/.m2/repository/org/springframework/data/spring-data-commons/1.11.4.RELEASE/spring-data-commons-1.11.4.RELEASE.jar!/org/springframework/data/repository/query/ParametersParameterAccessor.class], URL [jar:file:/C:/Users/rrafacz/.m2/repository/org/springframework/data/spring-data-commons/1.11.4.RELEASE/spring-data-commons-1.11.4.RELEASE.jar!/org/springframework/data/repository/query/EvaluationContextExtensionInformation$ExtensionTypeInformation$1.class], URL [jar:file:/C:/Users/rrafacz/.m2/repository/org/springframework/data/spring-data-commons/1.11.4.RELEASE/spring-data-commons-1.11.4.RELEASE.jar!/org/springframework/data/repository/query/spi/EvaluationContextExtension.class], URL [jar:file:/C:/Users/rrafacz/.m2/repository/org/springframework/data/spring-data-commons/1.11.4.RELEASE/spring-data-commons-1.11.4.RELEASE.jar!/org/springframework/data/repository/query/spi/Function.class], URL [jar:file:/C:/Users/rrafacz/.m2/repository/org/springframework/data/spring-data-commons/1.11.4.RELEASE/spring-data-commons-1.11.4.RELEASE.jar!/org/springframework/data/repository/query/spi/EvaluationContextExtensionSupport.class], URL [jar:file:/C:/Users/rrafacz/.m2/repository/org/springframework/data/spring-data-commons/1.11.4.RELEASE/spring-data-commons-1.11.4.RELEASE.jar!/org/springframework/data/repository/query/EvaluationContextExtensionInformation$ExtensionTypeInformation$PublicMethodAndFieldFilter.class], URL [jar:file:/C:/Users/rrafacz/.m2/repository/org/springframework/data/spring-data-commons/1.11.4.RELEASE/spring-data-commons-1.11.4.RELEASE.jar!/org/springframework/data/repository/query/ExtensionAwareEvaluationContextProvider.class], URL [jar:file:/C:/Users/rrafacz/.m2/repository/org/springframework/data/spring-data-commons/1.11.4.RELEASE/spring-data-commons-1.11.4.RELEASE.jar!/org/springframework/data/repository/query/EvaluationContextProvider.class], URL [jar:file:/C:/Users/rrafacz/.m2/repository/org/springframework/data/spring-data-commons/1.11.4.RELEASE/spring-data-commons-1.11.4.RELEASE.jar!/org/springframework/data/repository/query/QueryLookupStrategy.class], URL [jar:file:/C:/Users/rrafacz/.m2/repository/org/springframework/data/spring-data-commons/1.11.4.RELEASE/spring-data-commons-1.11.4.RELEASE.jar!/org/springframework/data/repository/query/ParameterOutOfBoundsException.class], URL [jar:file:/C:/Users/rrafacz/.m2/repository/org/springframework/data/spring-data-commons/1.11.4.RELEASE/spring-data-commons-1.11.4.RELEASE.jar!/org/springframework/data/repository/query/RepositoryQuery.class], URL [jar:file:/C:/Users/rrafacz/.m2/repository/org/springframework/data/spring-data-commons/1.11.4.RELEASE/spring-data-commons-1.11.4.RELEASE.jar!/org/springframework/data/repository/query/EvaluationContextExtensionInformation$RootObjectInformation$2.class], URL [jar:file:/C:/Users/rrafacz/.m2/repository/org/springframework/data/spring-data-commons/1.11.4.RELEASE/spring-data-commons-1.11.4.RELEASE.jar!/org/springframework/data/repository/query/QueryCreationException.class], URL [jar:file:/C:/Users/rrafacz/.m2/repository/org/springframework/data/spring-data-commons/1.11.4.RELEASE/spring-data-commons-1.11.4.RELEASE.jar!/org/springframework/data/repository/query/EvaluationContextExtensionInformation$RootObjectInformation.class], URL [jar:file:/C:/Users/rrafacz/.m2/repository/org/springframework/data/spring-data-commons/1.11.4.RELEASE/spring-data-commons-1.11.4.RELEASE.jar!/org/springframework/data/repository/query/ExtensionAwareEvaluationContextProvider$ExtensionAwarePropertyAccessor.class], URL [jar:file:/C:/Users/rrafacz/.m2/repository/org/springframework/data/spring-data-commons/1.11.4.RELEASE/spring-data-commons-1.11.4.RELEASE.jar!/org/springframework/data/repository/query/Parameters.class], URL [jar:file:/C:/Users/rrafacz/.m2/repository/org/springframework/data/spring-data-commons/1.11.4.RELEASE/spring-data-commons-1.11.4.RELEASE.jar!/org/springframework/data/repository/query/ExtensionAwareEvaluationContextProvider$FunctionMethodExecutor.class], URL [jar:file:/C:/Users/rrafacz/.m2/repository/org/springframework/data/spring-data-commons/1.11.4.RELEASE/spring-data-commons-1.11.4.RELEASE.jar!/org/springframework/data/repository/query/DefaultEvaluationContextProvider.class], URL [jar:file:/C:/Users/rrafacz/.m2/repository/org/springframework/data/spring-data-commons/1.11.4.RELEASE/spring-data-commons-1.11.4.RELEASE.jar!/org/springframework/data/repository/query/QueryMethod$1.class], URL [jar:file:/C:/Users/rrafacz/.m2/repository/org/springframework/data/spring-data-commons/1.11.4.RELEASE/spring-data-commons-1.11.4.RELEASE.jar!/org/springframework/data/repository/util/QueryExecutionConverters$NullableWrapperToGuavaOptionalConverter.class], URL [jar:file:/C:/Users/rrafacz/.m2/repository/org/springframework/data/spring-data-commons/1.11.4.RELEASE/spring-data-commons-1.11.4.RELEASE.jar!/org/springframework/data/repository/util/ClassUtils.class], URL [jar:file:/C:/Users/rrafacz/.m2/repository/org/springframework/data/spring-data-commons/1.11.4.RELEASE/spring-data-commons-1.11.4.RELEASE.jar!/org/springframework/data/repository/util/QueryExecutionConverters$NullableWrapperToCompletableFutureConverter.class], URL [jar:file:/C:/Users/rrafacz/.m2/repository/org/springframework/data/spring-data-commons/1.11.4.RELEASE/spring-data-commons-1.11.4.RELEASE.jar!/org/springframework/data/repository/util/NullableWrapper.class], URL [jar:file:/C:/Users/rrafacz/.m2/repository/org/springframework/data/spring-data-commons/1.11.4.RELEASE/spring-data-commons-1.11.4.RELEASE.jar!/org/springframework/data/repository/util/QueryExecutionConverters$AbstractWrapperTypeConverter.class], URL [jar:file:/C:/Users/rrafacz/.m2/repository/org/springframework/data/spring-data-commons/1.11.4.RELEASE/spring-data-commons-1.11.4.RELEASE.jar!/org/springframework/data/repository/util/QueryExecutionConverters$NullableWrapperToFutureConverter.class], URL [jar:file:/C:/Users/rrafacz/.m2/repository/org/springframework/data/spring-data-commons/1.11.4.RELEASE/spring-data-commons-1.11.4.RELEASE.jar!/org/springframework/data/repository/util/TxUtils.class], URL [jar:file:/C:/Users/rrafacz/.m2/repository/org/springframework/data/spring-data-commons/1.11.4.RELEASE/spring-data-commons-1.11.4.RELEASE.jar!/org/springframework/data/repository/util/QueryExecutionConverters.class], URL [jar:file:/C:/Users/rrafacz/.m2/repository/org/springframework/data/spring-data-commons/1.11.4.RELEASE/spring-data-commons-1.11.4.RELEASE.jar!/org/springframework/data/repository/util/QueryExecutionConverters$NullableWrapperToJdk8OptionalConverter.class], URL [jar:file:/C:/Users/rrafacz/.m2/repository/org/springframework/data/spring-data-commons/1.11.4.RELEASE/spring-data-commons-1.11.4.RELEASE.jar!/org/springframework/data/repository/init/RepositoryPopulator.class], URL [jar:file:/C:/Users/rrafacz/.m2/repository/org/springframework/data/spring-data-commons/1.11.4.RELEASE/spring-data-commons-1.11.4.RELEASE.jar!/org/springframework/data/repository/init/ResourceReaderRepositoryPopulator.class], URL [jar:file:/C:/Users/rrafacz/.m2/repository/org/springframework/data/spring-data-commons/1.11.4.RELEASE/spring-data-commons-1.11.4.RELEASE.jar!/org/springframework/data/repository/init/Jackson2RepositoryPopulatorFactoryBean.class], URL [jar:file:/C:/Users/rrafacz/.m2/repository/org/springframework/data/spring-data-commons/1.11.4.RELEASE/spring-data-commons-1.11.4.RELEASE.jar!/org/springframework/data/repository/init/UnmarshallerRepositoryPopulatorFactoryBean.class], URL [jar:file:/C:/Users/rrafacz/.m2/repository/org/springframework/data/spring-data-commons/1.11.4.RELEASE/spring-data-commons-1.11.4.RELEASE.jar!/org/springframework/data/repository/init/UnmarshallingResourceReader.class], URL [jar:file:/C:/Users/rrafacz/.m2/repository/org/springframework/data/spring-data-commons/1.11.4.RELEASE/spring-data-commons-1.11.4.RELEASE.jar!/org/springframework/data/repository/init/Jackson2ResourceReader.class], URL [jar:file:/C:/Users/rrafacz/.m2/repository/org/springframework/data/spring-data-commons/1.11.4.RELEASE/spring-data-commons-1.11.4.RELEASE.jar!/org/springframework/data/repository/init/ResourceReader$Type.class], URL [jar:file:/C:/Users/rrafacz/.m2/repository/org/springframework/data/spring-data-commons/1.11.4.RELEASE/spring-data-commons-1.11.4.RELEASE.jar!/org/springframework/data/repository/init/RepositoriesPopulatedEvent.class], URL [jar:file:/C:/Users/rrafacz/.m2/repository/org/springframework/data/spring-data-commons/1.11.4.RELEASE/spring-data-commons-1.11.4.RELEASE.jar!/org/springframework/data/repository/init/AbstractRepositoryPopulatorFactoryBean.class], URL [jar:file:/C:/Users/rrafacz/.m2/repository/org/springframework/data/spring-data-commons/1.11.4.RELEASE/spring-data-commons-1.11.4.RELEASE.jar!/org/springframework/data/repository/init/ResourceReader.class], URL [jar:file:/C:/Users/rrafacz/.m2/repository/org/springframework/data/spring-data-commons/1.11.4.RELEASE/spring-data-commons-1.11.4.RELEASE.jar!/org/springframework/data/repository/Repository.class], URL [jar:file:/C:/Users/rrafacz/.m2/repository/org/springframework/data/spring-data-commons/1.11.4.RELEASE/spring-data-commons-1.11.4.RELEASE.jar!/org/springframework/data/repository/cdi/CdiRepositoryExtensionSupport$AnyAnnotationLiteral.class], URL [jar:file:/C:/Users/rrafacz/.m2/repository/org/springframework/data/spring-data-commons/1.11.4.RELEASE/spring-data-commons-1.11.4.RELEASE.jar!/org/springframework/data/repository/cdi/CdiRepositoryBean$DefaultCdiRepositoryConfiguration.class], URL [jar:file:/C:/Users/rrafacz/.m2/repository/org/springframework/data/spring-data-commons/1.11.4.RELEASE/spring-data-commons-1.11.4.RELEASE.jar!/org/springframework/data/repository/cdi/Eager.class], URL [jar:file:/C:/Users/rrafacz/.m2/repository/org/springframework/data/spring-data-commons/1.11.4.RELEASE/spring-data-commons-1.11.4.RELEASE.jar!/org/springframework/data/repository/cdi/CdiRepositoryExtensionSupport.class], URL [jar:file:/C:/Users/rrafacz/.m2/repository/org/springframework/data/spring-data-commons/1.11.4.RELEASE/spring-data-commons-1.11.4.RELEASE.jar!/org/springframework/data/repository/cdi/CdiRepositoryConfiguration.class], URL [jar:file:/C:/Users/rrafacz/.m2/repository/org/springframework/data/spring-data-commons/1.11.4.RELEASE/spring-data-commons-1.11.4.RELEASE.jar!/org/springframework/data/repository/cdi/CdiRepositoryBean.class], URL [jar:file:/C:/Users/rrafacz/.m2/repository/org/springframework/data/spring-data-commons/1.11.4.RELEASE/spring-data-commons-1.11.4.RELEASE.jar!/org/springframework/data/repository/cdi/CdiRepositoryExtensionSupport$DefaultAnnotationLiteral.class], URL [jar:file:/C:/Users/rrafacz/.m2/repository/org/springframework/data/spring-data-commons/1.11.4.RELEASE/spring-data-commons-1.11.4.RELEASE.jar!/org/springframework/data/repository/config/RepositoryBeanDefinitionRegistrarSupport.class], URL [jar:file:/C:/Users/rrafacz/.m2/repository/org/springframework/data/spring-data-commons/1.11.4.RELEASE/spring-data-commons-1.11.4.RELEASE.jar!/org/springframework/data/repository/config/RepositoryComponentProvider.class], URL [jar:file:/C:/Users/rrafacz/.m2/repository/org/springframework/data/spring-data-commons/1.11.4.RELEASE/spring-data-commons-1.11.4.RELEASE.jar!/org/springframework/data/repository/config/ResourceReaderRepositoryPopulatorBeanDefinitionParser.class], URL [jar:file:/C:/Users/rrafacz/.m2/repository/org/springframework/data/spring-data-commons/1.11.4.RELEASE/spring-data-commons-1.11.4.RELEASE.jar!/org/springframework/data/repository/config/RepositoryConfiguration.class], URL [jar:file:/C:/Users/rrafacz/.m2/repository/org/springframework/data/spring-data-commons/1.11.4.RELEASE/spring-data-commons-1.11.4.RELEASE.jar!/org/springframework/data/repository/config/DefaultRepositoryConfiguration.class], URL [jar:file:/C:/Users/rrafacz/.m2/repository/org/springframework/data/spring-data-commons/1.11.4.RELEASE/spring-data-commons-1.11.4.RELEASE.jar!/org/springframework/data/repository/config/XmlRepositoryConfigurationSource.class], URL [jar:file:/C:/Users/rrafacz/.m2/repository/org/springframework/data/spring-data-commons/1.11.4.RELEASE/spring-data-commons-1.11.4.RELEASE.jar!/org/springframework/data/repository/config/RepositoryNameSpaceHandler.class], URL [jar:file:/C:/Users/rrafacz/.m2/repository/org/springframework/data/spring-data-commons/1.11.4.RELEASE/spring-data-commons-1.11.4.RELEASE.jar!/org/springframework/data/repository/config/NamedQueriesBeanDefinitionParser.class], URL [jar:file:/C:/Users/rrafacz/.m2/repository/org/springframework/data/spring-data-commons/1.11.4.RELEASE/spring-data-commons-1.11.4.RELEASE.jar!/org/springframework/data/repository/config/RepositoryComponentProvider$InterfaceTypeFilter.class], URL [jar:file:/C:/Users/rrafacz/.m2/repository/org/springframework/data/spring-data-commons/1.11.4.RELEASE/spring-data-commons-1.11.4.RELEASE.jar!/org/springframework/data/repository/config/RepositoryBeanDefinitionParser.class], URL [jar:file:/C:/Users/rrafacz/.m2/repository/org/springframework/data/spring-data-commons/1.11.4.RELEASE/spring-data-commons-1.11.4.RELEASE.jar!/org/springframework/data/repository/config/NamedQueriesBeanDefinitionBuilder.class], URL [jar:file:/C:/Users/rrafacz/.m2/repository/org/springframework/data/spring-data-commons/1.11.4.RELEASE/spring-data-commons-1.11.4.RELEASE.jar!/org/springframework/data/repository/config/RepositoryConfigurationSourceSupport.class], URL [jar:file:/C:/Users/rrafacz/.m2/repository/org/springframework/data/spring-data-commons/1.11.4.RELEASE/spring-data-commons-1.11.4.RELEASE.jar!/org/springframework/data/repository/config/RepositoryConfigurationUtils.class], URL [jar:file:/C:/Users/rrafacz/.m2/repository/org/springframework/data/spring-data-commons/1.11.4.RELEASE/spring-data-commons-1.11.4.RELEASE.jar!/org/springframework/data/repository/config/RepositoryConfigurationExtension.class], URL [jar:file:/C:/Users/rrafacz/.m2/repository/org/springframework/data/spring-data-commons/1.11.4.RELEASE/spring-data-commons-1.11.4.RELEASE.jar!/org/springframework/data/repository/config/RepositoryConfigurationDelegate.class], URL [jar:file:/C:/Users/rrafacz/.m2/repository/org/springframework/data/spring-data-commons/1.11.4.RELEASE/spring-data-commons-1.11.4.RELEASE.jar!/org/springframework/data/repository/config/RepositoryConfigurationSource.class], URL [jar:file:/C:/Users/rrafacz/.m2/repository/org/springframework/data/spring-data-commons/1.11.4.RELEASE/spring-data-commons-1.11.4.RELEASE.jar!/org/springframework/data/repository/config/DefaultRepositoryBaseClass.class], URL [jar:file:/C:/Users/rrafacz/.m2/repository/org/springframework/data/spring-data-commons/1.11.4.RELEASE/spring-data-commons-1.11.4.RELEASE.jar!/org/springframework/data/repository/config/RepositoryBeanNameGenerator.class], URL [jar:file:/C:/Users/rrafacz/.m2/repository/org/springframework/data/spring-data-commons/1.11.4.RELEASE/spring-data-commons-1.11.4.RELEASE.jar!/org/springframework/data/repository/config/AnnotationRepositoryConfigurationSource$1.class], URL [jar:file:/C:/Users/rrafacz/.m2/repository/org/springframework/data/spring-data-commons/1.11.4.RELEASE/spring-data-commons-1.11.4.RELEASE.jar!/org/springframework/data/repository/config/AnnotationRepositoryConfigurationSource.class], URL [jar:file:/C:/Users/rrafacz/.m2/repository/org/springframework/data/spring-data-commons/1.11.4.RELEASE/spring-data-commons-1.11.4.RELEASE.jar!/org/springframework/data/repository/config/RepositoryBeanDefinitionBuilder.class], URL [jar:file:/C:/Users/rrafacz/.m2/repository/org/springframework/data/spring-data-commons/1.11.4.RELEASE/spring-data-commons-1.11.4.RELEASE.jar!/org/springframework/data/repository/config/CustomRepositoryImplementationDetector.class], URL [jar:file:/C:/Users/rrafacz/.m2/repository/org/springframework/data/spring-data-commons/1.11.4.RELEASE/spring-data-commons-1.11.4.RELEASE.jar!/org/springframework/data/repository/config/RepositoryComponentProvider$AllTypeFilter.class], URL [jar:file:/C:/Users/rrafacz/.m2/repository/org/springframework/data/spring-data-commons/1.11.4.RELEASE/spring-data-commons-1.11.4.RELEASE.jar!/org/springframework/data/repository/config/RepositoryConfigurationDelegate$LenientAssignableTypeFilter.class], URL [jar:file:/C:/Users/rrafacz/.m2/repository/org/springframework/data/spring-data-commons/1.11.4.RELEASE/spring-data-commons-1.11.4.RELEASE.jar!/org/springframework/data/repository/config/RepositoryConfigurationExtensionSupport.class], URL [jar:file:/C:/Users/rrafacz/.m2/repository/org/springframework/data/spring-data-commons/1.11.4.RELEASE/spring-data-commons-1.11.4.RELEASE.jar!/org/springframework/data/repository/support/DomainClassConverter$ConversionMatchAbbreviationException.class], URL [jar:file:/C:/Users/rrafacz/.m2/repository/org/springframework/data/spring-data-commons/1.11.4.RELEASE/spring-data-commons-1.11.4.RELEASE.jar!/org/springframework/data/repository/support/DomainClassConverter$ToIdConverter.class], URL [jar:file:/C:/Users/rrafacz/.m2/repository/org/springframework/data/spring-data-commons/1.11.4.RELEASE/spring-data-commons-1.11.4.RELEASE.jar!/org/springframework/data/repository/support/Repositories$EmptyRepositoryFactoryInformation.class], URL [jar:file:/C:/Users/rrafacz/.m2/repository/org/springframework/data/spring-data-commons/1.11.4.RELEASE/spring-data-commons-1.11.4.RELEASE.jar!/org/springframework/data/repository/support/PagingAndSortingRepositoryInvoker.class], URL [jar:file:/C:/Users/rrafacz/.m2/repository/org/springframework/data/spring-data-commons/1.11.4.RELEASE/spring-data-commons-1.11.4.RELEASE.jar!/org/springframework/data/repository/support/QueryMethodParameterConversionException.class], URL [jar:file:/C:/Users/rrafacz/.m2/repository/org/springframework/data/spring-data-commons/1.11.4.RELEASE/spring-data-commons-1.11.4.RELEASE.jar!/org/springframework/data/repository/support/MethodParameters.class], URL [jar:file:/C:/Users/rrafacz/.m2/repository/org/springframework/data/spring-data-commons/1.11.4.RELEASE/spring-data-commons-1.11.4.RELEASE.jar!/org/springframework/data/repository/support/RepositoryInvoker.class], URL [jar:file:/C:/Users/rrafacz/.m2/repository/org/springframework/data/spring-data-commons/1.11.4.RELEASE/spring-data-commons-1.11.4.RELEASE.jar!/org/springframework/data/repository/support/RepositoryInvokerFactory.class], URL [jar:file:/C:/Users/rrafacz/.m2/repository/org/springframework/data/spring-data-commons/1.11.4.RELEASE/spring-data-commons-1.11.4.RELEASE.jar!/org/springframework/data/repository/support/DomainClassPropertyEditorRegistrar.class], URL [jar:file:/C:/Users/rrafacz/.m2/repository/org/springframework/data/spring-data-commons/1.11.4.RELEASE/spring-data-commons-1.11.4.RELEASE.jar!/org/springframework/data/repository/support/AnnotationAttribute.class], URL [jar:file:/C:/Users/rrafacz/.m2/repository/org/springframework/data/spring-data-commons/1.11.4.RELEASE/spring-data-commons-1.11.4.RELEASE.jar!/org/springframework/data/repository/support/DefaultRepositoryInvokerFactory.class], URL [jar:file:/C:/Users/rrafacz/.m2/repository/org/springframework/data/spring-data-commons/1.11.4.RELEASE/spring-data-commons-1.11.4.RELEASE.jar!/org/springframework/data/repository/support/MethodParameters$AnnotationNamingMethodParameter.class], URL [jar:file:/C:/Users/rrafacz/.m2/repository/org/springframework/data/spring-data-commons/1.11.4.RELEASE/spring-data-commons-1.11.4.RELEASE.jar!/org/springframework/data/repository/support/CrudRepositoryInvoker.class], URL [jar:file:/C:/Users/rrafacz/.m2/repository/org/springframework/data/spring-data-commons/1.11.4.RELEASE/spring-data-commons-1.11.4.RELEASE.jar!/org/springframework/data/repository/support/Repositories.class], URL [jar:file:/C:/Users/rrafacz/.m2/repository/org/springframework/data/spring-data-commons/1.11.4.RELEASE/spring-data-commons-1.11.4.RELEASE.jar!/org/springframework/data/repository/support/DomainClassConverter$ToEntityConverter.class], URL [jar:file:/C:/Users/rrafacz/.m2/repository/org/springframework/data/spring-data-commons/1.11.4.RELEASE/spring-data-commons-1.11.4.RELEASE.jar!/org/springframework/data/repository/support/ReflectionRepositoryInvoker.class], URL [jar:file:/C:/Users/rrafacz/.m2/repository/org/springframework/data/spring-data-commons/1.11.4.RELEASE/spring-data-commons-1.11.4.RELEASE.jar!/org/springframework/data/repository/support/DomainClassPropertyEditor.class], URL [jar:file:/C:/Users/rrafacz/.m2/repository/org/springframework/data/spring-data-commons/1.11.4.RELEASE/spring-data-commons-1.11.4.RELEASE.jar!/org/springframework/data/repository/support/DomainClassConverter.class], URL [jar:file:/C:/Users/rrafacz/.m2/repository/org/springframework/data/spring-data-commons/1.11.4.RELEASE/spring-data-commons-1.11.4.RELEASE.jar!/org/springframework/data/repository/support/DomainClassConverter$1.class], URL [jar:file:/C:/Users/rrafacz/.m2/repository/org/springframework/data/spring-data-commons/1.11.4.RELEASE/spring-data-commons-1.11.4.RELEASE.jar!/org/springframework/data/repository/support/RepositoryInvocationInformation.class], URL [jar:file:/C:/Users/rrafacz/.m2/repository/org/springframework/data/spring-data-commons/1.11.4.RELEASE/spring-data-commons-1.11.4.RELEASE.jar!/org/springframework/data/repository/core/NamedQueries.class], URL [jar:file:/C:/Users/rrafacz/.m2/repository/org/springframework/data/spring-data-commons/1.11.4.RELEASE/spring-data-commons-1.11.4.RELEASE.jar!/org/springframework/data/repository/core/RepositoryInformation.class], URL [jar:file:/C:/Users/rrafacz/.m2/repository/org/springframework/data/spring-data-commons/1.11.4.RELEASE/spring-data-commons-1.11.4.RELEASE.jar!/org/springframework/data/repository/core/EntityMetadata.class], URL [jar:file:/C:/Users/rrafacz/.m2/repository/org/springframework/data/spring-data-commons/1.11.4.RELEASE/spring-data-commons-1.11.4.RELEASE.jar!/org/springframework/data/repository/core/EntityInformation.class], URL [jar:file:/C:/Users/rrafacz/.m2/repository/org/springframework/data/spring-data-commons/1.11.4.RELEASE/spring-data-commons-1.11.4.RELEASE.jar!/org/springframework/data/repository/core/support/DefaultCrudMethods.class], URL [jar:file:/C:/Users/rrafacz/.m2/repository/org/springframework/data/spring-data-commons/1.11.4.RELEASE/spring-data-commons-1.11.4.RELEASE.jar!/org/springframework/data/repository/core/support/TransactionalRepositoryProxyPostProcessor$AbstractFallbackTransactionAttributeSource.class], URL [jar:file:/C:/Users/rrafacz/.m2/repository/org/springframework/data/spring-data-commons/1.11.4.RELEASE/spring-data-commons-1.11.4.RELEASE.jar!/org/springframework/data/repository/core/support/PersistentEntityInformation.class], URL [jar:file:/C:/Users/rrafacz/.m2/repository/org/springframework/data/spring-data-commons/1.11.4.RELEASE/spring-data-commons-1.11.4.RELEASE.jar!/org/springframework/data/repository/core/support/RepositoryFactorySupport$QueryExecutorMethodInterceptor.class], URL [jar:file:/C:/Users/rrafacz/.m2/repository/org/springframework/data/spring-data-commons/1.11.4.RELEASE/spring-data-commons-1.11.4.RELEASE.jar!/org/springframework/data/repository/core/support/DefaultRepositoryMetadata.class], URL [jar:file:/C:/Users/rrafacz/.m2/repository/org/springframework/data/spring-data-commons/1.11.4.RELEASE/spring-data-commons-1.11.4.RELEASE.jar!/org/springframework/data/repository/core/support/QueryExecutionResultHandler.class], URL [jar:file:/C:/Users/rrafacz/.m2/repository/org/springframework/data/spring-data-commons/1.11.4.RELEASE/spring-data-commons-1.11.4.RELEASE.jar!/org/springframework/data/repository/core/support/ReflectionEntityInformation.class], URL [jar:file:/C:/Users/rrafacz/.m2/repository/org/springframework/data/spring-data-commons/1.11.4.RELEASE/spring-data-commons-1.11.4.RELEASE.jar!/org/springframework/data/repository/core/support/RepositoryFactorySupport$1.class], URL [jar:file:/C:/Users/rrafacz/.m2/repository/org/springframework/data/spring-data-commons/1.11.4.RELEASE/spring-data-commons-1.11.4.RELEASE.jar!/org/springframework/data/repository/core/support/RepositoryFactorySupport$QueryCollectingQueryCreationListener.class], URL [jar:file:/C:/Users/rrafacz/.m2/repository/org/springframework/data/spring-data-commons/1.11.4.RELEASE/spring-data-commons-1.11.4.RELEASE.jar!/org/springframework/data/repository/core/support/QueryCreationListener.class], URL [jar:file:/C:/Users/rrafacz/.m2/repository/org/springframework/data/spring-data-commons/1.11.4.RELEASE/spring-data-commons-1.11.4.RELEASE.jar!/org/springframework/data/repository/core/support/PropertiesBasedNamedQueries.class], URL [jar:file:/C:/Users/rrafacz/.m2/repository/org/springframework/data/spring-data-commons/1.11.4.RELEASE/spring-data-commons-1.11.4.RELEASE.jar!/org/springframework/data/repository/core/support/TransactionalRepositoryProxyPostProcessor$AbstractFallbackTransactionAttributeSource$DefaultCacheKey.class], URL [jar:file:/C:/Users/rrafacz/.m2/repository/org/springframework/data/spring-data-commons/1.11.4.RELEASE/spring-data-commons-1.11.4.RELEASE.jar!/org/springframework/data/repository/core/support/AbstractRepositoryMetadata.class], URL [jar:file:/C:/Users/rrafacz/.m2/repository/org/springframework/data/spring-data-commons/1.11.4.RELEASE/spring-data-commons-1.11.4.RELEASE.jar!/org/springframework/data/repository/core/support/DefaultRepositoryInformation.class], URL [jar:file:/C:/Users/rrafacz/.m2/repository/org/springframework/data/spring-data-commons/1.11.4.RELEASE/spring-data-commons-1.11.4.RELEASE.jar!/org/springframework/data/repository/core/support/TransactionalRepositoryProxyPostProcessor$CustomAnnotationTransactionAttributeSource.class], URL [jar:file:/C:/Users/rrafacz/.m2/repository/org/springframework/data/spring-data-commons/1.11.4.RELEASE/spring-data-commons-1.11.4.RELEASE.jar!/org/springframework/data/repository/core/support/RepositoryFactorySupport.class], URL [jar:file:/C:/Users/rrafacz/.m2/repository/org/springframework/data/spring-data-commons/1.11.4.RELEASE/spring-data-commons-1.11.4.RELEASE.jar!/org/springframework/data/repository/core/support/RepositoryInterfaceAwareBeanPostProcessor.class], URL [jar:file:/C:/Users/rrafacz/.m2/repository/org/springframework/data/spring-data-commons/1.11.4.RELEASE/spring-data-commons-1.11.4.RELEASE.jar!/org/springframework/data/repository/core/support/PersistableEntityInformation.class], URL [jar:file:/C:/Users/rrafacz/.m2/repository/org/springframework/data/spring-data-commons/1.11.4.RELEASE/spring-data-commons-1.11.4.RELEASE.jar!/org/springframework/data/repository/core/support/PersistenceExceptionTranslationRepositoryProxyPostProcessor.class], URL [jar:file:/C:/Users/rrafacz/.m2/repository/org/springframework/data/spring-data-commons/1.11.4.RELEASE/spring-data-commons-1.11.4.RELEASE.jar!/org/springframework/data/repository/core/support/TransactionalRepositoryFactoryBeanSupport.class], URL [jar:file:/C:/Users/rrafacz/.m2/repository/org/springframework/data/spring-data-commons/1.11.4.RELEASE/spring-data-commons-1.11.4.RELEASE.jar!/org/springframework/data/repository/core/support/RepositoryFactoryBeanSupport.class], URL [jar:file:/C:/Users/rrafacz/.m2/repository/org/springframework/data/spring-data-commons/1.11.4.RELEASE/spring-data-commons-1.11.4.RELEASE.jar!/org/springframework/data/repository/core/support/RepositoryFactorySupport$RepositoryInformationCacheKey.class], URL [jar:file:/C:/Users/rrafacz/.m2/repository/org/springframework/data/spring-data-commons/1.11.4.RELEASE/spring-data-commons-1.11.4.RELEASE.jar!/org/springframework/data/repository/core/support/DelegatingEntityInformation.class], URL [jar:file:/C:/Users/rrafacz/.m2/repository/org/springframework/data/spring-data-commons/1.11.4.RELEASE/spring-data-commons-1.11.4.RELEASE.jar!/org/springframework/data/repository/core/support/ReflectionEntityInformation$1.class], URL [jar:file:/C:/Users/rrafacz/.m2/repository/org/springframework/data/spring-data-commons/1.11.4.RELEASE/spring-data-commons-1.11.4.RELEASE.jar!/org/springframework/data/repository/core/support/RepositoryFactoryInformation.class], URL [jar:file:/C:/Users/rrafacz/.m2/repository/org/springframework/data/spring-data-commons/1.11.4.RELEASE/spring-data-commons-1.11.4.RELEASE.jar!/org/springframework/data/repository/core/support/RepositoryProxyPostProcessor.class], URL [jar:file:/C:/Users/rrafacz/.m2/repository/org/springframework/data/spring-data-commons/1.11.4.RELEASE/spring-data-commons-1.11.4.RELEASE.jar!/org/springframework/data/repository/core/support/AbstractEntityInformation.class], URL [jar:file:/C:/Users/rrafacz/.m2/repository/org/springframework/data/spring-data-commons/1.11.4.RELEASE/spring-data-commons-1.11.4.RELEASE.jar!/org/springframework/data/repository/core/support/AnnotationRepositoryMetadata.class], URL [jar:file:/C:/Users/rrafacz/.m2/repository/org/springframework/data/spring-data-commons/1.11.4.RELEASE/spring-data-commons-1.11.4.RELEASE.jar!/org/springframework/data/repository/core/support/TransactionalRepositoryProxyPostProcessor.class], URL [jar:file:/C:/Users/rrafacz/.m2/repository/org/springframework/data/spring-data-commons/1.11.4.RELEASE/spring-data-commons-1.11.4.RELEASE.jar!/org/springframework/data/repository/core/CrudMethods.class], URL [jar:file:/C:/Users/rrafacz/.m2/repository/org/springframework/data/spring-data-commons/1.11.4.RELEASE/spring-data-commons-1.11.4.RELEASE.jar!/org/springframework/data/repository/core/RepositoryMetadata.class], URL [jar:file:/C:/Users/rrafacz/.m2/repository/org/springframework/data/spring-data-commons/1.11.4.RELEASE/spring-data-commons-1.11.4.RELEASE.jar!/org/springframework/data/querydsl/EntityPathResolver.class], URL [jar:file:/C:/Users/rrafacz/.m2/repository/org/springframework/data/spring-data-commons/1.11.4.RELEASE/spring-data-commons-1.11.4.RELEASE.jar!/org/springframework/data/querydsl/SimpleEntityPathResolver.class], URL [jar:file:/C:/Users/rrafacz/.m2/repository/org/springframework/data/spring-data-commons/1.11.4.RELEASE/spring-data-commons-1.11.4.RELEASE.jar!/org/springframework/data/querydsl/QueryDslUtils.class], URL [jar:file:/C:/Users/rrafacz/.m2/repository/org/springframework/data/spring-data-commons/1.11.4.RELEASE/spring-data-commons-1.11.4.RELEASE.jar!/org/springframework/data/querydsl/QueryDslPredicateExecutor.class], URL [jar:file:/C:/Users/rrafacz/.m2/repository/org/springframework/data/spring-data-commons/1.11.4.RELEASE/spring-data-commons-1.11.4.RELEASE.jar!/org/springframework/data/querydsl/binding/QuerydslBindings$PathBinder.class], URL [jar:file:/C:/Users/rrafacz/.m2/repository/org/springframework/data/spring-data-commons/1.11.4.RELEASE/spring-data-commons-1.11.4.RELEASE.jar!/org/springframework/data/querydsl/binding/MultiValueBinding.class], URL [jar:file:/C:/Users/rrafacz/.m2/repository/org/springframework/data/spring-data-commons/1.11.4.RELEASE/spring-data-commons-1.11.4.RELEASE.jar!/org/springframework/data/querydsl/binding/QuerydslBinderCustomizer.class], URL [jar:file:/C:/Users/rrafacz/.m2/repository/org/springframework/data/spring-data-commons/1.11.4.RELEASE/spring-data-commons-1.11.4.RELEASE.jar!/org/springframework/data/querydsl/binding/QuerydslDefaultBinding.class], URL [jar:file:/C:/Users/rrafacz/.m2/repository/org/springframework/data/spring-data-commons/1.11.4.RELEASE/spring-data-commons-1.11.4.RELEASE.jar!/org/springframework/data/querydsl/binding/QuerydslBindings$1.class], URL [jar:file:/C:/Users/rrafacz/.m2/repository/org/springframework/data/spring-data-commons/1.11.4.RELEASE/spring-data-commons-1.11.4.RELEASE.jar!/org/springframework/data/querydsl/binding/QuerydslBindings.class], URL [jar:file:/C:/Users/rrafacz/.m2/repository/org/springframework/data/spring-data-commons/1.11.4.RELEASE/spring-data-commons-1.11.4.RELEASE.jar!/org/springframework/data/querydsl/binding/QuerydslPredicate.class], URL [jar:file:/C:/Users/rrafacz/.m2/repository/org/springframework/data/spring-data-commons/1.11.4.RELEASE/spring-data-commons-1.11.4.RELEASE.jar!/org/springframework/data/querydsl/binding/QuerydslPredicateBuilder.class], URL [jar:file:/C:/Users/rrafacz/.m2/repository/org/springframework/data/spring-data-commons/1.11.4.RELEASE/spring-data-commons-1.11.4.RELEASE.jar!/org/springframework/data/querydsl/binding/QuerydslBindingsFactory$NoOpCustomizer.class], URL [jar:file:/C:/Users/rrafacz/.m2/repository/org/springframework/data/spring-data-commons/1.11.4.RELEASE/spring-data-commons-1.11.4.RELEASE.jar!/org/springframework/data/querydsl/binding/SingleValueBinding.class], URL [jar:file:/C:/Users/rrafacz/.m2/repository/org/springframework/data/spring-data-commons/1.11.4.RELEASE/spring-data-commons-1.11.4.RELEASE.jar!/org/springframework/data/querydsl/binding/QuerydslBindings$PathAndBinding.class], URL [jar:file:/C:/Users/rrafacz/.m2/repository/org/springframework/data/spring-data-commons/1.11.4.RELEASE/spring-data-commons-1.11.4.RELEASE.jar!/org/springframework/data/querydsl/binding/QuerydslBindings$MultiValueBindingAdapter.class], URL [jar:file:/C:/Users/rrafacz/.m2/repository/org/springframework/data/spring-data-commons/1.11.4.RELEASE/spring-data-commons-1.11.4.RELEASE.jar!/org/springframework/data/querydsl/binding/QuerydslBindingsFactory.class], URL [jar:file:/C:/Users/rrafacz/.m2/repository/org/springframework/data/spring-data-commons/1.11.4.RELEASE/spring-data-commons-1.11.4.RELEASE.jar!/org/springframework/data/querydsl/binding/QuerydslBindings$TypeBinder.class], URL [jar:file:/C:/Users/rrafacz/.m2/repository/org/springframework/data/spring-data-commons/1.11.4.RELEASE/spring-data-commons-1.11.4.RELEASE.jar!/org/springframework/data/querydsl/QSort.class], URL [jar:file:/C:/Users/rrafacz/.m2/repository/org/springframework/data/spring-data-commons/1.11.4.RELEASE/spring-data-commons-1.11.4.RELEASE.jar!/org/springframework/data/querydsl/QPageRequest.class], URL [jar:file:/C:/Users/rrafacz/.m2/repository/org/springframework/data/spring-data-commons/1.11.4.RELEASE/spring-data-commons-1.11.4.RELEASE.jar!/org/springframework/data/querydsl/QuerydslRepositoryInvokerAdapter.class], URL [jar:file:/C:/Users/rrafacz/.m2/repository/org/springframework/data/spring-data-commons/1.11.4.RELEASE/spring-data-commons-1.11.4.RELEASE.jar!/org/springframework/data/annotation/Persistent.class], URL [jar:file:/C:/Users/rrafacz/.m2/repository/org/springframework/data/spring-data-commons/1.11.4.RELEASE/spring-data-commons-1.11.4.RELEASE.jar!/org/springframework/data/annotation/ReadOnlyProperty.class], URL [jar:file:/C:/Users/rrafacz/.m2/repository/org/springframework/data/spring-data-commons/1.11.4.RELEASE/spring-data-commons-1.11.4.RELEASE.jar!/org/springframework/data/annotation/Transient.class], URL [jar:file:/C:/Users/rrafacz/.m2/repository/org/springframework/data/spring-data-commons/1.11.4.RELEASE/spring-data-commons-1.11.4.RELEASE.jar!/org/springframework/data/annotation/AccessType.class], URL [jar:file:/C:/Users/rrafacz/.m2/repository/org/springframework/data/spring-data-commons/1.11.4.RELEASE/spring-data-commons-1.11.4.RELEASE.jar!/org/springframework/data/annotation/Id.class], URL [jar:file:/C:/Users/rrafacz/.m2/repository/org/springframework/data/spring-data-commons/1.11.4.RELEASE/spring-data-commons-1.11.4.RELEASE.jar!/org/springframework/data/annotation/CreatedDate.class], URL [jar:file:/C:/Users/rrafacz/.m2/repository/org/springframework/data/spring-data-commons/1.11.4.RELEASE/spring-data-commons-1.11.4.RELEASE.jar!/org/springframework/data/annotation/CreatedBy.class], URL [jar:file:/C:/Users/rrafacz/.m2/repository/org/springframework/data/spring-data-commons/1.11.4.RELEASE/spring-data-commons-1.11.4.RELEASE.jar!/org/springframework/data/annotation/PersistenceConstructor.class], URL [jar:file:/C:/Users/rrafacz/.m2/repository/org/springframework/data/spring-data-commons/1.11.4.RELEASE/spring-data-commons-1.11.4.RELEASE.jar!/org/springframework/data/annotation/LastModifiedDate.class], URL [jar:file:/C:/Users/rrafacz/.m2/repository/org/springframework/data/spring-data-commons/1.11.4.RELEASE/spring-data-commons-1.11.4.RELEASE.jar!/org/springframework/data/annotation/AccessType$Type.class], URL [jar:file:/C:/Users/rrafacz/.m2/repository/org/springframework/data/spring-data-commons/1.11.4.RELEASE/spring-data-commons-1.11.4.RELEASE.jar!/org/springframework/data/annotation/LastModifiedBy.class], URL [jar:file:/C:/Users/rrafacz/.m2/repository/org/springframework/data/spring-data-commons/1.11.4.RELEASE/spring-data-commons-1.11.4.RELEASE.jar!/org/springframework/data/annotation/TypeAlias.class], URL [jar:file:/C:/Users/rrafacz/.m2/repository/org/springframework/data/spring-data-commons/1.11.4.RELEASE/spring-data-commons-1.11.4.RELEASE.jar!/org/springframework/data/annotation/Version.class], URL [jar:file:/C:/Users/rrafacz/.m2/repository/org/springframework/data/spring-data-commons/1.11.4.RELEASE/spring-data-commons-1.11.4.RELEASE.jar!/org/springframework/data/annotation/Reference.class], URL [jar:file:/C:/Users/rrafacz/.m2/repository/org/springframework/data/spring-data-commons/1.11.4.RELEASE/spring-data-commons-1.11.4.RELEASE.jar!/org/springframework/data/annotation/QueryAnnotation.class], URL [jar:file:/C:/Users/rrafacz/.m2/repository/org/springframework/data/spring-data-commons/1.11.4.RELEASE/spring-data-commons-1.11.4.RELEASE.jar!/org/springframework/data/domain/Persistable.class], URL [jar:file:/C:/Users/rrafacz/.m2/repository/org/springframework/data/spring-data-commons/1.11.4.RELEASE/spring-data-commons-1.11.4.RELEASE.jar!/org/springframework/data/domain/AuditorAware.class], URL [jar:file:/C:/Users/rrafacz/.m2/repository/org/springframework/data/spring-data-commons/1.11.4.RELEASE/spring-data-commons-1.11.4.RELEASE.jar!/org/springframework/data/domain/Sort.class], URL [jar:file:/C:/Users/rrafacz/.m2/repository/org/springframework/data/spring-data-commons/1.11.4.RELEASE/spring-data-commons-1.11.4.RELEASE.jar!/org/springframework/data/domain/Sort$NullHandling.class], URL [jar:file:/C:/Users/rrafacz/.m2/repository/org/springframework/data/spring-data-commons/1.11.4.RELEASE/spring-data-commons-1.11.4.RELEASE.jar!/org/springframework/data/domain/SliceImpl.class], URL [jar:file:/C:/Users/rrafacz/.m2/repository/org/springframework/data/spring-data-commons/1.11.4.RELEASE/spring-data-commons-1.11.4.RELEASE.jar!/org/springframework/data/domain/Page.class], URL [jar:file:/C:/Users/rrafacz/.m2/repository/org/springframework/data/spring-data-commons/1.11.4.RELEASE/spring-data-commons-1.11.4.RELEASE.jar!/org/springframework/data/domain/Pageable.class], URL [jar:file:/C:/Users/rrafacz/.m2/repository/org/springframework/data/spring-data-commons/1.11.4.RELEASE/spring-data-commons-1.11.4.RELEASE.jar!/org/springframework/data/domain/PageImpl.class], URL [jar:file:/C:/Users/rrafacz/.m2/repository/org/springframework/data/spring-data-commons/1.11.4.RELEASE/spring-data-commons-1.11.4.RELEASE.jar!/org/springframework/data/domain/Chunk.class], URL [jar:file:/C:/Users/rrafacz/.m2/repository/org/springframework/data/spring-data-commons/1.11.4.RELEASE/spring-data-commons-1.11.4.RELEASE.jar!/org/springframework/data/domain/PageRequest.class], URL [jar:file:/C:/Users/rrafacz/.m2/repository/org/springframework/data/spring-data-commons/1.11.4.RELEASE/spring-data-commons-1.11.4.RELEASE.jar!/org/springframework/data/domain/Sort$Direction.class], URL [jar:file:/C:/Users/rrafacz/.m2/repository/org/springframework/data/spring-data-commons/1.11.4.RELEASE/spring-data-commons-1.11.4.RELEASE.jar!/org/springframework/data/domain/Range.class], URL [jar:file:/C:/Users/rrafacz/.m2/repository/org/springframework/data/spring-data-commons/1.11.4.RELEASE/spring-data-commons-1.11.4.RELEASE.jar!/org/springframework/data/domain/jaxb/SpringDataJaxb$OrderDto.class], URL [jar:file:/C:/Users/rrafacz/.m2/repository/org/springframework/data/spring-data-commons/1.11.4.RELEASE/spring-data-commons-1.11.4.RELEASE.jar!/org/springframework/data/domain/jaxb/PageAdapter.class], URL [jar:file:/C:/Users/rrafacz/.m2/repository/org/springframework/data/spring-data-commons/1.11.4.RELEASE/spring-data-commons-1.11.4.RELEASE.jar!/org/springframework/data/domain/jaxb/OrderAdapter.class], URL [jar:file:/C:/Users/rrafacz/.m2/repository/org/springframework/data/spring-data-commons/1.11.4.RELEASE/spring-data-commons-1.11.4.RELEASE.jar!/org/springframework/data/domain/jaxb/SpringDataJaxb$SortDto.class], URL [jar:file:/C:/Users/rrafacz/.m2/repository/org/springframework/data/spring-data-commons/1.11.4.RELEASE/spring-data-commons-1.11.4.RELEASE.jar!/org/springframework/data/domain/jaxb/SpringDataJaxb$PageRequestDto.class], URL [jar:file:/C:/Users/rrafacz/.m2/repository/org/springframework/data/spring-data-commons/1.11.4.RELEASE/spring-data-commons-1.11.4.RELEASE.jar!/org/springframework/data/domain/jaxb/SpringDataJaxb$PageDto.class], URL [jar:file:/C:/Users/rrafacz/.m2/repository/org/springframework/data/spring-data-commons/1.11.4.RELEASE/spring-data-commons-1.11.4.RELEASE.jar!/org/springframework/data/domain/jaxb/SpringDataJaxb.class], URL [jar:file:/C:/Users/rrafacz/.m2/repository/org/springframework/data/spring-data-commons/1.11.4.RELEASE/spring-data-commons-1.11.4.RELEASE.jar!/org/springframework/data/domain/jaxb/PageableAdapter.class], URL [jar:file:/C:/Users/rrafacz/.m2/repository/org/springframework/data/spring-data-commons/1.11.4.RELEASE/spring-data-commons-1.11.4.RELEASE.jar!/org/springframework/data/domain/jaxb/SortAdapter.class], URL [jar:file:/C:/Users/rrafacz/.m2/repository/org/springframework/data/spring-data-commons/1.11.4.RELEASE/spring-data-commons-1.11.4.RELEASE.jar!/org/springframework/data/domain/jaxb/package-info.class], URL [jar:file:/C:/Users/rrafacz/.m2/repository/org/springframework/data/spring-data-commons/1.11.4.RELEASE/spring-data-commons-1.11.4.RELEASE.jar!/org/springframework/data/domain/Sort$Order.class], URL [jar:file:/C:/Users/rrafacz/.m2/repository/org/springframework/data/spring-data-commons/1.11.4.RELEASE/spring-data-commons-1.11.4.RELEASE.jar!/org/springframework/data/domain/Slice.class], URL [jar:file:/C:/Users/rrafacz/.m2/repository/org/springframework/data/spring-data-commons/1.11.4.RELEASE/spring-data-commons-1.11.4.RELEASE.jar!/org/springframework/data/domain/Auditable.class], URL [jar:file:/C:/Users/rrafacz/.m2/repository/org/springframework/data/spring-data-commons/1.11.4.RELEASE/spring-data-commons-1.11.4.RELEASE.jar!/org/springframework/data/domain/AbstractPageRequest.class], URL [jar:file:/C:/Users/rrafacz/.m2/repository/org/springframework/data/spring-data-commons/1.11.4.RELEASE/spring-data-commons-1.11.4.RELEASE.jar!/org/springframework/data/config/TypeFilterParser$1.class], URL [jar:file:/C:/Users/rrafacz/.m2/repository/org/springframework/data/spring-data-commons/1.11.4.RELEASE/spring-data-commons-1.11.4.RELEASE.jar!/org/springframework/data/config/BeanComponentDefinitionBuilder.class], URL [jar:file:/C:/Users/rrafacz/.m2/repository/org/springframework/data/spring-data-commons/1.11.4.RELEASE/spring-data-commons-1.11.4.RELEASE.jar!/org/springframework/data/config/TypeFilterParser$FilterType$2.class], URL [jar:file:/C:/Users/rrafacz/.m2/repository/org/springframework/data/spring-data-commons/1.11.4.RELEASE/spring-data-commons-1.11.4.RELEASE.jar!/org/springframework/data/config/TypeFilterParser$FilterType$1.class], URL [jar:file:/C:/Users/rrafacz/.m2/repository/org/springframework/data/spring-data-commons/1.11.4.RELEASE/spring-data-commons-1.11.4.RELEASE.jar!/org/springframework/data/config/TypeFilterParser$FilterType.class], URL [jar:file:/C:/Users/rrafacz/.m2/repository/org/springframework/data/spring-data-commons/1.11.4.RELEASE/spring-data-commons-1.11.4.RELEASE.jar!/org/springframework/data/config/ParsingUtils.class], URL [jar:file:/C:/Users/rrafacz/.m2/repository/org/springframework/data/spring-data-commons/1.11.4.RELEASE/spring-data-commons-1.11.4.RELEASE.jar!/org/springframework/data/config/TypeFilterParser$Type.class], URL [jar:file:/C:/Users/rrafacz/.m2/repository/org/springframework/data/spring-data-commons/1.11.4.RELEASE/spring-data-commons-1.11.4.RELEASE.jar!/org/springframework/data/config/TypeFilterParser$FilterType$3.class], URL [jar:file:/C:/Users/rrafacz/.m2/repository/org/springframework/data/spring-data-commons/1.11.4.RELEASE/spring-data-commons-1.11.4.RELEASE.jar!/org/springframework/data/config/TypeFilterParser$FilterType$5.class], URL [jar:file:/C:/Users/rrafacz/.m2/repository/org/springframework/data/spring-data-commons/1.11.4.RELEASE/spring-data-commons-1.11.4.RELEASE.jar!/org/springframework/data/config/TypeFilterParser.class], URL [jar:file:/C:/Users/rrafacz/.m2/repository/org/springframework/data/spring-data-commons/1.11.4.RELEASE/spring-data-commons-1.11.4.RELEASE.jar!/org/springframework/data/config/TypeFilterParser$FilterType$4.class], URL [jar:file:/C:/Users/rrafacz/.m2/repository/org/springframework/data/spring-data-commons/1.11.4.RELEASE/spring-data-commons-1.11.4.RELEASE.jar!/org/springframework/data/auditing/CurrentDateTimeProvider.class], URL [jar:file:/C:/Users/rrafacz/.m2/repository/org/springframework/data/spring-data-commons/1.11.4.RELEASE/spring-data-commons-1.11.4.RELEASE.jar!/org/springframework/data/auditing/MappingAuditableBeanWrapperFactory.class], URL [jar:file:/C:/Users/rrafacz/.m2/repository/org/springframework/data/spring-data-commons/1.11.4.RELEASE/spring-data-commons-1.11.4.RELEASE.jar!/org/springframework/data/auditing/AuditingHandler.class], URL [jar:file:/C:/Users/rrafacz/.m2/repository/org/springframework/data/spring-data-commons/1.11.4.RELEASE/spring-data-commons-1.11.4.RELEASE.jar!/org/springframework/data/auditing/MappingAuditableBeanWrapperFactory$MappingAuditingMetadata.class], URL [jar:file:/C:/Users/rrafacz/.m2/repository/org/springframework/data/spring-data-commons/1.11.4.RELEASE/spring-data-commons-1.11.4.RELEASE.jar!/org/springframework/data/auditing/AnnotationAuditingMetadata.class], URL [jar:file:/C:/Users/rrafacz/.m2/repository/org/springframework/data/spring-data-commons/1.11.4.RELEASE/spring-data-commons-1.11.4.RELEASE.jar!/org/springframework/data/auditing/MappingAuditableBeanWrapperFactory$MappingMetadataAuditableBeanWrapper.class], URL [jar:file:/C:/Users/rrafacz/.m2/repository/org/springframework/data/spring-data-commons/1.11.4.RELEASE/spring-data-commons-1.11.4.RELEASE.jar!/org/springframework/data/auditing/DefaultAuditableBeanWrapperFactory.class], URL [jar:file:/C:/Users/rrafacz/.m2/repository/org/springframework/data/spring-data-commons/1.11.4.RELEASE/spring-data-commons-1.11.4.RELEASE.jar!/org/springframework/data/auditing/DateTimeProvider.class], URL [jar:file:/C:/Users/rrafacz/.m2/repository/org/springframework/data/spring-data-commons/1.11.4.RELEASE/spring-data-commons-1.11.4.RELEASE.jar!/org/springframework/data/auditing/DefaultAuditableBeanWrapperFactory$AuditableInterfaceBeanWrapper.class], URL [jar:file:/C:/Users/rrafacz/.m2/repository/org/springframework/data/spring-data-commons/1.11.4.RELEASE/spring-data-commons-1.11.4.RELEASE.jar!/org/springframework/data/auditing/AuditableBeanWrapper.class], URL [jar:file:/C:/Users/rrafacz/.m2/repository/org/springframework/data/spring-data-commons/1.11.4.RELEASE/spring-data-commons-1.11.4.RELEASE.jar!/org/springframework/data/auditing/DefaultAuditableBeanWrapperFactory$CalendarToDateTimeConverter.class], URL [jar:file:/C:/Users/rrafacz/.m2/repository/org/springframework/data/spring-data-commons/1.11.4.RELEASE/spring-data-commons-1.11.4.RELEASE.jar!/org/springframework/data/auditing/AuditableBeanWrapperFactory.class], URL [jar:file:/C:/Users/rrafacz/.m2/repository/org/springframework/data/spring-data-commons/1.11.4.RELEASE/spring-data-commons-1.11.4.RELEASE.jar!/org/springframework/data/auditing/DefaultAuditableBeanWrapperFactory$CalendarToLocalDateTimeConverter.class], URL [jar:file:/C:/Users/rrafacz/.m2/repository/org/springframework/data/spring-data-commons/1.11.4.RELEASE/spring-data-commons-1.11.4.RELEASE.jar!/org/springframework/data/auditing/DefaultAuditableBeanWrapperFactory$DateConvertingAuditableBeanWrapper.class], URL [jar:file:/C:/Users/rrafacz/.m2/repository/org/springframework/data/spring-data-commons/1.11.4.RELEASE/spring-data-commons-1.11.4.RELEASE.jar!/org/springframework/data/auditing/DefaultAuditableBeanWrapperFactory$ReflectionAuditingBeanWrapper.class], URL [jar:file:/C:/Users/rrafacz/.m2/repository/org/springframework/data/spring-data-commons/1.11.4.RELEASE/spring-data-commons-1.11.4.RELEASE.jar!/org/springframework/data/auditing/config/IsNewAwareAuditingHandlerBeanDefinitionParser.class], URL [jar:file:/C:/Users/rrafacz/.m2/repository/org/springframework/data/spring-data-commons/1.11.4.RELEASE/spring-data-commons-1.11.4.RELEASE.jar!/org/springframework/data/auditing/config/AuditingConfiguration.class], URL [jar:file:/C:/Users/rrafacz/.m2/repository/org/springframework/data/spring-data-commons/1.11.4.RELEASE/spring-data-commons-1.11.4.RELEASE.jar!/org/springframework/data/auditing/config/AuditingHandlerBeanDefinitionParser.class], URL [jar:file:/C:/Users/rrafacz/.m2/repository/org/springframework/data/spring-data-commons/1.11.4.RELEASE/spring-data-commons-1.11.4.RELEASE.jar!/org/springframework/data/auditing/config/AuditingBeanDefinitionRegistrarSupport.class], URL [jar:file:/C:/Users/rrafacz/.m2/repository/org/springframework/data/spring-data-commons/1.11.4.RELEASE/spring-data-commons-1.11.4.RELEASE.jar!/org/springframework/data/auditing/config/AnnotationAuditingConfiguration.class], URL [jar:file:/C:/Users/rrafacz/.m2/repository/org/springframework/data/spring-data-commons/1.11.4.RELEASE/spring-data-commons-1.11.4.RELEASE.jar!/org/springframework/data/auditing/IsNewAwareAuditingHandler.class], URL [jar:file:/C:/Users/rrafacz/.m2/repository/org/springframework/data/spring-data-commons/1.11.4.RELEASE/spring-data-commons-1.11.4.RELEASE.jar!/org/springframework/data/authentication/UserCredentials.class], URL [jar:file:/C:/Users/rrafacz/.m2/repository/org/springframework/data/spring-data-commons/1.11.4.RELEASE/spring-data-commons-1.11.4.RELEASE.jar!/org/springframework/data/support/PersistableIsNewStrategy.class], URL [jar:file:/C:/Users/rrafacz/.m2/repository/org/springframework/data/spring-data-commons/1.11.4.RELEASE/spring-data-commons-1.11.4.RELEASE.jar!/org/springframework/data/support/CachingIsNewStrategyFactory.class], URL [jar:file:/C:/Users/rrafacz/.m2/repository/org/springframework/data/spring-data-commons/1.11.4.RELEASE/spring-data-commons-1.11.4.RELEASE.jar!/org/springframework/data/support/IsNewStrategy.class], URL [jar:file:/C:/Users/rrafacz/.m2/repository/org/springframework/data/spring-data-commons/1.11.4.RELEASE/spring-data-commons-1.11.4.RELEASE.jar!/org/springframework/data/support/IsNewStrategyFactorySupport.class], URL [jar:file:/C:/Users/rrafacz/.m2/repository/org/springframework/data/spring-data-commons/1.11.4.RELEASE/spring-data-commons-1.11.4.RELEASE.jar!/org/springframework/data/support/IsNewStrategyFactory.class], URL [jar:file:/C:/Users/rrafacz/.m2/repository/org/springframework/data/spring-data-commons/1.11.4.RELEASE/spring-data-commons-1.11.4.RELEASE.jar!/org/springframework/data/projection/DefaultMethodInvokingMethodInterceptor.class], URL [jar:file:/C:/Users/rrafacz/.m2/repository/org/springframework/data/spring-data-commons/1.11.4.RELEASE/spring-data-commons-1.11.4.RELEASE.jar!/org/springframework/data/projection/ProjectingMethodInterceptor.class], URL [jar:file:/C:/Users/rrafacz/.m2/repository/org/springframework/data/spring-data-commons/1.11.4.RELEASE/spring-data-commons-1.11.4.RELEASE.jar!/org/springframework/data/projection/TargetAware.class], URL [jar:file:/C:/Users/rrafacz/.m2/repository/org/springframework/data/spring-data-commons/1.11.4.RELEASE/spring-data-commons-1.11.4.RELEASE.jar!/org/springframework/data/projection/SpelEvaluatingMethodInterceptor$TargetWrapper.class], URL [jar:file:/C:/Users/rrafacz/.m2/repository/org/springframework/data/spring-data-commons/1.11.4.RELEASE/spring-data-commons-1.11.4.RELEASE.jar!/org/springframework/data/projection/SpelEvaluatingMethodInterceptor.class], URL [jar:file:/C:/Users/rrafacz/.m2/repository/org/springframework/data/spring-data-commons/1.11.4.RELEASE/spring-data-commons-1.11.4.RELEASE.jar!/org/springframework/data/projection/MapAccessingMethodInterceptor.class], URL [jar:file:/C:/Users/rrafacz/.m2/repository/org/springframework/data/spring-data-commons/1.11.4.RELEASE/spring-data-commons-1.11.4.RELEASE.jar!/org/springframework/data/projection/SpelAwareProxyProjectionFactory.class], URL [jar:file:/C:/Users/rrafacz/.m2/repository/org/springframework/data/spring-data-commons/1.11.4.RELEASE/spring-data-commons-1.11.4.RELEASE.jar!/org/springframework/data/projection/ProxyProjectionFactory.class], URL [jar:file:/C:/Users/rrafacz/.m2/repository/org/springframework/data/spring-data-commons/1.11.4.RELEASE/spring-data-commons-1.11.4.RELEASE.jar!/org/springframework/data/projection/ProjectionFactory.class], URL [jar:file:/C:/Users/rrafacz/.m2/repository/org/springframework/data/spring-data-commons/1.11.4.RELEASE/spring-data-commons-1.11.4.RELEASE.jar!/org/springframework/data/projection/PropertyAccessingMethodInterceptor.class], URL [jar:file:/C:/Users/rrafacz/.m2/repository/org/springframework/data/spring-data-commons/1.11.4.RELEASE/spring-data-commons-1.11.4.RELEASE.jar!/org/springframework/data/projection/ProxyProjectionFactory$TargetAwareMethodInterceptor.class], URL [jar:file:/C:/Users/rrafacz/.m2/repository/org/springframework/data/spring-data-commons/1.11.4.RELEASE/spring-data-commons-1.11.4.RELEASE.jar!/org/springframework/data/projection/MapAccessingMethodInterceptor$Accessor.class], URL [jar:file:/C:/Users/rrafacz/.m2/repository/org/springframework/data/spring-data-commons/1.11.4.RELEASE/spring-data-commons-1.11.4.RELEASE.jar!/org/springframework/data/transaction/MultiTransactionStatus$SavePoints.class], URL [jar:file:/C:/Users/rrafacz/.m2/repository/org/springframework/data/spring-data-commons/1.11.4.RELEASE/spring-data-commons-1.11.4.RELEASE.jar!/org/springframework/data/transaction/ChainedTransactionManager.class], URL [jar:file:/C:/Users/rrafacz/.m2/repository/org/springframework/data/spring-data-commons/1.11.4.RELEASE/spring-data-commons-1.11.4.RELEASE.jar!/org/springframework/data/transaction/SpringTransactionSynchronizationManager.class], URL [jar:file:/C:/Users/rrafacz/.m2/repository/org/springframework/data/spring-data-commons/1.11.4.RELEASE/spring-data-commons-1.11.4.RELEASE.jar!/org/springframework/data/transaction/MultiTransactionStatus$1.class], URL [jar:file:/C:/Users/rrafacz/.m2/repository/org/springframework/data/spring-data-commons/1.11.4.RELEASE/spring-data-commons-1.11.4.RELEASE.jar!/org/springframework/data/transaction/MultiTransactionStatus.class], URL [jar:file:/C:/Users/rrafacz/.m2/repository/org/springframework/data/spring-data-commons/1.11.4.RELEASE/spring-data-commons-1.11.4.RELEASE.jar!/org/springframework/data/transaction/SynchronizationManager.class]]
2017-05-25 12:24:41.042 DEBUG 4252 --- [           main] ssPathScanningCandidateComponentProvider : Identified candidate component class: URL [jar:file:/C:/Users/rrafacz/.m2/repository/org/springframework/data/spring-data-commons/1.11.4.RELEASE/spring-data-commons-1.11.4.RELEASE.jar!/org/springframework/data/web/config/SpringDataJacksonConfiguration.class]
2017-05-25 12:24:41.190 DEBUG 4252 --- [           main] o.s.b.f.s.DefaultListableBeanFactory     : Returning cached instance of singleton bean 'autoConfigurationReport'
2017-05-25 12:24:41.191 DEBUG 4252 --- [           main] o.s.b.f.s.DefaultListableBeanFactory     : Returning cached instance of singleton bean 'autoConfigurationReport'
2017-05-25 12:24:41.192 DEBUG 4252 --- [           main] o.s.b.f.s.DefaultListableBeanFactory     : Returning cached instance of singleton bean 'autoConfigurationReport'
2017-05-25 12:24:41.194 DEBUG 4252 --- [           main] o.s.b.f.s.DefaultListableBeanFactory     : Returning cached instance of singleton bean 'autoConfigurationReport'
2017-05-25 12:24:41.201 DEBUG 4252 --- [           main] o.s.b.f.s.DefaultListableBeanFactory     : Returning cached instance of singleton bean 'autoConfigurationReport'
2017-05-25 12:24:41.201 DEBUG 4252 --- [           main] o.s.b.f.s.DefaultListableBeanFactory     : Returning cached instance of singleton bean 'autoConfigurationReport'
2017-05-25 12:24:41.204 DEBUG 4252 --- [           main] o.s.b.f.s.DefaultListableBeanFactory     : Returning cached instance of singleton bean 'autoConfigurationReport'
2017-05-25 12:24:41.206 DEBUG 4252 --- [           main] o.s.b.f.s.DefaultListableBeanFactory     : Returning cached instance of singleton bean 'autoConfigurationReport'
2017-05-25 12:24:41.222 DEBUG 4252 --- [           main] o.s.b.f.s.DefaultListableBeanFactory     : Returning cached instance of singleton bean 'autoConfigurationReport'
2017-05-25 12:24:41.228 DEBUG 4252 --- [           main] o.s.b.f.s.DefaultListableBeanFactory     : Returning cached instance of singleton bean 'autoConfigurationReport'
2017-05-25 12:24:41.231 DEBUG 4252 --- [           main] o.s.b.f.s.DefaultListableBeanFactory     : Returning cached instance of singleton bean 'autoConfigurationReport'
2017-05-25 12:24:41.232 DEBUG 4252 --- [           main] o.s.b.f.s.DefaultListableBeanFactory     : Returning cached instance of singleton bean 'autoConfigurationReport'
2017-05-25 12:24:41.232 DEBUG 4252 --- [           main] o.s.c.e.PropertySourcesPropertyResolver  : Searching for key 'spring.h2.console.enabled' in [systemProperties]
2017-05-25 12:24:41.232 DEBUG 4252 --- [           main] o.s.c.e.PropertySourcesPropertyResolver  : Searching for key 'spring.h2.console.enabled' in [systemEnvironment]
2017-05-25 12:24:41.232 DEBUG 4252 --- [           main] o.s.c.e.PropertySourcesPropertyResolver  : Searching for key 'spring.h2.console.enabled' in [random]
2017-05-25 12:24:41.233 DEBUG 4252 --- [           main] o.s.c.e.PropertySourcesPropertyResolver  : Searching for key 'spring.h2.console.enabled' in [integrationTest]
2017-05-25 12:24:41.233 DEBUG 4252 --- [           main] o.s.c.e.PropertySourcesPropertyResolver  : Searching for key 'spring.h2.console.enabled' in [applicationConfigurationProperties]
2017-05-25 12:24:41.233 DEBUG 4252 --- [           main] o.s.c.e.PropertySourcesPropertyResolver  : Found key 'spring.h2.console.enabled' in [applicationConfigurationProperties] with type [String] and value 'true'
2017-05-25 12:24:41.233 DEBUG 4252 --- [           main] o.s.b.f.s.DefaultListableBeanFactory     : Returning cached instance of singleton bean 'autoConfigurationReport'
2017-05-25 12:24:41.235 DEBUG 4252 --- [           main] o.s.b.f.s.DefaultListableBeanFactory     : Returning cached instance of singleton bean 'autoConfigurationReport'
2017-05-25 12:24:41.235 DEBUG 4252 --- [           main] o.s.b.f.s.DefaultListableBeanFactory     : Returning cached instance of singleton bean 'autoConfigurationReport'
2017-05-25 12:24:41.249 DEBUG 4252 --- [           main] o.s.b.f.s.DefaultListableBeanFactory     : Returning cached instance of singleton bean 'autoConfigurationReport'
2017-05-25 12:24:41.250 DEBUG 4252 --- [           main] o.s.b.f.s.DefaultListableBeanFactory     : Returning cached instance of singleton bean 'autoConfigurationReport'
2017-05-25 12:24:41.251 DEBUG 4252 --- [           main] o.s.b.f.s.DefaultListableBeanFactory     : Returning cached instance of singleton bean 'autoConfigurationReport'
2017-05-25 12:24:41.253 DEBUG 4252 --- [           main] o.s.b.f.s.DefaultListableBeanFactory     : Returning cached instance of singleton bean 'autoConfigurationReport'
2017-05-25 12:24:41.266 DEBUG 4252 --- [           main] o.s.b.f.s.DefaultListableBeanFactory     : Returning cached instance of singleton bean 'autoConfigurationReport'
2017-05-25 12:24:41.268 DEBUG 4252 --- [           main] o.s.b.f.s.DefaultListableBeanFactory     : Returning cached instance of singleton bean 'autoConfigurationReport'
2017-05-25 12:24:41.269 DEBUG 4252 --- [           main] o.s.b.f.s.DefaultListableBeanFactory     : Returning cached instance of singleton bean 'autoConfigurationReport'
2017-05-25 12:24:41.271 DEBUG 4252 --- [           main] o.s.b.f.s.DefaultListableBeanFactory     : Returning cached instance of singleton bean 'autoConfigurationReport'
2017-05-25 12:24:41.271 DEBUG 4252 --- [           main] o.s.b.f.s.DefaultListableBeanFactory     : Returning cached instance of singleton bean 'autoConfigurationReport'
2017-05-25 12:24:41.273 DEBUG 4252 --- [           main] o.s.b.f.s.DefaultListableBeanFactory     : Returning cached instance of singleton bean 'autoConfigurationReport'
2017-05-25 12:24:41.274 DEBUG 4252 --- [           main] o.s.b.f.s.DefaultListableBeanFactory     : Returning cached instance of singleton bean 'autoConfigurationReport'
2017-05-25 12:24:41.276 DEBUG 4252 --- [           main] o.s.b.f.s.DefaultListableBeanFactory     : Returning cached instance of singleton bean 'autoConfigurationReport'
2017-05-25 12:24:41.277 DEBUG 4252 --- [           main] o.s.b.f.s.DefaultListableBeanFactory     : Returning cached instance of singleton bean 'autoConfigurationReport'
2017-05-25 12:24:41.278 DEBUG 4252 --- [           main] o.s.b.f.s.DefaultListableBeanFactory     : Returning cached instance of singleton bean 'autoConfigurationReport'
2017-05-25 12:24:41.279 DEBUG 4252 --- [           main] o.s.b.f.s.DefaultListableBeanFactory     : Returning cached instance of singleton bean 'autoConfigurationReport'
2017-05-25 12:24:41.280 DEBUG 4252 --- [           main] o.s.b.f.s.DefaultListableBeanFactory     : Returning cached instance of singleton bean 'autoConfigurationReport'
2017-05-25 12:24:41.283 DEBUG 4252 --- [           main] o.s.b.f.s.DefaultListableBeanFactory     : Returning cached instance of singleton bean 'autoConfigurationReport'
2017-05-25 12:24:41.284 DEBUG 4252 --- [           main] o.s.b.f.s.DefaultListableBeanFactory     : Returning cached instance of singleton bean 'autoConfigurationReport'
2017-05-25 12:24:41.296 DEBUG 4252 --- [           main] o.s.b.f.s.DefaultListableBeanFactory     : Returning cached instance of singleton bean 'autoConfigurationReport'
2017-05-25 12:24:41.298 DEBUG 4252 --- [           main] o.s.b.f.s.DefaultListableBeanFactory     : Returning cached instance of singleton bean 'autoConfigurationReport'
2017-05-25 12:24:41.298 DEBUG 4252 --- [           main] o.s.b.f.s.DefaultListableBeanFactory     : Returning cached instance of singleton bean 'autoConfigurationReport'
2017-05-25 12:24:41.301 DEBUG 4252 --- [           main] o.s.b.f.s.DefaultListableBeanFactory     : Returning cached instance of singleton bean 'autoConfigurationReport'
2017-05-25 12:24:41.304 DEBUG 4252 --- [           main] o.s.b.f.s.DefaultListableBeanFactory     : Returning cached instance of singleton bean 'autoConfigurationReport'
2017-05-25 12:24:41.307 DEBUG 4252 --- [           main] o.s.b.f.s.DefaultListableBeanFactory     : Returning cached instance of singleton bean 'autoConfigurationReport'
2017-05-25 12:24:41.309 DEBUG 4252 --- [           main] o.s.b.f.s.DefaultListableBeanFactory     : Returning cached instance of singleton bean 'autoConfigurationReport'
2017-05-25 12:24:41.316 DEBUG 4252 --- [           main] o.s.b.f.s.DefaultListableBeanFactory     : Returning cached instance of singleton bean 'autoConfigurationReport'
2017-05-25 12:24:41.317 DEBUG 4252 --- [           main] o.s.b.f.s.DefaultListableBeanFactory     : Returning cached instance of singleton bean 'autoConfigurationReport'
2017-05-25 12:24:41.319 DEBUG 4252 --- [           main] o.s.b.f.s.DefaultListableBeanFactory     : Returning cached instance of singleton bean 'autoConfigurationReport'
2017-05-25 12:24:41.320 DEBUG 4252 --- [           main] o.s.b.f.s.DefaultListableBeanFactory     : Returning cached instance of singleton bean 'autoConfigurationReport'
2017-05-25 12:24:41.322 DEBUG 4252 --- [           main] o.s.b.f.s.DefaultListableBeanFactory     : Returning cached instance of singleton bean 'autoConfigurationReport'
2017-05-25 12:24:41.323 DEBUG 4252 --- [           main] o.s.b.f.s.DefaultListableBeanFactory     : Returning cached instance of singleton bean 'autoConfigurationReport'
2017-05-25 12:24:41.324 DEBUG 4252 --- [           main] o.s.b.f.s.DefaultListableBeanFactory     : Returning cached instance of singleton bean 'autoConfigurationReport'
2017-05-25 12:24:41.324 DEBUG 4252 --- [           main] o.s.b.f.s.DefaultListableBeanFactory     : Returning cached instance of singleton bean 'autoConfigurationReport'
2017-05-25 12:24:41.326 DEBUG 4252 --- [           main] o.s.b.f.s.DefaultListableBeanFactory     : Returning cached instance of singleton bean 'autoConfigurationReport'
2017-05-25 12:24:41.326 DEBUG 4252 --- [           main] o.s.b.f.s.DefaultListableBeanFactory     : Returning cached instance of singleton bean 'autoConfigurationReport'
2017-05-25 12:24:41.330 DEBUG 4252 --- [           main] o.s.b.f.s.DefaultListableBeanFactory     : Returning cached instance of singleton bean 'autoConfigurationReport'
2017-05-25 12:24:41.332 DEBUG 4252 --- [           main] o.s.b.f.s.DefaultListableBeanFactory     : Returning cached instance of singleton bean 'autoConfigurationReport'
2017-05-25 12:24:41.335 DEBUG 4252 --- [           main] o.s.b.f.s.DefaultListableBeanFactory     : Returning cached instance of singleton bean 'autoConfigurationReport'
2017-05-25 12:24:41.336 DEBUG 4252 --- [           main] o.s.b.f.s.DefaultListableBeanFactory     : Returning cached instance of singleton bean 'autoConfigurationReport'
2017-05-25 12:24:41.340 DEBUG 4252 --- [           main] o.s.b.f.s.DefaultListableBeanFactory     : Returning cached instance of singleton bean 'autoConfigurationReport'
2017-05-25 12:24:41.343 DEBUG 4252 --- [           main] o.s.b.f.s.DefaultListableBeanFactory     : Returning cached instance of singleton bean 'autoConfigurationReport'
2017-05-25 12:24:41.343 DEBUG 4252 --- [           main] o.s.b.f.s.DefaultListableBeanFactory     : Returning cached instance of singleton bean 'autoConfigurationReport'
2017-05-25 12:24:41.350 DEBUG 4252 --- [           main] o.s.b.f.s.DefaultListableBeanFactory     : Returning cached instance of singleton bean 'autoConfigurationReport'
2017-05-25 12:24:41.350 DEBUG 4252 --- [           main] o.s.b.f.s.DefaultListableBeanFactory     : Returning cached instance of singleton bean 'autoConfigurationReport'
2017-05-25 12:24:41.353 DEBUG 4252 --- [           main] o.s.b.f.s.DefaultListableBeanFactory     : Returning cached instance of singleton bean 'autoConfigurationReport'
2017-05-25 12:24:41.358 DEBUG 4252 --- [           main] o.s.b.f.s.DefaultListableBeanFactory     : Returning cached instance of singleton bean 'autoConfigurationReport'
2017-05-25 12:24:41.361 DEBUG 4252 --- [           main] o.s.b.f.s.DefaultListableBeanFactory     : Returning cached instance of singleton bean 'autoConfigurationReport'
2017-05-25 12:24:41.363 DEBUG 4252 --- [           main] o.s.b.f.s.DefaultListableBeanFactory     : Returning cached instance of singleton bean 'autoConfigurationReport'
2017-05-25 12:24:41.366 DEBUG 4252 --- [           main] o.s.b.f.s.DefaultListableBeanFactory     : Returning cached instance of singleton bean 'autoConfigurationReport'
2017-05-25 12:24:41.367 DEBUG 4252 --- [           main] o.s.b.f.s.DefaultListableBeanFactory     : Returning cached instance of singleton bean 'autoConfigurationReport'
2017-05-25 12:24:41.371 DEBUG 4252 --- [           main] a.ConfigurationClassBeanDefinitionReader : Registering bean definition for @Bean method org.stacksonstacks.config.ProdDataSourceConfig.dataSource()
2017-05-25 12:24:41.371 DEBUG 4252 --- [           main] a.ConfigurationClassBeanDefinitionReader : Registered bean definition for imported class 'org.springframework.security.config.annotation.authentication.configuration.AuthenticationConfiguration'
2017-05-25 12:24:41.371 DEBUG 4252 --- [           main] a.ConfigurationClassBeanDefinitionReader : Registering bean definition for @Bean method org.springframework.security.config.annotation.authentication.configuration.AuthenticationConfiguration.authenticationManagerBuilder()
2017-05-25 12:24:41.372 DEBUG 4252 --- [           main] a.ConfigurationClassBeanDefinitionReader : Registering bean definition for @Bean method org.springframework.security.config.annotation.authentication.configuration.AuthenticationConfiguration.enableGlobalAuthenticationAutowiredConfigurer()
2017-05-25 12:24:41.372 DEBUG 4252 --- [           main] a.ConfigurationClassBeanDefinitionReader : Registered bean definition for imported class 'org.springframework.security.config.annotation.method.configuration.GlobalMethodSecurityConfiguration'
2017-05-25 12:24:41.372 DEBUG 4252 --- [           main] a.ConfigurationClassBeanDefinitionReader : Registering bean definition for @Bean method org.springframework.security.config.annotation.method.configuration.GlobalMethodSecurityConfiguration.methodSecurityInterceptor()
2017-05-25 12:24:41.373 DEBUG 4252 --- [           main] a.ConfigurationClassBeanDefinitionReader : Registering bean definition for @Bean method org.springframework.security.config.annotation.method.configuration.GlobalMethodSecurityConfiguration.methodSecurityMetadataSource()
2017-05-25 12:24:41.373 DEBUG 4252 --- [           main] a.ConfigurationClassBeanDefinitionReader : Registering bean definition for @Bean method org.springframework.security.config.annotation.method.configuration.GlobalMethodSecurityConfiguration.preInvocationAuthorizationAdvice()
2017-05-25 12:24:41.373 DEBUG 4252 --- [           main] a.ConfigurationClassBeanDefinitionReader : Registered bean definition for imported class 'org.springframework.security.config.annotation.configuration.ObjectPostProcessorConfiguration'
2017-05-25 12:24:41.373 DEBUG 4252 --- [           main] a.ConfigurationClassBeanDefinitionReader : Registering bean definition for @Bean method org.springframework.security.config.annotation.configuration.ObjectPostProcessorConfiguration.objectPostProcessor()
2017-05-25 12:24:41.383 DEBUG 4252 --- [           main] a.ConfigurationClassBeanDefinitionReader : Registering bean definition for @Bean method org.stacksonstacks.config.ThymeleafConfig.springSecurityDialect()
2017-05-25 12:24:41.385 DEBUG 4252 --- [           main] a.ConfigurationClassBeanDefinitionReader : Registered bean definition for imported class 'org.springframework.transaction.annotation.ProxyTransactionManagementConfiguration'
2017-05-25 12:24:41.385 DEBUG 4252 --- [           main] a.ConfigurationClassBeanDefinitionReader : Registering bean definition for @Bean method org.springframework.transaction.annotation.ProxyTransactionManagementConfiguration.org.springframework.transaction.config.internalTransactionAdvisor()
2017-05-25 12:24:41.385 DEBUG 4252 --- [           main] a.ConfigurationClassBeanDefinitionReader : Registering bean definition for @Bean method org.springframework.transaction.annotation.ProxyTransactionManagementConfiguration.transactionAttributeSource()
2017-05-25 12:24:41.385 DEBUG 4252 --- [           main] a.ConfigurationClassBeanDefinitionReader : Registering bean definition for @Bean method org.springframework.transaction.annotation.ProxyTransactionManagementConfiguration.transactionInterceptor()
2017-05-25 12:24:41.385 DEBUG 4252 --- [           main] a.ConfigurationClassBeanDefinitionReader : Registering bean definition for @Bean method org.springframework.transaction.annotation.ProxyTransactionManagementConfiguration.org.springframework.transaction.config.internalTransactionalEventListenerFactory()
2017-05-25 12:24:41.395 DEBUG 4252 --- [           main] o.s.core.env.StandardEnvironment         : Adding [systemProperties] PropertySource with lowest search precedence
2017-05-25 12:24:41.399 DEBUG 4252 --- [           main] o.s.core.env.StandardEnvironment         : Adding [systemEnvironment] PropertySource with lowest search precedence
2017-05-25 12:24:41.399 DEBUG 4252 --- [           main] o.s.core.env.StandardEnvironment         : Initialized StandardEnvironment with PropertySources [systemProperties,systemEnvironment]
2017-05-25 12:24:41.402 DEBUG 4252 --- [           main] .i.s.PathMatchingResourcePatternResolver : Resolved classpath location [org/springframework/data/] to resources [URL [jar:file:/C:/Users/rrafacz/.m2/repository/org/springframework/data/spring-data-jpa/1.9.4.RELEASE/spring-data-jpa-1.9.4.RELEASE.jar!/org/springframework/data/], URL [jar:file:/C:/Users/rrafacz/.m2/repository/org/springframework/data/spring-data-commons/1.11.4.RELEASE/spring-data-commons-1.11.4.RELEASE.jar!/org/springframework/data/]]
2017-05-25 12:24:41.402 DEBUG 4252 --- [           main] .i.s.PathMatchingResourcePatternResolver : Looking for matching resources in jar file [file:/C:/Users/rrafacz/.m2/repository/org/springframework/data/spring-data-jpa/1.9.4.RELEASE/spring-data-jpa-1.9.4.RELEASE.jar]
2017-05-25 12:24:41.404 DEBUG 4252 --- [           main] .i.s.PathMatchingResourcePatternResolver : Looking for matching resources in jar file [file:/C:/Users/rrafacz/.m2/repository/org/springframework/data/spring-data-commons/1.11.4.RELEASE/spring-data-commons-1.11.4.RELEASE.jar]
2017-05-25 12:24:41.407 DEBUG 4252 --- [           main] .i.s.PathMatchingResourcePatternResolver : Resolved location pattern [classpath*:org/springframework/data/**/repository/support/**/*.class] to resources [URL [jar:file:/C:/Users/rrafacz/.m2/repository/org/springframework/data/spring-data-jpa/1.9.4.RELEASE/spring-data-jpa-1.9.4.RELEASE.jar!/org/springframework/data/jpa/repository/support/Querydsl$1.class], URL [jar:file:/C:/Users/rrafacz/.m2/repository/org/springframework/data/spring-data-jpa/1.9.4.RELEASE/spring-data-jpa-1.9.4.RELEASE.jar!/org/springframework/data/jpa/repository/support/CrudMethodMetadataPostProcessor$ThreadBoundTargetSource.class], URL [jar:file:/C:/Users/rrafacz/.m2/repository/org/springframework/data/spring-data-jpa/1.9.4.RELEASE/spring-data-jpa-1.9.4.RELEASE.jar!/org/springframework/data/jpa/repository/support/JpaPersistableEntityInformation.class], URL [jar:file:/C:/Users/rrafacz/.m2/repository/org/springframework/data/spring-data-jpa/1.9.4.RELEASE/spring-data-jpa-1.9.4.RELEASE.jar!/org/springframework/data/jpa/repository/support/CrudMethodMetadataPostProcessor.class], URL [jar:file:/C:/Users/rrafacz/.m2/repository/org/springframework/data/spring-data-jpa/1.9.4.RELEASE/spring-data-jpa-1.9.4.RELEASE.jar!/org/springframework/data/jpa/repository/support/CrudMethodMetadataPostProcessor$1.class], URL [jar:file:/C:/Users/rrafacz/.m2/repository/org/springframework/data/spring-data-jpa/1.9.4.RELEASE/spring-data-jpa-1.9.4.RELEASE.jar!/org/springframework/data/jpa/repository/support/JpaEntityInformation.class], URL [jar:file:/C:/Users/rrafacz/.m2/repository/org/springframework/data/spring-data-jpa/1.9.4.RELEASE/spring-data-jpa-1.9.4.RELEASE.jar!/org/springframework/data/jpa/repository/support/JpaMetamodelEntityInformation.class], URL [jar:file:/C:/Users/rrafacz/.m2/repository/org/springframework/data/spring-data-jpa/1.9.4.RELEASE/spring-data-jpa-1.9.4.RELEASE.jar!/org/springframework/data/jpa/repository/support/JpaMetamodelEntityInformation$IdMetadata.class], URL [jar:file:/C:/Users/rrafacz/.m2/repository/org/springframework/data/spring-data-jpa/1.9.4.RELEASE/spring-data-jpa-1.9.4.RELEASE.jar!/org/springframework/data/jpa/repository/support/JpaEntityInformationSupport.class], URL [jar:file:/C:/Users/rrafacz/.m2/repository/org/springframework/data/spring-data-jpa/1.9.4.RELEASE/spring-data-jpa-1.9.4.RELEASE.jar!/org/springframework/data/jpa/repository/support/QueryDslRepositorySupport.class], URL [jar:file:/C:/Users/rrafacz/.m2/repository/org/springframework/data/spring-data-jpa/1.9.4.RELEASE/spring-data-jpa-1.9.4.RELEASE.jar!/org/springframework/data/jpa/repository/support/JpaRepositoryFactory.class], URL [jar:file:/C:/Users/rrafacz/.m2/repository/org/springframework/data/spring-data-jpa/1.9.4.RELEASE/spring-data-jpa-1.9.4.RELEASE.jar!/org/springframework/data/jpa/repository/support/CrudMethodMetadataPostProcessor$DefaultCrudMethodMetadata.class], URL [jar:file:/C:/Users/rrafacz/.m2/repository/org/springframework/data/spring-data-jpa/1.9.4.RELEASE/spring-data-jpa-1.9.4.RELEASE.jar!/org/springframework/data/jpa/repository/support/SimpleJpaRepository.class], URL [jar:file:/C:/Users/rrafacz/.m2/repository/org/springframework/data/spring-data-jpa/1.9.4.RELEASE/spring-data-jpa-1.9.4.RELEASE.jar!/org/springframework/data/jpa/repository/support/Querydsl.class], URL [jar:file:/C:/Users/rrafacz/.m2/repository/org/springframework/data/spring-data-jpa/1.9.4.RELEASE/spring-data-jpa-1.9.4.RELEASE.jar!/org/springframework/data/jpa/repository/support/CrudMethodMetadata.class], URL [jar:file:/C:/Users/rrafacz/.m2/repository/org/springframework/data/spring-data-jpa/1.9.4.RELEASE/spring-data-jpa-1.9.4.RELEASE.jar!/org/springframework/data/jpa/repository/support/CrudMethodMetadataPostProcessor$CrudMethodMetadataPopulatingMethodInterceptor.class], URL [jar:file:/C:/Users/rrafacz/.m2/repository/org/springframework/data/spring-data-jpa/1.9.4.RELEASE/spring-data-jpa-1.9.4.RELEASE.jar!/org/springframework/data/jpa/repository/support/EntityManagerBeanDefinitionRegistrarPostProcessor.class], URL [jar:file:/C:/Users/rrafacz/.m2/repository/org/springframework/data/spring-data-jpa/1.9.4.RELEASE/spring-data-jpa-1.9.4.RELEASE.jar!/org/springframework/data/jpa/repository/support/JpaMetamodelEntityInformation$IdentifierDerivingDirectFieldAccessFallbackBeanWrapper.class], URL [jar:file:/C:/Users/rrafacz/.m2/repository/org/springframework/data/spring-data-jpa/1.9.4.RELEASE/spring-data-jpa-1.9.4.RELEASE.jar!/org/springframework/data/jpa/repository/support/QueryDslJpaRepository.class], URL [jar:file:/C:/Users/rrafacz/.m2/repository/org/springframework/data/spring-data-jpa/1.9.4.RELEASE/spring-data-jpa-1.9.4.RELEASE.jar!/org/springframework/data/jpa/repository/support/JpaRepositoryFactoryBean.class], URL [jar:file:/C:/Users/rrafacz/.m2/repository/org/springframework/data/spring-data-jpa/1.9.4.RELEASE/spring-data-jpa-1.9.4.RELEASE.jar!/org/springframework/data/jpa/repository/support/DefaultJpaContext.class], URL [jar:file:/C:/Users/rrafacz/.m2/repository/org/springframework/data/spring-data-jpa/1.9.4.RELEASE/spring-data-jpa-1.9.4.RELEASE.jar!/org/springframework/data/jpa/repository/support/SimpleJpaRepository$ByIdsSpecification.class], URL [jar:file:/C:/Users/rrafacz/.m2/repository/org/springframework/data/spring-data-commons/1.11.4.RELEASE/spring-data-commons-1.11.4.RELEASE.jar!/org/springframework/data/repository/support/DomainClassConverter$ConversionMatchAbbreviationException.class], URL [jar:file:/C:/Users/rrafacz/.m2/repository/org/springframework/data/spring-data-commons/1.11.4.RELEASE/spring-data-commons-1.11.4.RELEASE.jar!/org/springframework/data/repository/support/DomainClassConverter$ToIdConverter.class], URL [jar:file:/C:/Users/rrafacz/.m2/repository/org/springframework/data/spring-data-commons/1.11.4.RELEASE/spring-data-commons-1.11.4.RELEASE.jar!/org/springframework/data/repository/support/Repositories$EmptyRepositoryFactoryInformation.class], URL [jar:file:/C:/Users/rrafacz/.m2/repository/org/springframework/data/spring-data-commons/1.11.4.RELEASE/spring-data-commons-1.11.4.RELEASE.jar!/org/springframework/data/repository/support/PagingAndSortingRepositoryInvoker.class], URL [jar:file:/C:/Users/rrafacz/.m2/repository/org/springframework/data/spring-data-commons/1.11.4.RELEASE/spring-data-commons-1.11.4.RELEASE.jar!/org/springframework/data/repository/support/QueryMethodParameterConversionException.class], URL [jar:file:/C:/Users/rrafacz/.m2/repository/org/springframework/data/spring-data-commons/1.11.4.RELEASE/spring-data-commons-1.11.4.RELEASE.jar!/org/springframework/data/repository/support/MethodParameters.class], URL [jar:file:/C:/Users/rrafacz/.m2/repository/org/springframework/data/spring-data-commons/1.11.4.RELEASE/spring-data-commons-1.11.4.RELEASE.jar!/org/springframework/data/repository/support/RepositoryInvoker.class], URL [jar:file:/C:/Users/rrafacz/.m2/repository/org/springframework/data/spring-data-commons/1.11.4.RELEASE/spring-data-commons-1.11.4.RELEASE.jar!/org/springframework/data/repository/support/RepositoryInvokerFactory.class], URL [jar:file:/C:/Users/rrafacz/.m2/repository/org/springframework/data/spring-data-commons/1.11.4.RELEASE/spring-data-commons-1.11.4.RELEASE.jar!/org/springframework/data/repository/support/DomainClassPropertyEditorRegistrar.class], URL [jar:file:/C:/Users/rrafacz/.m2/repository/org/springframework/data/spring-data-commons/1.11.4.RELEASE/spring-data-commons-1.11.4.RELEASE.jar!/org/springframework/data/repository/support/AnnotationAttribute.class], URL [jar:file:/C:/Users/rrafacz/.m2/repository/org/springframework/data/spring-data-commons/1.11.4.RELEASE/spring-data-commons-1.11.4.RELEASE.jar!/org/springframework/data/repository/support/DefaultRepositoryInvokerFactory.class], URL [jar:file:/C:/Users/rrafacz/.m2/repository/org/springframework/data/spring-data-commons/1.11.4.RELEASE/spring-data-commons-1.11.4.RELEASE.jar!/org/springframework/data/repository/support/MethodParameters$AnnotationNamingMethodParameter.class], URL [jar:file:/C:/Users/rrafacz/.m2/repository/org/springframework/data/spring-data-commons/1.11.4.RELEASE/spring-data-commons-1.11.4.RELEASE.jar!/org/springframework/data/repository/support/CrudRepositoryInvoker.class], URL [jar:file:/C:/Users/rrafacz/.m2/repository/org/springframework/data/spring-data-commons/1.11.4.RELEASE/spring-data-commons-1.11.4.RELEASE.jar!/org/springframework/data/repository/support/Repositories.class], URL [jar:file:/C:/Users/rrafacz/.m2/repository/org/springframework/data/spring-data-commons/1.11.4.RELEASE/spring-data-commons-1.11.4.RELEASE.jar!/org/springframework/data/repository/support/DomainClassConverter$ToEntityConverter.class], URL [jar:file:/C:/Users/rrafacz/.m2/repository/org/springframework/data/spring-data-commons/1.11.4.RELEASE/spring-data-commons-1.11.4.RELEASE.jar!/org/springframework/data/repository/support/ReflectionRepositoryInvoker.class], URL [jar:file:/C:/Users/rrafacz/.m2/repository/org/springframework/data/spring-data-commons/1.11.4.RELEASE/spring-data-commons-1.11.4.RELEASE.jar!/org/springframework/data/repository/support/DomainClassPropertyEditor.class], URL [jar:file:/C:/Users/rrafacz/.m2/repository/org/springframework/data/spring-data-commons/1.11.4.RELEASE/spring-data-commons-1.11.4.RELEASE.jar!/org/springframework/data/repository/support/DomainClassConverter.class], URL [jar:file:/C:/Users/rrafacz/.m2/repository/org/springframework/data/spring-data-commons/1.11.4.RELEASE/spring-data-commons-1.11.4.RELEASE.jar!/org/springframework/data/repository/support/DomainClassConverter$1.class], URL [jar:file:/C:/Users/rrafacz/.m2/repository/org/springframework/data/spring-data-commons/1.11.4.RELEASE/spring-data-commons-1.11.4.RELEASE.jar!/org/springframework/data/repository/support/RepositoryInvocationInformation.class]]
2017-05-25 12:24:41.431 DEBUG 4252 --- [           main] ssPathScanningCandidateComponentProvider : Identified candidate component class: URL [jar:file:/C:/Users/rrafacz/.m2/repository/org/springframework/data/spring-data-jpa/1.9.4.RELEASE/spring-data-jpa-1.9.4.RELEASE.jar!/org/springframework/data/jpa/repository/support/JpaRepositoryFactory.class]
2017-05-25 12:24:41.483 DEBUG 4252 --- [           main] o.s.core.env.StandardEnvironment         : Adding [systemProperties] PropertySource with lowest search precedence
2017-05-25 12:24:41.483 DEBUG 4252 --- [           main] o.s.core.env.StandardEnvironment         : Adding [systemEnvironment] PropertySource with lowest search precedence
2017-05-25 12:24:41.483 DEBUG 4252 --- [           main] o.s.core.env.StandardEnvironment         : Initialized StandardEnvironment with PropertySources [systemProperties,systemEnvironment]
2017-05-25 12:24:41.488 DEBUG 4252 --- [           main] .i.s.PathMatchingResourcePatternResolver : Resolved classpath location [org/stacksonstacks/] to resources [URL [file:/C:/Users/rrafacz/git/stacksonstacks.org/target/test-classes/org/stacksonstacks/], URL [file:/C:/Users/rrafacz/git/stacksonstacks.org/target/classes/org/stacksonstacks/]]
2017-05-25 12:24:41.488 DEBUG 4252 --- [           main] .i.s.PathMatchingResourcePatternResolver : Looking for matching resources in directory tree [C:\Users\rrafacz\git\stacksonstacks.org\target\test-classes\org\stacksonstacks]
2017-05-25 12:24:41.488 DEBUG 4252 --- [           main] .i.s.PathMatchingResourcePatternResolver : Searching directory [C:\Users\rrafacz\git\stacksonstacks.org\target\test-classes\org\stacksonstacks] for files matching pattern [C:/Users/rrafacz/git/stacksonstacks.org/target/test-classes/org/stacksonstacks/**/*.class]
2017-05-25 12:24:41.489 DEBUG 4252 --- [           main] .i.s.PathMatchingResourcePatternResolver : Looking for matching resources in directory tree [C:\Users\rrafacz\git\stacksonstacks.org\target\classes\org\stacksonstacks]
2017-05-25 12:24:41.489 DEBUG 4252 --- [           main] .i.s.PathMatchingResourcePatternResolver : Searching directory [C:\Users\rrafacz\git\stacksonstacks.org\target\classes\org\stacksonstacks] for files matching pattern [C:/Users/rrafacz/git/stacksonstacks.org/target/classes/org/stacksonstacks/**/*.class]
2017-05-25 12:24:41.489 DEBUG 4252 --- [           main] .i.s.PathMatchingResourcePatternResolver : Searching directory [C:\Users\rrafacz\git\stacksonstacks.org\target\classes\org\stacksonstacks\config] for files matching pattern [C:/Users/rrafacz/git/stacksonstacks.org/target/classes/org/stacksonstacks/**/*.class]
2017-05-25 12:24:41.490 DEBUG 4252 --- [           main] .i.s.PathMatchingResourcePatternResolver : Searching directory [C:\Users\rrafacz\git\stacksonstacks.org\target\classes\org\stacksonstacks\controller] for files matching pattern [C:/Users/rrafacz/git/stacksonstacks.org/target/classes/org/stacksonstacks/**/*.class]
2017-05-25 12:24:41.491 DEBUG 4252 --- [           main] .i.s.PathMatchingResourcePatternResolver : Searching directory [C:\Users\rrafacz\git\stacksonstacks.org\target\classes\org\stacksonstacks\domain] for files matching pattern [C:/Users/rrafacz/git/stacksonstacks.org/target/classes/org/stacksonstacks/**/*.class]
2017-05-25 12:24:41.491 DEBUG 4252 --- [           main] .i.s.PathMatchingResourcePatternResolver : Searching directory [C:\Users\rrafacz\git\stacksonstacks.org\target\classes\org\stacksonstacks\repository] for files matching pattern [C:/Users/rrafacz/git/stacksonstacks.org/target/classes/org/stacksonstacks/**/*.class]
2017-05-25 12:24:41.492 DEBUG 4252 --- [           main] .i.s.PathMatchingResourcePatternResolver : Resolved location pattern [classpath*:org/stacksonstacks/**/*.class] to resources [file [C:\Users\rrafacz\git\stacksonstacks.org\target\test-classes\org\stacksonstacks\StacksApplicationTests.class], file [C:\Users\rrafacz\git\stacksonstacks.org\target\classes\org\stacksonstacks\config\ProdDataSourceConfig.class], file [C:\Users\rrafacz\git\stacksonstacks.org\target\classes\org\stacksonstacks\config\SecurityConfig.class], file [C:\Users\rrafacz\git\stacksonstacks.org\target\classes\org\stacksonstacks\config\ThymeleafConfig.class], file [C:\Users\rrafacz\git\stacksonstacks.org\target\classes\org\stacksonstacks\controller\AdminController.class], file [C:\Users\rrafacz\git\stacksonstacks.org\target\classes\org\stacksonstacks\controller\AuthorController.class], file [C:\Users\rrafacz\git\stacksonstacks.org\target\classes\org\stacksonstacks\controller\LoginController.class], file [C:\Users\rrafacz\git\stacksonstacks.org\target\classes\org\stacksonstacks\controller\PostController.class], file [C:\Users\rrafacz\git\stacksonstacks.org\target\classes\org\stacksonstacks\domain\Author.class], file [C:\Users\rrafacz\git\stacksonstacks.org\target\classes\org\stacksonstacks\domain\AuthorDetails.class], file [C:\Users\rrafacz\git\stacksonstacks.org\target\classes\org\stacksonstacks\domain\Category.class], file [C:\Users\rrafacz\git\stacksonstacks.org\target\classes\org\stacksonstacks\domain\Post.class], file [C:\Users\rrafacz\git\stacksonstacks.org\target\classes\org\stacksonstacks\repository\AuthorRepository.class], file [C:\Users\rrafacz\git\stacksonstacks.org\target\classes\org\stacksonstacks\repository\CategoryRepository.class], file [C:\Users\rrafacz\git\stacksonstacks.org\target\classes\org\stacksonstacks\repository\PostRepository.class], file [C:\Users\rrafacz\git\stacksonstacks.org\target\classes\org\stacksonstacks\StacksApplication.class]]
2017-05-25 12:24:41.507 DEBUG 4252 --- [           main] o.s.d.r.c.RepositoryComponentProvider    : Identified candidate component class: file [C:\Users\rrafacz\git\stacksonstacks.org\target\classes\org\stacksonstacks\repository\AuthorRepository.class]
2017-05-25 12:24:41.508 DEBUG 4252 --- [           main] o.s.d.r.c.RepositoryComponentProvider    : Identified candidate component class: file [C:\Users\rrafacz\git\stacksonstacks.org\target\classes\org\stacksonstacks\repository\CategoryRepository.class]
2017-05-25 12:24:41.509 DEBUG 4252 --- [           main] o.s.d.r.c.RepositoryComponentProvider    : Identified candidate component class: file [C:\Users\rrafacz\git\stacksonstacks.org\target\classes\org\stacksonstacks\repository\PostRepository.class]
2017-05-25 12:24:41.516 DEBUG 4252 --- [           main] o.s.core.env.StandardEnvironment         : Adding [systemProperties] PropertySource with lowest search precedence
2017-05-25 12:24:41.516 DEBUG 4252 --- [           main] o.s.core.env.StandardEnvironment         : Adding [systemEnvironment] PropertySource with lowest search precedence
2017-05-25 12:24:41.517 DEBUG 4252 --- [           main] o.s.core.env.StandardEnvironment         : Initialized StandardEnvironment with PropertySources [systemProperties,systemEnvironment]
2017-05-25 12:24:41.519 DEBUG 4252 --- [           main] .i.s.PathMatchingResourcePatternResolver : Resolved classpath location [org/stacksonstacks/] to resources [URL [file:/C:/Users/rrafacz/git/stacksonstacks.org/target/test-classes/org/stacksonstacks/], URL [file:/C:/Users/rrafacz/git/stacksonstacks.org/target/classes/org/stacksonstacks/]]
2017-05-25 12:24:41.520 DEBUG 4252 --- [           main] .i.s.PathMatchingResourcePatternResolver : Looking for matching resources in directory tree [C:\Users\rrafacz\git\stacksonstacks.org\target\test-classes\org\stacksonstacks]
2017-05-25 12:24:41.520 DEBUG 4252 --- [           main] .i.s.PathMatchingResourcePatternResolver : Searching directory [C:\Users\rrafacz\git\stacksonstacks.org\target\test-classes\org\stacksonstacks] for files matching pattern [C:/Users/rrafacz/git/stacksonstacks.org/target/test-classes/org/stacksonstacks/**/*AuthorRepositoryImpl.class]
2017-05-25 12:24:41.520 DEBUG 4252 --- [           main] .i.s.PathMatchingResourcePatternResolver : Looking for matching resources in directory tree [C:\Users\rrafacz\git\stacksonstacks.org\target\classes\org\stacksonstacks]
2017-05-25 12:24:41.521 DEBUG 4252 --- [           main] .i.s.PathMatchingResourcePatternResolver : Searching directory [C:\Users\rrafacz\git\stacksonstacks.org\target\classes\org\stacksonstacks] for files matching pattern [C:/Users/rrafacz/git/stacksonstacks.org/target/classes/org/stacksonstacks/**/*AuthorRepositoryImpl.class]
2017-05-25 12:24:41.521 DEBUG 4252 --- [           main] .i.s.PathMatchingResourcePatternResolver : Searching directory [C:\Users\rrafacz\git\stacksonstacks.org\target\classes\org\stacksonstacks\config] for files matching pattern [C:/Users/rrafacz/git/stacksonstacks.org/target/classes/org/stacksonstacks/**/*AuthorRepositoryImpl.class]
2017-05-25 12:24:41.521 DEBUG 4252 --- [           main] .i.s.PathMatchingResourcePatternResolver : Searching directory [C:\Users\rrafacz\git\stacksonstacks.org\target\classes\org\stacksonstacks\controller] for files matching pattern [C:/Users/rrafacz/git/stacksonstacks.org/target/classes/org/stacksonstacks/**/*AuthorRepositoryImpl.class]
2017-05-25 12:24:41.522 DEBUG 4252 --- [           main] .i.s.PathMatchingResourcePatternResolver : Searching directory [C:\Users\rrafacz\git\stacksonstacks.org\target\classes\org\stacksonstacks\domain] for files matching pattern [C:/Users/rrafacz/git/stacksonstacks.org/target/classes/org/stacksonstacks/**/*AuthorRepositoryImpl.class]
2017-05-25 12:24:41.523 DEBUG 4252 --- [           main] .i.s.PathMatchingResourcePatternResolver : Searching directory [C:\Users\rrafacz\git\stacksonstacks.org\target\classes\org\stacksonstacks\repository] for files matching pattern [C:/Users/rrafacz/git/stacksonstacks.org/target/classes/org/stacksonstacks/**/*AuthorRepositoryImpl.class]
2017-05-25 12:24:41.523 DEBUG 4252 --- [           main] .i.s.PathMatchingResourcePatternResolver : Resolved location pattern [classpath*:org/stacksonstacks/**/*AuthorRepositoryImpl.class] to resources []
2017-05-25 12:24:41.527 DEBUG 4252 --- [           main] .s.d.r.c.RepositoryConfigurationDelegate : Spring Data JPA - Registering repository: authorRepository - Interface: org.stacksonstacks.repository.AuthorRepository - Factory: org.springframework.data.jpa.repository.support.JpaRepositoryFactoryBean
2017-05-25 12:24:41.531 DEBUG 4252 --- [           main] o.s.core.env.StandardEnvironment         : Adding [systemProperties] PropertySource with lowest search precedence
2017-05-25 12:24:41.532 DEBUG 4252 --- [           main] o.s.core.env.StandardEnvironment         : Adding [systemEnvironment] PropertySource with lowest search precedence
2017-05-25 12:24:41.533 DEBUG 4252 --- [           main] o.s.core.env.StandardEnvironment         : Initialized StandardEnvironment with PropertySources [systemProperties,systemEnvironment]
2017-05-25 12:24:41.534 DEBUG 4252 --- [           main] .i.s.PathMatchingResourcePatternResolver : Resolved classpath location [org/stacksonstacks/] to resources [URL [file:/C:/Users/rrafacz/git/stacksonstacks.org/target/test-classes/org/stacksonstacks/], URL [file:/C:/Users/rrafacz/git/stacksonstacks.org/target/classes/org/stacksonstacks/]]
2017-05-25 12:24:41.534 DEBUG 4252 --- [           main] .i.s.PathMatchingResourcePatternResolver : Looking for matching resources in directory tree [C:\Users\rrafacz\git\stacksonstacks.org\target\test-classes\org\stacksonstacks]
2017-05-25 12:24:41.534 DEBUG 4252 --- [           main] .i.s.PathMatchingResourcePatternResolver : Searching directory [C:\Users\rrafacz\git\stacksonstacks.org\target\test-classes\org\stacksonstacks] for files matching pattern [C:/Users/rrafacz/git/stacksonstacks.org/target/test-classes/org/stacksonstacks/**/*CategoryRepositoryImpl.class]
2017-05-25 12:24:41.535 DEBUG 4252 --- [           main] .i.s.PathMatchingResourcePatternResolver : Looking for matching resources in directory tree [C:\Users\rrafacz\git\stacksonstacks.org\target\classes\org\stacksonstacks]
2017-05-25 12:24:41.535 DEBUG 4252 --- [           main] .i.s.PathMatchingResourcePatternResolver : Searching directory [C:\Users\rrafacz\git\stacksonstacks.org\target\classes\org\stacksonstacks] for files matching pattern [C:/Users/rrafacz/git/stacksonstacks.org/target/classes/org/stacksonstacks/**/*CategoryRepositoryImpl.class]
2017-05-25 12:24:41.535 DEBUG 4252 --- [           main] .i.s.PathMatchingResourcePatternResolver : Searching directory [C:\Users\rrafacz\git\stacksonstacks.org\target\classes\org\stacksonstacks\config] for files matching pattern [C:/Users/rrafacz/git/stacksonstacks.org/target/classes/org/stacksonstacks/**/*CategoryRepositoryImpl.class]
2017-05-25 12:24:41.536 DEBUG 4252 --- [           main] .i.s.PathMatchingResourcePatternResolver : Searching directory [C:\Users\rrafacz\git\stacksonstacks.org\target\classes\org\stacksonstacks\controller] for files matching pattern [C:/Users/rrafacz/git/stacksonstacks.org/target/classes/org/stacksonstacks/**/*CategoryRepositoryImpl.class]
2017-05-25 12:24:41.536 DEBUG 4252 --- [           main] .i.s.PathMatchingResourcePatternResolver : Searching directory [C:\Users\rrafacz\git\stacksonstacks.org\target\classes\org\stacksonstacks\domain] for files matching pattern [C:/Users/rrafacz/git/stacksonstacks.org/target/classes/org/stacksonstacks/**/*CategoryRepositoryImpl.class]
2017-05-25 12:24:41.537 DEBUG 4252 --- [           main] .i.s.PathMatchingResourcePatternResolver : Searching directory [C:\Users\rrafacz\git\stacksonstacks.org\target\classes\org\stacksonstacks\repository] for files matching pattern [C:/Users/rrafacz/git/stacksonstacks.org/target/classes/org/stacksonstacks/**/*CategoryRepositoryImpl.class]
2017-05-25 12:24:41.537 DEBUG 4252 --- [           main] .i.s.PathMatchingResourcePatternResolver : Resolved location pattern [classpath*:org/stacksonstacks/**/*CategoryRepositoryImpl.class] to resources []
2017-05-25 12:24:41.538 DEBUG 4252 --- [           main] .s.d.r.c.RepositoryConfigurationDelegate : Spring Data JPA - Registering repository: categoryRepository - Interface: org.stacksonstacks.repository.CategoryRepository - Factory: org.springframework.data.jpa.repository.support.JpaRepositoryFactoryBean
2017-05-25 12:24:41.540 DEBUG 4252 --- [           main] o.s.core.env.StandardEnvironment         : Adding [systemProperties] PropertySource with lowest search precedence
2017-05-25 12:24:41.540 DEBUG 4252 --- [           main] o.s.core.env.StandardEnvironment         : Adding [systemEnvironment] PropertySource with lowest search precedence
2017-05-25 12:24:41.540 DEBUG 4252 --- [           main] o.s.core.env.StandardEnvironment         : Initialized StandardEnvironment with PropertySources [systemProperties,systemEnvironment]
2017-05-25 12:24:41.541 DEBUG 4252 --- [           main] .i.s.PathMatchingResourcePatternResolver : Resolved classpath location [org/stacksonstacks/] to resources [URL [file:/C:/Users/rrafacz/git/stacksonstacks.org/target/test-classes/org/stacksonstacks/], URL [file:/C:/Users/rrafacz/git/stacksonstacks.org/target/classes/org/stacksonstacks/]]
2017-05-25 12:24:41.541 DEBUG 4252 --- [           main] .i.s.PathMatchingResourcePatternResolver : Looking for matching resources in directory tree [C:\Users\rrafacz\git\stacksonstacks.org\target\test-classes\org\stacksonstacks]
2017-05-25 12:24:41.542 DEBUG 4252 --- [           main] .i.s.PathMatchingResourcePatternResolver : Searching directory [C:\Users\rrafacz\git\stacksonstacks.org\target\test-classes\org\stacksonstacks] for files matching pattern [C:/Users/rrafacz/git/stacksonstacks.org/target/test-classes/org/stacksonstacks/**/*PostRepositoryImpl.class]
2017-05-25 12:24:41.543 DEBUG 4252 --- [           main] .i.s.PathMatchingResourcePatternResolver : Looking for matching resources in directory tree [C:\Users\rrafacz\git\stacksonstacks.org\target\classes\org\stacksonstacks]
2017-05-25 12:24:41.543 DEBUG 4252 --- [           main] .i.s.PathMatchingResourcePatternResolver : Searching directory [C:\Users\rrafacz\git\stacksonstacks.org\target\classes\org\stacksonstacks] for files matching pattern [C:/Users/rrafacz/git/stacksonstacks.org/target/classes/org/stacksonstacks/**/*PostRepositoryImpl.class]
2017-05-25 12:24:41.543 DEBUG 4252 --- [           main] .i.s.PathMatchingResourcePatternResolver : Searching directory [C:\Users\rrafacz\git\stacksonstacks.org\target\classes\org\stacksonstacks\config] for files matching pattern [C:/Users/rrafacz/git/stacksonstacks.org/target/classes/org/stacksonstacks/**/*PostRepositoryImpl.class]
2017-05-25 12:24:41.544 DEBUG 4252 --- [           main] .i.s.PathMatchingResourcePatternResolver : Searching directory [C:\Users\rrafacz\git\stacksonstacks.org\target\classes\org\stacksonstacks\controller] for files matching pattern [C:/Users/rrafacz/git/stacksonstacks.org/target/classes/org/stacksonstacks/**/*PostRepositoryImpl.class]
2017-05-25 12:24:41.544 DEBUG 4252 --- [           main] .i.s.PathMatchingResourcePatternResolver : Searching directory [C:\Users\rrafacz\git\stacksonstacks.org\target\classes\org\stacksonstacks\domain] for files matching pattern [C:/Users/rrafacz/git/stacksonstacks.org/target/classes/org/stacksonstacks/**/*PostRepositoryImpl.class]
2017-05-25 12:24:41.545 DEBUG 4252 --- [           main] .i.s.PathMatchingResourcePatternResolver : Searching directory [C:\Users\rrafacz\git\stacksonstacks.org\target\classes\org\stacksonstacks\repository] for files matching pattern [C:/Users/rrafacz/git/stacksonstacks.org/target/classes/org/stacksonstacks/**/*PostRepositoryImpl.class]
2017-05-25 12:24:41.545 DEBUG 4252 --- [           main] .i.s.PathMatchingResourcePatternResolver : Resolved location pattern [classpath*:org/stacksonstacks/**/*PostRepositoryImpl.class] to resources []
2017-05-25 12:24:41.549 DEBUG 4252 --- [           main] .s.d.r.c.RepositoryConfigurationDelegate : Spring Data JPA - Registering repository: postRepository - Interface: org.stacksonstacks.repository.PostRepository - Factory: org.springframework.data.jpa.repository.support.JpaRepositoryFactoryBean
2017-05-25 12:24:41.549 DEBUG 4252 --- [           main] a.ConfigurationClassBeanDefinitionReader : Registered bean definition for imported class 'org.springframework.boot.autoconfigure.PropertyPlaceholderAutoConfiguration'
2017-05-25 12:24:41.555 DEBUG 4252 --- [           main] o.s.b.f.s.DefaultListableBeanFactory     : Creating shared instance of singleton bean 'org.springframework.boot.autoconfigure.condition.BeanTypeRegistry'
2017-05-25 12:24:41.555 DEBUG 4252 --- [           main] o.s.b.f.s.DefaultListableBeanFactory     : Creating instance of bean 'org.springframework.boot.autoconfigure.condition.BeanTypeRegistry'
2017-05-25 12:24:41.570 DEBUG 4252 --- [           main] o.s.b.f.s.DefaultListableBeanFactory     : Eagerly caching bean 'org.springframework.boot.autoconfigure.condition.BeanTypeRegistry' to allow for resolving potential circular references
2017-05-25 12:24:41.570 DEBUG 4252 --- [           main] o.s.b.f.s.DefaultListableBeanFactory     : Finished creating instance of bean 'org.springframework.boot.autoconfigure.condition.BeanTypeRegistry'
2017-05-25 12:24:41.636 DEBUG 4252 --- [           main] o.s.b.f.s.DefaultListableBeanFactory     : Returning cached instance of singleton bean 'autoConfigurationReport'
2017-05-25 12:24:41.636 DEBUG 4252 --- [           main] a.ConfigurationClassBeanDefinitionReader : Registering bean definition for @Bean method org.springframework.boot.autoconfigure.PropertyPlaceholderAutoConfiguration.propertySourcesPlaceholderConfigurer()
2017-05-25 12:24:41.636 DEBUG 4252 --- [           main] o.s.b.f.s.DefaultListableBeanFactory     : Returning cached instance of singleton bean 'autoConfigurationReport'
2017-05-25 12:24:41.636 DEBUG 4252 --- [           main] o.s.b.f.s.DefaultListableBeanFactory     : Returning cached instance of singleton bean 'autoConfigurationReport'
2017-05-25 12:24:41.636 DEBUG 4252 --- [           main] o.s.b.f.s.DefaultListableBeanFactory     : Returning cached instance of singleton bean 'autoConfigurationReport'
2017-05-25 12:24:41.636 DEBUG 4252 --- [           main] a.ConfigurationClassBeanDefinitionReader : Registered bean definition for imported class 'org.springframework.boot.autoconfigure.websocket.WebSocketAutoConfiguration$TomcatWebSocketConfiguration'
2017-05-25 12:24:41.637 DEBUG 4252 --- [           main] o.s.b.f.s.DefaultListableBeanFactory     : Returning cached instance of singleton bean 'autoConfigurationReport'
2017-05-25 12:24:41.638 DEBUG 4252 --- [           main] o.s.b.f.s.DefaultListableBeanFactory     : Returning cached instance of singleton bean 'autoConfigurationReport'
2017-05-25 12:24:41.638 DEBUG 4252 --- [           main] a.ConfigurationClassBeanDefinitionReader : Registering bean definition for @Bean method org.springframework.boot.autoconfigure.websocket.WebSocketAutoConfiguration$TomcatWebSocketConfiguration.websocketContainerCustomizer()
2017-05-25 12:24:41.638 DEBUG 4252 --- [           main] a.ConfigurationClassBeanDefinitionReader : Registered bean definition for imported class 'org.springframework.boot.autoconfigure.websocket.WebSocketAutoConfiguration'
2017-05-25 12:24:41.639 DEBUG 4252 --- [           main] o.s.b.f.s.DefaultListableBeanFactory     : Returning cached instance of singleton bean 'autoConfigurationReport'
2017-05-25 12:24:41.639 DEBUG 4252 --- [           main] o.s.b.f.s.DefaultListableBeanFactory     : Returning cached instance of singleton bean 'autoConfigurationReport'
2017-05-25 12:24:41.639 DEBUG 4252 --- [           main] o.s.b.f.s.DefaultListableBeanFactory     : Returning cached instance of singleton bean 'org.springframework.boot.autoconfigure.condition.BeanTypeRegistry'
2017-05-25 12:24:41.644 DEBUG 4252 --- [           main] o.s.b.f.s.DefaultListableBeanFactory     : Returning cached instance of singleton bean 'autoConfigurationReport'
2017-05-25 12:24:41.644 DEBUG 4252 --- [           main] a.ConfigurationClassBeanDefinitionReader : Registered bean definition for imported class 'org.springframework.boot.autoconfigure.web.EmbeddedServletContainerAutoConfiguration$EmbeddedTomcat'
2017-05-25 12:24:41.644 DEBUG 4252 --- [           main] a.ConfigurationClassBeanDefinitionReader : Registering bean definition for @Bean method org.springframework.boot.autoconfigure.web.EmbeddedServletContainerAutoConfiguration$EmbeddedTomcat.tomcatEmbeddedServletContainerFactory()
2017-05-25 12:24:41.645 DEBUG 4252 --- [           main] a.ConfigurationClassBeanDefinitionReader : Registered bean definition for imported class 'org.springframework.boot.autoconfigure.web.EmbeddedServletContainerAutoConfiguration'
2017-05-25 12:24:41.653 DEBUG 4252 --- [           main] o.s.b.f.s.DefaultListableBeanFactory     : Returning cached instance of singleton bean 'autoConfigurationReport'
2017-05-25 12:24:41.653 DEBUG 4252 --- [           main] o.s.b.f.s.DefaultListableBeanFactory     : Returning cached instance of singleton bean 'autoConfigurationReport'
2017-05-25 12:24:41.653 DEBUG 4252 --- [           main] o.s.b.f.s.DefaultListableBeanFactory     : Returning cached instance of singleton bean 'autoConfigurationReport'
2017-05-25 12:24:41.658 DEBUG 4252 --- [           main] o.s.b.f.s.DefaultListableBeanFactory     : Returning cached instance of singleton bean 'autoConfigurationReport'
2017-05-25 12:24:41.660 DEBUG 4252 --- [           main] a.ConfigurationClassBeanDefinitionReader : Registered bean definition for imported class 'org.springframework.boot.autoconfigure.web.DispatcherServletAutoConfiguration$DispatcherServletConfiguration'
2017-05-25 12:24:41.660 DEBUG 4252 --- [           main] a.ConfigurationClassBeanDefinitionReader : Registering bean definition for @Bean method org.springframework.boot.autoconfigure.web.DispatcherServletAutoConfiguration$DispatcherServletConfiguration.dispatcherServlet()
2017-05-25 12:24:41.660 DEBUG 4252 --- [           main] a.ConfigurationClassBeanDefinitionReader : Registering bean definition for @Bean method org.springframework.boot.autoconfigure.web.DispatcherServletAutoConfiguration$DispatcherServletConfiguration.dispatcherServletRegistration()
2017-05-25 12:24:41.661 DEBUG 4252 --- [           main] o.s.b.f.s.DefaultListableBeanFactory     : Returning cached instance of singleton bean 'org.springframework.boot.autoconfigure.condition.BeanTypeRegistry'
2017-05-25 12:24:41.663 DEBUG 4252 --- [           main] o.s.b.f.s.DefaultListableBeanFactory     : Returning cached instance of singleton bean 'autoConfigurationReport'
2017-05-25 12:24:41.666 DEBUG 4252 --- [           main] a.ConfigurationClassBeanDefinitionReader : Registered bean definition for imported class 'org.springframework.boot.autoconfigure.web.DispatcherServletAutoConfiguration'
2017-05-25 12:24:41.667 DEBUG 4252 --- [           main] o.s.b.f.s.DefaultListableBeanFactory     : Returning cached instance of singleton bean 'autoConfigurationReport'
2017-05-25 12:24:41.667 DEBUG 4252 --- [           main] o.s.b.f.s.DefaultListableBeanFactory     : Returning cached instance of singleton bean 'autoConfigurationReport'
2017-05-25 12:24:41.667 DEBUG 4252 --- [           main] a.ConfigurationClassBeanDefinitionReader : Registered bean definition for imported class 'org.springframework.boot.autoconfigure.web.ErrorMvcAutoConfiguration'
2017-05-25 12:24:41.668 DEBUG 4252 --- [           main] o.s.b.f.s.DefaultListableBeanFactory     : Returning cached instance of singleton bean 'org.springframework.boot.autoconfigure.condition.BeanTypeRegistry'
2017-05-25 12:24:41.670 DEBUG 4252 --- [           main] o.s.b.f.s.DefaultListableBeanFactory     : Returning cached instance of singleton bean 'autoConfigurationReport'
2017-05-25 12:24:41.670 DEBUG 4252 --- [           main] a.ConfigurationClassBeanDefinitionReader : Registering bean definition for @Bean method org.springframework.boot.autoconfigure.web.ErrorMvcAutoConfiguration.errorAttributes()
2017-05-25 12:24:41.671 DEBUG 4252 --- [           main] o.s.b.f.s.DefaultListableBeanFactory     : Returning cached instance of singleton bean 'org.springframework.boot.autoconfigure.condition.BeanTypeRegistry'
2017-05-25 12:24:41.674 DEBUG 4252 --- [           main] o.s.b.f.s.DefaultListableBeanFactory     : Returning cached instance of singleton bean 'autoConfigurationReport'
2017-05-25 12:24:41.675 DEBUG 4252 --- [           main] a.ConfigurationClassBeanDefinitionReader : Registering bean definition for @Bean method org.springframework.boot.autoconfigure.web.ErrorMvcAutoConfiguration.basicErrorController()
2017-05-25 12:24:41.675 DEBUG 4252 --- [           main] a.ConfigurationClassBeanDefinitionReader : Registering bean definition for @Bean method org.springframework.boot.autoconfigure.web.ErrorMvcAutoConfiguration.errorPageCustomizer()
2017-05-25 12:24:41.675 DEBUG 4252 --- [           main] a.ConfigurationClassBeanDefinitionReader : Registering bean definition for @Bean method org.springframework.boot.autoconfigure.web.ErrorMvcAutoConfiguration.preserveErrorControllerTargetClassPostProcessor()
2017-05-25 12:24:41.675 DEBUG 4252 --- [           main] o.s.b.f.s.DefaultListableBeanFactory     : Returning cached instance of singleton bean 'autoConfigurationReport'
2017-05-25 12:24:41.675 DEBUG 4252 --- [           main] o.s.b.f.s.DefaultListableBeanFactory     : Returning cached instance of singleton bean 'autoConfigurationReport'
2017-05-25 12:24:41.677 DEBUG 4252 --- [           main] o.s.b.f.s.DefaultListableBeanFactory     : Returning cached instance of singleton bean 'org.springframework.boot.autoconfigure.condition.BeanTypeRegistry'
2017-05-25 12:24:41.677 DEBUG 4252 --- [           main] o.s.b.f.s.DefaultListableBeanFactory     : Returning cached instance of singleton bean 'autoConfigurationReport'
2017-05-25 12:24:41.677 DEBUG 4252 --- [           main] a.ConfigurationClassBeanDefinitionReader : Registered bean definition for imported class 'org.springframework.boot.autoconfigure.web.WebMvcAutoConfiguration$EnableWebMvcConfiguration'
2017-05-25 12:24:41.678 DEBUG 4252 --- [           main] a.ConfigurationClassBeanDefinitionReader : Registering bean definition for @Bean method org.springframework.boot.autoconfigure.web.WebMvcAutoConfiguration$EnableWebMvcConfiguration.requestMappingHandlerAdapter()
2017-05-25 12:24:41.678 DEBUG 4252 --- [           main] a.ConfigurationClassBeanDefinitionReader : Registering bean definition for @Bean method org.springframework.boot.autoconfigure.web.WebMvcAutoConfiguration$EnableWebMvcConfiguration.requestMappingHandlerMapping()
2017-05-25 12:24:41.678 DEBUG 4252 --- [           main] a.ConfigurationClassBeanDefinitionReader : Registering bean definition for @Bean method org.springframework.boot.autoconfigure.web.WebMvcAutoConfiguration$EnableWebMvcConfiguration.mvcContentNegotiationManager()
2017-05-25 12:24:41.678 DEBUG 4252 --- [           main] a.ConfigurationClassBeanDefinitionReader : Registering bean definition for @Bean method org.springframework.boot.autoconfigure.web.WebMvcAutoConfiguration$EnableWebMvcConfiguration.viewControllerHandlerMapping()
2017-05-25 12:24:41.678 DEBUG 4252 --- [           main] a.ConfigurationClassBeanDefinitionReader : Registering bean definition for @Bean method org.springframework.boot.autoconfigure.web.WebMvcAutoConfiguration$EnableWebMvcConfiguration.beanNameHandlerMapping()
2017-05-25 12:24:41.682 DEBUG 4252 --- [           main] a.ConfigurationClassBeanDefinitionReader : Registering bean definition for @Bean method org.springframework.boot.autoconfigure.web.WebMvcAutoConfiguration$EnableWebMvcConfiguration.resourceHandlerMapping()
2017-05-25 12:24:41.683 DEBUG 4252 --- [           main] a.ConfigurationClassBeanDefinitionReader : Registering bean definition for @Bean method org.springframework.boot.autoconfigure.web.WebMvcAutoConfiguration$EnableWebMvcConfiguration.mvcResourceUrlProvider()
2017-05-25 12:24:41.683 DEBUG 4252 --- [           main] a.ConfigurationClassBeanDefinitionReader : Registering bean definition for @Bean method org.springframework.boot.autoconfigure.web.WebMvcAutoConfiguration$EnableWebMvcConfiguration.defaultServletHandlerMapping()
2017-05-25 12:24:41.683 DEBUG 4252 --- [           main] a.ConfigurationClassBeanDefinitionReader : Registering bean definition for @Bean method org.springframework.boot.autoconfigure.web.WebMvcAutoConfiguration$EnableWebMvcConfiguration.mvcConversionService()
2017-05-25 12:24:41.683 DEBUG 4252 --- [           main] a.ConfigurationClassBeanDefinitionReader : Registering bean definition for @Bean method org.springframework.boot.autoconfigure.web.WebMvcAutoConfiguration$EnableWebMvcConfiguration.mvcValidator()
2017-05-25 12:24:41.683 DEBUG 4252 --- [           main] a.ConfigurationClassBeanDefinitionReader : Registering bean definition for @Bean method org.springframework.boot.autoconfigure.web.WebMvcAutoConfiguration$EnableWebMvcConfiguration.mvcPathMatcher()
2017-05-25 12:24:41.683 DEBUG 4252 --- [           main] a.ConfigurationClassBeanDefinitionReader : Registering bean definition for @Bean method org.springframework.boot.autoconfigure.web.WebMvcAutoConfiguration$EnableWebMvcConfiguration.mvcUrlPathHelper()
2017-05-25 12:24:41.684 DEBUG 4252 --- [           main] a.ConfigurationClassBeanDefinitionReader : Registering bean definition for @Bean method org.springframework.boot.autoconfigure.web.WebMvcAutoConfiguration$EnableWebMvcConfiguration.mvcUriComponentsContributor()
2017-05-25 12:24:41.684 DEBUG 4252 --- [           main] a.ConfigurationClassBeanDefinitionReader : Registering bean definition for @Bean method org.springframework.boot.autoconfigure.web.WebMvcAutoConfiguration$EnableWebMvcConfiguration.httpRequestHandlerAdapter()
2017-05-25 12:24:41.684 DEBUG 4252 --- [           main] a.ConfigurationClassBeanDefinitionReader : Registering bean definition for @Bean method org.springframework.boot.autoconfigure.web.WebMvcAutoConfiguration$EnableWebMvcConfiguration.simpleControllerHandlerAdapter()
2017-05-25 12:24:41.684 DEBUG 4252 --- [           main] a.ConfigurationClassBeanDefinitionReader : Registering bean definition for @Bean method org.springframework.boot.autoconfigure.web.WebMvcAutoConfiguration$EnableWebMvcConfiguration.handlerExceptionResolver()
2017-05-25 12:24:41.684 DEBUG 4252 --- [           main] a.ConfigurationClassBeanDefinitionReader : Registering bean definition for @Bean method org.springframework.boot.autoconfigure.web.WebMvcAutoConfiguration$EnableWebMvcConfiguration.mvcViewResolver()
2017-05-25 12:24:41.684 DEBUG 4252 --- [           main] o.s.b.f.s.DefaultListableBeanFactory     : Returning cached instance of singleton bean 'autoConfigurationReport'
2017-05-25 12:24:41.684 DEBUG 4252 --- [           main] a.ConfigurationClassBeanDefinitionReader : Registered bean definition for imported class 'org.springframework.boot.autoconfigure.web.WebMvcAutoConfiguration$WebMvcAutoConfigurationAdapter$FaviconConfiguration'
2017-05-25 12:24:41.685 DEBUG 4252 --- [           main] a.ConfigurationClassBeanDefinitionReader : Registering bean definition for @Bean method org.springframework.boot.autoconfigure.web.WebMvcAutoConfiguration$WebMvcAutoConfigurationAdapter$FaviconConfiguration.faviconHandlerMapping()
2017-05-25 12:24:41.685 DEBUG 4252 --- [           main] a.ConfigurationClassBeanDefinitionReader : Registering bean definition for @Bean method org.springframework.boot.autoconfigure.web.WebMvcAutoConfiguration$WebMvcAutoConfigurationAdapter$FaviconConfiguration.faviconRequestHandler()
2017-05-25 12:24:41.687 DEBUG 4252 --- [           main] a.ConfigurationClassBeanDefinitionReader : Registered bean definition for imported class 'org.springframework.boot.autoconfigure.web.WebMvcAutoConfiguration$WebMvcAutoConfigurationAdapter'
2017-05-25 12:24:41.703 DEBUG 4252 --- [           main] o.s.b.f.s.DefaultListableBeanFactory     : Returning cached instance of singleton bean 'org.springframework.boot.autoconfigure.condition.BeanTypeRegistry'
2017-05-25 12:24:41.734 DEBUG 4252 --- [           main] o.s.b.f.s.DefaultListableBeanFactory     : Returning cached instance of singleton bean 'autoConfigurationReport'
2017-05-25 12:24:41.734 DEBUG 4252 --- [           main] a.ConfigurationClassBeanDefinitionReader : Registering bean definition for @Bean method org.springframework.boot.autoconfigure.web.WebMvcAutoConfiguration$WebMvcAutoConfigurationAdapter.defaultViewResolver()
2017-05-25 12:24:41.738 DEBUG 4252 --- [           main] o.s.b.f.s.DefaultListableBeanFactory     : Returning cached instance of singleton bean 'org.springframework.boot.autoconfigure.condition.BeanTypeRegistry'
2017-05-25 12:24:41.739 DEBUG 4252 --- [           main] o.s.b.f.s.DefaultListableBeanFactory     : Returning cached instance of singleton bean 'org.springframework.boot.autoconfigure.condition.BeanTypeRegistry'
2017-05-25 12:24:41.739 DEBUG 4252 --- [           main] o.s.b.f.s.DefaultListableBeanFactory     : Returning cached instance of singleton bean 'autoConfigurationReport'
2017-05-25 12:24:41.740 DEBUG 4252 --- [           main] a.ConfigurationClassBeanDefinitionReader : Registering bean definition for @Bean method org.springframework.boot.autoconfigure.web.WebMvcAutoConfiguration$WebMvcAutoConfigurationAdapter.requestContextFilter()
2017-05-25 12:24:41.743 DEBUG 4252 --- [           main] o.s.b.f.s.DefaultListableBeanFactory     : Returning cached instance of singleton bean 'org.springframework.boot.autoconfigure.condition.BeanTypeRegistry'
2017-05-25 12:24:41.745 DEBUG 4252 --- [           main] o.s.b.f.s.DefaultListableBeanFactory     : Returning cached instance of singleton bean 'autoConfigurationReport'
2017-05-25 12:24:41.746 DEBUG 4252 --- [           main] o.s.b.f.s.DefaultListableBeanFactory     : Returning cached instance of singleton bean 'org.springframework.boot.autoconfigure.condition.BeanTypeRegistry'
2017-05-25 12:24:41.746 DEBUG 4252 --- [           main] o.s.b.f.s.DefaultListableBeanFactory     : Returning cached instance of singleton bean 'org.springframework.boot.autoconfigure.condition.BeanTypeRegistry'
2017-05-25 12:24:41.747 DEBUG 4252 --- [           main] o.s.b.f.s.DefaultListableBeanFactory     : Returning cached instance of singleton bean 'autoConfigurationReport'
2017-05-25 12:24:41.747 DEBUG 4252 --- [           main] o.s.b.f.s.DefaultListableBeanFactory     : Returning cached instance of singleton bean 'org.springframework.boot.autoconfigure.condition.BeanTypeRegistry'
2017-05-25 12:24:41.747 DEBUG 4252 --- [           main] o.s.b.f.s.DefaultListableBeanFactory     : Returning cached instance of singleton bean 'org.springframework.boot.autoconfigure.condition.BeanTypeRegistry'
2017-05-25 12:24:41.747 DEBUG 4252 --- [           main] o.s.b.f.s.DefaultListableBeanFactory     : Returning cached instance of singleton bean 'autoConfigurationReport'
2017-05-25 12:24:41.748 DEBUG 4252 --- [           main] a.ConfigurationClassBeanDefinitionReader : Registering bean definition for @Bean method org.springframework.boot.autoconfigure.web.WebMvcAutoConfiguration$WebMvcAutoConfigurationAdapter.viewResolver()
2017-05-25 12:24:41.750 DEBUG 4252 --- [           main] o.s.b.f.s.DefaultListableBeanFactory     : Returning cached instance of singleton bean 'org.springframework.boot.autoconfigure.condition.BeanTypeRegistry'
2017-05-25 12:24:41.750 DEBUG 4252 --- [           main] o.s.b.f.s.DefaultListableBeanFactory     : Returning cached instance of singleton bean 'autoConfigurationReport'
2017-05-25 12:24:41.751 DEBUG 4252 --- [           main] o.s.b.f.s.DefaultListableBeanFactory     : Returning cached instance of singleton bean 'autoConfigurationReport'
2017-05-25 12:24:41.751 DEBUG 4252 --- [           main] o.s.b.f.s.DefaultListableBeanFactory     : Returning cached instance of singleton bean 'autoConfigurationReport'
2017-05-25 12:24:41.752 DEBUG 4252 --- [           main] a.ConfigurationClassBeanDefinitionReader : Registered bean definition for imported class 'org.springframework.boot.autoconfigure.web.WebMvcAutoConfiguration'
2017-05-25 12:24:41.753 DEBUG 4252 --- [           main] o.s.b.f.s.DefaultListableBeanFactory     : Returning cached instance of singleton bean 'org.springframework.boot.autoconfigure.condition.BeanTypeRegistry'
2017-05-25 12:24:41.754 DEBUG 4252 --- [           main] o.s.b.f.s.DefaultListableBeanFactory     : Returning cached instance of singleton bean 'autoConfigurationReport'
2017-05-25 12:24:41.755 DEBUG 4252 --- [           main] a.ConfigurationClassBeanDefinitionReader : Registering bean definition for @Bean method org.springframework.boot.autoconfigure.web.WebMvcAutoConfiguration.hiddenHttpMethodFilter()
2017-05-25 12:24:41.756 DEBUG 4252 --- [           main] o.s.b.f.s.DefaultListableBeanFactory     : Returning cached instance of singleton bean 'org.springframework.boot.autoconfigure.condition.BeanTypeRegistry'
2017-05-25 12:24:41.757 DEBUG 4252 --- [           main] o.s.b.f.s.DefaultListableBeanFactory     : Returning cached instance of singleton bean 'autoConfigurationReport'
2017-05-25 12:24:41.757 DEBUG 4252 --- [           main] a.ConfigurationClassBeanDefinitionReader : Registering bean definition for @Bean method org.springframework.boot.autoconfigure.web.WebMvcAutoConfiguration.httpPutFormContentFilter()
2017-05-25 12:24:41.758 DEBUG 4252 --- [           main] o.s.b.f.s.DefaultListableBeanFactory     : Returning cached instance of singleton bean 'autoConfigurationReport'
2017-05-25 12:24:41.758 DEBUG 4252 --- [           main] o.s.b.f.s.DefaultListableBeanFactory     : Returning cached instance of singleton bean 'autoConfigurationReport'
2017-05-25 12:24:41.759 DEBUG 4252 --- [           main] o.s.b.f.s.DefaultListableBeanFactory     : Returning cached instance of singleton bean 'autoConfigurationReport'
2017-05-25 12:24:41.759 DEBUG 4252 --- [           main] a.ConfigurationClassBeanDefinitionReader : Registered bean definition for imported class 'org.springframework.boot.autoconfigure.aop.AopAutoConfiguration$JdkDynamicAutoProxyConfiguration'
2017-05-25 12:24:41.759 DEBUG 4252 --- [           main] a.ConfigurationClassBeanDefinitionReader : Registered bean definition for imported class 'org.springframework.boot.autoconfigure.aop.AopAutoConfiguration'
2017-05-25 12:24:41.759 DEBUG 4252 --- [           main] o.s.b.f.s.DefaultListableBeanFactory     : Returning cached instance of singleton bean 'autoConfigurationReport'
2017-05-25 12:24:41.760 DEBUG 4252 --- [           main] o.s.b.f.s.DefaultListableBeanFactory     : Returning cached instance of singleton bean 'autoConfigurationReport'
2017-05-25 12:24:41.764 DEBUG 4252 --- [           main] a.ConfigurationClassBeanDefinitionReader : Registered bean definition for imported class 'org.springframework.boot.autoconfigure.transaction.jta.JtaAutoConfiguration'
2017-05-25 12:24:41.764 DEBUG 4252 --- [           main] o.s.b.f.s.DefaultListableBeanFactory     : Returning cached instance of singleton bean 'autoConfigurationReport'
2017-05-25 12:24:41.766 DEBUG 4252 --- [           main] o.s.b.f.s.DefaultListableBeanFactory     : Returning cached instance of singleton bean 'org.springframework.boot.autoconfigure.condition.BeanTypeRegistry'
2017-05-25 12:24:41.768 DEBUG 4252 --- [           main] o.s.b.f.s.DefaultListableBeanFactory     : Returning cached instance of singleton bean 'autoConfigurationReport'
2017-05-25 12:24:41.769 DEBUG 4252 --- [           main] o.s.b.f.s.DefaultListableBeanFactory     : Returning cached instance of singleton bean 'autoConfigurationReport'
2017-05-25 12:24:41.771 DEBUG 4252 --- [           main] o.s.b.f.s.DefaultListableBeanFactory     : Returning cached instance of singleton bean 'autoConfigurationReport'
2017-05-25 12:24:41.772 DEBUG 4252 --- [           main] a.ConfigurationClassBeanDefinitionReader : Registered bean definition for imported class 'org.springframework.boot.autoconfigure.jdbc.DataSourceAutoConfiguration$JdbcTemplateConfiguration'
2017-05-25 12:24:41.772 DEBUG 4252 --- [           main] o.s.b.f.s.DefaultListableBeanFactory     : Returning cached instance of singleton bean 'org.springframework.boot.autoconfigure.condition.BeanTypeRegistry'
2017-05-25 12:24:41.773 DEBUG 4252 --- [           main] o.s.b.f.s.DefaultListableBeanFactory     : Returning cached instance of singleton bean 'autoConfigurationReport'
2017-05-25 12:24:41.773 DEBUG 4252 --- [           main] a.ConfigurationClassBeanDefinitionReader : Registering bean definition for @Bean method org.springframework.boot.autoconfigure.jdbc.DataSourceAutoConfiguration$JdbcTemplateConfiguration.jdbcTemplate()
2017-05-25 12:24:41.774 DEBUG 4252 --- [           main] o.s.b.f.s.DefaultListableBeanFactory     : Returning cached instance of singleton bean 'org.springframework.boot.autoconfigure.condition.BeanTypeRegistry'
2017-05-25 12:24:41.779 DEBUG 4252 --- [           main] o.s.b.f.s.DefaultListableBeanFactory     : Returning cached instance of singleton bean 'autoConfigurationReport'
2017-05-25 12:24:41.779 DEBUG 4252 --- [           main] a.ConfigurationClassBeanDefinitionReader : Registering bean definition for @Bean method org.springframework.boot.autoconfigure.jdbc.DataSourceAutoConfiguration$JdbcTemplateConfiguration.namedParameterJdbcTemplate()
2017-05-25 12:24:41.779 DEBUG 4252 --- [           main] o.s.b.f.s.DefaultListableBeanFactory     : Returning cached instance of singleton bean 'autoConfigurationReport'
2017-05-25 12:24:41.780 DEBUG 4252 --- [           main] o.s.b.f.s.DefaultListableBeanFactory     : Returning cached instance of singleton bean 'org.springframework.boot.autoconfigure.condition.BeanTypeRegistry'
2017-05-25 12:24:41.780 DEBUG 4252 --- [           main] o.s.b.f.s.DefaultListableBeanFactory     : Returning cached instance of singleton bean 'org.springframework.boot.autoconfigure.condition.BeanTypeRegistry'
2017-05-25 12:24:41.780 DEBUG 4252 --- [           main] o.s.b.f.s.DefaultListableBeanFactory     : Returning cached instance of singleton bean 'autoConfigurationReport'
2017-05-25 12:24:41.781 DEBUG 4252 --- [           main] o.s.b.f.s.DefaultListableBeanFactory     : Returning cached instance of singleton bean 'org.springframework.boot.autoconfigure.condition.BeanTypeRegistry'
2017-05-25 12:24:41.782 DEBUG 4252 --- [           main] o.s.b.f.s.DefaultListableBeanFactory     : Returning cached instance of singleton bean 'autoConfigurationReport'
2017-05-25 12:24:41.782 DEBUG 4252 --- [           main] a.ConfigurationClassBeanDefinitionReader : Registered bean definition for imported class 'org.springframework.boot.autoconfigure.jdbc.DataSourceAutoConfiguration$DataSourceInitializerConfiguration'
2017-05-25 12:24:41.782 DEBUG 4252 --- [           main] a.ConfigurationClassBeanDefinitionReader : Registering bean definition for @Bean method org.springframework.boot.autoconfigure.jdbc.DataSourceAutoConfiguration$DataSourceInitializerConfiguration.dataSourceInitializer()
2017-05-25 12:24:41.782 DEBUG 4252 --- [           main] o.s.b.f.s.DefaultListableBeanFactory     : Returning cached instance of singleton bean 'autoConfigurationReport'
2017-05-25 12:24:41.782 DEBUG 4252 --- [           main] a.ConfigurationClassBeanDefinitionReader : Registered bean definition for imported class 'org.springframework.boot.autoconfigure.jdbc.metadata.DataSourcePoolMetadataProvidersConfiguration$HikariPoolDataSourceMetadataProviderConfiguration'
2017-05-25 12:24:41.783 DEBUG 4252 --- [           main] a.ConfigurationClassBeanDefinitionReader : Registering bean definition for @Bean method org.springframework.boot.autoconfigure.jdbc.metadata.DataSourcePoolMetadataProvidersConfiguration$HikariPoolDataSourceMetadataProviderConfiguration.hikariPoolDataSourceMetadataProvider()
2017-05-25 12:24:41.783 DEBUG 4252 --- [           main] o.s.b.f.s.DefaultListableBeanFactory     : Returning cached instance of singleton bean 'autoConfigurationReport'
2017-05-25 12:24:41.783 DEBUG 4252 --- [           main] a.ConfigurationClassBeanDefinitionReader : Registered bean definition for imported class 'org.springframework.boot.autoconfigure.jdbc.metadata.DataSourcePoolMetadataProvidersConfiguration$TomcatDataSourcePoolMetadataProviderConfiguration'
2017-05-25 12:24:41.783 DEBUG 4252 --- [           main] a.ConfigurationClassBeanDefinitionReader : Registering bean definition for @Bean method org.springframework.boot.autoconfigure.jdbc.metadata.DataSourcePoolMetadataProvidersConfiguration$TomcatDataSourcePoolMetadataProviderConfiguration.tomcatPoolDataSourceMetadataProvider()
2017-05-25 12:24:41.784 DEBUG 4252 --- [           main] a.ConfigurationClassBeanDefinitionReader : Registered bean definition for imported class 'org.springframework.boot.autoconfigure.jdbc.metadata.DataSourcePoolMetadataProvidersConfiguration'
2017-05-25 12:24:41.784 DEBUG 4252 --- [           main] a.ConfigurationClassBeanDefinitionReader : Registered bean definition for imported class 'org.springframework.boot.autoconfigure.jdbc.DataSourceAutoConfiguration'
2017-05-25 12:24:41.785 DEBUG 4252 --- [           main] o.s.b.f.s.DefaultListableBeanFactory     : Returning cached instance of singleton bean 'autoConfigurationReport'
2017-05-25 12:24:41.787 DEBUG 4252 --- [           main] o.s.b.f.s.DefaultListableBeanFactory     : Returning cached instance of singleton bean 'org.springframework.boot.autoconfigure.condition.BeanTypeRegistry'
2017-05-25 12:24:41.792 DEBUG 4252 --- [           main] o.s.b.f.s.DefaultListableBeanFactory     : Returning cached instance of singleton bean 'autoConfigurationReport'
2017-05-25 12:24:41.793 DEBUG 4252 --- [           main] o.s.b.f.s.DefaultListableBeanFactory     : Returning cached instance of singleton bean 'autoConfigurationReport'
2017-05-25 12:24:41.793 DEBUG 4252 --- [           main] o.s.b.f.s.DefaultListableBeanFactory     : Returning cached instance of singleton bean 'autoConfigurationReport'
2017-05-25 12:24:41.793 DEBUG 4252 --- [           main] o.s.b.f.s.DefaultListableBeanFactory     : Returning cached instance of singleton bean 'autoConfigurationReport'
2017-05-25 12:24:41.793 DEBUG 4252 --- [           main] o.s.b.f.s.DefaultListableBeanFactory     : Returning cached instance of singleton bean 'autoConfigurationReport'
2017-05-25 12:24:41.796 DEBUG 4252 --- [           main] o.s.b.f.s.DefaultListableBeanFactory     : Returning cached instance of singleton bean 'org.springframework.boot.autoconfigure.condition.BeanTypeRegistry'
2017-05-25 12:24:41.796 DEBUG 4252 --- [           main] o.s.b.f.s.DefaultListableBeanFactory     : Returning cached instance of singleton bean 'org.springframework.boot.autoconfigure.condition.BeanTypeRegistry'
2017-05-25 12:24:41.796 DEBUG 4252 --- [           main] o.s.b.f.s.DefaultListableBeanFactory     : Returning cached instance of singleton bean 'autoConfigurationReport'
2017-05-25 12:24:41.797 DEBUG 4252 --- [           main] o.s.b.f.s.DefaultListableBeanFactory     : Returning cached instance of singleton bean 'autoConfigurationReport'
2017-05-25 12:24:41.797 DEBUG 4252 --- [           main] a.ConfigurationClassBeanDefinitionReader : Registered bean definition for imported class 'org.springframework.boot.autoconfigure.orm.jpa.JpaBaseConfiguration$JpaWebConfiguration$JpaWebMvcConfiguration'
2017-05-25 12:24:41.797 DEBUG 4252 --- [           main] a.ConfigurationClassBeanDefinitionReader : Registering bean definition for @Bean method org.springframework.boot.autoconfigure.orm.jpa.JpaBaseConfiguration$JpaWebConfiguration$JpaWebMvcConfiguration.openEntityManagerInViewInterceptor()
2017-05-25 12:24:41.797 DEBUG 4252 --- [           main] a.ConfigurationClassBeanDefinitionReader : Registered bean definition for imported class 'org.springframework.boot.autoconfigure.orm.jpa.JpaBaseConfiguration$JpaWebConfiguration'
2017-05-25 12:24:41.798 DEBUG 4252 --- [           main] a.ConfigurationClassBeanDefinitionReader : Registered bean definition for imported class 'org.springframework.boot.autoconfigure.orm.jpa.HibernateJpaAutoConfiguration'
2017-05-25 12:24:41.798 DEBUG 4252 --- [           main] o.s.b.f.s.DefaultListableBeanFactory     : Returning cached instance of singleton bean 'org.springframework.boot.autoconfigure.condition.BeanTypeRegistry'
2017-05-25 12:24:41.801 DEBUG 4252 --- [           main] o.s.b.f.s.DefaultListableBeanFactory     : Returning cached instance of singleton bean 'autoConfigurationReport'
2017-05-25 12:24:41.802 DEBUG 4252 --- [           main] a.ConfigurationClassBeanDefinitionReader : Registering bean definition for @Bean method org.springframework.boot.autoconfigure.orm.jpa.HibernateJpaAutoConfiguration.transactionManager()
2017-05-25 12:24:41.804 DEBUG 4252 --- [           main] o.s.b.f.s.DefaultListableBeanFactory     : Returning cached instance of singleton bean 'org.springframework.boot.autoconfigure.condition.BeanTypeRegistry'
2017-05-25 12:24:41.806 DEBUG 4252 --- [           main] o.s.b.f.s.DefaultListableBeanFactory     : Returning cached instance of singleton bean 'autoConfigurationReport'
2017-05-25 12:24:41.806 DEBUG 4252 --- [           main] a.ConfigurationClassBeanDefinitionReader : Registering bean definition for @Bean method org.springframework.boot.autoconfigure.orm.jpa.HibernateJpaAutoConfiguration.jpaVendorAdapter()
2017-05-25 12:24:41.806 DEBUG 4252 --- [           main] o.s.b.f.s.DefaultListableBeanFactory     : Returning cached instance of singleton bean 'org.springframework.boot.autoconfigure.condition.BeanTypeRegistry'
2017-05-25 12:24:41.807 DEBUG 4252 --- [           main] o.s.b.f.s.DefaultListableBeanFactory     : Returning cached instance of singleton bean 'autoConfigurationReport'
2017-05-25 12:24:41.807 DEBUG 4252 --- [           main] a.ConfigurationClassBeanDefinitionReader : Registering bean definition for @Bean method org.springframework.boot.autoconfigure.orm.jpa.HibernateJpaAutoConfiguration.entityManagerFactoryBuilder()
2017-05-25 12:24:41.808 DEBUG 4252 --- [           main] o.s.b.f.s.DefaultListableBeanFactory     : Returning cached instance of singleton bean 'org.springframework.boot.autoconfigure.condition.BeanTypeRegistry'
2017-05-25 12:24:41.810 DEBUG 4252 --- [           main] o.s.b.f.s.DefaultListableBeanFactory     : Returning cached instance of singleton bean 'org.springframework.boot.autoconfigure.condition.BeanTypeRegistry'
2017-05-25 12:24:41.811 DEBUG 4252 --- [           main] o.s.b.f.s.DefaultListableBeanFactory     : Returning cached instance of singleton bean 'autoConfigurationReport'
2017-05-25 12:24:41.811 DEBUG 4252 --- [           main] a.ConfigurationClassBeanDefinitionReader : Registering bean definition for @Bean method org.springframework.boot.autoconfigure.orm.jpa.HibernateJpaAutoConfiguration.entityManagerFactory()
2017-05-25 12:24:41.812 DEBUG 4252 --- [           main] a.ConfigurationClassBeanDefinitionReader : Registered bean definition for imported class 'org.springframework.boot.autoconfigure.context.ConfigurationPropertiesAutoConfiguration'
2017-05-25 12:24:41.812 DEBUG 4252 --- [           main] o.s.b.f.s.DefaultListableBeanFactory     : Returning cached instance of singleton bean 'autoConfigurationReport'
2017-05-25 12:24:41.812 DEBUG 4252 --- [           main] a.ConfigurationClassBeanDefinitionReader : Registered bean definition for imported class 'org.springframework.boot.autoconfigure.dao.PersistenceExceptionTranslationAutoConfiguration'
2017-05-25 12:24:41.813 DEBUG 4252 --- [           main] o.s.b.f.s.DefaultListableBeanFactory     : Returning cached instance of singleton bean 'org.springframework.boot.autoconfigure.condition.BeanTypeRegistry'
2017-05-25 12:24:41.815 DEBUG 4252 --- [           main] o.s.b.f.s.DefaultListableBeanFactory     : Returning cached instance of singleton bean 'autoConfigurationReport'
2017-05-25 12:24:41.816 DEBUG 4252 --- [           main] o.s.b.f.s.DefaultListableBeanFactory     : Returning cached instance of singleton bean 'autoConfigurationReport'
2017-05-25 12:24:41.816 DEBUG 4252 --- [           main] a.ConfigurationClassBeanDefinitionReader : Registering bean definition for @Bean method org.springframework.boot.autoconfigure.dao.PersistenceExceptionTranslationAutoConfiguration.persistenceExceptionTranslationPostProcessor()
2017-05-25 12:24:41.816 DEBUG 4252 --- [           main] o.s.b.f.s.DefaultListableBeanFactory     : Returning cached instance of singleton bean 'autoConfigurationReport'
2017-05-25 12:24:41.816 DEBUG 4252 --- [           main] o.s.b.f.s.DefaultListableBeanFactory     : Returning cached instance of singleton bean 'org.springframework.boot.autoconfigure.condition.BeanTypeRegistry'
2017-05-25 12:24:41.818 DEBUG 4252 --- [           main] o.s.b.f.s.DefaultListableBeanFactory     : Returning cached instance of singleton bean 'org.springframework.boot.autoconfigure.condition.BeanTypeRegistry'
2017-05-25 12:24:41.818 DEBUG 4252 --- [           main] o.s.b.f.s.DefaultListableBeanFactory     : Returning cached instance of singleton bean 'org.springframework.boot.autoconfigure.condition.BeanTypeRegistry'
2017-05-25 12:24:41.818 DEBUG 4252 --- [           main] o.s.b.f.s.DefaultListableBeanFactory     : Returning cached instance of singleton bean 'autoConfigurationReport'
2017-05-25 12:24:41.818 DEBUG 4252 --- [           main] o.s.b.f.s.DefaultListableBeanFactory     : Returning cached instance of singleton bean 'autoConfigurationReport'
2017-05-25 12:24:41.819 DEBUG 4252 --- [           main] o.s.b.f.s.DefaultListableBeanFactory     : Returning cached instance of singleton bean 'autoConfigurationReport'
2017-05-25 12:24:41.819 DEBUG 4252 --- [           main] a.ConfigurationClassBeanDefinitionReader : Registered bean definition for imported class 'org.springframework.boot.autoconfigure.jackson.JacksonAutoConfiguration$JacksonObjectMapperBuilderConfiguration'
2017-05-25 12:24:41.819 DEBUG 4252 --- [           main] o.s.b.f.s.DefaultListableBeanFactory     : Returning cached instance of singleton bean 'org.springframework.boot.autoconfigure.condition.BeanTypeRegistry'
2017-05-25 12:24:41.821 DEBUG 4252 --- [           main] o.s.b.f.s.DefaultListableBeanFactory     : Returning cached instance of singleton bean 'autoConfigurationReport'
2017-05-25 12:24:41.821 DEBUG 4252 --- [           main] a.ConfigurationClassBeanDefinitionReader : Registering bean definition for @Bean method org.springframework.boot.autoconfigure.jackson.JacksonAutoConfiguration$JacksonObjectMapperBuilderConfiguration.jacksonObjectMapperBuilder()
2017-05-25 12:24:41.821 DEBUG 4252 --- [           main] o.s.b.f.s.DefaultListableBeanFactory     : Returning cached instance of singleton bean 'autoConfigurationReport'
2017-05-25 12:24:41.823 DEBUG 4252 --- [           main] a.ConfigurationClassBeanDefinitionReader : Registered bean definition for imported class 'org.springframework.boot.autoconfigure.jackson.JacksonAutoConfiguration$JacksonObjectMapperConfiguration'
2017-05-25 12:24:41.823 DEBUG 4252 --- [           main] o.s.b.f.s.DefaultListableBeanFactory     : Returning cached instance of singleton bean 'org.springframework.boot.autoconfigure.condition.BeanTypeRegistry'
2017-05-25 12:24:41.827 DEBUG 4252 --- [           main] o.s.b.f.s.DefaultListableBeanFactory     : Returning cached instance of singleton bean 'autoConfigurationReport'
2017-05-25 12:24:41.828 DEBUG 4252 --- [           main] a.ConfigurationClassBeanDefinitionReader : Registering bean definition for @Bean method org.springframework.boot.autoconfigure.jackson.JacksonAutoConfiguration$JacksonObjectMapperConfiguration.jacksonObjectMapper()
2017-05-25 12:24:41.828 DEBUG 4252 --- [           main] a.ConfigurationClassBeanDefinitionReader : Registered bean definition for imported class 'org.springframework.boot.autoconfigure.jackson.JacksonAutoConfiguration'
2017-05-25 12:24:41.828 DEBUG 4252 --- [           main] o.s.b.f.s.DefaultListableBeanFactory     : Returning cached instance of singleton bean 'autoConfigurationReport'
2017-05-25 12:24:41.829 DEBUG 4252 --- [           main] o.s.b.f.s.DefaultListableBeanFactory     : Returning cached instance of singleton bean 'autoConfigurationReport'
2017-05-25 12:24:41.829 DEBUG 4252 --- [           main] a.ConfigurationClassBeanDefinitionReader : Registered bean definition for imported class 'org.springframework.boot.autoconfigure.web.HttpMessageConvertersAutoConfiguration$StringHttpMessageConverterConfiguration'
2017-05-25 12:24:41.830 DEBUG 4252 --- [           main] o.s.b.f.s.DefaultListableBeanFactory     : Returning cached instance of singleton bean 'org.springframework.boot.autoconfigure.condition.BeanTypeRegistry'
2017-05-25 12:24:41.832 DEBUG 4252 --- [           main] o.s.b.f.s.DefaultListableBeanFactory     : Returning cached instance of singleton bean 'autoConfigurationReport'
2017-05-25 12:24:41.833 DEBUG 4252 --- [           main] a.ConfigurationClassBeanDefinitionReader : Registering bean definition for @Bean method org.springframework.boot.autoconfigure.web.HttpMessageConvertersAutoConfiguration$StringHttpMessageConverterConfiguration.stringHttpMessageConverter()
2017-05-25 12:24:41.834 DEBUG 4252 --- [           main] o.s.b.f.s.DefaultListableBeanFactory     : Returning cached instance of singleton bean 'autoConfigurationReport'
2017-05-25 12:24:41.834 DEBUG 4252 --- [           main] o.s.b.f.s.DefaultListableBeanFactory     : Returning cached instance of singleton bean 'org.springframework.boot.autoconfigure.condition.BeanTypeRegistry'
2017-05-25 12:24:41.834 DEBUG 4252 --- [           main] o.s.b.f.s.DefaultListableBeanFactory     : Returning cached instance of singleton bean 'autoConfigurationReport'
2017-05-25 12:24:41.835 DEBUG 4252 --- [           main] o.s.b.f.s.DefaultListableBeanFactory     : Returning cached instance of singleton bean 'autoConfigurationReport'
2017-05-25 12:24:41.836 DEBUG 4252 --- [           main] a.ConfigurationClassBeanDefinitionReader : Registered bean definition for imported class 'org.springframework.boot.autoconfigure.web.JacksonHttpMessageConvertersConfiguration$MappingJackson2HttpMessageConverterConfiguration'
2017-05-25 12:24:41.837 DEBUG 4252 --- [           main] o.s.b.f.s.DefaultListableBeanFactory     : Returning cached instance of singleton bean 'org.springframework.boot.autoconfigure.condition.BeanTypeRegistry'
2017-05-25 12:24:41.839 DEBUG 4252 --- [           main] o.s.b.f.s.DefaultListableBeanFactory     : Returning cached instance of singleton bean 'autoConfigurationReport'
2017-05-25 12:24:41.840 DEBUG 4252 --- [           main] a.ConfigurationClassBeanDefinitionReader : Registering bean definition for @Bean method org.springframework.boot.autoconfigure.web.JacksonHttpMessageConvertersConfiguration$MappingJackson2HttpMessageConverterConfiguration.mappingJackson2HttpMessageConverter()
2017-05-25 12:24:41.840 DEBUG 4252 --- [           main] a.ConfigurationClassBeanDefinitionReader : Registered bean definition for imported class 'org.springframework.boot.autoconfigure.web.JacksonHttpMessageConvertersConfiguration'
2017-05-25 12:24:41.841 DEBUG 4252 --- [           main] a.ConfigurationClassBeanDefinitionReader : Registered bean definition for imported class 'org.springframework.boot.autoconfigure.web.HttpMessageConvertersAutoConfiguration'
2017-05-25 12:24:41.845 DEBUG 4252 --- [           main] o.s.b.f.s.DefaultListableBeanFactory     : Returning cached instance of singleton bean 'org.springframework.boot.autoconfigure.condition.BeanTypeRegistry'
2017-05-25 12:24:41.846 DEBUG 4252 --- [           main] o.s.b.f.s.DefaultListableBeanFactory     : Returning cached instance of singleton bean 'autoConfigurationReport'
2017-05-25 12:24:41.846 DEBUG 4252 --- [           main] a.ConfigurationClassBeanDefinitionReader : Registering bean definition for @Bean method org.springframework.boot.autoconfigure.web.HttpMessageConvertersAutoConfiguration.messageConverters()
2017-05-25 12:24:41.846 DEBUG 4252 --- [           main] o.s.b.f.s.DefaultListableBeanFactory     : Returning cached instance of singleton bean 'autoConfigurationReport'
2017-05-25 12:24:41.847 DEBUG 4252 --- [           main] o.s.b.f.s.DefaultListableBeanFactory     : Returning cached instance of singleton bean 'autoConfigurationReport'
2017-05-25 12:24:41.847 DEBUG 4252 --- [           main] o.s.b.f.s.DefaultListableBeanFactory     : Returning cached instance of singleton bean 'org.springframework.boot.autoconfigure.condition.BeanTypeRegistry'
2017-05-25 12:24:41.847 DEBUG 4252 --- [           main] o.s.b.f.s.DefaultListableBeanFactory     : Returning cached instance of singleton bean 'autoConfigurationReport'
2017-05-25 12:24:41.847 DEBUG 4252 --- [           main] a.ConfigurationClassBeanDefinitionReader : Registered bean definition for imported class 'org.springframework.data.web.config.SpringDataWebConfiguration'
2017-05-25 12:24:41.848 DEBUG 4252 --- [           main] a.ConfigurationClassBeanDefinitionReader : Registering bean definition for @Bean method org.springframework.data.web.config.SpringDataWebConfiguration.pageableResolver()
2017-05-25 12:24:41.848 DEBUG 4252 --- [           main] a.ConfigurationClassBeanDefinitionReader : Registering bean definition for @Bean method org.springframework.data.web.config.SpringDataWebConfiguration.sortResolver()
2017-05-25 12:24:41.849 DEBUG 4252 --- [           main] a.ConfigurationClassBeanDefinitionReader : Registered bean definition for imported class 'org.springframework.data.web.config.SpringDataJacksonConfiguration'
2017-05-25 12:24:41.849 DEBUG 4252 --- [           main] a.ConfigurationClassBeanDefinitionReader : Registering bean definition for @Bean method org.springframework.data.web.config.SpringDataJacksonConfiguration.jacksonGeoModule()
2017-05-25 12:24:41.850 DEBUG 4252 --- [           main] a.ConfigurationClassBeanDefinitionReader : Registered bean definition for imported class 'org.springframework.boot.autoconfigure.data.web.SpringDataWebAutoConfiguration'
2017-05-25 12:24:41.851 DEBUG 4252 --- [           main] o.s.b.f.s.DefaultListableBeanFactory     : Returning cached instance of singleton bean 'autoConfigurationReport'
2017-05-25 12:24:41.851 DEBUG 4252 --- [           main] o.s.b.f.s.DefaultListableBeanFactory     : Returning cached instance of singleton bean 'autoConfigurationReport'
2017-05-25 12:24:41.851 DEBUG 4252 --- [           main] o.s.b.f.s.DefaultListableBeanFactory     : Returning cached instance of singleton bean 'autoConfigurationReport'
2017-05-25 12:24:41.851 DEBUG 4252 --- [           main] o.s.b.f.s.DefaultListableBeanFactory     : Returning cached instance of singleton bean 'org.springframework.boot.autoconfigure.condition.BeanTypeRegistry'
2017-05-25 12:24:41.854 DEBUG 4252 --- [           main] o.s.b.f.s.DefaultListableBeanFactory     : Returning cached instance of singleton bean 'autoConfigurationReport'
2017-05-25 12:24:41.855 DEBUG 4252 --- [           main] o.s.b.f.s.DefaultListableBeanFactory     : Returning cached instance of singleton bean 'autoConfigurationReport'
2017-05-25 12:24:41.855 DEBUG 4252 --- [           main] a.ConfigurationClassBeanDefinitionReader : Registered bean definition for imported class 'org.springframework.boot.autoconfigure.security.SpringBootWebSecurityConfiguration$ApplicationWebSecurityConfigurerAdapter'
2017-05-25 12:24:41.855 DEBUG 4252 --- [           main] a.ConfigurationClassBeanDefinitionReader : Registered bean definition for imported class 'org.springframework.security.config.annotation.web.configuration.WebSecurityConfiguration'
2017-05-25 12:24:41.856 DEBUG 4252 --- [           main] a.ConfigurationClassBeanDefinitionReader : Registering bean definition for @Bean method org.springframework.security.config.annotation.web.configuration.WebSecurityConfiguration.delegatingApplicationListener()
2017-05-25 12:24:41.856 DEBUG 4252 --- [           main] a.ConfigurationClassBeanDefinitionReader : Registering bean definition for @Bean method org.springframework.security.config.annotation.web.configuration.WebSecurityConfiguration.webSecurityExpressionHandler()
2017-05-25 12:24:41.856 DEBUG 4252 --- [           main] a.ConfigurationClassBeanDefinitionReader : Registering bean definition for @Bean method org.springframework.security.config.annotation.web.configuration.WebSecurityConfiguration.springSecurityFilterChain()
2017-05-25 12:24:41.857 DEBUG 4252 --- [           main] a.ConfigurationClassBeanDefinitionReader : Registering bean definition for @Bean method org.springframework.security.config.annotation.web.configuration.WebSecurityConfiguration.privilegeEvaluator()
2017-05-25 12:24:41.857 DEBUG 4252 --- [           main] a.ConfigurationClassBeanDefinitionReader : Registering bean definition for @Bean method org.springframework.security.config.annotation.web.configuration.WebSecurityConfiguration.autowiredWebSecurityConfigurersIgnoreParents()
2017-05-25 12:24:41.857 DEBUG 4252 --- [           main] a.ConfigurationClassBeanDefinitionReader : Registered bean definition for imported class 'org.springframework.security.config.annotation.web.configuration.WebMvcSecurityConfiguration'
2017-05-25 12:24:41.857 DEBUG 4252 --- [           main] a.ConfigurationClassBeanDefinitionReader : Registering bean definition for @Bean method org.springframework.security.config.annotation.web.configuration.WebMvcSecurityConfiguration.requestDataValueProcessor()
2017-05-25 12:24:41.858 DEBUG 4252 --- [           main] a.ConfigurationClassBeanDefinitionReader : Registered bean definition for imported class 'org.springframework.boot.autoconfigure.security.SpringBootWebSecurityConfiguration'
2017-05-25 12:24:41.859 DEBUG 4252 --- [           main] o.s.b.f.s.DefaultListableBeanFactory     : Returning cached instance of singleton bean 'org.springframework.boot.autoconfigure.condition.BeanTypeRegistry'
2017-05-25 12:24:41.864 DEBUG 4252 --- [           main] o.s.b.f.s.DefaultListableBeanFactory     : Returning cached instance of singleton bean 'autoConfigurationReport'
2017-05-25 12:24:41.865 DEBUG 4252 --- [           main] a.ConfigurationClassBeanDefinitionReader : Registering bean definition for @Bean method org.springframework.boot.autoconfigure.security.SpringBootWebSecurityConfiguration.ignoredPathsWebSecurityConfigurerAdapter()
2017-05-25 12:24:41.865 DEBUG 4252 --- [           main] o.s.b.f.s.DefaultListableBeanFactory     : Returning cached instance of singleton bean 'org.springframework.boot.autoconfigure.condition.BeanTypeRegistry'
2017-05-25 12:24:41.870 DEBUG 4252 --- [           main] o.s.b.f.s.DefaultListableBeanFactory     : Returning cached instance of singleton bean 'org.springframework.boot.autoconfigure.condition.BeanTypeRegistry'
2017-05-25 12:24:41.870 DEBUG 4252 --- [           main] o.s.b.f.s.DefaultListableBeanFactory     : Returning cached instance of singleton bean 'autoConfigurationReport'
2017-05-25 12:24:41.871 DEBUG 4252 --- [           main] o.s.b.f.s.DefaultListableBeanFactory     : Returning cached instance of singleton bean 'org.springframework.boot.autoconfigure.condition.BeanTypeRegistry'
2017-05-25 12:24:41.871 DEBUG 4252 --- [           main] o.s.b.f.s.DefaultListableBeanFactory     : Returning cached instance of singleton bean 'org.springframework.boot.autoconfigure.condition.BeanTypeRegistry'
2017-05-25 12:24:41.873 DEBUG 4252 --- [           main] o.s.b.f.s.DefaultListableBeanFactory     : Returning cached instance of singleton bean 'autoConfigurationReport'
2017-05-25 12:24:41.873 DEBUG 4252 --- [           main] a.ConfigurationClassBeanDefinitionReader : Registered bean definition for imported class 'org.springframework.boot.autoconfigure.security.AuthenticationManagerConfiguration$AuthenticationManagerConfigurationListener'
2017-05-25 12:24:41.873 DEBUG 4252 --- [           main] a.ConfigurationClassBeanDefinitionReader : Registered bean definition for imported class 'org.springframework.boot.autoconfigure.security.AuthenticationManagerConfiguration'
2017-05-25 12:24:41.874 DEBUG 4252 --- [           main] a.ConfigurationClassBeanDefinitionReader : Registering bean definition for @Bean method org.springframework.boot.autoconfigure.security.AuthenticationManagerConfiguration.authenticationManager()
2017-05-25 12:24:41.874 DEBUG 4252 --- [           main] a.ConfigurationClassBeanDefinitionReader : Registering bean definition for @Bean method org.springframework.boot.autoconfigure.security.AuthenticationManagerConfiguration.springBootAuthenticationConfigurerAdapter()
2017-05-25 12:24:41.874 DEBUG 4252 --- [           main] o.s.b.f.s.DefaultListableBeanFactory     : Returning cached instance of singleton bean 'autoConfigurationReport'
2017-05-25 12:24:41.875 DEBUG 4252 --- [           main] a.ConfigurationClassBeanDefinitionReader : Registered bean definition for imported class 'org.springframework.boot.autoconfigure.security.BootGlobalAuthenticationConfiguration'
2017-05-25 12:24:41.875 DEBUG 4252 --- [           main] a.ConfigurationClassBeanDefinitionReader : Registering bean definition for @Bean method org.springframework.boot.autoconfigure.security.BootGlobalAuthenticationConfiguration.bootGlobalAuthenticationConfigurationAdapter()
2017-05-25 12:24:41.876 DEBUG 4252 --- [           main] a.ConfigurationClassBeanDefinitionReader : Registered bean definition for imported class 'org.springframework.boot.autoconfigure.security.SecurityAutoConfiguration'
2017-05-25 12:24:41.879 DEBUG 4252 --- [           main] o.s.b.f.s.DefaultListableBeanFactory     : Returning cached instance of singleton bean 'org.springframework.boot.autoconfigure.condition.BeanTypeRegistry'
2017-05-25 12:24:41.883 DEBUG 4252 --- [           main] o.s.b.f.s.DefaultListableBeanFactory     : Returning cached instance of singleton bean 'autoConfigurationReport'
2017-05-25 12:24:41.884 DEBUG 4252 --- [           main] a.ConfigurationClassBeanDefinitionReader : Registering bean definition for @Bean method org.springframework.boot.autoconfigure.security.SecurityAutoConfiguration.authenticationEventPublisher()
2017-05-25 12:24:41.886 DEBUG 4252 --- [           main] o.s.b.f.s.DefaultListableBeanFactory     : Returning cached instance of singleton bean 'org.springframework.boot.autoconfigure.condition.BeanTypeRegistry'
2017-05-25 12:24:41.887 DEBUG 4252 --- [           main] o.s.b.f.s.DefaultListableBeanFactory     : Returning cached instance of singleton bean 'autoConfigurationReport'
2017-05-25 12:24:41.888 DEBUG 4252 --- [           main] a.ConfigurationClassBeanDefinitionReader : Registering bean definition for @Bean method org.springframework.boot.autoconfigure.security.SecurityAutoConfiguration.securityProperties()
2017-05-25 12:24:41.890 DEBUG 4252 --- [           main] o.s.b.f.s.DefaultListableBeanFactory     : Returning cached instance of singleton bean 'autoConfigurationReport'
2017-05-25 12:24:41.890 DEBUG 4252 --- [           main] o.s.b.f.s.DefaultListableBeanFactory     : Returning cached instance of singleton bean 'autoConfigurationReport'
2017-05-25 12:24:41.893 DEBUG 4252 --- [           main] o.s.c.e.PropertySourcesPropertyResolver  : Searching for key 'spring.h2.console.enabled' in [systemProperties]
2017-05-25 12:24:41.893 DEBUG 4252 --- [           main] o.s.c.e.PropertySourcesPropertyResolver  : Searching for key 'spring.h2.console.enabled' in [systemEnvironment]
2017-05-25 12:24:41.893 DEBUG 4252 --- [           main] o.s.c.e.PropertySourcesPropertyResolver  : Searching for key 'spring.h2.console.enabled' in [random]
2017-05-25 12:24:41.893 DEBUG 4252 --- [           main] o.s.c.e.PropertySourcesPropertyResolver  : Searching for key 'spring.h2.console.enabled' in [integrationTest]
2017-05-25 12:24:41.893 DEBUG 4252 --- [           main] o.s.c.e.PropertySourcesPropertyResolver  : Searching for key 'spring.h2.console.enabled' in [applicationConfigurationProperties]
2017-05-25 12:24:41.893 DEBUG 4252 --- [           main] o.s.c.e.PropertySourcesPropertyResolver  : Found key 'spring.h2.console.enabled' in [applicationConfigurationProperties] with type [String] and value 'true'
2017-05-25 12:24:41.893 DEBUG 4252 --- [           main] o.s.b.f.s.DefaultListableBeanFactory     : Returning cached instance of singleton bean 'autoConfigurationReport'
2017-05-25 12:24:41.894 DEBUG 4252 --- [           main] o.s.b.f.s.DefaultListableBeanFactory     : Returning cached instance of singleton bean 'autoConfigurationReport'
2017-05-25 12:24:41.894 DEBUG 4252 --- [           main] o.s.b.f.s.DefaultListableBeanFactory     : Returning cached instance of singleton bean 'org.springframework.boot.autoconfigure.condition.BeanTypeRegistry'
2017-05-25 12:24:41.894 DEBUG 4252 --- [           main] o.s.b.f.s.DefaultListableBeanFactory     : Returning cached instance of singleton bean 'autoConfigurationReport'
2017-05-25 12:24:41.895 DEBUG 4252 --- [           main] o.s.b.f.s.DefaultListableBeanFactory     : Returning cached instance of singleton bean 'autoConfigurationReport'
2017-05-25 12:24:41.895 DEBUG 4252 --- [           main] a.ConfigurationClassBeanDefinitionReader : Registered bean definition for imported class 'org.springframework.boot.autoconfigure.h2.H2ConsoleAutoConfiguration$H2ConsoleSecurityConfiguration'
2017-05-25 12:24:41.895 DEBUG 4252 --- [           main] a.ConfigurationClassBeanDefinitionReader : Registering bean definition for @Bean method org.springframework.boot.autoconfigure.h2.H2ConsoleAutoConfiguration$H2ConsoleSecurityConfiguration.h2ConsoleSecurityConfigurer()
2017-05-25 12:24:41.895 DEBUG 4252 --- [           main] a.ConfigurationClassBeanDefinitionReader : Registered bean definition for imported class 'org.springframework.boot.autoconfigure.h2.H2ConsoleAutoConfiguration'
2017-05-25 12:24:41.896 DEBUG 4252 --- [           main] a.ConfigurationClassBeanDefinitionReader : Registering bean definition for @Bean method org.springframework.boot.autoconfigure.h2.H2ConsoleAutoConfiguration.h2Console()
2017-05-25 12:24:41.896 DEBUG 4252 --- [           main] o.s.b.f.s.DefaultListableBeanFactory     : Returning cached instance of singleton bean 'autoConfigurationReport'
2017-05-25 12:24:41.896 DEBUG 4252 --- [           main] o.s.b.f.s.DefaultListableBeanFactory     : Returning cached instance of singleton bean 'org.springframework.boot.autoconfigure.condition.BeanTypeRegistry'
2017-05-25 12:24:41.900 DEBUG 4252 --- [           main] o.s.b.f.s.DefaultListableBeanFactory     : Returning cached instance of singleton bean 'autoConfigurationReport'
2017-05-25 12:24:41.900 DEBUG 4252 --- [           main] a.ConfigurationClassBeanDefinitionReader : Registered bean definition for imported class 'org.springframework.boot.autoconfigure.jdbc.DataSourceTransactionManagerAutoConfiguration'
2017-05-25 12:24:41.900 DEBUG 4252 --- [           main] o.s.b.f.s.DefaultListableBeanFactory     : Returning cached instance of singleton bean 'org.springframework.boot.autoconfigure.condition.BeanTypeRegistry'
2017-05-25 12:24:41.901 DEBUG 4252 --- [           main] o.s.b.f.s.DefaultListableBeanFactory     : Returning cached instance of singleton bean 'org.springframework.boot.autoconfigure.condition.BeanTypeRegistry'
2017-05-25 12:24:41.902 DEBUG 4252 --- [           main] o.s.b.f.s.DefaultListableBeanFactory     : Returning cached instance of singleton bean 'autoConfigurationReport'
2017-05-25 12:24:41.902 DEBUG 4252 --- [           main] o.s.b.f.s.DefaultListableBeanFactory     : Returning cached instance of singleton bean 'autoConfigurationReport'
2017-05-25 12:24:41.902 DEBUG 4252 --- [           main] o.s.b.f.s.DefaultListableBeanFactory     : Returning cached instance of singleton bean 'autoConfigurationReport'
2017-05-25 12:24:41.903 DEBUG 4252 --- [           main] a.ConfigurationClassBeanDefinitionReader : Registered bean definition for imported class 'org.springframework.boot.autoconfigure.thymeleaf.ThymeleafAutoConfiguration$ThymeleafResourceHandlingConfig'
2017-05-25 12:24:41.947 DEBUG 4252 --- [           main] o.s.b.f.s.DefaultListableBeanFactory     : Returning cached instance of singleton bean 'org.springframework.boot.autoconfigure.condition.BeanTypeRegistry'
2017-05-25 12:24:41.947 DEBUG 4252 --- [           main] o.s.b.f.s.DefaultListableBeanFactory     : Returning cached instance of singleton bean 'autoConfigurationReport'
2017-05-25 12:24:41.948 DEBUG 4252 --- [           main] o.s.c.e.PropertySourcesPropertyResolver  : Searching for key 'java.runtime.name' in [systemProperties]
2017-05-25 12:24:41.948 DEBUG 4252 --- [           main] o.s.c.e.PropertySourcesPropertyResolver  : Found key 'java.runtime.name' in [systemProperties] with type [String] and value 'Java(TM) SE Runtime Environment'
2017-05-25 12:24:41.949 DEBUG 4252 --- [           main] o.s.c.e.PropertySourcesPropertyResolver  : Searching for key 'sun.boot.library.path' in [systemProperties]
2017-05-25 12:24:41.949 DEBUG 4252 --- [           main] o.s.c.e.PropertySourcesPropertyResolver  : Found key 'sun.boot.library.path' in [systemProperties] with type [String] and value 'C:\Program Files\Java\jdk1.8.0_111\jre\bin'
2017-05-25 12:24:41.949 DEBUG 4252 --- [           main] o.s.c.e.PropertySourcesPropertyResolver  : Searching for key 'java.vm.version' in [systemProperties]
2017-05-25 12:24:41.949 DEBUG 4252 --- [           main] o.s.c.e.PropertySourcesPropertyResolver  : Found key 'java.vm.version' in [systemProperties] with type [String] and value '25.111-b14'
2017-05-25 12:24:41.949 DEBUG 4252 --- [           main] o.s.c.e.PropertySourcesPropertyResolver  : Searching for key 'java.vm.vendor' in [systemProperties]
2017-05-25 12:24:41.949 DEBUG 4252 --- [           main] o.s.c.e.PropertySourcesPropertyResolver  : Found key 'java.vm.vendor' in [systemProperties] with type [String] and value 'Oracle Corporation'
2017-05-25 12:24:41.949 DEBUG 4252 --- [           main] o.s.c.e.PropertySourcesPropertyResolver  : Searching for key 'java.vendor.url' in [systemProperties]
2017-05-25 12:24:41.949 DEBUG 4252 --- [           main] o.s.c.e.PropertySourcesPropertyResolver  : Found key 'java.vendor.url' in [systemProperties] with type [String] and value 'http://java.oracle.com/'
2017-05-25 12:24:41.949 DEBUG 4252 --- [           main] o.s.c.e.PropertySourcesPropertyResolver  : Searching for key 'path.separator' in [systemProperties]
2017-05-25 12:24:41.949 DEBUG 4252 --- [           main] o.s.c.e.PropertySourcesPropertyResolver  : Found key 'path.separator' in [systemProperties] with type [String] and value ';'
2017-05-25 12:24:41.949 DEBUG 4252 --- [           main] o.s.c.e.PropertySourcesPropertyResolver  : Searching for key 'java.vm.name' in [systemProperties]
2017-05-25 12:24:41.949 DEBUG 4252 --- [           main] o.s.c.e.PropertySourcesPropertyResolver  : Found key 'java.vm.name' in [systemProperties] with type [String] and value 'Java HotSpot(TM) 64-Bit Server VM'
2017-05-25 12:24:41.949 DEBUG 4252 --- [           main] o.s.c.e.PropertySourcesPropertyResolver  : Searching for key 'file.encoding.pkg' in [systemProperties]
2017-05-25 12:24:41.949 DEBUG 4252 --- [           main] o.s.c.e.PropertySourcesPropertyResolver  : Found key 'file.encoding.pkg' in [systemProperties] with type [String] and value 'sun.io'
2017-05-25 12:24:41.949 DEBUG 4252 --- [           main] o.s.c.e.PropertySourcesPropertyResolver  : Searching for key 'user.country' in [systemProperties]
2017-05-25 12:24:41.949 DEBUG 4252 --- [           main] o.s.c.e.PropertySourcesPropertyResolver  : Found key 'user.country' in [systemProperties] with type [String] and value 'US'
2017-05-25 12:24:41.949 DEBUG 4252 --- [           main] o.s.c.e.PropertySourcesPropertyResolver  : Searching for key 'user.script' in [systemProperties]
2017-05-25 12:24:41.949 DEBUG 4252 --- [           main] o.s.c.e.PropertySourcesPropertyResolver  : Found key 'user.script' in [systemProperties] with type [String] and value ''
2017-05-25 12:24:41.950 DEBUG 4252 --- [           main] o.s.c.e.PropertySourcesPropertyResolver  : Searching for key 'sun.java.launcher' in [systemProperties]
2017-05-25 12:24:41.950 DEBUG 4252 --- [           main] o.s.c.e.PropertySourcesPropertyResolver  : Found key 'sun.java.launcher' in [systemProperties] with type [String] and value 'SUN_STANDARD'
2017-05-25 12:24:41.950 DEBUG 4252 --- [           main] o.s.c.e.PropertySourcesPropertyResolver  : Searching for key 'sun.os.patch.level' in [systemProperties]
2017-05-25 12:24:41.950 DEBUG 4252 --- [           main] o.s.c.e.PropertySourcesPropertyResolver  : Found key 'sun.os.patch.level' in [systemProperties] with type [String] and value 'Service Pack 1'
2017-05-25 12:24:41.950 DEBUG 4252 --- [           main] o.s.c.e.PropertySourcesPropertyResolver  : Searching for key 'PID' in [systemProperties]
2017-05-25 12:24:41.950 DEBUG 4252 --- [           main] o.s.c.e.PropertySourcesPropertyResolver  : Found key 'PID' in [systemProperties] with type [String] and value '4252'
2017-05-25 12:24:41.950 DEBUG 4252 --- [           main] o.s.c.e.PropertySourcesPropertyResolver  : Searching for key 'java.vm.specification.name' in [systemProperties]
2017-05-25 12:24:41.950 DEBUG 4252 --- [           main] o.s.c.e.PropertySourcesPropertyResolver  : Found key 'java.vm.specification.name' in [systemProperties] with type [String] and value 'Java Virtual Machine Specification'
2017-05-25 12:24:41.950 DEBUG 4252 --- [           main] o.s.c.e.PropertySourcesPropertyResolver  : Searching for key 'user.dir' in [systemProperties]
2017-05-25 12:24:41.950 DEBUG 4252 --- [           main] o.s.c.e.PropertySourcesPropertyResolver  : Found key 'user.dir' in [systemProperties] with type [String] and value 'C:\Users\rrafacz\git\stacksonstacks.org'
2017-05-25 12:24:41.950 DEBUG 4252 --- [           main] o.s.c.e.PropertySourcesPropertyResolver  : Searching for key 'java.runtime.version' in [systemProperties]
2017-05-25 12:24:41.950 DEBUG 4252 --- [           main] o.s.c.e.PropertySourcesPropertyResolver  : Found key 'java.runtime.version' in [systemProperties] with type [String] and value '1.8.0_111-b14'
2017-05-25 12:24:41.950 DEBUG 4252 --- [           main] o.s.c.e.PropertySourcesPropertyResolver  : Searching for key 'basedir' in [systemProperties]
2017-05-25 12:24:41.950 DEBUG 4252 --- [           main] o.s.c.e.PropertySourcesPropertyResolver  : Found key 'basedir' in [systemProperties] with type [String] and value 'C:\Users\rrafacz\git\stacksonstacks.org'
2017-05-25 12:24:41.950 DEBUG 4252 --- [           main] o.s.c.e.PropertySourcesPropertyResolver  : Searching for key 'java.awt.graphicsenv' in [systemProperties]
2017-05-25 12:24:41.950 DEBUG 4252 --- [           main] o.s.c.e.PropertySourcesPropertyResolver  : Found key 'java.awt.graphicsenv' in [systemProperties] with type [String] and value 'sun.awt.Win32GraphicsEnvironment'
2017-05-25 12:24:41.950 DEBUG 4252 --- [           main] o.s.c.e.PropertySourcesPropertyResolver  : Searching for key 'org.jboss.logging.provider' in [systemProperties]
2017-05-25 12:24:41.950 DEBUG 4252 --- [           main] o.s.c.e.PropertySourcesPropertyResolver  : Found key 'org.jboss.logging.provider' in [systemProperties] with type [String] and value 'slf4j'
2017-05-25 12:24:41.950 DEBUG 4252 --- [           main] o.s.c.e.PropertySourcesPropertyResolver  : Searching for key 'java.endorsed.dirs' in [systemProperties]
2017-05-25 12:24:41.950 DEBUG 4252 --- [           main] o.s.c.e.PropertySourcesPropertyResolver  : Found key 'java.endorsed.dirs' in [systemProperties] with type [String] and value 'C:\Program Files\Java\jdk1.8.0_111\jre\lib\endorsed'
2017-05-25 12:24:41.950 DEBUG 4252 --- [           main] o.s.c.e.PropertySourcesPropertyResolver  : Searching for key 'os.arch' in [systemProperties]
2017-05-25 12:24:41.950 DEBUG 4252 --- [           main] o.s.c.e.PropertySourcesPropertyResolver  : Found key 'os.arch' in [systemProperties] with type [String] and value 'amd64'
2017-05-25 12:24:41.950 DEBUG 4252 --- [           main] o.s.c.e.PropertySourcesPropertyResolver  : Searching for key 'surefire.real.class.path' in [systemProperties]
2017-05-25 12:24:41.950 DEBUG 4252 --- [           main] o.s.c.e.PropertySourcesPropertyResolver  : Found key 'surefire.real.class.path' in [systemProperties] with type [String] and value 'C:\Users\rrafacz\git\stacksonstacks.org\target\surefire\surefirebooter2657284108340421601.jar'
2017-05-25 12:24:41.950 DEBUG 4252 --- [           main] o.s.c.e.PropertySourcesPropertyResolver  : Searching for key 'java.io.tmpdir' in [systemProperties]
2017-05-25 12:24:41.950 DEBUG 4252 --- [           main] o.s.c.e.PropertySourcesPropertyResolver  : Found key 'java.io.tmpdir' in [systemProperties] with type [String] and value 'C:\Users\rrafacz\AppData\Local\Temp\'
2017-05-25 12:24:41.951 DEBUG 4252 --- [           main] o.s.c.e.PropertySourcesPropertyResolver  : Searching for key 'line.separator' in [systemProperties]
2017-05-25 12:24:41.951 DEBUG 4252 --- [           main] o.s.c.e.PropertySourcesPropertyResolver  : Found key 'line.separator' in [systemProperties] with type [String] and value '
'
2017-05-25 12:24:41.951 DEBUG 4252 --- [           main] o.s.c.e.PropertySourcesPropertyResolver  : Searching for key 'java.vm.specification.vendor' in [systemProperties]
2017-05-25 12:24:41.951 DEBUG 4252 --- [           main] o.s.c.e.PropertySourcesPropertyResolver  : Found key 'java.vm.specification.vendor' in [systemProperties] with type [String] and value 'Oracle Corporation'
2017-05-25 12:24:41.951 DEBUG 4252 --- [           main] o.s.c.e.PropertySourcesPropertyResolver  : Searching for key 'user.variant' in [systemProperties]
2017-05-25 12:24:41.951 DEBUG 4252 --- [           main] o.s.c.e.PropertySourcesPropertyResolver  : Found key 'user.variant' in [systemProperties] with type [String] and value ''
2017-05-25 12:24:41.951 DEBUG 4252 --- [           main] o.s.c.e.PropertySourcesPropertyResolver  : Searching for key 'os.name' in [systemProperties]
2017-05-25 12:24:41.951 DEBUG 4252 --- [           main] o.s.c.e.PropertySourcesPropertyResolver  : Found key 'os.name' in [systemProperties] with type [String] and value 'Windows 7'
2017-05-25 12:24:41.951 DEBUG 4252 --- [           main] o.s.c.e.PropertySourcesPropertyResolver  : Searching for key 'sun.jnu.encoding' in [systemProperties]
2017-05-25 12:24:41.951 DEBUG 4252 --- [           main] o.s.c.e.PropertySourcesPropertyResolver  : Found key 'sun.jnu.encoding' in [systemProperties] with type [String] and value 'Cp1252'
2017-05-25 12:24:41.951 DEBUG 4252 --- [           main] o.s.c.e.PropertySourcesPropertyResolver  : Searching for key 'spring.beaninfo.ignore' in [systemProperties]
2017-05-25 12:24:41.951 DEBUG 4252 --- [           main] o.s.c.e.PropertySourcesPropertyResolver  : Found key 'spring.beaninfo.ignore' in [systemProperties] with type [String] and value 'true'
2017-05-25 12:24:41.951 DEBUG 4252 --- [           main] o.s.c.e.PropertySourcesPropertyResolver  : Searching for key 'java.library.path' in [systemProperties]
2017-05-25 12:24:41.951 DEBUG 4252 --- [           main] o.s.c.e.PropertySourcesPropertyResolver  : Found key 'java.library.path' in [systemProperties] with type [String] and value 'C:\Program Files\Java\jdk1.8.0_111\jre\bin;C:\windows\Sun\Java\bin;C:\windows\system32;C:\windows;C:/Program Files/Java/jre1.8.0_131/bin/server;C:/Program Files/Java/jre1.8.0_131/bin;C:/Program Files/Java/jre1.8.0_131/lib/amd64;C:\ProgramData\Oracle\Java\javapath;C:\windows\system32;C:\windows;C:\windows\System32\Wbem;C:\windows\System32\WindowsPowerShell\v1.0\;C:\windows\system32\config\systemprofile\.dnx\bin;C:\Program Files\Microsoft DNX\Dnvm\;C:\Program Files\Microsoft SQL Server\130\Tools\Binn\;C:\HashiCorp\Vagrant\bin;C:\Program Files\Intel\WiFi\bin\;C:\Program Files\Common Files\Intel\WirelessCommon\;C:\ProgramData\Oracle\Java\javapath;C:\windows\system32;C:\windows;C:\windows\System32\Wbem;C:\windows\System32\WindowsPowerShell\v1.0\;C:\Users\rrafacz\AppData\Local\Programs\Git\cmd;C:\Python27;C:\Python27\Scripts; C:\Program Files\Java\jdk1.8.0_111\bin; C:\Program Files\Java\jdk1.8.0_111\bin\jconsole;;C:\windows\system32;;.'
2017-05-25 12:24:41.951 DEBUG 4252 --- [           main] o.s.c.e.PropertySourcesPropertyResolver  : Searching for key 'surefire.test.class.path' in [systemProperties]
2017-05-25 12:24:41.951 DEBUG 4252 --- [           main] o.s.c.e.PropertySourcesPropertyResolver  : Found key 'surefire.test.class.path' in [systemProperties] with type [String] and value 'C:\Users\rrafacz\git\stacksonstacks.org\target\test-classes;C:\Users\rrafacz\git\stacksonstacks.org\target\classes;C:\Users\rrafacz\.m2\repository\org\springframework\boot\spring-boot-starter-data-jpa\1.3.6.RELEASE\spring-boot-starter-data-jpa-1.3.6.RELEASE.jar;C:\Users\rrafacz\.m2\repository\org\springframework\boot\spring-boot-starter\1.3.6.RELEASE\spring-boot-starter-1.3.6.RELEASE.jar;C:\Users\rrafacz\.m2\repository\org\springframework\boot\spring-boot-starter-logging\1.3.6.RELEASE\spring-boot-starter-logging-1.3.6.RELEASE.jar;C:\Users\rrafacz\.m2\repository\ch\qos\logback\logback-classic\1.1.7\logback-classic-1.1.7.jar;C:\Users\rrafacz\.m2\repository\ch\qos\logback\logback-core\1.1.7\logback-core-1.1.7.jar;C:\Users\rrafacz\.m2\repository\org\slf4j\jul-to-slf4j\1.7.21\jul-to-slf4j-1.7.21.jar;C:\Users\rrafacz\.m2\repository\org\slf4j\log4j-over-slf4j\1.7.21\log4j-over-slf4j-1.7.21.jar;C:\Users\rrafacz\.m2\repository\org\yaml\snakeyaml\1.16\snakeyaml-1.16.jar;C:\Users\rrafacz\.m2\repository\org\springframework\boot\spring-boot-starter-aop\1.3.6.RELEASE\spring-boot-starter-aop-1.3.6.RELEASE.jar;C:\Users\rrafacz\.m2\repository\org\aspectj\aspectjweaver\1.8.9\aspectjweaver-1.8.9.jar;C:\Users\rrafacz\.m2\repository\org\springframework\boot\spring-boot-starter-jdbc\1.3.6.RELEASE\spring-boot-starter-jdbc-1.3.6.RELEASE.jar;C:\Users\rrafacz\.m2\repository\org\apache\tomcat\tomcat-jdbc\8.0.36\tomcat-jdbc-8.0.36.jar;C:\Users\rrafacz\.m2\repository\org\apache\tomcat\tomcat-juli\8.0.36\tomcat-juli-8.0.36.jar;C:\Users\rrafacz\.m2\repository\org\springframework\spring-jdbc\4.2.7.RELEASE\spring-jdbc-4.2.7.RELEASE.jar;C:\Users\rrafacz\.m2\repository\org\hibernate\hibernate-entitymanager\4.3.11.Final\hibernate-entitymanager-4.3.11.Final.jar;C:\Users\rrafacz\.m2\repository\org\jboss\logging\jboss-logging-annotations\1.2.0.Beta1\jboss-logging-annotations-1.2.0.Beta1.jar;C:\Users\rrafacz\.m2\repository\dom4j\dom4j\1.6.1\dom4j-1.6.1.jar;C:\Users\rrafacz\.m2\repository\xml-apis\xml-apis\1.0.b2\xml-apis-1.0.b2.jar;C:\Users\rrafacz\.m2\repository\org\hibernate\common\hibernate-commons-annotations\4.0.5.Final\hibernate-commons-annotations-4.0.5.Final.jar;C:\Users\rrafacz\.m2\repository\org\hibernate\javax\persistence\hibernate-jpa-2.1-api\1.0.0.Final\hibernate-jpa-2.1-api-1.0.0.Final.jar;C:\Users\rrafacz\.m2\repository\javax\transaction\javax.transaction-api\1.2\javax.transaction-api-1.2.jar;C:\Users\rrafacz\.m2\repository\org\springframework\data\spring-data-jpa\1.9.4.RELEASE\spring-data-jpa-1.9.4.RELEASE.jar;C:\Users\rrafacz\.m2\repository\org\springframework\data\spring-data-commons\1.11.4.RELEASE\spring-data-commons-1.11.4.RELEASE.jar;C:\Users\rrafacz\.m2\repository\org\springframework\spring-orm\4.2.7.RELEASE\spring-orm-4.2.7.RELEASE.jar;C:\Users\rrafacz\.m2\repository\org\springframework\spring-context\4.2.7.RELEASE\spring-context-4.2.7.RELEASE.jar;C:\Users\rrafacz\.m2\repository\org\springframework\spring-tx\4.2.7.RELEASE\spring-tx-4.2.7.RELEASE.jar;C:\Users\rrafacz\.m2\repository\org\springframework\spring-beans\4.2.7.RELEASE\spring-beans-4.2.7.RELEASE.jar;C:\Users\rrafacz\.m2\repository\org\slf4j\jcl-over-slf4j\1.7.21\jcl-over-slf4j-1.7.21.jar;C:\Users\rrafacz\.m2\repository\org\springframework\spring-aspects\4.2.7.RELEASE\spring-aspects-4.2.7.RELEASE.jar;C:\Users\rrafacz\.m2\repository\org\springframework\boot\spring-boot-devtools\1.3.6.RELEASE\spring-boot-devtools-1.3.6.RELEASE.jar;C:\Users\rrafacz\.m2\repository\org\springframework\boot\spring-boot\1.3.6.RELEASE\spring-boot-1.3.6.RELEASE.jar;C:\Users\rrafacz\.m2\repository\org\springframework\boot\spring-boot-autoconfigure\1.3.6.RELEASE\spring-boot-autoconfigure-1.3.6.RELEASE.jar;C:\Users\rrafacz\.m2\repository\org\springframework\boot\spring-boot-starter-thymeleaf\1.3.6.RELEASE\spring-boot-starter-thymeleaf-1.3.6.RELEASE.jar;C:\Users\rrafacz\.m2\repository\org\thymeleaf\thymeleaf-spring4\2.1.4.RELEASE\thymeleaf-spring4-2.1.4.RELEASE.jar;C:\Users\rrafacz\.m2\repository\nz\net\ultraq\thymeleaf\thymeleaf-layout-dialect\1.3.3\thymeleaf-layout-dialect-1.3.3.jar;C:\Users\rrafacz\.m2\repository\org\codehaus\groovy\groovy\2.4.7\groovy-2.4.7.jar;C:\Users\rrafacz\.m2\repository\org\springframework\boot\spring-boot-starter-web\1.3.6.RELEASE\spring-boot-starter-web-1.3.6.RELEASE.jar;C:\Users\rrafacz\.m2\repository\org\springframework\boot\spring-boot-starter-tomcat\1.3.6.RELEASE\spring-boot-starter-tomcat-1.3.6.RELEASE.jar;C:\Users\rrafacz\.m2\repository\org\apache\tomcat\embed\tomcat-embed-core\8.0.36\tomcat-embed-core-8.0.36.jar;C:\Users\rrafacz\.m2\repository\org\apache\tomcat\embed\tomcat-embed-el\8.0.36\tomcat-embed-el-8.0.36.jar;C:\Users\rrafacz\.m2\repository\org\apache\tomcat\embed\tomcat-embed-logging-juli\8.0.36\tomcat-embed-logging-juli-8.0.36.jar;C:\Users\rrafacz\.m2\repository\org\apache\tomcat\embed\tomcat-embed-websocket\8.0.36\tomcat-embed-websocket-8.0.36.jar;C:\Users\rrafacz\.m2\repository\org\springframework\boot\spring-boot-starter-validation\1.3.6.RELEASE\spring-boot-starter-validation-1.3.6.RELEASE.jar;C:\Users\rrafacz\.m2\repository\org\hibernate\hibernate-validator\5.2.4.Final\hibernate-validator-5.2.4.Final.jar;C:\Users\rrafacz\.m2\repository\javax\validation\validation-api\1.1.0.Final\validation-api-1.1.0.Final.jar;C:\Users\rrafacz\.m2\repository\com\fasterxml\classmate\1.1.0\classmate-1.1.0.jar;C:\Users\rrafacz\.m2\repository\com\fasterxml\jackson\core\jackson-databind\2.6.7\jackson-databind-2.6.7.jar;C:\Users\rrafacz\.m2\repository\com\fasterxml\jackson\core\jackson-annotations\2.6.7\jackson-annotations-2.6.7.jar;C:\Users\rrafacz\.m2\repository\com\fasterxml\jackson\core\jackson-core\2.6.7\jackson-core-2.6.7.jar;C:\Users\rrafacz\.m2\repository\org\springframework\spring-web\4.2.7.RELEASE\spring-web-4.2.7.RELEASE.jar;C:\Users\rrafacz\.m2\repository\org\springframework\spring-webmvc\4.2.7.RELEASE\spring-webmvc-4.2.7.RELEASE.jar;C:\Users\rrafacz\.m2\repository\org\springframework\spring-expression\4.2.7.RELEASE\spring-expression-4.2.7.RELEASE.jar;C:\Users\rrafacz\.m2\repository\org\springframework\boot\spring-boot-starter-test\1.3.6.RELEASE\spring-boot-starter-test-1.3.6.RELEASE.jar;C:\Users\rrafacz\.m2\repository\junit\junit\4.12\junit-4.12.jar;C:\Users\rrafacz\.m2\repository\org\mockito\mockito-core\1.10.19\mockito-core-1.10.19.jar;C:\Users\rrafacz\.m2\repository\org\objenesis\objenesis\2.1\objenesis-2.1.jar;C:\Users\rrafacz\.m2\repository\org\hamcrest\hamcrest-core\1.3\hamcrest-core-1.3.jar;C:\Users\rrafacz\.m2\repository\org\hamcrest\hamcrest-library\1.3\hamcrest-library-1.3.jar;C:\Users\rrafacz\.m2\repository\org\springframework\spring-core\4.2.7.RELEASE\spring-core-4.2.7.RELEASE.jar;C:\Users\rrafacz\.m2\repository\org\springframework\spring-test\4.2.7.RELEASE\spring-test-4.2.7.RELEASE.jar;C:\Users\rrafacz\.m2\repository\org\postgresql\postgresql\9.4.1208.jre7\postgresql-9.4.1208.jre7.jar;C:\Users\rrafacz\.m2\repository\com\h2database\h2\1.4.192\h2-1.4.192.jar;C:\Users\rrafacz\.m2\repository\com\zaxxer\HikariCP\2.4.7\HikariCP-2.4.7.jar;C:\Users\rrafacz\.m2\repository\org\slf4j\slf4j-api\1.7.21\slf4j-api-1.7.21.jar;C:\Users\rrafacz\.m2\repository\org\hibernate\hibernate-hikaricp\5.2.1.Final\hibernate-hikaricp-5.2.1.Final.jar;C:\Users\rrafacz\.m2\repository\org\jboss\logging\jboss-logging\3.3.0.Final\jboss-logging-3.3.0.Final.jar;C:\Users\rrafacz\.m2\repository\org\hibernate\hibernate-core\4.3.11.Final\hibernate-core-4.3.11.Final.jar;C:\Users\rrafacz\.m2\repository\org\jboss\spec\javax\transaction\jboss-transaction-api_1.2_spec\1.0.0.Final\jboss-transaction-api_1.2_spec-1.0.0.Final.jar;C:\Users\rrafacz\.m2\repository\antlr\antlr\2.7.7\antlr-2.7.7.jar;C:\Users\rrafacz\.m2\repository\org\jboss\jandex\1.1.0.Final\jandex-1.1.0.Final.jar;C:\Users\rrafacz\.m2\repository\com\zaxxer\HikariCP-java6\2.3.13\HikariCP-java6-2.3.13.jar;C:\Users\rrafacz\.m2\repository\com\zaxxer\HikariCP-agent\1.2.4\HikariCP-agent-1.2.4.jar;C:\Program Files\Java\jdk1.8.0_111\jre\..\lib\tools.jar;C:\Users\rrafacz\.m2\repository\org\javassist\javassist\3.18.1-GA\javassist-3.18.1-GA.jar;C:\Users\rrafacz\.m2\repository\org\springframework\boot\spring-boot-starter-security\1.3.6.RELEASE\spring-boot-starter-security-1.3.6.RELEASE.jar;C:\Users\rrafacz\.m2\repository\org\springframework\spring-aop\4.2.7.RELEASE\spring-aop-4.2.7.RELEASE.jar;C:\Users\rrafacz\.m2\repository\aopalliance\aopalliance\1.0\aopalliance-1.0.jar;C:\Users\rrafacz\.m2\repository\org\springframework\security\spring-security-config\4.0.4.RELEASE\spring-security-config-4.0.4.RELEASE.jar;C:\Users\rrafacz\.m2\repository\org\springframework\security\spring-security-core\4.0.4.RELEASE\spring-security-core-4.0.4.RELEASE.jar;C:\Users\rrafacz\.m2\repository\org\springframework\security\spring-security-web\4.0.4.RELEASE\spring-security-web-4.0.4.RELEASE.jar;C:\Users\rrafacz\.m2\repository\org\thymeleaf\extras\thymeleaf-extras-springsecurity4\2.1.2.RELEASE\thymeleaf-extras-springsecurity4-2.1.2.RELEASE.jar;C:\Users\rrafacz\.m2\repository\org\thymeleaf\thymeleaf\2.1.4.RELEASE\thymeleaf-2.1.4.RELEASE.jar;C:\Users\rrafacz\.m2\repository\ognl\ognl\3.0.8\ognl-3.0.8.jar;C:\Users\rrafacz\.m2\repository\org\unbescape\unbescape\1.1.0.RELEASE\unbescape-1.1.0.RELEASE.jar;'
2017-05-25 12:24:41.951 DEBUG 4252 --- [           main] o.s.c.e.PropertySourcesPropertyResolver  : Searching for key 'java.specification.name' in [systemProperties]
2017-05-25 12:24:41.951 DEBUG 4252 --- [           main] o.s.c.e.PropertySourcesPropertyResolver  : Found key 'java.specification.name' in [systemProperties] with type [String] and value 'Java Platform API Specification'
2017-05-25 12:24:41.951 DEBUG 4252 --- [           main] o.s.c.e.PropertySourcesPropertyResolver  : Searching for key 'java.class.version' in [systemProperties]
2017-05-25 12:24:41.951 DEBUG 4252 --- [           main] o.s.c.e.PropertySourcesPropertyResolver  : Found key 'java.class.version' in [systemProperties] with type [String] and value '52.0'
2017-05-25 12:24:41.951 DEBUG 4252 --- [           main] o.s.c.e.PropertySourcesPropertyResolver  : Searching for key 'sun.management.compiler' in [systemProperties]
2017-05-25 12:24:41.951 DEBUG 4252 --- [           main] o.s.c.e.PropertySourcesPropertyResolver  : Found key 'sun.management.compiler' in [systemProperties] with type [String] and value 'HotSpot 64-Bit Tiered Compilers'
2017-05-25 12:24:41.951 DEBUG 4252 --- [           main] o.s.c.e.PropertySourcesPropertyResolver  : Searching for key 'os.version' in [systemProperties]
2017-05-25 12:24:41.952 DEBUG 4252 --- [           main] o.s.c.e.PropertySourcesPropertyResolver  : Found key 'os.version' in [systemProperties] with type [String] and value '6.1'
2017-05-25 12:24:41.952 DEBUG 4252 --- [           main] o.s.c.e.PropertySourcesPropertyResolver  : Searching for key 'user.home' in [systemProperties]
2017-05-25 12:24:41.952 DEBUG 4252 --- [           main] o.s.c.e.PropertySourcesPropertyResolver  : Found key 'user.home' in [systemProperties] with type [String] and value 'C:\Users\rrafacz'
2017-05-25 12:24:41.952 DEBUG 4252 --- [           main] o.s.c.e.PropertySourcesPropertyResolver  : Searching for key 'user.timezone' in [systemProperties]
2017-05-25 12:24:41.952 DEBUG 4252 --- [           main] o.s.c.e.PropertySourcesPropertyResolver  : Found key 'user.timezone' in [systemProperties] with type [String] and value 'America/Chicago'
2017-05-25 12:24:41.952 DEBUG 4252 --- [           main] o.s.c.e.PropertySourcesPropertyResolver  : Searching for key 'java.awt.printerjob' in [systemProperties]
2017-05-25 12:24:41.952 DEBUG 4252 --- [           main] o.s.c.e.PropertySourcesPropertyResolver  : Found key 'java.awt.printerjob' in [systemProperties] with type [String] and value 'sun.awt.windows.WPrinterJob'
2017-05-25 12:24:41.952 DEBUG 4252 --- [           main] o.s.c.e.PropertySourcesPropertyResolver  : Searching for key 'file.encoding' in [systemProperties]
2017-05-25 12:24:41.952 DEBUG 4252 --- [           main] o.s.c.e.PropertySourcesPropertyResolver  : Found key 'file.encoding' in [systemProperties] with type [String] and value 'Cp1252'
2017-05-25 12:24:41.952 DEBUG 4252 --- [           main] o.s.c.e.PropertySourcesPropertyResolver  : Searching for key 'java.specification.version' in [systemProperties]
2017-05-25 12:24:41.952 DEBUG 4252 --- [           main] o.s.c.e.PropertySourcesPropertyResolver  : Found key 'java.specification.version' in [systemProperties] with type [String] and value '1.8'
2017-05-25 12:24:41.952 DEBUG 4252 --- [           main] o.s.c.e.PropertySourcesPropertyResolver  : Searching for key 'java.class.path' in [systemProperties]
2017-05-25 12:24:41.952 DEBUG 4252 --- [           main] o.s.c.e.PropertySourcesPropertyResolver  : Found key 'java.class.path' in [systemProperties] with type [String] and value 'C:\Users\rrafacz\git\stacksonstacks.org\target\test-classes;C:\Users\rrafacz\git\stacksonstacks.org\target\classes;C:\Users\rrafacz\.m2\repository\org\springframework\boot\spring-boot-starter-data-jpa\1.3.6.RELEASE\spring-boot-starter-data-jpa-1.3.6.RELEASE.jar;C:\Users\rrafacz\.m2\repository\org\springframework\boot\spring-boot-starter\1.3.6.RELEASE\spring-boot-starter-1.3.6.RELEASE.jar;C:\Users\rrafacz\.m2\repository\org\springframework\boot\spring-boot-starter-logging\1.3.6.RELEASE\spring-boot-starter-logging-1.3.6.RELEASE.jar;C:\Users\rrafacz\.m2\repository\ch\qos\logback\logback-classic\1.1.7\logback-classic-1.1.7.jar;C:\Users\rrafacz\.m2\repository\ch\qos\logback\logback-core\1.1.7\logback-core-1.1.7.jar;C:\Users\rrafacz\.m2\repository\org\slf4j\jul-to-slf4j\1.7.21\jul-to-slf4j-1.7.21.jar;C:\Users\rrafacz\.m2\repository\org\slf4j\log4j-over-slf4j\1.7.21\log4j-over-slf4j-1.7.21.jar;C:\Users\rrafacz\.m2\repository\org\yaml\snakeyaml\1.16\snakeyaml-1.16.jar;C:\Users\rrafacz\.m2\repository\org\springframework\boot\spring-boot-starter-aop\1.3.6.RELEASE\spring-boot-starter-aop-1.3.6.RELEASE.jar;C:\Users\rrafacz\.m2\repository\org\aspectj\aspectjweaver\1.8.9\aspectjweaver-1.8.9.jar;C:\Users\rrafacz\.m2\repository\org\springframework\boot\spring-boot-starter-jdbc\1.3.6.RELEASE\spring-boot-starter-jdbc-1.3.6.RELEASE.jar;C:\Users\rrafacz\.m2\repository\org\apache\tomcat\tomcat-jdbc\8.0.36\tomcat-jdbc-8.0.36.jar;C:\Users\rrafacz\.m2\repository\org\apache\tomcat\tomcat-juli\8.0.36\tomcat-juli-8.0.36.jar;C:\Users\rrafacz\.m2\repository\org\springframework\spring-jdbc\4.2.7.RELEASE\spring-jdbc-4.2.7.RELEASE.jar;C:\Users\rrafacz\.m2\repository\org\hibernate\hibernate-entitymanager\4.3.11.Final\hibernate-entitymanager-4.3.11.Final.jar;C:\Users\rrafacz\.m2\repository\org\jboss\logging\jboss-logging-annotations\1.2.0.Beta1\jboss-logging-annotations-1.2.0.Beta1.jar;C:\Users\rrafacz\.m2\repository\dom4j\dom4j\1.6.1\dom4j-1.6.1.jar;C:\Users\rrafacz\.m2\repository\xml-apis\xml-apis\1.0.b2\xml-apis-1.0.b2.jar;C:\Users\rrafacz\.m2\repository\org\hibernate\common\hibernate-commons-annotations\4.0.5.Final\hibernate-commons-annotations-4.0.5.Final.jar;C:\Users\rrafacz\.m2\repository\org\hibernate\javax\persistence\hibernate-jpa-2.1-api\1.0.0.Final\hibernate-jpa-2.1-api-1.0.0.Final.jar;C:\Users\rrafacz\.m2\repository\javax\transaction\javax.transaction-api\1.2\javax.transaction-api-1.2.jar;C:\Users\rrafacz\.m2\repository\org\springframework\data\spring-data-jpa\1.9.4.RELEASE\spring-data-jpa-1.9.4.RELEASE.jar;C:\Users\rrafacz\.m2\repository\org\springframework\data\spring-data-commons\1.11.4.RELEASE\spring-data-commons-1.11.4.RELEASE.jar;C:\Users\rrafacz\.m2\repository\org\springframework\spring-orm\4.2.7.RELEASE\spring-orm-4.2.7.RELEASE.jar;C:\Users\rrafacz\.m2\repository\org\springframework\spring-context\4.2.7.RELEASE\spring-context-4.2.7.RELEASE.jar;C:\Users\rrafacz\.m2\repository\org\springframework\spring-tx\4.2.7.RELEASE\spring-tx-4.2.7.RELEASE.jar;C:\Users\rrafacz\.m2\repository\org\springframework\spring-beans\4.2.7.RELEASE\spring-beans-4.2.7.RELEASE.jar;C:\Users\rrafacz\.m2\repository\org\slf4j\jcl-over-slf4j\1.7.21\jcl-over-slf4j-1.7.21.jar;C:\Users\rrafacz\.m2\repository\org\springframework\spring-aspects\4.2.7.RELEASE\spring-aspects-4.2.7.RELEASE.jar;C:\Users\rrafacz\.m2\repository\org\springframework\boot\spring-boot-devtools\1.3.6.RELEASE\spring-boot-devtools-1.3.6.RELEASE.jar;C:\Users\rrafacz\.m2\repository\org\springframework\boot\spring-boot\1.3.6.RELEASE\spring-boot-1.3.6.RELEASE.jar;C:\Users\rrafacz\.m2\repository\org\springframework\boot\spring-boot-autoconfigure\1.3.6.RELEASE\spring-boot-autoconfigure-1.3.6.RELEASE.jar;C:\Users\rrafacz\.m2\repository\org\springframework\boot\spring-boot-starter-thymeleaf\1.3.6.RELEASE\spring-boot-starter-thymeleaf-1.3.6.RELEASE.jar;C:\Users\rrafacz\.m2\repository\org\thymeleaf\thymeleaf-spring4\2.1.4.RELEASE\thymeleaf-spring4-2.1.4.RELEASE.jar;C:\Users\rrafacz\.m2\repository\nz\net\ultraq\thymeleaf\thymeleaf-layout-dialect\1.3.3\thymeleaf-layout-dialect-1.3.3.jar;C:\Users\rrafacz\.m2\repository\org\codehaus\groovy\groovy\2.4.7\groovy-2.4.7.jar;C:\Users\rrafacz\.m2\repository\org\springframework\boot\spring-boot-starter-web\1.3.6.RELEASE\spring-boot-starter-web-1.3.6.RELEASE.jar;C:\Users\rrafacz\.m2\repository\org\springframework\boot\spring-boot-starter-tomcat\1.3.6.RELEASE\spring-boot-starter-tomcat-1.3.6.RELEASE.jar;C:\Users\rrafacz\.m2\repository\org\apache\tomcat\embed\tomcat-embed-core\8.0.36\tomcat-embed-core-8.0.36.jar;C:\Users\rrafacz\.m2\repository\org\apache\tomcat\embed\tomcat-embed-el\8.0.36\tomcat-embed-el-8.0.36.jar;C:\Users\rrafacz\.m2\repository\org\apache\tomcat\embed\tomcat-embed-logging-juli\8.0.36\tomcat-embed-logging-juli-8.0.36.jar;C:\Users\rrafacz\.m2\repository\org\apache\tomcat\embed\tomcat-embed-websocket\8.0.36\tomcat-embed-websocket-8.0.36.jar;C:\Users\rrafacz\.m2\repository\org\springframework\boot\spring-boot-starter-validation\1.3.6.RELEASE\spring-boot-starter-validation-1.3.6.RELEASE.jar;C:\Users\rrafacz\.m2\repository\org\hibernate\hibernate-validator\5.2.4.Final\hibernate-validator-5.2.4.Final.jar;C:\Users\rrafacz\.m2\repository\javax\validation\validation-api\1.1.0.Final\validation-api-1.1.0.Final.jar;C:\Users\rrafacz\.m2\repository\com\fasterxml\classmate\1.1.0\classmate-1.1.0.jar;C:\Users\rrafacz\.m2\repository\com\fasterxml\jackson\core\jackson-databind\2.6.7\jackson-databind-2.6.7.jar;C:\Users\rrafacz\.m2\repository\com\fasterxml\jackson\core\jackson-annotations\2.6.7\jackson-annotations-2.6.7.jar;C:\Users\rrafacz\.m2\repository\com\fasterxml\jackson\core\jackson-core\2.6.7\jackson-core-2.6.7.jar;C:\Users\rrafacz\.m2\repository\org\springframework\spring-web\4.2.7.RELEASE\spring-web-4.2.7.RELEASE.jar;C:\Users\rrafacz\.m2\repository\org\springframework\spring-webmvc\4.2.7.RELEASE\spring-webmvc-4.2.7.RELEASE.jar;C:\Users\rrafacz\.m2\repository\org\springframework\spring-expression\4.2.7.RELEASE\spring-expression-4.2.7.RELEASE.jar;C:\Users\rrafacz\.m2\repository\org\springframework\boot\spring-boot-starter-test\1.3.6.RELEASE\spring-boot-starter-test-1.3.6.RELEASE.jar;C:\Users\rrafacz\.m2\repository\junit\junit\4.12\junit-4.12.jar;C:\Users\rrafacz\.m2\repository\org\mockito\mockito-core\1.10.19\mockito-core-1.10.19.jar;C:\Users\rrafacz\.m2\repository\org\objenesis\objenesis\2.1\objenesis-2.1.jar;C:\Users\rrafacz\.m2\repository\org\hamcrest\hamcrest-core\1.3\hamcrest-core-1.3.jar;C:\Users\rrafacz\.m2\repository\org\hamcrest\hamcrest-library\1.3\hamcrest-library-1.3.jar;C:\Users\rrafacz\.m2\repository\org\springframework\spring-core\4.2.7.RELEASE\spring-core-4.2.7.RELEASE.jar;C:\Users\rrafacz\.m2\repository\org\springframework\spring-test\4.2.7.RELEASE\spring-test-4.2.7.RELEASE.jar;C:\Users\rrafacz\.m2\repository\org\postgresql\postgresql\9.4.1208.jre7\postgresql-9.4.1208.jre7.jar;C:\Users\rrafacz\.m2\repository\com\h2database\h2\1.4.192\h2-1.4.192.jar;C:\Users\rrafacz\.m2\repository\com\zaxxer\HikariCP\2.4.7\HikariCP-2.4.7.jar;C:\Users\rrafacz\.m2\repository\org\slf4j\slf4j-api\1.7.21\slf4j-api-1.7.21.jar;C:\Users\rrafacz\.m2\repository\org\hibernate\hibernate-hikaricp\5.2.1.Final\hibernate-hikaricp-5.2.1.Final.jar;C:\Users\rrafacz\.m2\repository\org\jboss\logging\jboss-logging\3.3.0.Final\jboss-logging-3.3.0.Final.jar;C:\Users\rrafacz\.m2\repository\org\hibernate\hibernate-core\4.3.11.Final\hibernate-core-4.3.11.Final.jar;C:\Users\rrafacz\.m2\repository\org\jboss\spec\javax\transaction\jboss-transaction-api_1.2_spec\1.0.0.Final\jboss-transaction-api_1.2_spec-1.0.0.Final.jar;C:\Users\rrafacz\.m2\repository\antlr\antlr\2.7.7\antlr-2.7.7.jar;C:\Users\rrafacz\.m2\repository\org\jboss\jandex\1.1.0.Final\jandex-1.1.0.Final.jar;C:\Users\rrafacz\.m2\repository\com\zaxxer\HikariCP-java6\2.3.13\HikariCP-java6-2.3.13.jar;C:\Users\rrafacz\.m2\repository\com\zaxxer\HikariCP-agent\1.2.4\HikariCP-agent-1.2.4.jar;C:\Program Files\Java\jdk1.8.0_111\jre\..\lib\tools.jar;C:\Users\rrafacz\.m2\repository\org\javassist\javassist\3.18.1-GA\javassist-3.18.1-GA.jar;C:\Users\rrafacz\.m2\repository\org\springframework\boot\spring-boot-starter-security\1.3.6.RELEASE\spring-boot-starter-security-1.3.6.RELEASE.jar;C:\Users\rrafacz\.m2\repository\org\springframework\spring-aop\4.2.7.RELEASE\spring-aop-4.2.7.RELEASE.jar;C:\Users\rrafacz\.m2\repository\aopalliance\aopalliance\1.0\aopalliance-1.0.jar;C:\Users\rrafacz\.m2\repository\org\springframework\security\spring-security-config\4.0.4.RELEASE\spring-security-config-4.0.4.RELEASE.jar;C:\Users\rrafacz\.m2\repository\org\springframework\security\spring-security-core\4.0.4.RELEASE\spring-security-core-4.0.4.RELEASE.jar;C:\Users\rrafacz\.m2\repository\org\springframework\security\spring-security-web\4.0.4.RELEASE\spring-security-web-4.0.4.RELEASE.jar;C:\Users\rrafacz\.m2\repository\org\thymeleaf\extras\thymeleaf-extras-springsecurity4\2.1.2.RELEASE\thymeleaf-extras-springsecurity4-2.1.2.RELEASE.jar;C:\Users\rrafacz\.m2\repository\org\thymeleaf\thymeleaf\2.1.4.RELEASE\thymeleaf-2.1.4.RELEASE.jar;C:\Users\rrafacz\.m2\repository\ognl\ognl\3.0.8\ognl-3.0.8.jar;C:\Users\rrafacz\.m2\repository\org\unbescape\unbescape\1.1.0.RELEASE\unbescape-1.1.0.RELEASE.jar;'
2017-05-25 12:24:41.952 DEBUG 4252 --- [           main] o.s.c.e.PropertySourcesPropertyResolver  : Searching for key 'user.name' in [systemProperties]
2017-05-25 12:24:41.952 DEBUG 4252 --- [           main] o.s.c.e.PropertySourcesPropertyResolver  : Found key 'user.name' in [systemProperties] with type [String] and value 'RRafacz'
2017-05-25 12:24:41.952 DEBUG 4252 --- [           main] o.s.c.e.PropertySourcesPropertyResolver  : Searching for key 'java.vm.specification.version' in [systemProperties]
2017-05-25 12:24:41.952 DEBUG 4252 --- [           main] o.s.c.e.PropertySourcesPropertyResolver  : Found key 'java.vm.specification.version' in [systemProperties] with type [String] and value '1.8'
2017-05-25 12:24:41.952 DEBUG 4252 --- [           main] o.s.c.e.PropertySourcesPropertyResolver  : Searching for key 'sun.java.command' in [systemProperties]
2017-05-25 12:24:41.952 DEBUG 4252 --- [           main] o.s.c.e.PropertySourcesPropertyResolver  : Found key 'sun.java.command' in [systemProperties] with type [String] and value 'C:\Users\rrafacz\git\stacksonstacks.org\target\surefire\surefirebooter2657284108340421601.jar C:\Users\rrafacz\git\stacksonstacks.org\target\surefire\surefire3366078665067586203tmp C:\Users\rrafacz\git\stacksonstacks.org\target\surefire\surefire_08061031835920382733tmp'
2017-05-25 12:24:41.953 DEBUG 4252 --- [           main] o.s.c.e.PropertySourcesPropertyResolver  : Searching for key 'java.home' in [systemProperties]
2017-05-25 12:24:41.953 DEBUG 4252 --- [           main] o.s.c.e.PropertySourcesPropertyResolver  : Found key 'java.home' in [systemProperties] with type [String] and value 'C:\Program Files\Java\jdk1.8.0_111\jre'
2017-05-25 12:24:41.953 DEBUG 4252 --- [           main] o.s.c.e.PropertySourcesPropertyResolver  : Searching for key 'sun.arch.data.model' in [systemProperties]
2017-05-25 12:24:41.953 DEBUG 4252 --- [           main] o.s.c.e.PropertySourcesPropertyResolver  : Found key 'sun.arch.data.model' in [systemProperties] with type [String] and value '64'
2017-05-25 12:24:41.953 DEBUG 4252 --- [           main] o.s.c.e.PropertySourcesPropertyResolver  : Searching for key 'user.language' in [systemProperties]
2017-05-25 12:24:41.953 DEBUG 4252 --- [           main] o.s.c.e.PropertySourcesPropertyResolver  : Found key 'user.language' in [systemProperties] with type [String] and value 'en'
2017-05-25 12:24:41.953 DEBUG 4252 --- [           main] o.s.c.e.PropertySourcesPropertyResolver  : Searching for key 'java.specification.vendor' in [systemProperties]
2017-05-25 12:24:41.953 DEBUG 4252 --- [           main] o.s.c.e.PropertySourcesPropertyResolver  : Found key 'java.specification.vendor' in [systemProperties] with type [String] and value 'Oracle Corporation'
2017-05-25 12:24:41.953 DEBUG 4252 --- [           main] o.s.c.e.PropertySourcesPropertyResolver  : Searching for key 'awt.toolkit' in [systemProperties]
2017-05-25 12:24:41.953 DEBUG 4252 --- [           main] o.s.c.e.PropertySourcesPropertyResolver  : Found key 'awt.toolkit' in [systemProperties] with type [String] and value 'sun.awt.windows.WToolkit'
2017-05-25 12:24:41.953 DEBUG 4252 --- [           main] o.s.c.e.PropertySourcesPropertyResolver  : Searching for key 'java.vm.info' in [systemProperties]
2017-05-25 12:24:41.953 DEBUG 4252 --- [           main] o.s.c.e.PropertySourcesPropertyResolver  : Found key 'java.vm.info' in [systemProperties] with type [String] and value 'mixed mode'
2017-05-25 12:24:41.953 DEBUG 4252 --- [           main] o.s.c.e.PropertySourcesPropertyResolver  : Searching for key 'java.version' in [systemProperties]
2017-05-25 12:24:41.953 DEBUG 4252 --- [           main] o.s.c.e.PropertySourcesPropertyResolver  : Found key 'java.version' in [systemProperties] with type [String] and value '1.8.0_111'
2017-05-25 12:24:41.953 DEBUG 4252 --- [           main] o.s.c.e.PropertySourcesPropertyResolver  : Searching for key 'java.ext.dirs' in [systemProperties]
2017-05-25 12:24:41.953 DEBUG 4252 --- [           main] o.s.c.e.PropertySourcesPropertyResolver  : Found key 'java.ext.dirs' in [systemProperties] with type [String] and value 'C:\Program Files\Java\jdk1.8.0_111\jre\lib\ext;C:\windows\Sun\Java\lib\ext'
2017-05-25 12:24:41.953 DEBUG 4252 --- [           main] o.s.c.e.PropertySourcesPropertyResolver  : Searching for key 'sun.boot.class.path' in [systemProperties]
2017-05-25 12:24:41.953 DEBUG 4252 --- [           main] o.s.c.e.PropertySourcesPropertyResolver  : Found key 'sun.boot.class.path' in [systemProperties] with type [String] and value 'C:\Program Files\Java\jdk1.8.0_111\jre\lib\resources.jar;C:\Program Files\Java\jdk1.8.0_111\jre\lib\rt.jar;C:\Program Files\Java\jdk1.8.0_111\jre\lib\sunrsasign.jar;C:\Program Files\Java\jdk1.8.0_111\jre\lib\jsse.jar;C:\Program Files\Java\jdk1.8.0_111\jre\lib\jce.jar;C:\Program Files\Java\jdk1.8.0_111\jre\lib\charsets.jar;C:\Program Files\Java\jdk1.8.0_111\jre\lib\jfr.jar;C:\Program Files\Java\jdk1.8.0_111\jre\classes'
2017-05-25 12:24:41.953 DEBUG 4252 --- [           main] o.s.c.e.PropertySourcesPropertyResolver  : Searching for key 'java.awt.headless' in [systemProperties]
2017-05-25 12:24:41.953 DEBUG 4252 --- [           main] o.s.c.e.PropertySourcesPropertyResolver  : Found key 'java.awt.headless' in [systemProperties] with type [String] and value 'true'
2017-05-25 12:24:41.953 DEBUG 4252 --- [           main] o.s.c.e.PropertySourcesPropertyResolver  : Searching for key 'java.vendor' in [systemProperties]
2017-05-25 12:24:41.953 DEBUG 4252 --- [           main] o.s.c.e.PropertySourcesPropertyResolver  : Found key 'java.vendor' in [systemProperties] with type [String] and value 'Oracle Corporation'
2017-05-25 12:24:41.953 DEBUG 4252 --- [           main] o.s.c.e.PropertySourcesPropertyResolver  : Searching for key 'localRepository' in [systemProperties]
2017-05-25 12:24:41.953 DEBUG 4252 --- [           main] o.s.c.e.PropertySourcesPropertyResolver  : Found key 'localRepository' in [systemProperties] with type [String] and value 'C:\Users\rrafacz\.m2\repository'
2017-05-25 12:24:41.953 DEBUG 4252 --- [           main] o.s.c.e.PropertySourcesPropertyResolver  : Searching for key 'file.separator' in [systemProperties]
2017-05-25 12:24:41.953 DEBUG 4252 --- [           main] o.s.c.e.PropertySourcesPropertyResolver  : Found key 'file.separator' in [systemProperties] with type [String] and value '\'
2017-05-25 12:24:41.953 DEBUG 4252 --- [           main] o.s.c.e.PropertySourcesPropertyResolver  : Searching for key 'java.vendor.url.bug' in [systemProperties]
2017-05-25 12:24:41.953 DEBUG 4252 --- [           main] o.s.c.e.PropertySourcesPropertyResolver  : Found key 'java.vendor.url.bug' in [systemProperties] with type [String] and value 'http://bugreport.sun.com/bugreport/'
2017-05-25 12:24:41.953 DEBUG 4252 --- [           main] o.s.c.e.PropertySourcesPropertyResolver  : Searching for key 'sun.io.unicode.encoding' in [systemProperties]
2017-05-25 12:24:41.953 DEBUG 4252 --- [           main] o.s.c.e.PropertySourcesPropertyResolver  : Found key 'sun.io.unicode.encoding' in [systemProperties] with type [String] and value 'UnicodeLittle'
2017-05-25 12:24:41.954 DEBUG 4252 --- [           main] o.s.c.e.PropertySourcesPropertyResolver  : Searching for key 'sun.cpu.endian' in [systemProperties]
2017-05-25 12:24:41.954 DEBUG 4252 --- [           main] o.s.c.e.PropertySourcesPropertyResolver  : Found key 'sun.cpu.endian' in [systemProperties] with type [String] and value 'little'
2017-05-25 12:24:41.954 DEBUG 4252 --- [           main] o.s.c.e.PropertySourcesPropertyResolver  : Searching for key 'sun.desktop' in [systemProperties]
2017-05-25 12:24:41.954 DEBUG 4252 --- [           main] o.s.c.e.PropertySourcesPropertyResolver  : Found key 'sun.desktop' in [systemProperties] with type [String] and value 'windows'
2017-05-25 12:24:41.954 DEBUG 4252 --- [           main] o.s.c.e.PropertySourcesPropertyResolver  : Searching for key 'sun.cpu.isalist' in [systemProperties]
2017-05-25 12:24:41.954 DEBUG 4252 --- [           main] o.s.c.e.PropertySourcesPropertyResolver  : Found key 'sun.cpu.isalist' in [systemProperties] with type [String] and value 'amd64'
2017-05-25 12:24:41.954 DEBUG 4252 --- [           main] o.s.c.e.PropertySourcesPropertyResolver  : Searching for key 'PATH' in [systemProperties]
2017-05-25 12:24:41.954 DEBUG 4252 --- [           main] o.s.c.e.PropertySourcesPropertyResolver  : Searching for key 'PATH' in [systemEnvironment]
2017-05-25 12:24:41.954 DEBUG 4252 --- [           main] o.s.c.e.PropertySourcesPropertyResolver  : Found key 'PATH' in [systemEnvironment] with type [String] and value 'C:/Program Files/Java/jre1.8.0_131/bin/server;C:/Program Files/Java/jre1.8.0_131/bin;C:/Program Files/Java/jre1.8.0_131/lib/amd64;C:\ProgramData\Oracle\Java\javapath;C:\windows\system32;C:\windows;C:\windows\System32\Wbem;C:\windows\System32\WindowsPowerShell\v1.0\;C:\windows\system32\config\systemprofile\.dnx\bin;C:\Program Files\Microsoft DNX\Dnvm\;C:\Program Files\Microsoft SQL Server\130\Tools\Binn\;C:\HashiCorp\Vagrant\bin;C:\Program Files\Intel\WiFi\bin\;C:\Program Files\Common Files\Intel\WirelessCommon\;C:\ProgramData\Oracle\Java\javapath;C:\windows\system32;C:\windows;C:\windows\System32\Wbem;C:\windows\System32\WindowsPowerShell\v1.0\;C:\Users\rrafacz\AppData\Local\Programs\Git\cmd;C:\Python27;C:\Python27\Scripts; C:\Program Files\Java\jdk1.8.0_111\bin; C:\Program Files\Java\jdk1.8.0_111\bin\jconsole;;C:\windows\system32;'
2017-05-25 12:24:41.954 DEBUG 4252 --- [           main] o.s.c.e.PropertySourcesPropertyResolver  : Searching for key 'USERDOMAIN_ROAMINGPROFILE' in [systemProperties]
2017-05-25 12:24:41.954 DEBUG 4252 --- [           main] o.s.c.e.PropertySourcesPropertyResolver  : Searching for key 'USERDOMAIN_ROAMINGPROFILE' in [systemEnvironment]
2017-05-25 12:24:41.954 DEBUG 4252 --- [           main] o.s.c.e.PropertySourcesPropertyResolver  : Found key 'USERDOMAIN_ROAMINGPROFILE' in [systemEnvironment] with type [String] and value 'NORVAX'
2017-05-25 12:24:41.954 DEBUG 4252 --- [           main] o.s.c.e.PropertySourcesPropertyResolver  : Searching for key 'PROCESSOR_LEVEL' in [systemProperties]
2017-05-25 12:24:41.954 DEBUG 4252 --- [           main] o.s.c.e.PropertySourcesPropertyResolver  : Searching for key 'PROCESSOR_LEVEL' in [systemEnvironment]
2017-05-25 12:24:41.954 DEBUG 4252 --- [           main] o.s.c.e.PropertySourcesPropertyResolver  : Found key 'PROCESSOR_LEVEL' in [systemEnvironment] with type [String] and value '6'
2017-05-25 12:24:41.954 DEBUG 4252 --- [           main] o.s.c.e.PropertySourcesPropertyResolver  : Searching for key 'SYSTEMDRIVE' in [systemProperties]
2017-05-25 12:24:41.954 DEBUG 4252 --- [           main] o.s.c.e.PropertySourcesPropertyResolver  : Searching for key 'SYSTEMDRIVE' in [systemEnvironment]
2017-05-25 12:24:41.954 DEBUG 4252 --- [           main] o.s.c.e.PropertySourcesPropertyResolver  : Found key 'SYSTEMDRIVE' in [systemEnvironment] with type [String] and value 'C:'
2017-05-25 12:24:41.954 DEBUG 4252 --- [           main] o.s.c.e.PropertySourcesPropertyResolver  : Searching for key 'FP_NO_HOST_CHECK' in [systemProperties]
2017-05-25 12:24:41.954 DEBUG 4252 --- [           main] o.s.c.e.PropertySourcesPropertyResolver  : Searching for key 'FP_NO_HOST_CHECK' in [systemEnvironment]
2017-05-25 12:24:41.954 DEBUG 4252 --- [           main] o.s.c.e.PropertySourcesPropertyResolver  : Found key 'FP_NO_HOST_CHECK' in [systemEnvironment] with type [String] and value 'NO'
2017-05-25 12:24:41.954 DEBUG 4252 --- [           main] o.s.c.e.PropertySourcesPropertyResolver  : Searching for key 'VS140COMNTOOLS' in [systemProperties]
2017-05-25 12:24:41.954 DEBUG 4252 --- [           main] o.s.c.e.PropertySourcesPropertyResolver  : Searching for key 'VS140COMNTOOLS' in [systemEnvironment]
2017-05-25 12:24:41.954 DEBUG 4252 --- [           main] o.s.c.e.PropertySourcesPropertyResolver  : Found key 'VS140COMNTOOLS' in [systemEnvironment] with type [String] and value 'C:\Program Files (x86)\Microsoft Visual Studio 14.0\Common7\Tools\'
2017-05-25 12:24:41.954 DEBUG 4252 --- [           main] o.s.c.e.PropertySourcesPropertyResolver  : Searching for key 'SESSIONNAME' in [systemProperties]
2017-05-25 12:24:41.954 DEBUG 4252 --- [           main] o.s.c.e.PropertySourcesPropertyResolver  : Searching for key 'SESSIONNAME' in [systemEnvironment]
2017-05-25 12:24:41.954 DEBUG 4252 --- [           main] o.s.c.e.PropertySourcesPropertyResolver  : Found key 'SESSIONNAME' in [systemEnvironment] with type [String] and value 'Console'
2017-05-25 12:24:41.954 DEBUG 4252 --- [           main] o.s.c.e.PropertySourcesPropertyResolver  : Searching for key 'SPLUNK_USERNAME' in [systemProperties]
2017-05-25 12:24:41.954 DEBUG 4252 --- [           main] o.s.c.e.PropertySourcesPropertyResolver  : Searching for key 'SPLUNK_USERNAME' in [systemEnvironment]
2017-05-25 12:24:41.954 DEBUG 4252 --- [           main] o.s.c.e.PropertySourcesPropertyResolver  : Found key 'SPLUNK_USERNAME' in [systemEnvironment] with type [String] and value 'rrafacz'
2017-05-25 12:24:41.954 DEBUG 4252 --- [           main] o.s.c.e.PropertySourcesPropertyResolver  : Searching for key 'ALLUSERSPROFILE' in [systemProperties]
2017-05-25 12:24:41.954 DEBUG 4252 --- [           main] o.s.c.e.PropertySourcesPropertyResolver  : Searching for key 'ALLUSERSPROFILE' in [systemEnvironment]
2017-05-25 12:24:41.954 DEBUG 4252 --- [           main] o.s.c.e.PropertySourcesPropertyResolver  : Found key 'ALLUSERSPROFILE' in [systemEnvironment] with type [String] and value 'C:\ProgramData'
2017-05-25 12:24:41.955 DEBUG 4252 --- [           main] o.s.c.e.PropertySourcesPropertyResolver  : Searching for key 'PROCESSOR_ARCHITECTURE' in [systemProperties]
2017-05-25 12:24:41.955 DEBUG 4252 --- [           main] o.s.c.e.PropertySourcesPropertyResolver  : Searching for key 'PROCESSOR_ARCHITECTURE' in [systemEnvironment]
2017-05-25 12:24:41.955 DEBUG 4252 --- [           main] o.s.c.e.PropertySourcesPropertyResolver  : Found key 'PROCESSOR_ARCHITECTURE' in [systemEnvironment] with type [String] and value 'AMD64'
2017-05-25 12:24:41.955 DEBUG 4252 --- [           main] o.s.c.e.PropertySourcesPropertyResolver  : Searching for key 'JIRA_PASSWORD' in [systemProperties]
2017-05-25 12:24:41.955 DEBUG 4252 --- [           main] o.s.c.e.PropertySourcesPropertyResolver  : Searching for key 'JIRA_PASSWORD' in [systemEnvironment]
2017-05-25 12:24:41.955 DEBUG 4252 --- [           main] o.s.c.e.PropertySourcesPropertyResolver  : Found key 'JIRA_PASSWORD' in [systemEnvironment] with type [String] and value 'SNick3rs!2'
2017-05-25 12:24:41.955 DEBUG 4252 --- [           main] o.s.c.e.PropertySourcesPropertyResolver  : Searching for key 'PROGRAMFILES' in [systemProperties]
2017-05-25 12:24:41.955 DEBUG 4252 --- [           main] o.s.c.e.PropertySourcesPropertyResolver  : Searching for key 'PROGRAMFILES' in [systemEnvironment]
2017-05-25 12:24:41.955 DEBUG 4252 --- [           main] o.s.c.e.PropertySourcesPropertyResolver  : Found key 'PROGRAMFILES' in [systemEnvironment] with type [String] and value 'C:\Program Files'
2017-05-25 12:24:41.955 DEBUG 4252 --- [           main] o.s.c.e.PropertySourcesPropertyResolver  : Searching for key 'PSMODULEPATH' in [systemProperties]
2017-05-25 12:24:41.955 DEBUG 4252 --- [           main] o.s.c.e.PropertySourcesPropertyResolver  : Searching for key 'PSMODULEPATH' in [systemEnvironment]
2017-05-25 12:24:41.955 DEBUG 4252 --- [           main] o.s.c.e.PropertySourcesPropertyResolver  : Found key 'PSMODULEPATH' in [systemEnvironment] with type [String] and value 'C:\windows\system32\WindowsPowerShell\v1.0\Modules\'
2017-05-25 12:24:41.955 DEBUG 4252 --- [           main] o.s.c.e.PropertySourcesPropertyResolver  : Searching for key 'PROGRAMDATA' in [systemProperties]
2017-05-25 12:24:41.955 DEBUG 4252 --- [           main] o.s.c.e.PropertySourcesPropertyResolver  : Searching for key 'PROGRAMDATA' in [systemEnvironment]
2017-05-25 12:24:41.955 DEBUG 4252 --- [           main] o.s.c.e.PropertySourcesPropertyResolver  : Found key 'PROGRAMDATA' in [systemEnvironment] with type [String] and value 'C:\ProgramData'
2017-05-25 12:24:41.955 DEBUG 4252 --- [           main] o.s.c.e.PropertySourcesPropertyResolver  : Searching for key 'USERNAME' in [systemProperties]
2017-05-25 12:24:41.955 DEBUG 4252 --- [           main] o.s.c.e.PropertySourcesPropertyResolver  : Searching for key 'USERNAME' in [systemEnvironment]
2017-05-25 12:24:41.955 DEBUG 4252 --- [           main] o.s.c.e.PropertySourcesPropertyResolver  : Found key 'USERNAME' in [systemEnvironment] with type [String] and value 'RRafacz'
2017-05-25 12:24:41.955 DEBUG 4252 --- [           main] o.s.c.e.PropertySourcesPropertyResolver  : Searching for key 'REPORTING_DATABASE_USERNAME' in [systemProperties]
2017-05-25 12:24:41.955 DEBUG 4252 --- [           main] o.s.c.e.PropertySourcesPropertyResolver  : Searching for key 'REPORTING_DATABASE_USERNAME' in [systemEnvironment]
2017-05-25 12:24:41.955 DEBUG 4252 --- [           main] o.s.c.e.PropertySourcesPropertyResolver  : Found key 'REPORTING_DATABASE_USERNAME' in [systemEnvironment] with type [String] and value 'rrafacz'
2017-05-25 12:24:41.955 DEBUG 4252 --- [           main] o.s.c.e.PropertySourcesPropertyResolver  : Searching for key 'USERDNSDOMAIN' in [systemProperties]
2017-05-25 12:24:41.955 DEBUG 4252 --- [           main] o.s.c.e.PropertySourcesPropertyResolver  : Searching for key 'USERDNSDOMAIN' in [systemEnvironment]
2017-05-25 12:24:41.955 DEBUG 4252 --- [           main] o.s.c.e.PropertySourcesPropertyResolver  : Found key 'USERDNSDOMAIN' in [systemEnvironment] with type [String] and value 'NORVAX.NET'
2017-05-25 12:24:41.955 DEBUG 4252 --- [           main] o.s.c.e.PropertySourcesPropertyResolver  : Searching for key 'LOGBASENAME' in [systemProperties]
2017-05-25 12:24:41.955 DEBUG 4252 --- [           main] o.s.c.e.PropertySourcesPropertyResolver  : Searching for key 'LOGBASENAME' in [systemEnvironment]
2017-05-25 12:24:41.955 DEBUG 4252 --- [           main] o.s.c.e.PropertySourcesPropertyResolver  : Found key 'LOGBASENAME' in [systemEnvironment] with type [String] and value 'C:\Users\rrafacz\python_tuts\gohealth'
2017-05-25 12:24:41.955 DEBUG 4252 --- [           main] o.s.c.e.PropertySourcesPropertyResolver  : Searching for key 'PYTHONPATH' in [systemProperties]
2017-05-25 12:24:41.955 DEBUG 4252 --- [           main] o.s.c.e.PropertySourcesPropertyResolver  : Searching for key 'PYTHONPATH' in [systemEnvironment]
2017-05-25 12:24:41.955 DEBUG 4252 --- [           main] o.s.c.e.PropertySourcesPropertyResolver  : Found key 'PYTHONPATH' in [systemEnvironment] with type [String] and value 'C:\Python27\Lib;C:\Python27\DLLs;C:\Python27\Lib\lib-tk;'
2017-05-25 12:24:41.955 DEBUG 4252 --- [           main] o.s.c.e.PropertySourcesPropertyResolver  : Searching for key 'PATHEXT' in [systemProperties]
2017-05-25 12:24:41.955 DEBUG 4252 --- [           main] o.s.c.e.PropertySourcesPropertyResolver  : Searching for key 'PATHEXT' in [systemEnvironment]
2017-05-25 12:24:41.956 DEBUG 4252 --- [           main] o.s.c.e.PropertySourcesPropertyResolver  : Found key 'PATHEXT' in [systemEnvironment] with type [String] and value '.COM;.EXE;.BAT;.CMD;.VBS;.VBE;.JS;.JSE;.WSF;.WSH;.MSC'
2017-05-25 12:24:41.956 DEBUG 4252 --- [           main] o.s.c.e.PropertySourcesPropertyResolver  : Searching for key 'WINDIR' in [systemProperties]
2017-05-25 12:24:41.956 DEBUG 4252 --- [           main] o.s.c.e.PropertySourcesPropertyResolver  : Searching for key 'WINDIR' in [systemEnvironment]
2017-05-25 12:24:41.956 DEBUG 4252 --- [           main] o.s.c.e.PropertySourcesPropertyResolver  : Found key 'WINDIR' in [systemEnvironment] with type [String] and value 'C:\windows'
2017-05-25 12:24:41.956 DEBUG 4252 --- [           main] o.s.c.e.PropertySourcesPropertyResolver  : Searching for key 'HOMEPATH' in [systemProperties]
2017-05-25 12:24:41.956 DEBUG 4252 --- [           main] o.s.c.e.PropertySourcesPropertyResolver  : Searching for key 'HOMEPATH' in [systemEnvironment]
2017-05-25 12:24:41.956 DEBUG 4252 --- [           main] o.s.c.e.PropertySourcesPropertyResolver  : Found key 'HOMEPATH' in [systemEnvironment] with type [String] and value '\Users\rrafacz'
2017-05-25 12:24:41.956 DEBUG 4252 --- [           main] o.s.c.e.PropertySourcesPropertyResolver  : Searching for key 'PROCESSOR_IDENTIFIER' in [systemProperties]
2017-05-25 12:24:41.956 DEBUG 4252 --- [           main] o.s.c.e.PropertySourcesPropertyResolver  : Searching for key 'PROCESSOR_IDENTIFIER' in [systemEnvironment]
2017-05-25 12:24:41.956 DEBUG 4252 --- [           main] o.s.c.e.PropertySourcesPropertyResolver  : Found key 'PROCESSOR_IDENTIFIER' in [systemEnvironment] with type [String] and value 'Intel64 Family 6 Model 69 Stepping 1, GenuineIntel'
2017-05-25 12:24:41.956 DEBUG 4252 --- [           main] o.s.c.e.PropertySourcesPropertyResolver  : Searching for key 'WINDOWS_TRACING_LOGFILE' in [systemProperties]
2017-05-25 12:24:41.956 DEBUG 4252 --- [           main] o.s.c.e.PropertySourcesPropertyResolver  : Searching for key 'WINDOWS_TRACING_LOGFILE' in [systemEnvironment]
2017-05-25 12:24:41.956 DEBUG 4252 --- [           main] o.s.c.e.PropertySourcesPropertyResolver  : Found key 'WINDOWS_TRACING_LOGFILE' in [systemEnvironment] with type [String] and value 'C:\BVTBin\Tests\installpackage\csilogfile.log'
2017-05-25 12:24:41.956 DEBUG 4252 --- [           main] o.s.c.e.PropertySourcesPropertyResolver  : Searching for key 'PUBLIC' in [systemProperties]
2017-05-25 12:24:41.956 DEBUG 4252 --- [           main] o.s.c.e.PropertySourcesPropertyResolver  : Searching for key 'PUBLIC' in [systemEnvironment]
2017-05-25 12:24:41.956 DEBUG 4252 --- [           main] o.s.c.e.PropertySourcesPropertyResolver  : Found key 'PUBLIC' in [systemEnvironment] with type [String] and value 'C:\Users\Public'
2017-05-25 12:24:41.956 DEBUG 4252 --- [           main] o.s.c.e.PropertySourcesPropertyResolver  : Searching for key 'SCRIPTDIR' in [systemProperties]
2017-05-25 12:24:41.956 DEBUG 4252 --- [           main] o.s.c.e.PropertySourcesPropertyResolver  : Searching for key 'SCRIPTDIR' in [systemEnvironment]
2017-05-25 12:24:41.956 DEBUG 4252 --- [           main] o.s.c.e.PropertySourcesPropertyResolver  : Found key 'SCRIPTDIR' in [systemEnvironment] with type [String] and value 'C:\Users\rrafacz\python_tuts\gohealth'
2017-05-25 12:24:41.956 DEBUG 4252 --- [           main] o.s.c.e.PropertySourcesPropertyResolver  : Searching for key '=::' in [systemProperties]
2017-05-25 12:24:41.956 DEBUG 4252 --- [           main] o.s.c.e.PropertySourcesPropertyResolver  : Searching for key '=::' in [systemEnvironment]
2017-05-25 12:24:41.956 DEBUG 4252 --- [           main] o.s.c.e.PropertySourcesPropertyResolver  : Found key '=::' in [systemEnvironment] with type [String] and value '::\'
2017-05-25 12:24:41.956 DEBUG 4252 --- [           main] o.s.c.e.PropertySourcesPropertyResolver  : Searching for key 'LOCALAPPDATA' in [systemProperties]
2017-05-25 12:24:41.956 DEBUG 4252 --- [           main] o.s.c.e.PropertySourcesPropertyResolver  : Searching for key 'LOCALAPPDATA' in [systemEnvironment]
2017-05-25 12:24:41.956 DEBUG 4252 --- [           main] o.s.c.e.PropertySourcesPropertyResolver  : Found key 'LOCALAPPDATA' in [systemEnvironment] with type [String] and value 'C:\Users\rrafacz\AppData\Local'
2017-05-25 12:24:41.956 DEBUG 4252 --- [           main] o.s.c.e.PropertySourcesPropertyResolver  : Searching for key 'COMMONPROGRAMFILES(X86)' in [systemProperties]
2017-05-25 12:24:41.956 DEBUG 4252 --- [           main] o.s.c.e.PropertySourcesPropertyResolver  : Searching for key 'COMMONPROGRAMFILES(X86)' in [systemEnvironment]
2017-05-25 12:24:41.956 DEBUG 4252 --- [           main] o.s.c.e.PropertySourcesPropertyResolver  : Found key 'COMMONPROGRAMFILES(X86)' in [systemEnvironment] with type [String] and value 'C:\Program Files (x86)\Common Files'
2017-05-25 12:24:41.956 DEBUG 4252 --- [           main] o.s.c.e.PropertySourcesPropertyResolver  : Searching for key 'USERDOMAIN' in [systemProperties]
2017-05-25 12:24:41.956 DEBUG 4252 --- [           main] o.s.c.e.PropertySourcesPropertyResolver  : Searching for key 'USERDOMAIN' in [systemEnvironment]
2017-05-25 12:24:41.956 DEBUG 4252 --- [           main] o.s.c.e.PropertySourcesPropertyResolver  : Found key 'USERDOMAIN' in [systemEnvironment] with type [String] and value 'NORVAX'
2017-05-25 12:24:41.956 DEBUG 4252 --- [           main] o.s.c.e.PropertySourcesPropertyResolver  : Searching for key 'LOGONSERVER' in [systemProperties]
2017-05-25 12:24:41.956 DEBUG 4252 --- [           main] o.s.c.e.PropertySourcesPropertyResolver  : Searching for key 'LOGONSERVER' in [systemEnvironment]
2017-05-25 12:24:41.956 DEBUG 4252 --- [           main] o.s.c.e.PropertySourcesPropertyResolver  : Found key 'LOGONSERVER' in [systemEnvironment] with type [String] and value '\\DC1-2012'
2017-05-25 12:24:41.957 DEBUG 4252 --- [           main] o.s.c.e.PropertySourcesPropertyResolver  : Searching for key 'PROMPT' in [systemProperties]
2017-05-25 12:24:41.957 DEBUG 4252 --- [           main] o.s.c.e.PropertySourcesPropertyResolver  : Searching for key 'PROMPT' in [systemEnvironment]
2017-05-25 12:24:41.957 DEBUG 4252 --- [           main] o.s.c.e.PropertySourcesPropertyResolver  : Found key 'PROMPT' in [systemEnvironment] with type [String] and value '$P$G'
2017-05-25 12:24:41.957 DEBUG 4252 --- [           main] o.s.c.e.PropertySourcesPropertyResolver  : Searching for key 'PROGRAMFILES(X86)' in [systemProperties]
2017-05-25 12:24:41.957 DEBUG 4252 --- [           main] o.s.c.e.PropertySourcesPropertyResolver  : Searching for key 'PROGRAMFILES(X86)' in [systemEnvironment]
2017-05-25 12:24:41.957 DEBUG 4252 --- [           main] o.s.c.e.PropertySourcesPropertyResolver  : Found key 'PROGRAMFILES(X86)' in [systemEnvironment] with type [String] and value 'C:\Program Files (x86)'
2017-05-25 12:24:41.957 DEBUG 4252 --- [           main] o.s.c.e.PropertySourcesPropertyResolver  : Searching for key 'PDF' in [systemProperties]
2017-05-25 12:24:41.957 DEBUG 4252 --- [           main] o.s.c.e.PropertySourcesPropertyResolver  : Searching for key 'PDF' in [systemEnvironment]
2017-05-25 12:24:41.957 DEBUG 4252 --- [           main] o.s.c.e.PropertySourcesPropertyResolver  : Found key 'PDF' in [systemEnvironment] with type [String] and value 'C:\tmp\'
2017-05-25 12:24:41.957 DEBUG 4252 --- [           main] o.s.c.e.PropertySourcesPropertyResolver  : Searching for key 'WINDOWS_TRACING_FLAGS' in [systemProperties]
2017-05-25 12:24:41.957 DEBUG 4252 --- [           main] o.s.c.e.PropertySourcesPropertyResolver  : Searching for key 'WINDOWS_TRACING_FLAGS' in [systemEnvironment]
2017-05-25 12:24:41.957 DEBUG 4252 --- [           main] o.s.c.e.PropertySourcesPropertyResolver  : Found key 'WINDOWS_TRACING_FLAGS' in [systemEnvironment] with type [String] and value '3'
2017-05-25 12:24:41.957 DEBUG 4252 --- [           main] o.s.c.e.PropertySourcesPropertyResolver  : Searching for key '=C:' in [systemProperties]
2017-05-25 12:24:41.957 DEBUG 4252 --- [           main] o.s.c.e.PropertySourcesPropertyResolver  : Searching for key '=C:' in [systemEnvironment]
2017-05-25 12:24:41.957 DEBUG 4252 --- [           main] o.s.c.e.PropertySourcesPropertyResolver  : Found key '=C:' in [systemEnvironment] with type [String] and value 'C:\Users\rrafacz\git\stacksonstacks.org'
2017-05-25 12:24:41.957 DEBUG 4252 --- [           main] o.s.c.e.PropertySourcesPropertyResolver  : Searching for key 'APPDATA' in [systemProperties]
2017-05-25 12:24:41.957 DEBUG 4252 --- [           main] o.s.c.e.PropertySourcesPropertyResolver  : Searching for key 'APPDATA' in [systemEnvironment]
2017-05-25 12:24:41.957 DEBUG 4252 --- [           main] o.s.c.e.PropertySourcesPropertyResolver  : Found key 'APPDATA' in [systemEnvironment] with type [String] and value 'C:\Users\rrafacz\AppData\Roaming'
2017-05-25 12:24:41.957 DEBUG 4252 --- [           main] o.s.c.e.PropertySourcesPropertyResolver  : Searching for key 'PROGRAMW6432' in [systemProperties]
2017-05-25 12:24:41.957 DEBUG 4252 --- [           main] o.s.c.e.PropertySourcesPropertyResolver  : Searching for key 'PROGRAMW6432' in [systemEnvironment]
2017-05-25 12:24:41.957 DEBUG 4252 --- [           main] o.s.c.e.PropertySourcesPropertyResolver  : Found key 'PROGRAMW6432' in [systemEnvironment] with type [String] and value 'C:\Program Files'
2017-05-25 12:24:41.957 DEBUG 4252 --- [           main] o.s.c.e.PropertySourcesPropertyResolver  : Searching for key 'SYSTEMROOT' in [systemProperties]
2017-05-25 12:24:41.957 DEBUG 4252 --- [           main] o.s.c.e.PropertySourcesPropertyResolver  : Searching for key 'SYSTEMROOT' in [systemEnvironment]
2017-05-25 12:24:41.957 DEBUG 4252 --- [           main] o.s.c.e.PropertySourcesPropertyResolver  : Found key 'SYSTEMROOT' in [systemEnvironment] with type [String] and value 'C:\windows'
2017-05-25 12:24:41.957 DEBUG 4252 --- [           main] o.s.c.e.PropertySourcesPropertyResolver  : Searching for key 'BO_USERNAME' in [systemProperties]
2017-05-25 12:24:41.957 DEBUG 4252 --- [           main] o.s.c.e.PropertySourcesPropertyResolver  : Searching for key 'BO_USERNAME' in [systemEnvironment]
2017-05-25 12:24:41.957 DEBUG 4252 --- [           main] o.s.c.e.PropertySourcesPropertyResolver  : Found key 'BO_USERNAME' in [systemEnvironment] with type [String] and value 'rrafacz'
2017-05-25 12:24:41.957 DEBUG 4252 --- [           main] o.s.c.e.PropertySourcesPropertyResolver  : Searching for key 'VBOX_MSI_INSTALL_PATH' in [systemProperties]
2017-05-25 12:24:41.957 DEBUG 4252 --- [           main] o.s.c.e.PropertySourcesPropertyResolver  : Searching for key 'VBOX_MSI_INSTALL_PATH' in [systemEnvironment]
2017-05-25 12:24:41.957 DEBUG 4252 --- [           main] o.s.c.e.PropertySourcesPropertyResolver  : Found key 'VBOX_MSI_INSTALL_PATH' in [systemEnvironment] with type [String] and value 'C:\Program Files\Oracle\VirtualBox\'
2017-05-25 12:24:41.957 DEBUG 4252 --- [           main] o.s.c.e.PropertySourcesPropertyResolver  : Searching for key 'LOGDIR' in [systemProperties]
2017-05-25 12:24:41.957 DEBUG 4252 --- [           main] o.s.c.e.PropertySourcesPropertyResolver  : Searching for key 'LOGDIR' in [systemEnvironment]
2017-05-25 12:24:41.958 DEBUG 4252 --- [           main] o.s.c.e.PropertySourcesPropertyResolver  : Found key 'LOGDIR' in [systemEnvironment] with type [String] and value 'S:\CARRIER BPO\BrokerOffice Setups\Script Logs'
2017-05-25 12:24:41.958 DEBUG 4252 --- [           main] o.s.c.e.PropertySourcesPropertyResolver  : Searching for key 'JIRA_USERNAME' in [systemProperties]
2017-05-25 12:24:41.958 DEBUG 4252 --- [           main] o.s.c.e.PropertySourcesPropertyResolver  : Searching for key 'JIRA_USERNAME' in [systemEnvironment]
2017-05-25 12:24:41.958 DEBUG 4252 --- [           main] o.s.c.e.PropertySourcesPropertyResolver  : Found key 'JIRA_USERNAME' in [systemEnvironment] with type [String] and value 'rrafacz'
2017-05-25 12:24:41.958 DEBUG 4252 --- [           main] o.s.c.e.PropertySourcesPropertyResolver  : Searching for key 'OS' in [systemProperties]
2017-05-25 12:24:41.958 DEBUG 4252 --- [           main] o.s.c.e.PropertySourcesPropertyResolver  : Searching for key 'OS' in [systemEnvironment]
2017-05-25 12:24:41.958 DEBUG 4252 --- [           main] o.s.c.e.PropertySourcesPropertyResolver  : Found key 'OS' in [systemEnvironment] with type [String] and value 'Windows_NT'
2017-05-25 12:24:41.958 DEBUG 4252 --- [           main] o.s.c.e.PropertySourcesPropertyResolver  : Searching for key 'COMMONPROGRAMW6432' in [systemProperties]
2017-05-25 12:24:41.958 DEBUG 4252 --- [           main] o.s.c.e.PropertySourcesPropertyResolver  : Searching for key 'COMMONPROGRAMW6432' in [systemEnvironment]
2017-05-25 12:24:41.958 DEBUG 4252 --- [           main] o.s.c.e.PropertySourcesPropertyResolver  : Found key 'COMMONPROGRAMW6432' in [systemEnvironment] with type [String] and value 'C:\Program Files\Common Files'
2017-05-25 12:24:41.958 DEBUG 4252 --- [           main] o.s.c.e.PropertySourcesPropertyResolver  : Searching for key 'COMPUTERNAME' in [systemProperties]
2017-05-25 12:24:41.958 DEBUG 4252 --- [           main] o.s.c.e.PropertySourcesPropertyResolver  : Searching for key 'COMPUTERNAME' in [systemEnvironment]
2017-05-25 12:24:41.958 DEBUG 4252 --- [           main] o.s.c.e.PropertySourcesPropertyResolver  : Found key 'COMPUTERNAME' in [systemEnvironment] with type [String] and value 'RRAFACZ-LT'
2017-05-25 12:24:41.958 DEBUG 4252 --- [           main] o.s.c.e.PropertySourcesPropertyResolver  : Searching for key 'COMMONPROGRAMFILES' in [systemProperties]
2017-05-25 12:24:41.958 DEBUG 4252 --- [           main] o.s.c.e.PropertySourcesPropertyResolver  : Searching for key 'COMMONPROGRAMFILES' in [systemEnvironment]
2017-05-25 12:24:41.958 DEBUG 4252 --- [           main] o.s.c.e.PropertySourcesPropertyResolver  : Found key 'COMMONPROGRAMFILES' in [systemEnvironment] with type [String] and value 'C:\Program Files\Common Files'
2017-05-25 12:24:41.958 DEBUG 4252 --- [           main] o.s.c.e.PropertySourcesPropertyResolver  : Searching for key 'COMSPEC' in [systemProperties]
2017-05-25 12:24:41.958 DEBUG 4252 --- [           main] o.s.c.e.PropertySourcesPropertyResolver  : Searching for key 'COMSPEC' in [systemEnvironment]
2017-05-25 12:24:41.958 DEBUG 4252 --- [           main] o.s.c.e.PropertySourcesPropertyResolver  : Found key 'COMSPEC' in [systemEnvironment] with type [String] and value 'C:\windows\system32\cmd.exe'
2017-05-25 12:24:41.958 DEBUG 4252 --- [           main] o.s.c.e.PropertySourcesPropertyResolver  : Searching for key 'PROCESSOR_REVISION' in [systemProperties]
2017-05-25 12:24:41.958 DEBUG 4252 --- [           main] o.s.c.e.PropertySourcesPropertyResolver  : Searching for key 'PROCESSOR_REVISION' in [systemEnvironment]
2017-05-25 12:24:41.958 DEBUG 4252 --- [           main] o.s.c.e.PropertySourcesPropertyResolver  : Found key 'PROCESSOR_REVISION' in [systemEnvironment] with type [String] and value '4501'
2017-05-25 12:24:41.958 DEBUG 4252 --- [           main] o.s.c.e.PropertySourcesPropertyResolver  : Searching for key 'SPLUNK_PASSWORD' in [systemProperties]
2017-05-25 12:24:41.958 DEBUG 4252 --- [           main] o.s.c.e.PropertySourcesPropertyResolver  : Searching for key 'SPLUNK_PASSWORD' in [systemEnvironment]
2017-05-25 12:24:41.958 DEBUG 4252 --- [           main] o.s.c.e.PropertySourcesPropertyResolver  : Found key 'SPLUNK_PASSWORD' in [systemEnvironment] with type [String] and value 'Snick3rs1'
2017-05-25 12:24:41.958 DEBUG 4252 --- [           main] o.s.c.e.PropertySourcesPropertyResolver  : Searching for key 'TEMP' in [systemProperties]
2017-05-25 12:24:41.958 DEBUG 4252 --- [           main] o.s.c.e.PropertySourcesPropertyResolver  : Searching for key 'TEMP' in [systemEnvironment]
2017-05-25 12:24:41.958 DEBUG 4252 --- [           main] o.s.c.e.PropertySourcesPropertyResolver  : Found key 'TEMP' in [systemEnvironment] with type [String] and value 'C:\Users\rrafacz\AppData\Local\Temp'
2017-05-25 12:24:41.958 DEBUG 4252 --- [           main] o.s.c.e.PropertySourcesPropertyResolver  : Searching for key 'HOMEDRIVE' in [systemProperties]
2017-05-25 12:24:41.958 DEBUG 4252 --- [           main] o.s.c.e.PropertySourcesPropertyResolver  : Searching for key 'HOMEDRIVE' in [systemEnvironment]
2017-05-25 12:24:41.958 DEBUG 4252 --- [           main] o.s.c.e.PropertySourcesPropertyResolver  : Found key 'HOMEDRIVE' in [systemEnvironment] with type [String] and value 'C:'
2017-05-25 12:24:41.958 DEBUG 4252 --- [           main] o.s.c.e.PropertySourcesPropertyResolver  : Searching for key 'USERPROFILE' in [systemProperties]
2017-05-25 12:24:41.958 DEBUG 4252 --- [           main] o.s.c.e.PropertySourcesPropertyResolver  : Searching for key 'USERPROFILE' in [systemEnvironment]
2017-05-25 12:24:41.958 DEBUG 4252 --- [           main] o.s.c.e.PropertySourcesPropertyResolver  : Found key 'USERPROFILE' in [systemEnvironment] with type [String] and value 'C:\Users\rrafacz'
2017-05-25 12:24:41.958 DEBUG 4252 --- [           main] o.s.c.e.PropertySourcesPropertyResolver  : Searching for key 'TMP' in [systemProperties]
2017-05-25 12:24:41.958 DEBUG 4252 --- [           main] o.s.c.e.PropertySourcesPropertyResolver  : Searching for key 'TMP' in [systemEnvironment]
2017-05-25 12:24:41.959 DEBUG 4252 --- [           main] o.s.c.e.PropertySourcesPropertyResolver  : Found key 'TMP' in [systemEnvironment] with type [String] and value 'C:\Users\rrafacz\AppData\Local\Temp'
2017-05-25 12:24:41.959 DEBUG 4252 --- [           main] o.s.c.e.PropertySourcesPropertyResolver  : Searching for key 'BO_PASSWORD' in [systemProperties]
2017-05-25 12:24:41.959 DEBUG 4252 --- [           main] o.s.c.e.PropertySourcesPropertyResolver  : Searching for key 'BO_PASSWORD' in [systemEnvironment]
2017-05-25 12:24:41.961 DEBUG 4252 --- [           main] o.s.c.e.PropertySourcesPropertyResolver  : Found key 'BO_PASSWORD' in [systemEnvironment] with type [String] and value 'Snick3rs!2'
2017-05-25 12:24:41.962 DEBUG 4252 --- [           main] o.s.c.e.PropertySourcesPropertyResolver  : Searching for key 'NUMBER_OF_PROCESSORS' in [systemProperties]
2017-05-25 12:24:41.962 DEBUG 4252 --- [           main] o.s.c.e.PropertySourcesPropertyResolver  : Searching for key 'NUMBER_OF_PROCESSORS' in [systemEnvironment]
2017-05-25 12:24:41.962 DEBUG 4252 --- [           main] o.s.c.e.PropertySourcesPropertyResolver  : Found key 'NUMBER_OF_PROCESSORS' in [systemEnvironment] with type [String] and value '4'
2017-05-25 12:24:41.962 DEBUG 4252 --- [           main] o.s.c.e.PropertySourcesPropertyResolver  : Searching for key 'REPORTING_DATABASE_PASSWORD' in [systemProperties]
2017-05-25 12:24:41.962 DEBUG 4252 --- [           main] o.s.c.e.PropertySourcesPropertyResolver  : Searching for key 'REPORTING_DATABASE_PASSWORD' in [systemEnvironment]
2017-05-25 12:24:41.962 DEBUG 4252 --- [           main] o.s.c.e.PropertySourcesPropertyResolver  : Found key 'REPORTING_DATABASE_PASSWORD' in [systemEnvironment] with type [String] and value '1b5adfe5ebe408accf4a126ea485c866'
2017-05-25 12:24:41.962 DEBUG 4252 --- [           main] o.s.c.e.PropertySourcesPropertyResolver  : Searching for key 'spring.jmx.enabled' in [systemProperties]
2017-05-25 12:24:41.962 DEBUG 4252 --- [           main] o.s.c.e.PropertySourcesPropertyResolver  : Searching for key 'spring.jmx.enabled' in [systemEnvironment]
2017-05-25 12:24:41.962 DEBUG 4252 --- [           main] o.s.c.e.PropertySourcesPropertyResolver  : Searching for key 'spring.jmx.enabled' in [random]
2017-05-25 12:24:41.962 DEBUG 4252 --- [           main] o.s.c.e.PropertySourcesPropertyResolver  : Searching for key 'spring.jmx.enabled' in [integrationTest]
2017-05-25 12:24:41.962 DEBUG 4252 --- [           main] o.s.c.e.PropertySourcesPropertyResolver  : Found key 'spring.jmx.enabled' in [integrationTest] with type [String] and value 'false'
2017-05-25 12:24:41.962 DEBUG 4252 --- [           main] o.s.c.e.PropertySourcesPropertyResolver  : Searching for key 'server.port' in [systemProperties]
2017-05-25 12:24:41.962 DEBUG 4252 --- [           main] o.s.c.e.PropertySourcesPropertyResolver  : Searching for key 'server.port' in [systemEnvironment]
2017-05-25 12:24:41.962 DEBUG 4252 --- [           main] o.s.c.e.PropertySourcesPropertyResolver  : Searching for key 'server.port' in [random]
2017-05-25 12:24:41.962 DEBUG 4252 --- [           main] o.s.c.e.PropertySourcesPropertyResolver  : Searching for key 'server.port' in [integrationTest]
2017-05-25 12:24:41.962 DEBUG 4252 --- [           main] o.s.c.e.PropertySourcesPropertyResolver  : Found key 'server.port' in [integrationTest] with type [String] and value '-1'
2017-05-25 12:24:41.962 DEBUG 4252 --- [           main] o.s.c.e.PropertySourcesPropertyResolver  : Searching for key 'logging.level.org.springframework' in [systemProperties]
2017-05-25 12:24:41.962 DEBUG 4252 --- [           main] o.s.c.e.PropertySourcesPropertyResolver  : Searching for key 'logging.level.org.springframework' in [systemEnvironment]
2017-05-25 12:24:41.962 DEBUG 4252 --- [           main] o.s.c.e.PropertySourcesPropertyResolver  : Searching for key 'logging.level.org.springframework' in [random]
2017-05-25 12:24:41.962 DEBUG 4252 --- [           main] o.s.c.e.PropertySourcesPropertyResolver  : Searching for key 'logging.level.org.springframework' in [integrationTest]
2017-05-25 12:24:41.962 DEBUG 4252 --- [           main] o.s.c.e.PropertySourcesPropertyResolver  : Searching for key 'logging.level.org.springframework' in [applicationConfigurationProperties]
2017-05-25 12:24:41.962 DEBUG 4252 --- [           main] o.s.c.e.PropertySourcesPropertyResolver  : Found key 'logging.level.org.springframework' in [applicationConfigurationProperties] with type [String] and value 'DEBUG'
2017-05-25 12:24:41.962 DEBUG 4252 --- [           main] o.s.c.e.PropertySourcesPropertyResolver  : Searching for key 'logging.level.org.hibernate' in [systemProperties]
2017-05-25 12:24:41.962 DEBUG 4252 --- [           main] o.s.c.e.PropertySourcesPropertyResolver  : Searching for key 'logging.level.org.hibernate' in [systemEnvironment]
2017-05-25 12:24:41.962 DEBUG 4252 --- [           main] o.s.c.e.PropertySourcesPropertyResolver  : Searching for key 'logging.level.org.hibernate' in [random]
2017-05-25 12:24:41.962 DEBUG 4252 --- [           main] o.s.c.e.PropertySourcesPropertyResolver  : Searching for key 'logging.level.org.hibernate' in [integrationTest]
2017-05-25 12:24:41.962 DEBUG 4252 --- [           main] o.s.c.e.PropertySourcesPropertyResolver  : Searching for key 'logging.level.org.hibernate' in [applicationConfigurationProperties]
2017-05-25 12:24:41.962 DEBUG 4252 --- [           main] o.s.c.e.PropertySourcesPropertyResolver  : Found key 'logging.level.org.hibernate' in [applicationConfigurationProperties] with type [String] and value 'DEBUG'
2017-05-25 12:24:41.962 DEBUG 4252 --- [           main] o.s.c.e.PropertySourcesPropertyResolver  : Searching for key 'spring.h2.console.enabled' in [systemProperties]
2017-05-25 12:24:41.962 DEBUG 4252 --- [           main] o.s.c.e.PropertySourcesPropertyResolver  : Searching for key 'spring.h2.console.enabled' in [systemEnvironment]
2017-05-25 12:24:41.962 DEBUG 4252 --- [           main] o.s.c.e.PropertySourcesPropertyResolver  : Searching for key 'spring.h2.console.enabled' in [random]
2017-05-25 12:24:41.962 DEBUG 4252 --- [           main] o.s.c.e.PropertySourcesPropertyResolver  : Searching for key 'spring.h2.console.enabled' in [integrationTest]
2017-05-25 12:24:41.962 DEBUG 4252 --- [           main] o.s.c.e.PropertySourcesPropertyResolver  : Searching for key 'spring.h2.console.enabled' in [applicationConfigurationProperties]
2017-05-25 12:24:41.962 DEBUG 4252 --- [           main] o.s.c.e.PropertySourcesPropertyResolver  : Found key 'spring.h2.console.enabled' in [applicationConfigurationProperties] with type [String] and value 'true'
2017-05-25 12:24:41.962 DEBUG 4252 --- [           main] o.s.c.e.PropertySourcesPropertyResolver  : Searching for key 'logging.level.org.springframework.web' in [systemProperties]
2017-05-25 12:24:41.962 DEBUG 4252 --- [           main] o.s.c.e.PropertySourcesPropertyResolver  : Searching for key 'logging.level.org.springframework.web' in [systemEnvironment]
2017-05-25 12:24:41.962 DEBUG 4252 --- [           main] o.s.c.e.PropertySourcesPropertyResolver  : Searching for key 'logging.level.org.springframework.web' in [random]
2017-05-25 12:24:41.963 DEBUG 4252 --- [           main] o.s.c.e.PropertySourcesPropertyResolver  : Searching for key 'logging.level.org.springframework.web' in [integrationTest]
2017-05-25 12:24:41.963 DEBUG 4252 --- [           main] o.s.c.e.PropertySourcesPropertyResolver  : Searching for key 'logging.level.org.springframework.web' in [applicationConfigurationProperties]
2017-05-25 12:24:41.963 DEBUG 4252 --- [           main] o.s.c.e.PropertySourcesPropertyResolver  : Found key 'logging.level.org.springframework.web' in [applicationConfigurationProperties] with type [String] and value 'ERROR'
2017-05-25 12:24:41.963 DEBUG 4252 --- [           main] o.s.c.e.PropertySourcesPropertyResolver  : Searching for key 'spring.mustache.cache' in [systemProperties]
2017-05-25 12:24:41.963 DEBUG 4252 --- [           main] o.s.c.e.PropertySourcesPropertyResolver  : Searching for key 'spring.mustache.cache' in [systemEnvironment]
2017-05-25 12:24:41.963 DEBUG 4252 --- [           main] o.s.c.e.PropertySourcesPropertyResolver  : Searching for key 'spring.mustache.cache' in [random]
2017-05-25 12:24:41.963 DEBUG 4252 --- [           main] o.s.c.e.PropertySourcesPropertyResolver  : Searching for key 'spring.mustache.cache' in [integrationTest]
2017-05-25 12:24:41.963 DEBUG 4252 --- [           main] o.s.c.e.PropertySourcesPropertyResolver  : Searching for key 'spring.mustache.cache' in [applicationConfigurationProperties]
2017-05-25 12:24:41.963 DEBUG 4252 --- [           main] o.s.c.e.PropertySourcesPropertyResolver  : Searching for key 'spring.mustache.cache' in [refresh]
2017-05-25 12:24:41.963 DEBUG 4252 --- [           main] o.s.c.e.PropertySourcesPropertyResolver  : Found key 'spring.mustache.cache' in [refresh] with type [String] and value 'false'
2017-05-25 12:24:41.963 DEBUG 4252 --- [           main] o.s.c.e.PropertySourcesPropertyResolver  : Searching for key 'spring.h2.console.enabled' in [systemProperties]
2017-05-25 12:24:41.963 DEBUG 4252 --- [           main] o.s.c.e.PropertySourcesPropertyResolver  : Searching for key 'spring.h2.console.enabled' in [systemEnvironment]
2017-05-25 12:24:41.963 DEBUG 4252 --- [           main] o.s.c.e.PropertySourcesPropertyResolver  : Searching for key 'spring.h2.console.enabled' in [random]
2017-05-25 12:24:41.963 DEBUG 4252 --- [           main] o.s.c.e.PropertySourcesPropertyResolver  : Searching for key 'spring.h2.console.enabled' in [integrationTest]
2017-05-25 12:24:41.963 DEBUG 4252 --- [           main] o.s.c.e.PropertySourcesPropertyResolver  : Searching for key 'spring.h2.console.enabled' in [applicationConfigurationProperties]
2017-05-25 12:24:41.963 DEBUG 4252 --- [           main] o.s.c.e.PropertySourcesPropertyResolver  : Found key 'spring.h2.console.enabled' in [applicationConfigurationProperties] with type [String] and value 'true'
2017-05-25 12:24:41.963 DEBUG 4252 --- [           main] o.s.c.e.PropertySourcesPropertyResolver  : Searching for key 'spring.groovy.template.cache' in [systemProperties]
2017-05-25 12:24:41.963 DEBUG 4252 --- [           main] o.s.c.e.PropertySourcesPropertyResolver  : Searching for key 'spring.groovy.template.cache' in [systemEnvironment]
2017-05-25 12:24:41.963 DEBUG 4252 --- [           main] o.s.c.e.PropertySourcesPropertyResolver  : Searching for key 'spring.groovy.template.cache' in [random]
2017-05-25 12:24:41.963 DEBUG 4252 --- [           main] o.s.c.e.PropertySourcesPropertyResolver  : Searching for key 'spring.groovy.template.cache' in [integrationTest]
2017-05-25 12:24:41.963 DEBUG 4252 --- [           main] o.s.c.e.PropertySourcesPropertyResolver  : Searching for key 'spring.groovy.template.cache' in [applicationConfigurationProperties]
2017-05-25 12:24:41.963 DEBUG 4252 --- [           main] o.s.c.e.PropertySourcesPropertyResolver  : Searching for key 'spring.groovy.template.cache' in [refresh]
2017-05-25 12:24:41.963 DEBUG 4252 --- [           main] o.s.c.e.PropertySourcesPropertyResolver  : Found key 'spring.groovy.template.cache' in [refresh] with type [String] and value 'false'
2017-05-25 12:24:41.963 DEBUG 4252 --- [           main] o.s.c.e.PropertySourcesPropertyResolver  : Searching for key 'spring.resources.cache-period' in [systemProperties]
2017-05-25 12:24:41.963 DEBUG 4252 --- [           main] o.s.c.e.PropertySourcesPropertyResolver  : Searching for key 'spring.resources.cache-period' in [systemEnvironment]
2017-05-25 12:24:41.963 DEBUG 4252 --- [           main] o.s.c.e.PropertySourcesPropertyResolver  : Searching for key 'spring.resources.cache-period' in [random]
2017-05-25 12:24:41.963 DEBUG 4252 --- [           main] o.s.c.e.PropertySourcesPropertyResolver  : Searching for key 'spring.resources.cache-period' in [integrationTest]
2017-05-25 12:24:41.963 DEBUG 4252 --- [           main] o.s.c.e.PropertySourcesPropertyResolver  : Searching for key 'spring.resources.cache-period' in [applicationConfigurationProperties]
2017-05-25 12:24:41.963 DEBUG 4252 --- [           main] o.s.c.e.PropertySourcesPropertyResolver  : Searching for key 'spring.resources.cache-period' in [refresh]
2017-05-25 12:24:41.963 DEBUG 4252 --- [           main] o.s.c.e.PropertySourcesPropertyResolver  : Found key 'spring.resources.cache-period' in [refresh] with type [String] and value '0'
2017-05-25 12:24:41.963 DEBUG 4252 --- [           main] o.s.c.e.PropertySourcesPropertyResolver  : Searching for key 'spring.thymeleaf.cache' in [systemProperties]
2017-05-25 12:24:41.963 DEBUG 4252 --- [           main] o.s.c.e.PropertySourcesPropertyResolver  : Searching for key 'spring.thymeleaf.cache' in [systemEnvironment]
2017-05-25 12:24:41.963 DEBUG 4252 --- [           main] o.s.c.e.PropertySourcesPropertyResolver  : Searching for key 'spring.thymeleaf.cache' in [random]
2017-05-25 12:24:41.963 DEBUG 4252 --- [           main] o.s.c.e.PropertySourcesPropertyResolver  : Searching for key 'spring.thymeleaf.cache' in [integrationTest]
2017-05-25 12:24:41.963 DEBUG 4252 --- [           main] o.s.c.e.PropertySourcesPropertyResolver  : Searching for key 'spring.thymeleaf.cache' in [applicationConfigurationProperties]
2017-05-25 12:24:41.963 DEBUG 4252 --- [           main] o.s.c.e.PropertySourcesPropertyResolver  : Searching for key 'spring.thymeleaf.cache' in [refresh]
2017-05-25 12:24:41.963 DEBUG 4252 --- [           main] o.s.c.e.PropertySourcesPropertyResolver  : Found key 'spring.thymeleaf.cache' in [refresh] with type [String] and value 'false'
2017-05-25 12:24:41.963 DEBUG 4252 --- [           main] o.s.c.e.PropertySourcesPropertyResolver  : Searching for key 'spring.freemarker.cache' in [systemProperties]
2017-05-25 12:24:41.963 DEBUG 4252 --- [           main] o.s.c.e.PropertySourcesPropertyResolver  : Searching for key 'spring.freemarker.cache' in [systemEnvironment]
2017-05-25 12:24:41.963 DEBUG 4252 --- [           main] o.s.c.e.PropertySourcesPropertyResolver  : Searching for key 'spring.freemarker.cache' in [random]
2017-05-25 12:24:41.963 DEBUG 4252 --- [           main] o.s.c.e.PropertySourcesPropertyResolver  : Searching for key 'spring.freemarker.cache' in [integrationTest]
2017-05-25 12:24:41.963 DEBUG 4252 --- [           main] o.s.c.e.PropertySourcesPropertyResolver  : Searching for key 'spring.freemarker.cache' in [applicationConfigurationProperties]
2017-05-25 12:24:41.963 DEBUG 4252 --- [           main] o.s.c.e.PropertySourcesPropertyResolver  : Searching for key 'spring.freemarker.cache' in [refresh]
2017-05-25 12:24:41.963 DEBUG 4252 --- [           main] o.s.c.e.PropertySourcesPropertyResolver  : Found key 'spring.freemarker.cache' in [refresh] with type [String] and value 'false'
2017-05-25 12:24:41.964 DEBUG 4252 --- [           main] o.s.c.e.PropertySourcesPropertyResolver  : Searching for key 'spring.velocity.cache' in [systemProperties]
2017-05-25 12:24:41.964 DEBUG 4252 --- [           main] o.s.c.e.PropertySourcesPropertyResolver  : Searching for key 'spring.velocity.cache' in [systemEnvironment]
2017-05-25 12:24:41.964 DEBUG 4252 --- [           main] o.s.c.e.PropertySourcesPropertyResolver  : Searching for key 'spring.velocity.cache' in [random]
2017-05-25 12:24:41.964 DEBUG 4252 --- [           main] o.s.c.e.PropertySourcesPropertyResolver  : Searching for key 'spring.velocity.cache' in [integrationTest]
2017-05-25 12:24:41.964 DEBUG 4252 --- [           main] o.s.c.e.PropertySourcesPropertyResolver  : Searching for key 'spring.velocity.cache' in [applicationConfigurationProperties]
2017-05-25 12:24:41.964 DEBUG 4252 --- [           main] o.s.c.e.PropertySourcesPropertyResolver  : Searching for key 'spring.velocity.cache' in [refresh]
2017-05-25 12:24:41.964 DEBUG 4252 --- [           main] o.s.c.e.PropertySourcesPropertyResolver  : Found key 'spring.velocity.cache' in [refresh] with type [String] and value 'false'
2017-05-25 12:24:41.964 DEBUG 4252 --- [           main] o.s.c.e.PropertySourcesPropertyResolver  : Searching for key 'server.session.persistent' in [systemProperties]
2017-05-25 12:24:41.964 DEBUG 4252 --- [           main] o.s.c.e.PropertySourcesPropertyResolver  : Searching for key 'server.session.persistent' in [systemEnvironment]
2017-05-25 12:24:41.964 DEBUG 4252 --- [           main] o.s.c.e.PropertySourcesPropertyResolver  : Searching for key 'server.session.persistent' in [random]
2017-05-25 12:24:41.964 DEBUG 4252 --- [           main] o.s.c.e.PropertySourcesPropertyResolver  : Searching for key 'server.session.persistent' in [integrationTest]
2017-05-25 12:24:41.964 DEBUG 4252 --- [           main] o.s.c.e.PropertySourcesPropertyResolver  : Searching for key 'server.session.persistent' in [applicationConfigurationProperties]
2017-05-25 12:24:41.964 DEBUG 4252 --- [           main] o.s.c.e.PropertySourcesPropertyResolver  : Searching for key 'server.session.persistent' in [refresh]
2017-05-25 12:24:41.964 DEBUG 4252 --- [           main] o.s.c.e.PropertySourcesPropertyResolver  : Found key 'server.session.persistent' in [refresh] with type [String] and value 'true'
2017-05-25 12:24:41.972 DEBUG 4252 --- [           main] o.s.b.f.s.DefaultListableBeanFactory     : Returning cached instance of singleton bean 'autoConfigurationReport'
2017-05-25 12:24:41.972 DEBUG 4252 --- [           main] o.s.b.f.s.DefaultListableBeanFactory     : Returning cached instance of singleton bean 'autoConfigurationReport'
2017-05-25 12:24:41.972 DEBUG 4252 --- [           main] o.s.b.f.s.DefaultListableBeanFactory     : Returning cached instance of singleton bean 'autoConfigurationReport'
2017-05-25 12:24:41.973 DEBUG 4252 --- [           main] a.ConfigurationClassBeanDefinitionReader : Registered bean definition for imported class 'org.springframework.boot.autoconfigure.thymeleaf.ThymeleafAutoConfiguration$ThymeleafViewResolverConfiguration'
2017-05-25 12:24:41.973 DEBUG 4252 --- [           main] o.s.b.f.s.DefaultListableBeanFactory     : Returning cached instance of singleton bean 'autoConfigurationReport'
2017-05-25 12:24:41.973 DEBUG 4252 --- [           main] o.s.b.f.s.DefaultListableBeanFactory     : Returning cached instance of singleton bean 'autoConfigurationReport'
2017-05-25 12:24:41.973 DEBUG 4252 --- [           main] a.ConfigurationClassBeanDefinitionReader : Registering bean definition for @Bean method org.springframework.boot.autoconfigure.thymeleaf.ThymeleafAutoConfiguration$ThymeleafViewResolverConfiguration.thymeleafViewResolver()
2017-05-25 12:24:41.973 DEBUG 4252 --- [           main] o.s.b.f.s.DefaultListableBeanFactory     : Returning cached instance of singleton bean 'autoConfigurationReport'
2017-05-25 12:24:41.974 DEBUG 4252 --- [           main] a.ConfigurationClassBeanDefinitionReader : Registered bean definition for imported class 'org.springframework.boot.autoconfigure.thymeleaf.ThymeleafAutoConfiguration$ThymeleafSecurityDialectConfiguration'
2017-05-25 12:24:41.974 DEBUG 4252 --- [           main] o.s.b.f.s.DefaultListableBeanFactory     : Returning cached instance of singleton bean 'org.springframework.boot.autoconfigure.condition.BeanTypeRegistry'
2017-05-25 12:24:41.979 DEBUG 4252 --- [           main] o.s.b.f.s.DefaultListableBeanFactory     : Returning cached instance of singleton bean 'autoConfigurationReport'
2017-05-25 12:24:41.979 DEBUG 4252 --- [           main] o.s.b.f.s.DefaultListableBeanFactory     : Returning cached instance of singleton bean 'autoConfigurationReport'
2017-05-25 12:24:41.979 DEBUG 4252 --- [           main] a.ConfigurationClassBeanDefinitionReader : Registered bean definition for imported class 'org.springframework.boot.autoconfigure.thymeleaf.ThymeleafAutoConfiguration$ThymeleafWebLayoutConfiguration'
2017-05-25 12:24:41.980 DEBUG 4252 --- [           main] o.s.b.f.s.DefaultListableBeanFactory     : Returning cached instance of singleton bean 'org.springframework.boot.autoconfigure.condition.BeanTypeRegistry'
2017-05-25 12:24:41.980 DEBUG 4252 --- [           main] o.s.b.f.s.DefaultListableBeanFactory     : Returning cached instance of singleton bean 'autoConfigurationReport'
2017-05-25 12:24:41.981 DEBUG 4252 --- [           main] a.ConfigurationClassBeanDefinitionReader : Registering bean definition for @Bean method org.springframework.boot.autoconfigure.thymeleaf.ThymeleafAutoConfiguration$ThymeleafWebLayoutConfiguration.layoutDialect()
2017-05-25 12:24:41.981 DEBUG 4252 --- [           main] o.s.b.f.s.DefaultListableBeanFactory     : Returning cached instance of singleton bean 'org.springframework.boot.autoconfigure.condition.BeanTypeRegistry'
2017-05-25 12:24:41.981 DEBUG 4252 --- [           main] o.s.b.f.s.DefaultListableBeanFactory     : Returning cached instance of singleton bean 'autoConfigurationReport'
2017-05-25 12:24:41.981 DEBUG 4252 --- [           main] a.ConfigurationClassBeanDefinitionReader : Registered bean definition for imported class 'org.springframework.boot.autoconfigure.thymeleaf.ThymeleafAutoConfiguration$ThymeleafDefaultConfiguration'
2017-05-25 12:24:41.981 DEBUG 4252 --- [           main] a.ConfigurationClassBeanDefinitionReader : Registering bean definition for @Bean method org.springframework.boot.autoconfigure.thymeleaf.ThymeleafAutoConfiguration$ThymeleafDefaultConfiguration.templateEngine()
2017-05-25 12:24:41.981 DEBUG 4252 --- [           main] o.s.b.f.s.DefaultListableBeanFactory     : Returning cached instance of singleton bean 'autoConfigurationReport'
2017-05-25 12:24:41.981 DEBUG 4252 --- [           main] a.ConfigurationClassBeanDefinitionReader : Registered bean definition for imported class 'org.springframework.boot.autoconfigure.thymeleaf.ThymeleafAutoConfiguration$DefaultTemplateResolverConfiguration'
2017-05-25 12:24:41.982 DEBUG 4252 --- [           main] a.ConfigurationClassBeanDefinitionReader : Registering bean definition for @Bean method org.springframework.boot.autoconfigure.thymeleaf.ThymeleafAutoConfiguration$DefaultTemplateResolverConfiguration.defaultTemplateResolver()
2017-05-25 12:24:41.982 DEBUG 4252 --- [           main] a.ConfigurationClassBeanDefinitionReader : Registering bean definition for @Bean method org.springframework.boot.autoconfigure.thymeleaf.ThymeleafAutoConfiguration$DefaultTemplateResolverConfiguration.thymeleafResourceResolver()
2017-05-25 12:24:41.982 DEBUG 4252 --- [           main] a.ConfigurationClassBeanDefinitionReader : Registered bean definition for imported class 'org.springframework.boot.autoconfigure.thymeleaf.ThymeleafAutoConfiguration'
2017-05-25 12:24:41.986 DEBUG 4252 --- [           main] o.s.b.f.s.DefaultListableBeanFactory     : Returning cached instance of singleton bean 'autoConfigurationReport'
2017-05-25 12:24:41.986 DEBUG 4252 --- [           main] o.s.b.f.s.DefaultListableBeanFactory     : Returning cached instance of singleton bean 'autoConfigurationReport'
2017-05-25 12:24:41.986 DEBUG 4252 --- [           main] a.ConfigurationClassBeanDefinitionReader : Registered bean definition for imported class 'org.springframework.boot.autoconfigure.security.SecurityFilterAutoConfiguration'
2017-05-25 12:24:41.986 DEBUG 4252 --- [           main] o.s.b.f.s.DefaultListableBeanFactory     : Returning cached instance of singleton bean 'autoConfigurationReport'
2017-05-25 12:24:41.986 DEBUG 4252 --- [           main] a.ConfigurationClassBeanDefinitionReader : Registering bean definition for @Bean method org.springframework.boot.autoconfigure.security.SecurityFilterAutoConfiguration.securityFilterChainRegistration()
2017-05-25 12:24:41.989 DEBUG 4252 --- [           main] o.s.b.f.s.DefaultListableBeanFactory     : Returning cached instance of singleton bean 'org.springframework.boot.autoconfigure.condition.BeanTypeRegistry'
2017-05-25 12:24:41.995 DEBUG 4252 --- [           main] o.s.b.f.s.DefaultListableBeanFactory     : Returning cached instance of singleton bean 'autoConfigurationReport'
2017-05-25 12:24:41.995 DEBUG 4252 --- [           main] o.s.b.f.s.DefaultListableBeanFactory     : Returning cached instance of singleton bean 'autoConfigurationReport'
2017-05-25 12:24:41.995 DEBUG 4252 --- [           main] o.s.b.f.s.DefaultListableBeanFactory     : Returning cached instance of singleton bean 'org.springframework.boot.autoconfigure.condition.BeanTypeRegistry'
2017-05-25 12:24:41.995 DEBUG 4252 --- [           main] o.s.b.f.s.DefaultListableBeanFactory     : Returning cached instance of singleton bean 'autoConfigurationReport'
2017-05-25 12:24:41.996 DEBUG 4252 --- [           main] a.ConfigurationClassBeanDefinitionReader : Registered bean definition for imported class 'org.springframework.boot.autoconfigure.transaction.TransactionAutoConfiguration'
2017-05-25 12:24:41.997 DEBUG 4252 --- [           main] o.s.b.f.s.DefaultListableBeanFactory     : Returning cached instance of singleton bean 'org.springframework.boot.autoconfigure.condition.BeanTypeRegistry'
2017-05-25 12:24:41.997 DEBUG 4252 --- [           main] o.s.b.f.s.DefaultListableBeanFactory     : Returning cached instance of singleton bean 'autoConfigurationReport'
2017-05-25 12:24:41.998 DEBUG 4252 --- [           main] a.ConfigurationClassBeanDefinitionReader : Registering bean definition for @Bean method org.springframework.boot.autoconfigure.transaction.TransactionAutoConfiguration.transactionTemplate()
2017-05-25 12:24:41.998 DEBUG 4252 --- [           main] o.s.b.f.s.DefaultListableBeanFactory     : Returning cached instance of singleton bean 'autoConfigurationReport'
2017-05-25 12:24:41.998 DEBUG 4252 --- [           main] o.s.b.f.s.DefaultListableBeanFactory     : Returning cached instance of singleton bean 'autoConfigurationReport'
2017-05-25 12:24:41.999 DEBUG 4252 --- [           main] a.ConfigurationClassBeanDefinitionReader : Registered bean definition for imported class 'org.springframework.boot.autoconfigure.web.HttpEncodingAutoConfiguration'
2017-05-25 12:24:41.999 DEBUG 4252 --- [           main] o.s.b.f.s.DefaultListableBeanFactory     : Returning cached instance of singleton bean 'org.springframework.boot.autoconfigure.condition.BeanTypeRegistry'
2017-05-25 12:24:42.000 DEBUG 4252 --- [           main] o.s.b.f.s.DefaultListableBeanFactory     : Returning cached instance of singleton bean 'autoConfigurationReport'
2017-05-25 12:24:42.000 DEBUG 4252 --- [           main] a.ConfigurationClassBeanDefinitionReader : Registering bean definition for @Bean method org.springframework.boot.autoconfigure.web.HttpEncodingAutoConfiguration.characterEncodingFilter()
2017-05-25 12:24:42.000 DEBUG 4252 --- [           main] o.s.b.f.s.DefaultListableBeanFactory     : Returning cached instance of singleton bean 'autoConfigurationReport'
2017-05-25 12:24:42.000 DEBUG 4252 --- [           main] o.s.b.f.s.DefaultListableBeanFactory     : Returning cached instance of singleton bean 'autoConfigurationReport'
2017-05-25 12:24:42.000 DEBUG 4252 --- [           main] a.ConfigurationClassBeanDefinitionReader : Registered bean definition for imported class 'org.springframework.boot.autoconfigure.web.MultipartAutoConfiguration'
2017-05-25 12:24:42.001 DEBUG 4252 --- [           main] o.s.b.f.s.DefaultListableBeanFactory     : Returning cached instance of singleton bean 'org.springframework.boot.autoconfigure.condition.BeanTypeRegistry'
2017-05-25 12:24:42.008 DEBUG 4252 --- [           main] o.s.b.f.s.DefaultListableBeanFactory     : Returning cached instance of singleton bean 'autoConfigurationReport'
2017-05-25 12:24:42.008 DEBUG 4252 --- [           main] a.ConfigurationClassBeanDefinitionReader : Registering bean definition for @Bean method org.springframework.boot.autoconfigure.web.MultipartAutoConfiguration.multipartConfigElement()
2017-05-25 12:24:42.008 DEBUG 4252 --- [           main] o.s.b.f.s.DefaultListableBeanFactory     : Returning cached instance of singleton bean 'org.springframework.boot.autoconfigure.condition.BeanTypeRegistry'
2017-05-25 12:24:42.009 DEBUG 4252 --- [           main] o.s.b.f.s.DefaultListableBeanFactory     : Returning cached instance of singleton bean 'autoConfigurationReport'
2017-05-25 12:24:42.010 DEBUG 4252 --- [           main] a.ConfigurationClassBeanDefinitionReader : Registering bean definition for @Bean method org.springframework.boot.autoconfigure.web.MultipartAutoConfiguration.multipartResolver()
2017-05-25 12:24:42.010 DEBUG 4252 --- [           main] o.s.b.f.s.DefaultListableBeanFactory     : Returning cached instance of singleton bean 'autoConfigurationReport'
2017-05-25 12:24:42.010 DEBUG 4252 --- [           main] a.ConfigurationClassBeanDefinitionReader : Registered bean definition for imported class 'org.springframework.boot.autoconfigure.web.ServerPropertiesAutoConfiguration'
2017-05-25 12:24:42.012 DEBUG 4252 --- [           main] o.s.b.f.s.DefaultListableBeanFactory     : Returning cached instance of singleton bean 'org.springframework.boot.autoconfigure.condition.BeanTypeRegistry'
2017-05-25 12:24:42.013 DEBUG 4252 --- [           main] o.s.b.f.s.DefaultListableBeanFactory     : Returning cached instance of singleton bean 'autoConfigurationReport'
2017-05-25 12:24:42.013 DEBUG 4252 --- [           main] a.ConfigurationClassBeanDefinitionReader : Registering bean definition for @Bean method org.springframework.boot.autoconfigure.web.ServerPropertiesAutoConfiguration.serverProperties()
2017-05-25 12:24:42.013 DEBUG 4252 --- [           main] a.ConfigurationClassBeanDefinitionReader : Registering bean definition for @Bean method org.springframework.boot.autoconfigure.web.ServerPropertiesAutoConfiguration.duplicateServerPropertiesDetector()
2017-05-25 12:24:42.017 DEBUG 4252 --- [           main] o.s.b.f.s.DefaultListableBeanFactory     : Returning cached instance of singleton bean 'autoConfigurationReport'
2017-05-25 12:24:42.217 DEBUG 4252 --- [           main] o.s.c.a.ConfigurationClassEnhancer       : Successfully enhanced org.stacksonstacks.StacksApplication; enhanced class name is: org.stacksonstacks.StacksApplication$$EnhancerBySpringCGLIB$$1e3a4638
2017-05-25 12:24:42.217 DEBUG 4252 --- [           main] o.s.c.a.ConfigurationClassPostProcessor  : Replacing bean definition 'stacksApplication' existing class 'org.stacksonstacks.StacksApplication' with enhanced class 'org.stacksonstacks.StacksApplication$$EnhancerBySpringCGLIB$$1e3a4638'
2017-05-25 12:24:42.222 DEBUG 4252 --- [           main] o.s.c.a.ConfigurationClassEnhancer       : Successfully enhanced org.stacksonstacks.config.ProdDataSourceConfig; enhanced class name is: org.stacksonstacks.config.ProdDataSourceConfig$$EnhancerBySpringCGLIB$$f462601d
2017-05-25 12:24:42.222 DEBUG 4252 --- [           main] o.s.c.a.ConfigurationClassPostProcessor  : Replacing bean definition 'prodDataSourceConfig' existing class 'org.stacksonstacks.config.ProdDataSourceConfig' with enhanced class 'org.stacksonstacks.config.ProdDataSourceConfig$$EnhancerBySpringCGLIB$$f462601d'
2017-05-25 12:24:42.233 DEBUG 4252 --- [           main] o.s.c.a.ConfigurationClassEnhancer       : Successfully enhanced org.stacksonstacks.config.SecurityConfig; enhanced class name is: org.stacksonstacks.config.SecurityConfig$$EnhancerBySpringCGLIB$$eab91381
2017-05-25 12:24:42.233 DEBUG 4252 --- [           main] o.s.c.a.ConfigurationClassPostProcessor  : Replacing bean definition 'securityConfig' existing class 'org.stacksonstacks.config.SecurityConfig' with enhanced class 'org.stacksonstacks.config.SecurityConfig$$EnhancerBySpringCGLIB$$eab91381'
2017-05-25 12:24:42.237 DEBUG 4252 --- [           main] o.s.c.a.ConfigurationClassEnhancer       : Successfully enhanced org.stacksonstacks.config.ThymeleafConfig; enhanced class name is: org.stacksonstacks.config.ThymeleafConfig$$EnhancerBySpringCGLIB$$355745c2
2017-05-25 12:24:42.237 DEBUG 4252 --- [           main] o.s.c.a.ConfigurationClassPostProcessor  : Replacing bean definition 'thymeleafConfig' existing class 'org.stacksonstacks.config.ThymeleafConfig' with enhanced class 'org.stacksonstacks.config.ThymeleafConfig$$EnhancerBySpringCGLIB$$355745c2'
2017-05-25 12:24:42.240 DEBUG 4252 --- [           main] o.s.c.a.ConfigurationClassEnhancer       : Successfully enhanced org.springframework.security.config.annotation.authentication.configuration.AuthenticationConfiguration; enhanced class name is: org.springframework.security.config.annotation.authentication.configuration.AuthenticationConfiguration$$EnhancerBySpringCGLIB$$305efdec
2017-05-25 12:24:42.240 DEBUG 4252 --- [           main] o.s.c.a.ConfigurationClassPostProcessor  : Replacing bean definition 'org.springframework.security.config.annotation.authentication.configuration.AuthenticationConfiguration' existing class 'org.springframework.security.config.annotation.authentication.configuration.AuthenticationConfiguration' with enhanced class 'org.springframework.security.config.annotation.authentication.configuration.AuthenticationConfiguration$$EnhancerBySpringCGLIB$$305efdec'
2017-05-25 12:24:42.240 DEBUG 4252 --- [           main] o.s.c.a.ConfigurationClassEnhancer       : Successfully enhanced org.springframework.security.config.annotation.authentication.configuration.AuthenticationConfiguration; enhanced class name is: org.springframework.security.config.annotation.authentication.configuration.AuthenticationConfiguration$$EnhancerBySpringCGLIB$$305efdec
2017-05-25 12:24:42.240 DEBUG 4252 --- [           main] o.s.c.a.ConfigurationClassPostProcessor  : Replacing bean definition 'enableGlobalAuthenticationAutowiredConfigurer' existing class 'org.springframework.security.config.annotation.authentication.configuration.AuthenticationConfiguration' with enhanced class 'org.springframework.security.config.annotation.authentication.configuration.AuthenticationConfiguration$$EnhancerBySpringCGLIB$$305efdec'
2017-05-25 12:24:42.245 DEBUG 4252 --- [           main] o.s.c.a.ConfigurationClassEnhancer       : Successfully enhanced org.springframework.security.config.annotation.method.configuration.GlobalMethodSecurityConfiguration; enhanced class name is: org.springframework.security.config.annotation.method.configuration.GlobalMethodSecurityConfiguration$$EnhancerBySpringCGLIB$$96a9629
2017-05-25 12:24:42.246 DEBUG 4252 --- [           main] o.s.c.a.ConfigurationClassPostProcessor  : Replacing bean definition 'org.springframework.security.config.annotation.method.configuration.GlobalMethodSecurityConfiguration' existing class 'org.springframework.security.config.annotation.method.configuration.GlobalMethodSecurityConfiguration' with enhanced class 'org.springframework.security.config.annotation.method.configuration.GlobalMethodSecurityConfiguration$$EnhancerBySpringCGLIB$$96a9629'
2017-05-25 12:24:42.248 DEBUG 4252 --- [           main] o.s.c.a.ConfigurationClassEnhancer       : Successfully enhanced org.springframework.security.config.annotation.configuration.ObjectPostProcessorConfiguration; enhanced class name is: org.springframework.security.config.annotation.configuration.ObjectPostProcessorConfiguration$$EnhancerBySpringCGLIB$$e495f377
2017-05-25 12:24:42.248 DEBUG 4252 --- [           main] o.s.c.a.ConfigurationClassPostProcessor  : Replacing bean definition 'org.springframework.security.config.annotation.configuration.ObjectPostProcessorConfiguration' existing class 'org.springframework.security.config.annotation.configuration.ObjectPostProcessorConfiguration' with enhanced class 'org.springframework.security.config.annotation.configuration.ObjectPostProcessorConfiguration$$EnhancerBySpringCGLIB$$e495f377'
2017-05-25 12:24:42.256 DEBUG 4252 --- [           main] o.s.c.a.ConfigurationClassEnhancer       : Successfully enhanced org.springframework.transaction.annotation.ProxyTransactionManagementConfiguration; enhanced class name is: org.springframework.transaction.annotation.ProxyTransactionManagementConfiguration$$EnhancerBySpringCGLIB$$4be82b3d
2017-05-25 12:24:42.256 DEBUG 4252 --- [           main] o.s.c.a.ConfigurationClassPostProcessor  : Replacing bean definition 'org.springframework.transaction.annotation.ProxyTransactionManagementConfiguration' existing class 'org.springframework.transaction.annotation.ProxyTransactionManagementConfiguration' with enhanced class 'org.springframework.transaction.annotation.ProxyTransactionManagementConfiguration$$EnhancerBySpringCGLIB$$4be82b3d'
2017-05-25 12:24:42.261 DEBUG 4252 --- [           main] o.s.c.a.ConfigurationClassEnhancer       : Successfully enhanced org.springframework.boot.autoconfigure.PropertyPlaceholderAutoConfiguration; enhanced class name is: org.springframework.boot.autoconfigure.PropertyPlaceholderAutoConfiguration$$EnhancerBySpringCGLIB$$3c4d3b7
2017-05-25 12:24:42.261 DEBUG 4252 --- [           main] o.s.c.a.ConfigurationClassPostProcessor  : Replacing bean definition 'org.springframework.boot.autoconfigure.PropertyPlaceholderAutoConfiguration' existing class 'org.springframework.boot.autoconfigure.PropertyPlaceholderAutoConfiguration' with enhanced class 'org.springframework.boot.autoconfigure.PropertyPlaceholderAutoConfiguration$$EnhancerBySpringCGLIB$$3c4d3b7'
2017-05-25 12:24:42.261 DEBUG 4252 --- [           main] o.s.c.a.ConfigurationClassEnhancer       : Successfully enhanced org.springframework.boot.autoconfigure.PropertyPlaceholderAutoConfiguration; enhanced class name is: org.springframework.boot.autoconfigure.PropertyPlaceholderAutoConfiguration$$EnhancerBySpringCGLIB$$3c4d3b7
2017-05-25 12:24:42.261 DEBUG 4252 --- [           main] o.s.c.a.ConfigurationClassPostProcessor  : Replacing bean definition 'propertySourcesPlaceholderConfigurer' existing class 'org.springframework.boot.autoconfigure.PropertyPlaceholderAutoConfiguration' with enhanced class 'org.springframework.boot.autoconfigure.PropertyPlaceholderAutoConfiguration$$EnhancerBySpringCGLIB$$3c4d3b7'
2017-05-25 12:24:42.274 DEBUG 4252 --- [           main] o.s.c.a.ConfigurationClassEnhancer       : Successfully enhanced org.springframework.boot.autoconfigure.websocket.WebSocketAutoConfiguration$TomcatWebSocketConfiguration; enhanced class name is: org.springframework.boot.autoconfigure.websocket.WebSocketAutoConfiguration$TomcatWebSocketConfiguration$$EnhancerBySpringCGLIB$$7abaab66
2017-05-25 12:24:42.274 DEBUG 4252 --- [           main] o.s.c.a.ConfigurationClassPostProcessor  : Replacing bean definition 'org.springframework.boot.autoconfigure.websocket.WebSocketAutoConfiguration$TomcatWebSocketConfiguration' existing class 'org.springframework.boot.autoconfigure.websocket.WebSocketAutoConfiguration$TomcatWebSocketConfiguration' with enhanced class 'org.springframework.boot.autoconfigure.websocket.WebSocketAutoConfiguration$TomcatWebSocketConfiguration$$EnhancerBySpringCGLIB$$7abaab66'
2017-05-25 12:24:42.276 DEBUG 4252 --- [           main] o.s.c.a.ConfigurationClassEnhancer       : Successfully enhanced org.springframework.boot.autoconfigure.websocket.WebSocketAutoConfiguration; enhanced class name is: org.springframework.boot.autoconfigure.websocket.WebSocketAutoConfiguration$$EnhancerBySpringCGLIB$$5e98bf95
2017-05-25 12:24:42.277 DEBUG 4252 --- [           main] o.s.c.a.ConfigurationClassPostProcessor  : Replacing bean definition 'org.springframework.boot.autoconfigure.websocket.WebSocketAutoConfiguration' existing class 'org.springframework.boot.autoconfigure.websocket.WebSocketAutoConfiguration' with enhanced class 'org.springframework.boot.autoconfigure.websocket.WebSocketAutoConfiguration$$EnhancerBySpringCGLIB$$5e98bf95'
2017-05-25 12:24:42.282 DEBUG 4252 --- [           main] o.s.c.a.ConfigurationClassEnhancer       : Successfully enhanced org.springframework.boot.autoconfigure.web.EmbeddedServletContainerAutoConfiguration$EmbeddedTomcat; enhanced class name is: org.springframework.boot.autoconfigure.web.EmbeddedServletContainerAutoConfiguration$EmbeddedTomcat$$EnhancerBySpringCGLIB$$ff6b6e59
2017-05-25 12:24:42.282 DEBUG 4252 --- [           main] o.s.c.a.ConfigurationClassPostProcessor  : Replacing bean definition 'org.springframework.boot.autoconfigure.web.EmbeddedServletContainerAutoConfiguration$EmbeddedTomcat' existing class 'org.springframework.boot.autoconfigure.web.EmbeddedServletContainerAutoConfiguration$EmbeddedTomcat' with enhanced class 'org.springframework.boot.autoconfigure.web.EmbeddedServletContainerAutoConfiguration$EmbeddedTomcat$$EnhancerBySpringCGLIB$$ff6b6e59'
2017-05-25 12:24:42.284 DEBUG 4252 --- [           main] o.s.c.a.ConfigurationClassEnhancer       : Successfully enhanced org.springframework.boot.autoconfigure.web.EmbeddedServletContainerAutoConfiguration; enhanced class name is: org.springframework.boot.autoconfigure.web.EmbeddedServletContainerAutoConfiguration$$EnhancerBySpringCGLIB$$b854fb7d
2017-05-25 12:24:42.284 DEBUG 4252 --- [           main] o.s.c.a.ConfigurationClassPostProcessor  : Replacing bean definition 'org.springframework.boot.autoconfigure.web.EmbeddedServletContainerAutoConfiguration' existing class 'org.springframework.boot.autoconfigure.web.EmbeddedServletContainerAutoConfiguration' with enhanced class 'org.springframework.boot.autoconfigure.web.EmbeddedServletContainerAutoConfiguration$$EnhancerBySpringCGLIB$$b854fb7d'
2017-05-25 12:24:42.290 DEBUG 4252 --- [           main] o.s.c.a.ConfigurationClassEnhancer       : Successfully enhanced org.springframework.boot.autoconfigure.web.DispatcherServletAutoConfiguration$DispatcherServletConfiguration; enhanced class name is: org.springframework.boot.autoconfigure.web.DispatcherServletAutoConfiguration$DispatcherServletConfiguration$$EnhancerBySpringCGLIB$$f24dda8f
2017-05-25 12:24:42.290 DEBUG 4252 --- [           main] o.s.c.a.ConfigurationClassPostProcessor  : Replacing bean definition 'org.springframework.boot.autoconfigure.web.DispatcherServletAutoConfiguration$DispatcherServletConfiguration' existing class 'org.springframework.boot.autoconfigure.web.DispatcherServletAutoConfiguration$DispatcherServletConfiguration' with enhanced class 'org.springframework.boot.autoconfigure.web.DispatcherServletAutoConfiguration$DispatcherServletConfiguration$$EnhancerBySpringCGLIB$$f24dda8f'
2017-05-25 12:24:42.292 DEBUG 4252 --- [           main] o.s.c.a.ConfigurationClassEnhancer       : Successfully enhanced org.springframework.boot.autoconfigure.web.DispatcherServletAutoConfiguration; enhanced class name is: org.springframework.boot.autoconfigure.web.DispatcherServletAutoConfiguration$$EnhancerBySpringCGLIB$$415c6d91
2017-05-25 12:24:42.292 DEBUG 4252 --- [           main] o.s.c.a.ConfigurationClassPostProcessor  : Replacing bean definition 'org.springframework.boot.autoconfigure.web.DispatcherServletAutoConfiguration' existing class 'org.springframework.boot.autoconfigure.web.DispatcherServletAutoConfiguration' with enhanced class 'org.springframework.boot.autoconfigure.web.DispatcherServletAutoConfiguration$$EnhancerBySpringCGLIB$$415c6d91'
2017-05-25 12:24:42.295 DEBUG 4252 --- [           main] o.s.c.a.ConfigurationClassEnhancer       : Successfully enhanced org.springframework.boot.autoconfigure.web.ErrorMvcAutoConfiguration; enhanced class name is: org.springframework.boot.autoconfigure.web.ErrorMvcAutoConfiguration$$EnhancerBySpringCGLIB$$1e33531
2017-05-25 12:24:42.296 DEBUG 4252 --- [           main] o.s.c.a.ConfigurationClassPostProcessor  : Replacing bean definition 'org.springframework.boot.autoconfigure.web.ErrorMvcAutoConfiguration' existing class 'org.springframework.boot.autoconfigure.web.ErrorMvcAutoConfiguration' with enhanced class 'org.springframework.boot.autoconfigure.web.ErrorMvcAutoConfiguration$$EnhancerBySpringCGLIB$$1e33531'
2017-05-25 12:24:42.296 DEBUG 4252 --- [           main] o.s.c.a.ConfigurationClassEnhancer       : Successfully enhanced org.springframework.boot.autoconfigure.web.ErrorMvcAutoConfiguration; enhanced class name is: org.springframework.boot.autoconfigure.web.ErrorMvcAutoConfiguration$$EnhancerBySpringCGLIB$$1e33531
2017-05-25 12:24:42.296 DEBUG 4252 --- [           main] o.s.c.a.ConfigurationClassPostProcessor  : Replacing bean definition 'preserveErrorControllerTargetClassPostProcessor' existing class 'org.springframework.boot.autoconfigure.web.ErrorMvcAutoConfiguration' with enhanced class 'org.springframework.boot.autoconfigure.web.ErrorMvcAutoConfiguration$$EnhancerBySpringCGLIB$$1e33531'
2017-05-25 12:24:42.307 DEBUG 4252 --- [           main] o.s.c.a.ConfigurationClassEnhancer       : Successfully enhanced org.springframework.boot.autoconfigure.web.WebMvcAutoConfiguration$EnableWebMvcConfiguration; enhanced class name is: org.springframework.boot.autoconfigure.web.WebMvcAutoConfiguration$EnableWebMvcConfiguration$$EnhancerBySpringCGLIB$$a315cd46
2017-05-25 12:24:42.307 DEBUG 4252 --- [           main] o.s.c.a.ConfigurationClassPostProcessor  : Replacing bean definition 'org.springframework.boot.autoconfigure.web.WebMvcAutoConfiguration$EnableWebMvcConfiguration' existing class 'org.springframework.boot.autoconfigure.web.WebMvcAutoConfiguration$EnableWebMvcConfiguration' with enhanced class 'org.springframework.boot.autoconfigure.web.WebMvcAutoConfiguration$EnableWebMvcConfiguration$$EnhancerBySpringCGLIB$$a315cd46'
2017-05-25 12:24:42.310 DEBUG 4252 --- [           main] o.s.c.a.ConfigurationClassEnhancer       : Successfully enhanced org.springframework.boot.autoconfigure.web.WebMvcAutoConfiguration$WebMvcAutoConfigurationAdapter$FaviconConfiguration; enhanced class name is: org.springframework.boot.autoconfigure.web.WebMvcAutoConfiguration$WebMvcAutoConfigurationAdapter$FaviconConfiguration$$EnhancerBySpringCGLIB$$84055731
2017-05-25 12:24:42.310 DEBUG 4252 --- [           main] o.s.c.a.ConfigurationClassPostProcessor  : Replacing bean definition 'org.springframework.boot.autoconfigure.web.WebMvcAutoConfiguration$WebMvcAutoConfigurationAdapter$FaviconConfiguration' existing class 'org.springframework.boot.autoconfigure.web.WebMvcAutoConfiguration$WebMvcAutoConfigurationAdapter$FaviconConfiguration' with enhanced class 'org.springframework.boot.autoconfigure.web.WebMvcAutoConfiguration$WebMvcAutoConfigurationAdapter$FaviconConfiguration$$EnhancerBySpringCGLIB$$84055731'
2017-05-25 12:24:42.317 DEBUG 4252 --- [           main] o.s.c.a.ConfigurationClassEnhancer       : Successfully enhanced org.springframework.boot.autoconfigure.web.WebMvcAutoConfiguration$WebMvcAutoConfigurationAdapter; enhanced class name is: org.springframework.boot.autoconfigure.web.WebMvcAutoConfiguration$WebMvcAutoConfigurationAdapter$$EnhancerBySpringCGLIB$$36eb82b9
2017-05-25 12:24:42.317 DEBUG 4252 --- [           main] o.s.c.a.ConfigurationClassPostProcessor  : Replacing bean definition 'org.springframework.boot.autoconfigure.web.WebMvcAutoConfiguration$WebMvcAutoConfigurationAdapter' existing class 'org.springframework.boot.autoconfigure.web.WebMvcAutoConfiguration$WebMvcAutoConfigurationAdapter' with enhanced class 'org.springframework.boot.autoconfigure.web.WebMvcAutoConfiguration$WebMvcAutoConfigurationAdapter$$EnhancerBySpringCGLIB$$36eb82b9'
2017-05-25 12:24:42.320 DEBUG 4252 --- [           main] o.s.c.a.ConfigurationClassEnhancer       : Successfully enhanced org.springframework.boot.autoconfigure.web.WebMvcAutoConfiguration; enhanced class name is: org.springframework.boot.autoconfigure.web.WebMvcAutoConfiguration$$EnhancerBySpringCGLIB$$bb25147d
2017-05-25 12:24:42.320 DEBUG 4252 --- [           main] o.s.c.a.ConfigurationClassPostProcessor  : Replacing bean definition 'org.springframework.boot.autoconfigure.web.WebMvcAutoConfiguration' existing class 'org.springframework.boot.autoconfigure.web.WebMvcAutoConfiguration' with enhanced class 'org.springframework.boot.autoconfigure.web.WebMvcAutoConfiguration$$EnhancerBySpringCGLIB$$bb25147d'
2017-05-25 12:24:42.324 DEBUG 4252 --- [           main] o.s.c.a.ConfigurationClassEnhancer       : Successfully enhanced org.springframework.boot.autoconfigure.aop.AopAutoConfiguration$JdkDynamicAutoProxyConfiguration; enhanced class name is: org.springframework.boot.autoconfigure.aop.AopAutoConfiguration$JdkDynamicAutoProxyConfiguration$$EnhancerBySpringCGLIB$$db5972ae
2017-05-25 12:24:42.324 DEBUG 4252 --- [           main] o.s.c.a.ConfigurationClassPostProcessor  : Replacing bean definition 'org.springframework.boot.autoconfigure.aop.AopAutoConfiguration$JdkDynamicAutoProxyConfiguration' existing class 'org.springframework.boot.autoconfigure.aop.AopAutoConfiguration$JdkDynamicAutoProxyConfiguration' with enhanced class 'org.springframework.boot.autoconfigure.aop.AopAutoConfiguration$JdkDynamicAutoProxyConfiguration$$EnhancerBySpringCGLIB$$db5972ae'
2017-05-25 12:24:42.330 DEBUG 4252 --- [           main] o.s.c.a.ConfigurationClassEnhancer       : Successfully enhanced org.springframework.boot.autoconfigure.aop.AopAutoConfiguration; enhanced class name is: org.springframework.boot.autoconfigure.aop.AopAutoConfiguration$$EnhancerBySpringCGLIB$$973ea9ff
2017-05-25 12:24:42.330 DEBUG 4252 --- [           main] o.s.c.a.ConfigurationClassPostProcessor  : Replacing bean definition 'org.springframework.boot.autoconfigure.aop.AopAutoConfiguration' existing class 'org.springframework.boot.autoconfigure.aop.AopAutoConfiguration' with enhanced class 'org.springframework.boot.autoconfigure.aop.AopAutoConfiguration$$EnhancerBySpringCGLIB$$973ea9ff'
2017-05-25 12:24:42.336 DEBUG 4252 --- [           main] o.s.c.a.ConfigurationClassEnhancer       : Successfully enhanced org.springframework.boot.autoconfigure.jdbc.DataSourceAutoConfiguration$JdbcTemplateConfiguration; enhanced class name is: org.springframework.boot.autoconfigure.jdbc.DataSourceAutoConfiguration$JdbcTemplateConfiguration$$EnhancerBySpringCGLIB$$8a6c9c1a
2017-05-25 12:24:42.336 DEBUG 4252 --- [           main] o.s.c.a.ConfigurationClassPostProcessor  : Replacing bean definition 'org.springframework.boot.autoconfigure.jdbc.DataSourceAutoConfiguration$JdbcTemplateConfiguration' existing class 'org.springframework.boot.autoconfigure.jdbc.DataSourceAutoConfiguration$JdbcTemplateConfiguration' with enhanced class 'org.springframework.boot.autoconfigure.jdbc.DataSourceAutoConfiguration$JdbcTemplateConfiguration$$EnhancerBySpringCGLIB$$8a6c9c1a'
2017-05-25 12:24:42.344 DEBUG 4252 --- [           main] o.s.c.a.ConfigurationClassEnhancer       : Successfully enhanced org.springframework.boot.autoconfigure.jdbc.DataSourceAutoConfiguration$DataSourceInitializerConfiguration; enhanced class name is: org.springframework.boot.autoconfigure.jdbc.DataSourceAutoConfiguration$DataSourceInitializerConfiguration$$EnhancerBySpringCGLIB$$ff9e7564
2017-05-25 12:24:42.344 DEBUG 4252 --- [           main] o.s.c.a.ConfigurationClassPostProcessor  : Replacing bean definition 'org.springframework.boot.autoconfigure.jdbc.DataSourceAutoConfiguration$DataSourceInitializerConfiguration' existing class 'org.springframework.boot.autoconfigure.jdbc.DataSourceAutoConfiguration$DataSourceInitializerConfiguration' with enhanced class 'org.springframework.boot.autoconfigure.jdbc.DataSourceAutoConfiguration$DataSourceInitializerConfiguration$$EnhancerBySpringCGLIB$$ff9e7564'
2017-05-25 12:24:42.356 DEBUG 4252 --- [           main] o.s.c.a.ConfigurationClassEnhancer       : Successfully enhanced org.springframework.boot.autoconfigure.jdbc.metadata.DataSourcePoolMetadataProvidersConfiguration$HikariPoolDataSourceMetadataProviderConfiguration; enhanced class name is: org.springframework.boot.autoconfigure.jdbc.metadata.DataSourcePoolMetadataProvidersConfiguration$HikariPoolDataSourceMetadataProviderConfiguration$$EnhancerBySpringCGLIB$$ac3f5321
2017-05-25 12:24:42.356 DEBUG 4252 --- [           main] o.s.c.a.ConfigurationClassPostProcessor  : Replacing bean definition 'org.springframework.boot.autoconfigure.jdbc.metadata.DataSourcePoolMetadataProvidersConfiguration$HikariPoolDataSourceMetadataProviderConfiguration' existing class 'org.springframework.boot.autoconfigure.jdbc.metadata.DataSourcePoolMetadataProvidersConfiguration$HikariPoolDataSourceMetadataProviderConfiguration' with enhanced class 'org.springframework.boot.autoconfigure.jdbc.metadata.DataSourcePoolMetadataProvidersConfiguration$HikariPoolDataSourceMetadataProviderConfiguration$$EnhancerBySpringCGLIB$$ac3f5321'
2017-05-25 12:24:42.359 DEBUG 4252 --- [           main] o.s.c.a.ConfigurationClassEnhancer       : Successfully enhanced org.springframework.boot.autoconfigure.jdbc.metadata.DataSourcePoolMetadataProvidersConfiguration$TomcatDataSourcePoolMetadataProviderConfiguration; enhanced class name is: org.springframework.boot.autoconfigure.jdbc.metadata.DataSourcePoolMetadataProvidersConfiguration$TomcatDataSourcePoolMetadataProviderConfiguration$$EnhancerBySpringCGLIB$$ab4e196b
2017-05-25 12:24:42.359 DEBUG 4252 --- [           main] o.s.c.a.ConfigurationClassPostProcessor  : Replacing bean definition 'org.springframework.boot.autoconfigure.jdbc.metadata.DataSourcePoolMetadataProvidersConfiguration$TomcatDataSourcePoolMetadataProviderConfiguration' existing class 'org.springframework.boot.autoconfigure.jdbc.metadata.DataSourcePoolMetadataProvidersConfiguration$TomcatDataSourcePoolMetadataProviderConfiguration' with enhanced class 'org.springframework.boot.autoconfigure.jdbc.metadata.DataSourcePoolMetadataProvidersConfiguration$TomcatDataSourcePoolMetadataProviderConfiguration$$EnhancerBySpringCGLIB$$ab4e196b'
2017-05-25 12:24:42.374 DEBUG 4252 --- [           main] o.s.c.a.ConfigurationClassEnhancer       : Successfully enhanced org.springframework.boot.autoconfigure.jdbc.metadata.DataSourcePoolMetadataProvidersConfiguration; enhanced class name is: org.springframework.boot.autoconfigure.jdbc.metadata.DataSourcePoolMetadataProvidersConfiguration$$EnhancerBySpringCGLIB$$28d9137e
2017-05-25 12:24:42.374 DEBUG 4252 --- [           main] o.s.c.a.ConfigurationClassPostProcessor  : Replacing bean definition 'org.springframework.boot.autoconfigure.jdbc.metadata.DataSourcePoolMetadataProvidersConfiguration' existing class 'org.springframework.boot.autoconfigure.jdbc.metadata.DataSourcePoolMetadataProvidersConfiguration' with enhanced class 'org.springframework.boot.autoconfigure.jdbc.metadata.DataSourcePoolMetadataProvidersConfiguration$$EnhancerBySpringCGLIB$$28d9137e'
2017-05-25 12:24:42.378 DEBUG 4252 --- [           main] o.s.c.a.ConfigurationClassEnhancer       : Successfully enhanced org.springframework.boot.autoconfigure.jdbc.DataSourceAutoConfiguration; enhanced class name is: org.springframework.boot.autoconfigure.jdbc.DataSourceAutoConfiguration$$EnhancerBySpringCGLIB$$2ddbce9d
2017-05-25 12:24:42.378 DEBUG 4252 --- [           main] o.s.c.a.ConfigurationClassPostProcessor  : Replacing bean definition 'org.springframework.boot.autoconfigure.jdbc.DataSourceAutoConfiguration' existing class 'org.springframework.boot.autoconfigure.jdbc.DataSourceAutoConfiguration' with enhanced class 'org.springframework.boot.autoconfigure.jdbc.DataSourceAutoConfiguration$$EnhancerBySpringCGLIB$$2ddbce9d'
2017-05-25 12:24:42.382 DEBUG 4252 --- [           main] o.s.c.a.ConfigurationClassEnhancer       : Successfully enhanced org.springframework.boot.autoconfigure.orm.jpa.JpaBaseConfiguration$JpaWebConfiguration$JpaWebMvcConfiguration; enhanced class name is: org.springframework.boot.autoconfigure.orm.jpa.JpaBaseConfiguration$JpaWebConfiguration$JpaWebMvcConfiguration$$EnhancerBySpringCGLIB$$95233835
2017-05-25 12:24:42.382 DEBUG 4252 --- [           main] o.s.c.a.ConfigurationClassPostProcessor  : Replacing bean definition 'org.springframework.boot.autoconfigure.orm.jpa.JpaBaseConfiguration$JpaWebConfiguration$JpaWebMvcConfiguration' existing class 'org.springframework.boot.autoconfigure.orm.jpa.JpaBaseConfiguration$JpaWebConfiguration$JpaWebMvcConfiguration' with enhanced class 'org.springframework.boot.autoconfigure.orm.jpa.JpaBaseConfiguration$JpaWebConfiguration$JpaWebMvcConfiguration$$EnhancerBySpringCGLIB$$95233835'
2017-05-25 12:24:42.388 DEBUG 4252 --- [           main] o.s.c.a.ConfigurationClassEnhancer       : Successfully enhanced org.springframework.boot.autoconfigure.orm.jpa.JpaBaseConfiguration$JpaWebConfiguration; enhanced class name is: org.springframework.boot.autoconfigure.orm.jpa.JpaBaseConfiguration$JpaWebConfiguration$$EnhancerBySpringCGLIB$$ba04c888
2017-05-25 12:24:42.388 DEBUG 4252 --- [           main] o.s.c.a.ConfigurationClassPostProcessor  : Replacing bean definition 'org.springframework.boot.autoconfigure.orm.jpa.JpaBaseConfiguration$JpaWebConfiguration' existing class 'org.springframework.boot.autoconfigure.orm.jpa.JpaBaseConfiguration$JpaWebConfiguration' with enhanced class 'org.springframework.boot.autoconfigure.orm.jpa.JpaBaseConfiguration$JpaWebConfiguration$$EnhancerBySpringCGLIB$$ba04c888'
2017-05-25 12:24:42.398 DEBUG 4252 --- [           main] o.s.c.a.ConfigurationClassEnhancer       : Successfully enhanced org.springframework.boot.autoconfigure.orm.jpa.HibernateJpaAutoConfiguration; enhanced class name is: org.springframework.boot.autoconfigure.orm.jpa.HibernateJpaAutoConfiguration$$EnhancerBySpringCGLIB$$b56e8f5d
2017-05-25 12:24:42.399 DEBUG 4252 --- [           main] o.s.c.a.ConfigurationClassPostProcessor  : Replacing bean definition 'org.springframework.boot.autoconfigure.orm.jpa.HibernateJpaAutoConfiguration' existing class 'org.springframework.boot.autoconfigure.orm.jpa.HibernateJpaAutoConfiguration' with enhanced class 'org.springframework.boot.autoconfigure.orm.jpa.HibernateJpaAutoConfiguration$$EnhancerBySpringCGLIB$$b56e8f5d'
2017-05-25 12:24:42.402 DEBUG 4252 --- [           main] o.s.c.a.ConfigurationClassEnhancer       : Successfully enhanced org.springframework.boot.autoconfigure.context.ConfigurationPropertiesAutoConfiguration; enhanced class name is: org.springframework.boot.autoconfigure.context.ConfigurationPropertiesAutoConfiguration$$EnhancerBySpringCGLIB$$3b71b68b
2017-05-25 12:24:42.402 DEBUG 4252 --- [           main] o.s.c.a.ConfigurationClassPostProcessor  : Replacing bean definition 'org.springframework.boot.autoconfigure.context.ConfigurationPropertiesAutoConfiguration' existing class 'org.springframework.boot.autoconfigure.context.ConfigurationPropertiesAutoConfiguration' with enhanced class 'org.springframework.boot.autoconfigure.context.ConfigurationPropertiesAutoConfiguration$$EnhancerBySpringCGLIB$$3b71b68b'
2017-05-25 12:24:42.406 DEBUG 4252 --- [           main] o.s.c.a.ConfigurationClassEnhancer       : Successfully enhanced org.springframework.boot.autoconfigure.jackson.JacksonAutoConfiguration$JacksonObjectMapperBuilderConfiguration; enhanced class name is: org.springframework.boot.autoconfigure.jackson.JacksonAutoConfiguration$JacksonObjectMapperBuilderConfiguration$$EnhancerBySpringCGLIB$$59c86ce7
2017-05-25 12:24:42.406 DEBUG 4252 --- [           main] o.s.c.a.ConfigurationClassPostProcessor  : Replacing bean definition 'org.springframework.boot.autoconfigure.jackson.JacksonAutoConfiguration$JacksonObjectMapperBuilderConfiguration' existing class 'org.springframework.boot.autoconfigure.jackson.JacksonAutoConfiguration$JacksonObjectMapperBuilderConfiguration' with enhanced class 'org.springframework.boot.autoconfigure.jackson.JacksonAutoConfiguration$JacksonObjectMapperBuilderConfiguration$$EnhancerBySpringCGLIB$$59c86ce7'
2017-05-25 12:24:42.410 DEBUG 4252 --- [           main] o.s.c.a.ConfigurationClassEnhancer       : Successfully enhanced org.springframework.boot.autoconfigure.jackson.JacksonAutoConfiguration$JacksonObjectMapperConfiguration; enhanced class name is: org.springframework.boot.autoconfigure.jackson.JacksonAutoConfiguration$JacksonObjectMapperConfiguration$$EnhancerBySpringCGLIB$$a77baace
2017-05-25 12:24:42.410 DEBUG 4252 --- [           main] o.s.c.a.ConfigurationClassPostProcessor  : Replacing bean definition 'org.springframework.boot.autoconfigure.jackson.JacksonAutoConfiguration$JacksonObjectMapperConfiguration' existing class 'org.springframework.boot.autoconfigure.jackson.JacksonAutoConfiguration$JacksonObjectMapperConfiguration' with enhanced class 'org.springframework.boot.autoconfigure.jackson.JacksonAutoConfiguration$JacksonObjectMapperConfiguration$$EnhancerBySpringCGLIB$$a77baace'
2017-05-25 12:24:42.413 DEBUG 4252 --- [           main] o.s.c.a.ConfigurationClassEnhancer       : Successfully enhanced org.springframework.boot.autoconfigure.jackson.JacksonAutoConfiguration; enhanced class name is: org.springframework.boot.autoconfigure.jackson.JacksonAutoConfiguration$$EnhancerBySpringCGLIB$$8987485d
2017-05-25 12:24:42.413 DEBUG 4252 --- [           main] o.s.c.a.ConfigurationClassPostProcessor  : Replacing bean definition 'org.springframework.boot.autoconfigure.jackson.JacksonAutoConfiguration' existing class 'org.springframework.boot.autoconfigure.jackson.JacksonAutoConfiguration' with enhanced class 'org.springframework.boot.autoconfigure.jackson.JacksonAutoConfiguration$$EnhancerBySpringCGLIB$$8987485d'
2017-05-25 12:24:42.417 DEBUG 4252 --- [           main] o.s.c.a.ConfigurationClassEnhancer       : Successfully enhanced org.springframework.boot.autoconfigure.web.HttpMessageConvertersAutoConfiguration$StringHttpMessageConverterConfiguration; enhanced class name is: org.springframework.boot.autoconfigure.web.HttpMessageConvertersAutoConfiguration$StringHttpMessageConverterConfiguration$$EnhancerBySpringCGLIB$$9916543d
2017-05-25 12:24:42.417 DEBUG 4252 --- [           main] o.s.c.a.ConfigurationClassPostProcessor  : Replacing bean definition 'org.springframework.boot.autoconfigure.web.HttpMessageConvertersAutoConfiguration$StringHttpMessageConverterConfiguration' existing class 'org.springframework.boot.autoconfigure.web.HttpMessageConvertersAutoConfiguration$StringHttpMessageConverterConfiguration' with enhanced class 'org.springframework.boot.autoconfigure.web.HttpMessageConvertersAutoConfiguration$StringHttpMessageConverterConfiguration$$EnhancerBySpringCGLIB$$9916543d'
2017-05-25 12:24:42.419 DEBUG 4252 --- [           main] o.s.c.a.ConfigurationClassEnhancer       : Successfully enhanced org.springframework.boot.autoconfigure.web.JacksonHttpMessageConvertersConfiguration$MappingJackson2HttpMessageConverterConfiguration; enhanced class name is: org.springframework.boot.autoconfigure.web.JacksonHttpMessageConvertersConfiguration$MappingJackson2HttpMessageConverterConfiguration$$EnhancerBySpringCGLIB$$27247e3d
2017-05-25 12:24:42.419 DEBUG 4252 --- [           main] o.s.c.a.ConfigurationClassPostProcessor  : Replacing bean definition 'org.springframework.boot.autoconfigure.web.JacksonHttpMessageConvertersConfiguration$MappingJackson2HttpMessageConverterConfiguration' existing class 'org.springframework.boot.autoconfigure.web.JacksonHttpMessageConvertersConfiguration$MappingJackson2HttpMessageConverterConfiguration' with enhanced class 'org.springframework.boot.autoconfigure.web.JacksonHttpMessageConvertersConfiguration$MappingJackson2HttpMessageConverterConfiguration$$EnhancerBySpringCGLIB$$27247e3d'
2017-05-25 12:24:42.424 DEBUG 4252 --- [           main] o.s.c.a.ConfigurationClassEnhancer       : Successfully enhanced org.springframework.boot.autoconfigure.web.JacksonHttpMessageConvertersConfiguration; enhanced class name is: org.springframework.boot.autoconfigure.web.JacksonHttpMessageConvertersConfiguration$$EnhancerBySpringCGLIB$$ba1216b3
2017-05-25 12:24:42.424 DEBUG 4252 --- [           main] o.s.c.a.ConfigurationClassPostProcessor  : Replacing bean definition 'org.springframework.boot.autoconfigure.web.JacksonHttpMessageConvertersConfiguration' existing class 'org.springframework.boot.autoconfigure.web.JacksonHttpMessageConvertersConfiguration' with enhanced class 'org.springframework.boot.autoconfigure.web.JacksonHttpMessageConvertersConfiguration$$EnhancerBySpringCGLIB$$ba1216b3'
2017-05-25 12:24:42.426 DEBUG 4252 --- [           main] o.s.c.a.ConfigurationClassEnhancer       : Successfully enhanced org.springframework.boot.autoconfigure.web.HttpMessageConvertersAutoConfiguration; enhanced class name is: org.springframework.boot.autoconfigure.web.HttpMessageConvertersAutoConfiguration$$EnhancerBySpringCGLIB$$dca0499d
2017-05-25 12:24:42.427 DEBUG 4252 --- [           main] o.s.c.a.ConfigurationClassPostProcessor  : Replacing bean definition 'org.springframework.boot.autoconfigure.web.HttpMessageConvertersAutoConfiguration' existing class 'org.springframework.boot.autoconfigure.web.HttpMessageConvertersAutoConfiguration' with enhanced class 'org.springframework.boot.autoconfigure.web.HttpMessageConvertersAutoConfiguration$$EnhancerBySpringCGLIB$$dca0499d'
2017-05-25 12:24:42.436 DEBUG 4252 --- [           main] o.s.c.a.ConfigurationClassEnhancer       : Successfully enhanced org.springframework.data.web.config.SpringDataWebConfiguration; enhanced class name is: org.springframework.data.web.config.SpringDataWebConfiguration$$EnhancerBySpringCGLIB$$ad4c5990
2017-05-25 12:24:42.436 DEBUG 4252 --- [           main] o.s.c.a.ConfigurationClassPostProcessor  : Replacing bean definition 'org.springframework.data.web.config.SpringDataWebConfiguration' existing class 'org.springframework.data.web.config.SpringDataWebConfiguration' with enhanced class 'org.springframework.data.web.config.SpringDataWebConfiguration$$EnhancerBySpringCGLIB$$ad4c5990'
2017-05-25 12:24:42.441 DEBUG 4252 --- [           main] o.s.c.a.ConfigurationClassEnhancer       : Successfully enhanced org.springframework.data.web.config.SpringDataJacksonConfiguration; enhanced class name is: org.springframework.data.web.config.SpringDataJacksonConfiguration$$EnhancerBySpringCGLIB$$848e9f11
2017-05-25 12:24:42.442 DEBUG 4252 --- [           main] o.s.c.a.ConfigurationClassPostProcessor  : Replacing bean definition 'org.springframework.data.web.config.SpringDataJacksonConfiguration' existing class 'org.springframework.data.web.config.SpringDataJacksonConfiguration' with enhanced class 'org.springframework.data.web.config.SpringDataJacksonConfiguration$$EnhancerBySpringCGLIB$$848e9f11'
2017-05-25 12:24:42.444 DEBUG 4252 --- [           main] o.s.c.a.ConfigurationClassEnhancer       : Successfully enhanced org.springframework.boot.autoconfigure.data.web.SpringDataWebAutoConfiguration; enhanced class name is: org.springframework.boot.autoconfigure.data.web.SpringDataWebAutoConfiguration$$EnhancerBySpringCGLIB$$377ee15e
2017-05-25 12:24:42.445 DEBUG 4252 --- [           main] o.s.c.a.ConfigurationClassPostProcessor  : Replacing bean definition 'org.springframework.boot.autoconfigure.data.web.SpringDataWebAutoConfiguration' existing class 'org.springframework.boot.autoconfigure.data.web.SpringDataWebAutoConfiguration' with enhanced class 'org.springframework.boot.autoconfigure.data.web.SpringDataWebAutoConfiguration$$EnhancerBySpringCGLIB$$377ee15e'
2017-05-25 12:24:42.451 DEBUG 4252 --- [           main] o.s.c.a.ConfigurationClassEnhancer       : Successfully enhanced org.springframework.boot.autoconfigure.security.SpringBootWebSecurityConfiguration$ApplicationWebSecurityConfigurerAdapter; enhanced class name is: org.springframework.boot.autoconfigure.security.SpringBootWebSecurityConfiguration$ApplicationWebSecurityConfigurerAdapter$$EnhancerBySpringCGLIB$$5707f100
2017-05-25 12:24:42.451 DEBUG 4252 --- [           main] o.s.c.a.ConfigurationClassPostProcessor  : Replacing bean definition 'org.springframework.boot.autoconfigure.security.SpringBootWebSecurityConfiguration$ApplicationWebSecurityConfigurerAdapter' existing class 'org.springframework.boot.autoconfigure.security.SpringBootWebSecurityConfiguration$ApplicationWebSecurityConfigurerAdapter' with enhanced class 'org.springframework.boot.autoconfigure.security.SpringBootWebSecurityConfiguration$ApplicationWebSecurityConfigurerAdapter$$EnhancerBySpringCGLIB$$5707f100'
2017-05-25 12:24:42.459 DEBUG 4252 --- [           main] o.s.c.a.ConfigurationClassEnhancer       : Successfully enhanced org.springframework.security.config.annotation.web.configuration.WebSecurityConfiguration; enhanced class name is: org.springframework.security.config.annotation.web.configuration.WebSecurityConfiguration$$EnhancerBySpringCGLIB$$f3195830
2017-05-25 12:24:42.460 DEBUG 4252 --- [           main] o.s.c.a.ConfigurationClassPostProcessor  : Replacing bean definition 'org.springframework.security.config.annotation.web.configuration.WebSecurityConfiguration' existing class 'org.springframework.security.config.annotation.web.configuration.WebSecurityConfiguration' with enhanced class 'org.springframework.security.config.annotation.web.configuration.WebSecurityConfiguration$$EnhancerBySpringCGLIB$$f3195830'
2017-05-25 12:24:42.460 DEBUG 4252 --- [           main] o.s.c.a.ConfigurationClassEnhancer       : Successfully enhanced org.springframework.security.config.annotation.web.configuration.WebSecurityConfiguration; enhanced class name is: org.springframework.security.config.annotation.web.configuration.WebSecurityConfiguration$$EnhancerBySpringCGLIB$$f3195830
2017-05-25 12:24:42.460 DEBUG 4252 --- [           main] o.s.c.a.ConfigurationClassPostProcessor  : Replacing bean definition 'delegatingApplicationListener' existing class 'org.springframework.security.config.annotation.web.configuration.WebSecurityConfiguration' with enhanced class 'org.springframework.security.config.annotation.web.configuration.WebSecurityConfiguration$$EnhancerBySpringCGLIB$$f3195830'
2017-05-25 12:24:42.464 DEBUG 4252 --- [           main] o.s.c.a.ConfigurationClassEnhancer       : Successfully enhanced org.springframework.boot.autoconfigure.security.SpringBootWebSecurityConfiguration; enhanced class name is: org.springframework.boot.autoconfigure.security.SpringBootWebSecurityConfiguration$$EnhancerBySpringCGLIB$$93dcefe5
2017-05-25 12:24:42.464 DEBUG 4252 --- [           main] o.s.c.a.ConfigurationClassPostProcessor  : Replacing bean definition 'org.springframework.boot.autoconfigure.security.SpringBootWebSecurityConfiguration' existing class 'org.springframework.boot.autoconfigure.security.SpringBootWebSecurityConfiguration' with enhanced class 'org.springframework.boot.autoconfigure.security.SpringBootWebSecurityConfiguration$$EnhancerBySpringCGLIB$$93dcefe5'
2017-05-25 12:24:42.467 DEBUG 4252 --- [           main] o.s.c.a.ConfigurationClassEnhancer       : Successfully enhanced org.springframework.boot.autoconfigure.security.AuthenticationManagerConfiguration; enhanced class name is: org.springframework.boot.autoconfigure.security.AuthenticationManagerConfiguration$$EnhancerBySpringCGLIB$$9ffe7065
2017-05-25 12:24:42.467 DEBUG 4252 --- [           main] o.s.c.a.ConfigurationClassPostProcessor  : Replacing bean definition 'org.springframework.boot.autoconfigure.security.AuthenticationManagerConfiguration' existing class 'org.springframework.boot.autoconfigure.security.AuthenticationManagerConfiguration' with enhanced class 'org.springframework.boot.autoconfigure.security.AuthenticationManagerConfiguration$$EnhancerBySpringCGLIB$$9ffe7065'
2017-05-25 12:24:42.467 DEBUG 4252 --- [           main] o.s.c.a.ConfigurationClassEnhancer       : Successfully enhanced org.springframework.boot.autoconfigure.security.AuthenticationManagerConfiguration; enhanced class name is: org.springframework.boot.autoconfigure.security.AuthenticationManagerConfiguration$$EnhancerBySpringCGLIB$$9ffe7065
2017-05-25 12:24:42.468 DEBUG 4252 --- [           main] o.s.c.a.ConfigurationClassPostProcessor  : Replacing bean definition 'springBootAuthenticationConfigurerAdapter' existing class 'org.springframework.boot.autoconfigure.security.AuthenticationManagerConfiguration' with enhanced class 'org.springframework.boot.autoconfigure.security.AuthenticationManagerConfiguration$$EnhancerBySpringCGLIB$$9ffe7065'
2017-05-25 12:24:42.469 DEBUG 4252 --- [           main] o.s.c.a.ConfigurationClassEnhancer       : Successfully enhanced org.springframework.boot.autoconfigure.security.BootGlobalAuthenticationConfiguration; enhanced class name is: org.springframework.boot.autoconfigure.security.BootGlobalAuthenticationConfiguration$$EnhancerBySpringCGLIB$$a3cb34a9
2017-05-25 12:24:42.469 DEBUG 4252 --- [           main] o.s.c.a.ConfigurationClassPostProcessor  : Replacing bean definition 'org.springframework.boot.autoconfigure.security.BootGlobalAuthenticationConfiguration' existing class 'org.springframework.boot.autoconfigure.security.BootGlobalAuthenticationConfiguration' with enhanced class 'org.springframework.boot.autoconfigure.security.BootGlobalAuthenticationConfiguration$$EnhancerBySpringCGLIB$$a3cb34a9'
2017-05-25 12:24:42.470 DEBUG 4252 --- [           main] o.s.c.a.ConfigurationClassEnhancer       : Successfully enhanced org.springframework.boot.autoconfigure.security.BootGlobalAuthenticationConfiguration; enhanced class name is: org.springframework.boot.autoconfigure.security.BootGlobalAuthenticationConfiguration$$EnhancerBySpringCGLIB$$a3cb34a9
2017-05-25 12:24:42.470 DEBUG 4252 --- [           main] o.s.c.a.ConfigurationClassPostProcessor  : Replacing bean definition 'bootGlobalAuthenticationConfigurationAdapter' existing class 'org.springframework.boot.autoconfigure.security.BootGlobalAuthenticationConfiguration' with enhanced class 'org.springframework.boot.autoconfigure.security.BootGlobalAuthenticationConfiguration$$EnhancerBySpringCGLIB$$a3cb34a9'
2017-05-25 12:24:42.473 DEBUG 4252 --- [           main] o.s.c.a.ConfigurationClassEnhancer       : Successfully enhanced org.springframework.boot.autoconfigure.security.SecurityAutoConfiguration; enhanced class name is: org.springframework.boot.autoconfigure.security.SecurityAutoConfiguration$$EnhancerBySpringCGLIB$$4b3c28a7
2017-05-25 12:24:42.473 DEBUG 4252 --- [           main] o.s.c.a.ConfigurationClassPostProcessor  : Replacing bean definition 'org.springframework.boot.autoconfigure.security.SecurityAutoConfiguration' existing class 'org.springframework.boot.autoconfigure.security.SecurityAutoConfiguration' with enhanced class 'org.springframework.boot.autoconfigure.security.SecurityAutoConfiguration$$EnhancerBySpringCGLIB$$4b3c28a7'
2017-05-25 12:24:42.475 DEBUG 4252 --- [           main] o.s.c.a.ConfigurationClassEnhancer       : Successfully enhanced org.springframework.boot.autoconfigure.h2.H2ConsoleAutoConfiguration$H2ConsoleSecurityConfiguration; enhanced class name is: org.springframework.boot.autoconfigure.h2.H2ConsoleAutoConfiguration$H2ConsoleSecurityConfiguration$$EnhancerBySpringCGLIB$$941895dd
2017-05-25 12:24:42.475 DEBUG 4252 --- [           main] o.s.c.a.ConfigurationClassPostProcessor  : Replacing bean definition 'org.springframework.boot.autoconfigure.h2.H2ConsoleAutoConfiguration$H2ConsoleSecurityConfiguration' existing class 'org.springframework.boot.autoconfigure.h2.H2ConsoleAutoConfiguration$H2ConsoleSecurityConfiguration' with enhanced class 'org.springframework.boot.autoconfigure.h2.H2ConsoleAutoConfiguration$H2ConsoleSecurityConfiguration$$EnhancerBySpringCGLIB$$941895dd'
2017-05-25 12:24:42.478 DEBUG 4252 --- [           main] o.s.c.a.ConfigurationClassEnhancer       : Successfully enhanced org.springframework.boot.autoconfigure.h2.H2ConsoleAutoConfiguration; enhanced class name is: org.springframework.boot.autoconfigure.h2.H2ConsoleAutoConfiguration$$EnhancerBySpringCGLIB$$1b80b174
2017-05-25 12:24:42.478 DEBUG 4252 --- [           main] o.s.c.a.ConfigurationClassPostProcessor  : Replacing bean definition 'org.springframework.boot.autoconfigure.h2.H2ConsoleAutoConfiguration' existing class 'org.springframework.boot.autoconfigure.h2.H2ConsoleAutoConfiguration' with enhanced class 'org.springframework.boot.autoconfigure.h2.H2ConsoleAutoConfiguration$$EnhancerBySpringCGLIB$$1b80b174'
2017-05-25 12:24:42.484 DEBUG 4252 --- [           main] o.s.c.a.ConfigurationClassEnhancer       : Successfully enhanced org.springframework.boot.autoconfigure.jdbc.DataSourceTransactionManagerAutoConfiguration; enhanced class name is: org.springframework.boot.autoconfigure.jdbc.DataSourceTransactionManagerAutoConfiguration$$EnhancerBySpringCGLIB$$5cbf1b8e
2017-05-25 12:24:42.484 DEBUG 4252 --- [           main] o.s.c.a.ConfigurationClassPostProcessor  : Replacing bean definition 'org.springframework.boot.autoconfigure.jdbc.DataSourceTransactionManagerAutoConfiguration' existing class 'org.springframework.boot.autoconfigure.jdbc.DataSourceTransactionManagerAutoConfiguration' with enhanced class 'org.springframework.boot.autoconfigure.jdbc.DataSourceTransactionManagerAutoConfiguration$$EnhancerBySpringCGLIB$$5cbf1b8e'
2017-05-25 12:24:42.492 DEBUG 4252 --- [           main] o.s.c.a.ConfigurationClassEnhancer       : Successfully enhanced org.springframework.boot.autoconfigure.thymeleaf.ThymeleafAutoConfiguration$ThymeleafResourceHandlingConfig; enhanced class name is: org.springframework.boot.autoconfigure.thymeleaf.ThymeleafAutoConfiguration$ThymeleafResourceHandlingConfig$$EnhancerBySpringCGLIB$$d6904d59
2017-05-25 12:24:42.492 DEBUG 4252 --- [           main] o.s.c.a.ConfigurationClassPostProcessor  : Replacing bean definition 'org.springframework.boot.autoconfigure.thymeleaf.ThymeleafAutoConfiguration$ThymeleafResourceHandlingConfig' existing class 'org.springframework.boot.autoconfigure.thymeleaf.ThymeleafAutoConfiguration$ThymeleafResourceHandlingConfig' with enhanced class 'org.springframework.boot.autoconfigure.thymeleaf.ThymeleafAutoConfiguration$ThymeleafResourceHandlingConfig$$EnhancerBySpringCGLIB$$d6904d59'
2017-05-25 12:24:42.495 DEBUG 4252 --- [           main] o.s.c.a.ConfigurationClassEnhancer       : Successfully enhanced org.springframework.boot.autoconfigure.thymeleaf.ThymeleafAutoConfiguration$ThymeleafViewResolverConfiguration; enhanced class name is: org.springframework.boot.autoconfigure.thymeleaf.ThymeleafAutoConfiguration$ThymeleafViewResolverConfiguration$$EnhancerBySpringCGLIB$$fba019cb
2017-05-25 12:24:42.496 DEBUG 4252 --- [           main] o.s.c.a.ConfigurationClassPostProcessor  : Replacing bean definition 'org.springframework.boot.autoconfigure.thymeleaf.ThymeleafAutoConfiguration$ThymeleafViewResolverConfiguration' existing class 'org.springframework.boot.autoconfigure.thymeleaf.ThymeleafAutoConfiguration$ThymeleafViewResolverConfiguration' with enhanced class 'org.springframework.boot.autoconfigure.thymeleaf.ThymeleafAutoConfiguration$ThymeleafViewResolverConfiguration$$EnhancerBySpringCGLIB$$fba019cb'
2017-05-25 12:24:42.498 DEBUG 4252 --- [           main] o.s.c.a.ConfigurationClassEnhancer       : Successfully enhanced org.springframework.boot.autoconfigure.thymeleaf.ThymeleafAutoConfiguration$ThymeleafSecurityDialectConfiguration; enhanced class name is: org.springframework.boot.autoconfigure.thymeleaf.ThymeleafAutoConfiguration$ThymeleafSecurityDialectConfiguration$$EnhancerBySpringCGLIB$$783227d4
2017-05-25 12:24:42.498 DEBUG 4252 --- [           main] o.s.c.a.ConfigurationClassPostProcessor  : Replacing bean definition 'org.springframework.boot.autoconfigure.thymeleaf.ThymeleafAutoConfiguration$ThymeleafSecurityDialectConfiguration' existing class 'org.springframework.boot.autoconfigure.thymeleaf.ThymeleafAutoConfiguration$ThymeleafSecurityDialectConfiguration' with enhanced class 'org.springframework.boot.autoconfigure.thymeleaf.ThymeleafAutoConfiguration$ThymeleafSecurityDialectConfiguration$$EnhancerBySpringCGLIB$$783227d4'
2017-05-25 12:24:42.502 DEBUG 4252 --- [           main] o.s.c.a.ConfigurationClassEnhancer       : Successfully enhanced org.springframework.boot.autoconfigure.thymeleaf.ThymeleafAutoConfiguration$ThymeleafWebLayoutConfiguration; enhanced class name is: org.springframework.boot.autoconfigure.thymeleaf.ThymeleafAutoConfiguration$ThymeleafWebLayoutConfiguration$$EnhancerBySpringCGLIB$$f274507c
2017-05-25 12:24:42.503 DEBUG 4252 --- [           main] o.s.c.a.ConfigurationClassPostProcessor  : Replacing bean definition 'org.springframework.boot.autoconfigure.thymeleaf.ThymeleafAutoConfiguration$ThymeleafWebLayoutConfiguration' existing class 'org.springframework.boot.autoconfigure.thymeleaf.ThymeleafAutoConfiguration$ThymeleafWebLayoutConfiguration' with enhanced class 'org.springframework.boot.autoconfigure.thymeleaf.ThymeleafAutoConfiguration$ThymeleafWebLayoutConfiguration$$EnhancerBySpringCGLIB$$f274507c'
2017-05-25 12:24:42.505 DEBUG 4252 --- [           main] o.s.c.a.ConfigurationClassEnhancer       : Successfully enhanced org.springframework.boot.autoconfigure.thymeleaf.ThymeleafAutoConfiguration$ThymeleafDefaultConfiguration; enhanced class name is: org.springframework.boot.autoconfigure.thymeleaf.ThymeleafAutoConfiguration$ThymeleafDefaultConfiguration$$EnhancerBySpringCGLIB$$ab06dd9
2017-05-25 12:24:42.505 DEBUG 4252 --- [           main] o.s.c.a.ConfigurationClassPostProcessor  : Replacing bean definition 'org.springframework.boot.autoconfigure.thymeleaf.ThymeleafAutoConfiguration$ThymeleafDefaultConfiguration' existing class 'org.springframework.boot.autoconfigure.thymeleaf.ThymeleafAutoConfiguration$ThymeleafDefaultConfiguration' with enhanced class 'org.springframework.boot.autoconfigure.thymeleaf.ThymeleafAutoConfiguration$ThymeleafDefaultConfiguration$$EnhancerBySpringCGLIB$$ab06dd9'
2017-05-25 12:24:42.509 DEBUG 4252 --- [           main] o.s.c.a.ConfigurationClassEnhancer       : Successfully enhanced org.springframework.boot.autoconfigure.thymeleaf.ThymeleafAutoConfiguration$DefaultTemplateResolverConfiguration; enhanced class name is: org.springframework.boot.autoconfigure.thymeleaf.ThymeleafAutoConfiguration$DefaultTemplateResolverConfiguration$$EnhancerBySpringCGLIB$$c8e0f330
2017-05-25 12:24:42.509 DEBUG 4252 --- [           main] o.s.c.a.ConfigurationClassPostProcessor  : Replacing bean definition 'org.springframework.boot.autoconfigure.thymeleaf.ThymeleafAutoConfiguration$DefaultTemplateResolverConfiguration' existing class 'org.springframework.boot.autoconfigure.thymeleaf.ThymeleafAutoConfiguration$DefaultTemplateResolverConfiguration' with enhanced class 'org.springframework.boot.autoconfigure.thymeleaf.ThymeleafAutoConfiguration$DefaultTemplateResolverConfiguration$$EnhancerBySpringCGLIB$$c8e0f330'
2017-05-25 12:24:42.511 DEBUG 4252 --- [           main] o.s.c.a.ConfigurationClassEnhancer       : Successfully enhanced org.springframework.boot.autoconfigure.thymeleaf.ThymeleafAutoConfiguration; enhanced class name is: org.springframework.boot.autoconfigure.thymeleaf.ThymeleafAutoConfiguration$$EnhancerBySpringCGLIB$$3593c8cd
2017-05-25 12:24:42.511 DEBUG 4252 --- [           main] o.s.c.a.ConfigurationClassPostProcessor  : Replacing bean definition 'org.springframework.boot.autoconfigure.thymeleaf.ThymeleafAutoConfiguration' existing class 'org.springframework.boot.autoconfigure.thymeleaf.ThymeleafAutoConfiguration' with enhanced class 'org.springframework.boot.autoconfigure.thymeleaf.ThymeleafAutoConfiguration$$EnhancerBySpringCGLIB$$3593c8cd'
2017-05-25 12:24:42.514 DEBUG 4252 --- [           main] o.s.c.a.ConfigurationClassEnhancer       : Successfully enhanced org.springframework.boot.autoconfigure.security.SecurityFilterAutoConfiguration; enhanced class name is: org.springframework.boot.autoconfigure.security.SecurityFilterAutoConfiguration$$EnhancerBySpringCGLIB$$e4fe328f
2017-05-25 12:24:42.514 DEBUG 4252 --- [           main] o.s.c.a.ConfigurationClassPostProcessor  : Replacing bean definition 'org.springframework.boot.autoconfigure.security.SecurityFilterAutoConfiguration' existing class 'org.springframework.boot.autoconfigure.security.SecurityFilterAutoConfiguration' with enhanced class 'org.springframework.boot.autoconfigure.security.SecurityFilterAutoConfiguration$$EnhancerBySpringCGLIB$$e4fe328f'
2017-05-25 12:24:42.517 DEBUG 4252 --- [           main] o.s.c.a.ConfigurationClassEnhancer       : Successfully enhanced org.springframework.boot.autoconfigure.transaction.TransactionAutoConfiguration; enhanced class name is: org.springframework.boot.autoconfigure.transaction.TransactionAutoConfiguration$$EnhancerBySpringCGLIB$$e05c2647
2017-05-25 12:24:42.517 DEBUG 4252 --- [           main] o.s.c.a.ConfigurationClassPostProcessor  : Replacing bean definition 'org.springframework.boot.autoconfigure.transaction.TransactionAutoConfiguration' existing class 'org.springframework.boot.autoconfigure.transaction.TransactionAutoConfiguration' with enhanced class 'org.springframework.boot.autoconfigure.transaction.TransactionAutoConfiguration$$EnhancerBySpringCGLIB$$e05c2647'
2017-05-25 12:24:42.519 DEBUG 4252 --- [           main] o.s.c.a.ConfigurationClassEnhancer       : Successfully enhanced org.springframework.boot.autoconfigure.web.HttpEncodingAutoConfiguration; enhanced class name is: org.springframework.boot.autoconfigure.web.HttpEncodingAutoConfiguration$$EnhancerBySpringCGLIB$$22d491e8
2017-05-25 12:24:42.519 DEBUG 4252 --- [           main] o.s.c.a.ConfigurationClassPostProcessor  : Replacing bean definition 'org.springframework.boot.autoconfigure.web.HttpEncodingAutoConfiguration' existing class 'org.springframework.boot.autoconfigure.web.HttpEncodingAutoConfiguration' with enhanced class 'org.springframework.boot.autoconfigure.web.HttpEncodingAutoConfiguration$$EnhancerBySpringCGLIB$$22d491e8'
2017-05-25 12:24:42.522 DEBUG 4252 --- [           main] o.s.c.a.ConfigurationClassEnhancer       : Successfully enhanced org.springframework.boot.autoconfigure.web.MultipartAutoConfiguration; enhanced class name is: org.springframework.boot.autoconfigure.web.MultipartAutoConfiguration$$EnhancerBySpringCGLIB$$695de83
2017-05-25 12:24:42.522 DEBUG 4252 --- [           main] o.s.c.a.ConfigurationClassPostProcessor  : Replacing bean definition 'org.springframework.boot.autoconfigure.web.MultipartAutoConfiguration' existing class 'org.springframework.boot.autoconfigure.web.MultipartAutoConfiguration' with enhanced class 'org.springframework.boot.autoconfigure.web.MultipartAutoConfiguration$$EnhancerBySpringCGLIB$$695de83'
2017-05-25 12:24:42.526 DEBUG 4252 --- [           main] o.s.c.a.ConfigurationClassEnhancer       : Successfully enhanced org.springframework.boot.autoconfigure.web.ServerPropertiesAutoConfiguration; enhanced class name is: org.springframework.boot.autoconfigure.web.ServerPropertiesAutoConfiguration$$EnhancerBySpringCGLIB$$23da70d
2017-05-25 12:24:42.527 DEBUG 4252 --- [           main] o.s.c.a.ConfigurationClassPostProcessor  : Replacing bean definition 'org.springframework.boot.autoconfigure.web.ServerPropertiesAutoConfiguration' existing class 'org.springframework.boot.autoconfigure.web.ServerPropertiesAutoConfiguration' with enhanced class 'org.springframework.boot.autoconfigure.web.ServerPropertiesAutoConfiguration$$EnhancerBySpringCGLIB$$23da70d'
2017-05-25 12:24:42.527 DEBUG 4252 --- [           main] o.s.core.env.StandardEnvironment         : Adding [applicationConfig: [classpath:/application.properties]] PropertySource with search precedence immediately lower than [applicationConfigurationProperties]
2017-05-25 12:24:42.527 DEBUG 4252 --- [           main] o.s.core.env.StandardEnvironment         : Removing [applicationConfigurationProperties] PropertySource
2017-05-25 12:24:42.527 DEBUG 4252 --- [           main] o.s.core.env.StandardEnvironment         : Removing [defaultProperties] PropertySource
2017-05-25 12:24:42.528 DEBUG 4252 --- [           main] o.s.b.f.s.DefaultListableBeanFactory     : Creating shared instance of singleton bean 'propertySourcesPlaceholderConfigurer'
2017-05-25 12:24:42.529 DEBUG 4252 --- [           main] o.s.b.f.s.DefaultListableBeanFactory     : Creating instance of bean 'propertySourcesPlaceholderConfigurer'
2017-05-25 12:24:42.531 DEBUG 4252 --- [           main] o.s.b.f.s.DefaultListableBeanFactory     : Eagerly caching bean 'propertySourcesPlaceholderConfigurer' to allow for resolving potential circular references
2017-05-25 12:24:42.532 DEBUG 4252 --- [           main] o.s.b.f.s.DefaultListableBeanFactory     : Finished creating instance of bean 'propertySourcesPlaceholderConfigurer'
2017-05-25 12:24:42.532 DEBUG 4252 --- [           main] o.s.core.env.MutablePropertySources      : Adding [environmentProperties] PropertySource with lowest search precedence
2017-05-25 12:24:42.532 DEBUG 4252 --- [           main] o.s.core.env.MutablePropertySources      : Adding [localProperties] PropertySource with lowest search precedence
2017-05-25 12:24:42.541 DEBUG 4252 --- [           main] o.s.b.f.s.DefaultListableBeanFactory     : Creating shared instance of singleton bean 'emBeanDefinitionRegistrarPostProcessor'
2017-05-25 12:24:42.541 DEBUG 4252 --- [           main] o.s.b.f.s.DefaultListableBeanFactory     : Creating instance of bean 'emBeanDefinitionRegistrarPostProcessor'
2017-05-25 12:24:42.541 DEBUG 4252 --- [           main] o.s.b.f.s.DefaultListableBeanFactory     : Eagerly caching bean 'emBeanDefinitionRegistrarPostProcessor' to allow for resolving potential circular references
2017-05-25 12:24:42.541 DEBUG 4252 --- [           main] o.s.b.f.s.DefaultListableBeanFactory     : Finished creating instance of bean 'emBeanDefinitionRegistrarPostProcessor'
2017-05-25 12:24:42.541 DEBUG 4252 --- [           main] o.s.b.f.s.DefaultListableBeanFactory     : Creating shared instance of singleton bean 'org.springframework.boot.context.properties.ConfigurationPropertiesBindingPostProcessor.store'
2017-05-25 12:24:42.542 DEBUG 4252 --- [           main] o.s.b.f.s.DefaultListableBeanFactory     : Creating instance of bean 'org.springframework.boot.context.properties.ConfigurationPropertiesBindingPostProcessor.store'
2017-05-25 12:24:42.542 DEBUG 4252 --- [           main] o.s.b.f.s.DefaultListableBeanFactory     : Eagerly caching bean 'org.springframework.boot.context.properties.ConfigurationPropertiesBindingPostProcessor.store' to allow for resolving potential circular references
2017-05-25 12:24:42.542 DEBUG 4252 --- [           main] o.s.b.f.s.DefaultListableBeanFactory     : Finished creating instance of bean 'org.springframework.boot.context.properties.ConfigurationPropertiesBindingPostProcessor.store'
2017-05-25 12:24:42.542 DEBUG 4252 --- [           main] o.s.b.f.s.DefaultListableBeanFactory     : Creating shared instance of singleton bean 'preserveErrorControllerTargetClassPostProcessor'
2017-05-25 12:24:42.542 DEBUG 4252 --- [           main] o.s.b.f.s.DefaultListableBeanFactory     : Creating instance of bean 'preserveErrorControllerTargetClassPostProcessor'
2017-05-25 12:24:42.543 DEBUG 4252 --- [           main] o.s.b.f.s.DefaultListableBeanFactory     : Eagerly caching bean 'preserveErrorControllerTargetClassPostProcessor' to allow for resolving potential circular references
2017-05-25 12:24:42.543 DEBUG 4252 --- [           main] o.s.b.f.s.DefaultListableBeanFactory     : Finished creating instance of bean 'preserveErrorControllerTargetClassPostProcessor'
2017-05-25 12:24:42.591 DEBUG 4252 --- [           main] o.s.b.f.s.DefaultListableBeanFactory     : Creating shared instance of singleton bean 'org.springframework.context.annotation.internalAutowiredAnnotationProcessor'
2017-05-25 12:24:42.591 DEBUG 4252 --- [           main] o.s.b.f.s.DefaultListableBeanFactory     : Creating instance of bean 'org.springframework.context.annotation.internalAutowiredAnnotationProcessor'
2017-05-25 12:24:42.592 DEBUG 4252 --- [           main] o.s.b.f.s.DefaultListableBeanFactory     : Eagerly caching bean 'org.springframework.context.annotation.internalAutowiredAnnotationProcessor' to allow for resolving potential circular references
2017-05-25 12:24:42.592 DEBUG 4252 --- [           main] o.s.b.f.s.DefaultListableBeanFactory     : Finished creating instance of bean 'org.springframework.context.annotation.internalAutowiredAnnotationProcessor'
2017-05-25 12:24:42.592 DEBUG 4252 --- [           main] o.s.b.f.s.DefaultListableBeanFactory     : Creating shared instance of singleton bean 'org.springframework.context.annotation.internalRequiredAnnotationProcessor'
2017-05-25 12:24:42.592 DEBUG 4252 --- [           main] o.s.b.f.s.DefaultListableBeanFactory     : Creating instance of bean 'org.springframework.context.annotation.internalRequiredAnnotationProcessor'
2017-05-25 12:24:42.593 DEBUG 4252 --- [           main] o.s.b.f.s.DefaultListableBeanFactory     : Eagerly caching bean 'org.springframework.context.annotation.internalRequiredAnnotationProcessor' to allow for resolving potential circular references
2017-05-25 12:24:42.593 DEBUG 4252 --- [           main] o.s.b.f.s.DefaultListableBeanFactory     : Finished creating instance of bean 'org.springframework.context.annotation.internalRequiredAnnotationProcessor'
2017-05-25 12:24:42.593 DEBUG 4252 --- [           main] o.s.b.f.s.DefaultListableBeanFactory     : Creating shared instance of singleton bean 'org.springframework.context.annotation.internalCommonAnnotationProcessor'
2017-05-25 12:24:42.593 DEBUG 4252 --- [           main] o.s.b.f.s.DefaultListableBeanFactory     : Creating instance of bean 'org.springframework.context.annotation.internalCommonAnnotationProcessor'
2017-05-25 12:24:42.596 DEBUG 4252 --- [           main] o.s.b.f.s.DefaultListableBeanFactory     : Eagerly caching bean 'org.springframework.context.annotation.internalCommonAnnotationProcessor' to allow for resolving potential circular references
2017-05-25 12:24:42.596 DEBUG 4252 --- [           main] o.s.b.f.s.DefaultListableBeanFactory     : Finished creating instance of bean 'org.springframework.context.annotation.internalCommonAnnotationProcessor'
2017-05-25 12:24:42.596 DEBUG 4252 --- [           main] o.s.b.f.s.DefaultListableBeanFactory     : Creating shared instance of singleton bean 'org.springframework.context.annotation.internalPersistenceAnnotationProcessor'
2017-05-25 12:24:42.596 DEBUG 4252 --- [           main] o.s.b.f.s.DefaultListableBeanFactory     : Creating instance of bean 'org.springframework.context.annotation.internalPersistenceAnnotationProcessor'
2017-05-25 12:24:42.597 DEBUG 4252 --- [           main] o.s.b.f.s.DefaultListableBeanFactory     : Eagerly caching bean 'org.springframework.context.annotation.internalPersistenceAnnotationProcessor' to allow for resolving potential circular references
2017-05-25 12:24:42.597 DEBUG 4252 --- [           main] o.s.b.f.s.DefaultListableBeanFactory     : Finished creating instance of bean 'org.springframework.context.annotation.internalPersistenceAnnotationProcessor'
2017-05-25 12:24:42.597 DEBUG 4252 --- [           main] o.s.b.f.s.DefaultListableBeanFactory     : Creating shared instance of singleton bean 'org.springframework.context.annotation.ConfigurationClassPostProcessor.importAwareProcessor'
2017-05-25 12:24:42.597 DEBUG 4252 --- [           main] o.s.b.f.s.DefaultListableBeanFactory     : Creating instance of bean 'org.springframework.context.annotation.ConfigurationClassPostProcessor.importAwareProcessor'
2017-05-25 12:24:42.597 DEBUG 4252 --- [           main] o.s.b.f.s.DefaultListableBeanFactory     : Eagerly caching bean 'org.springframework.context.annotation.ConfigurationClassPostProcessor.importAwareProcessor' to allow for resolving potential circular references
2017-05-25 12:24:42.597 DEBUG 4252 --- [           main] o.s.b.f.s.DefaultListableBeanFactory     : Finished creating instance of bean 'org.springframework.context.annotation.ConfigurationClassPostProcessor.importAwareProcessor'
2017-05-25 12:24:42.597 DEBUG 4252 --- [           main] o.s.b.f.s.DefaultListableBeanFactory     : Creating shared instance of singleton bean 'org.springframework.context.annotation.ConfigurationClassPostProcessor.enhancedConfigurationProcessor'
2017-05-25 12:24:42.597 DEBUG 4252 --- [           main] o.s.b.f.s.DefaultListableBeanFactory     : Creating instance of bean 'org.springframework.context.annotation.ConfigurationClassPostProcessor.enhancedConfigurationProcessor'
2017-05-25 12:24:42.597 DEBUG 4252 --- [           main] o.s.b.f.s.DefaultListableBeanFactory     : Eagerly caching bean 'org.springframework.context.annotation.ConfigurationClassPostProcessor.enhancedConfigurationProcessor' to allow for resolving potential circular references
2017-05-25 12:24:42.597 DEBUG 4252 --- [           main] o.s.b.f.s.DefaultListableBeanFactory     : Finished creating instance of bean 'org.springframework.context.annotation.ConfigurationClassPostProcessor.enhancedConfigurationProcessor'
2017-05-25 12:24:42.597 DEBUG 4252 --- [           main] o.s.b.f.s.DefaultListableBeanFactory     : Creating shared instance of singleton bean 'org.springframework.data.repository.core.support.RepositoryInterfaceAwareBeanPostProcessor'
2017-05-25 12:24:42.598 DEBUG 4252 --- [           main] o.s.b.f.s.DefaultListableBeanFactory     : Creating instance of bean 'org.springframework.data.repository.core.support.RepositoryInterfaceAwareBeanPostProcessor'
2017-05-25 12:24:42.598 DEBUG 4252 --- [           main] o.s.b.f.s.DefaultListableBeanFactory     : Eagerly caching bean 'org.springframework.data.repository.core.support.RepositoryInterfaceAwareBeanPostProcessor' to allow for resolving potential circular references
2017-05-25 12:24:42.598 DEBUG 4252 --- [           main] o.s.b.f.s.DefaultListableBeanFactory     : Finished creating instance of bean 'org.springframework.data.repository.core.support.RepositoryInterfaceAwareBeanPostProcessor'
2017-05-25 12:24:42.598 DEBUG 4252 --- [           main] o.s.b.f.s.DefaultListableBeanFactory     : Creating shared instance of singleton bean 'org.springframework.boot.context.properties.ConfigurationPropertiesBindingPostProcessor'
2017-05-25 12:24:42.598 DEBUG 4252 --- [           main] o.s.b.f.s.DefaultListableBeanFactory     : Creating instance of bean 'org.springframework.boot.context.properties.ConfigurationPropertiesBindingPostProcessor'
2017-05-25 12:24:42.600 DEBUG 4252 --- [           main] o.s.core.env.StandardEnvironment         : Adding [systemProperties] PropertySource with lowest search precedence
2017-05-25 12:24:42.600 DEBUG 4252 --- [           main] o.s.core.env.StandardEnvironment         : Adding [systemEnvironment] PropertySource with lowest search precedence
2017-05-25 12:24:42.600 DEBUG 4252 --- [           main] o.s.core.env.StandardEnvironment         : Initialized StandardEnvironment with PropertySources [systemProperties,systemEnvironment]
2017-05-25 12:24:42.600 DEBUG 4252 --- [           main] o.s.b.f.s.DefaultListableBeanFactory     : Eagerly caching bean 'org.springframework.boot.context.properties.ConfigurationPropertiesBindingPostProcessor' to allow for resolving potential circular references
2017-05-25 12:24:42.600 DEBUG 4252 --- [           main] o.s.b.f.s.DefaultListableBeanFactory     : Returning cached instance of singleton bean 'org.springframework.boot.context.properties.ConfigurationPropertiesBindingPostProcessor.store'
2017-05-25 12:24:42.607 DEBUG 4252 --- [           main] o.s.b.f.s.DefaultListableBeanFactory     : Invoking afterPropertiesSet() on bean with name 'org.springframework.boot.context.properties.ConfigurationPropertiesBindingPostProcessor'
2017-05-25 12:24:42.608 DEBUG 4252 --- [           main] o.s.b.f.s.DefaultListableBeanFactory     : Returning cached instance of singleton bean 'propertySourcesPlaceholderConfigurer'
2017-05-25 12:24:42.610 DEBUG 4252 --- [           main] o.s.b.f.s.DefaultListableBeanFactory     : Finished creating instance of bean 'org.springframework.boot.context.properties.ConfigurationPropertiesBindingPostProcessor'
2017-05-25 12:24:42.610 DEBUG 4252 --- [           main] o.s.b.f.s.DefaultListableBeanFactory     : Creating shared instance of singleton bean 'org.springframework.aop.config.internalAutoProxyCreator'
2017-05-25 12:24:42.610 DEBUG 4252 --- [           main] o.s.b.f.s.DefaultListableBeanFactory     : Creating instance of bean 'org.springframework.aop.config.internalAutoProxyCreator'
2017-05-25 12:24:42.646 DEBUG 4252 --- [           main] o.s.b.f.s.DefaultListableBeanFactory     : Eagerly caching bean 'org.springframework.aop.config.internalAutoProxyCreator' to allow for resolving potential circular references
2017-05-25 12:24:42.684 DEBUG 4252 --- [           main] o.s.b.f.s.DefaultListableBeanFactory     : Finished creating instance of bean 'org.springframework.aop.config.internalAutoProxyCreator'
2017-05-25 12:24:42.684 DEBUG 4252 --- [           main] o.s.b.f.s.DefaultListableBeanFactory     : Creating shared instance of singleton bean 'dataSourceInitializerPostProcessor'
2017-05-25 12:24:42.684 DEBUG 4252 --- [           main] o.s.b.f.s.DefaultListableBeanFactory     : Creating instance of bean 'dataSourceInitializerPostProcessor'
2017-05-25 12:24:42.687 DEBUG 4252 --- [           main] o.s.b.f.annotation.InjectionMetadata     : Registered injected element on class [org.springframework.boot.autoconfigure.jdbc.DataSourceInitializerPostProcessor]: AutowiredFieldElement for private org.springframework.beans.factory.BeanFactory org.springframework.boot.autoconfigure.jdbc.DataSourceInitializerPostProcessor.beanFactory
2017-05-25 12:24:42.687 DEBUG 4252 --- [           main] o.s.b.f.s.DefaultListableBeanFactory     : Eagerly caching bean 'dataSourceInitializerPostProcessor' to allow for resolving potential circular references
2017-05-25 12:24:42.690 DEBUG 4252 --- [           main] o.s.b.f.annotation.InjectionMetadata     : Processing injected element of bean 'dataSourceInitializerPostProcessor': AutowiredFieldElement for private org.springframework.beans.factory.BeanFactory org.springframework.boot.autoconfigure.jdbc.DataSourceInitializerPostProcessor.beanFactory
2017-05-25 12:24:42.696 DEBUG 4252 --- [           main] f.a.AutowiredAnnotationBeanPostProcessor : Autowiring by type from bean name 'dataSourceInitializerPostProcessor' to bean named 'org.springframework.beans.factory.support.DefaultListableBeanFactory@3576ddc2'
2017-05-25 12:24:42.697 DEBUG 4252 --- [           main] o.s.b.f.s.DefaultListableBeanFactory     : Finished creating instance of bean 'dataSourceInitializerPostProcessor'
2017-05-25 12:24:42.705 DEBUG 4252 --- [           main] o.s.b.f.s.DefaultListableBeanFactory     : Creating shared instance of singleton bean 'persistenceExceptionTranslationPostProcessor'
2017-05-25 12:24:42.705 DEBUG 4252 --- [           main] o.s.b.f.s.DefaultListableBeanFactory     : Creating instance of bean 'persistenceExceptionTranslationPostProcessor'
2017-05-25 12:24:42.711 DEBUG 4252 --- [           main] o.s.b.f.s.DefaultListableBeanFactory     : Eagerly caching bean 'persistenceExceptionTranslationPostProcessor' to allow for resolving potential circular references
2017-05-25 12:24:42.728 DEBUG 4252 --- [           main] o.s.b.f.s.DefaultListableBeanFactory     : Finished creating instance of bean 'persistenceExceptionTranslationPostProcessor'
2017-05-25 12:24:42.729 DEBUG 4252 --- [           main] o.s.b.f.s.DefaultListableBeanFactory     : Creating shared instance of singleton bean 'embeddedServletContainerCustomizerBeanPostProcessor'
2017-05-25 12:24:42.729 DEBUG 4252 --- [           main] o.s.b.f.s.DefaultListableBeanFactory     : Creating instance of bean 'embeddedServletContainerCustomizerBeanPostProcessor'
2017-05-25 12:24:42.731 DEBUG 4252 --- [           main] o.s.b.f.s.DefaultListableBeanFactory     : Creating shared instance of singleton bean 'metaDataSourceAdvisor'
2017-05-25 12:24:42.732 DEBUG 4252 --- [           main] o.s.b.f.s.DefaultListableBeanFactory     : Creating instance of bean 'metaDataSourceAdvisor'
2017-05-25 12:24:42.732 DEBUG 4252 --- [           main] o.s.b.f.s.DefaultListableBeanFactory     : Creating shared instance of singleton bean 'methodSecurityMetadataSource'
2017-05-25 12:24:42.732 DEBUG 4252 --- [           main] o.s.b.f.s.DefaultListableBeanFactory     : Creating instance of bean 'methodSecurityMetadataSource'
2017-05-25 12:24:42.733 DEBUG 4252 --- [           main] o.s.b.f.s.DefaultListableBeanFactory     : Creating shared instance of singleton bean 'org.springframework.security.config.annotation.method.configuration.GlobalMethodSecurityConfiguration'
2017-05-25 12:24:42.733 DEBUG 4252 --- [           main] o.s.b.f.s.DefaultListableBeanFactory     : Creating instance of bean 'org.springframework.security.config.annotation.method.configuration.GlobalMethodSecurityConfiguration'
2017-05-25 12:24:42.733 DEBUG 4252 --- [           main] .a.f.a.BeanFactoryAdvisorRetrievalHelper : Skipping currently created advisor 'metaDataSourceAdvisor'
2017-05-25 12:24:42.734 DEBUG 4252 --- [           main] o.s.b.f.s.DefaultListableBeanFactory     : Creating shared instance of singleton bean 'org.springframework.transaction.config.internalTransactionAdvisor'
2017-05-25 12:24:42.734 DEBUG 4252 --- [           main] o.s.b.f.s.DefaultListableBeanFactory     : Creating instance of bean 'org.springframework.transaction.config.internalTransactionAdvisor'
2017-05-25 12:24:42.734 DEBUG 4252 --- [           main] o.s.b.f.s.DefaultListableBeanFactory     : Creating shared instance of singleton bean 'org.springframework.transaction.annotation.ProxyTransactionManagementConfiguration'
2017-05-25 12:24:42.734 DEBUG 4252 --- [           main] o.s.b.f.s.DefaultListableBeanFactory     : Creating instance of bean 'org.springframework.transaction.annotation.ProxyTransactionManagementConfiguration'
2017-05-25 12:24:42.734 DEBUG 4252 --- [           main] .a.f.a.BeanFactoryAdvisorRetrievalHelper : Skipping currently created advisor 'metaDataSourceAdvisor'
2017-05-25 12:24:42.734 DEBUG 4252 --- [           main] .a.f.a.BeanFactoryAdvisorRetrievalHelper : Skipping currently created advisor 'org.springframework.transaction.config.internalTransactionAdvisor'
2017-05-25 12:24:42.797 DEBUG 4252 --- [           main] o.s.b.f.annotation.InjectionMetadata     : Registered injected element on class [org.springframework.transaction.annotation.ProxyTransactionManagementConfiguration$$EnhancerBySpringCGLIB$$4be82b3d]: AutowiredMethodElement for void org.springframework.transaction.annotation.AbstractTransactionManagementConfiguration.setConfigurers(java.util.Collection)
2017-05-25 12:24:42.797 DEBUG 4252 --- [           main] o.s.b.f.s.DefaultListableBeanFactory     : Eagerly caching bean 'org.springframework.transaction.annotation.ProxyTransactionManagementConfiguration' to allow for resolving potential circular references
2017-05-25 12:24:42.797 DEBUG 4252 --- [           main] o.s.b.f.annotation.InjectionMetadata     : Processing injected element of bean 'org.springframework.transaction.annotation.ProxyTransactionManagementConfiguration': AutowiredMethodElement for void org.springframework.transaction.annotation.AbstractTransactionManagementConfiguration.setConfigurers(java.util.Collection)
2017-05-25 12:24:42.801 DEBUG 4252 --- [           main] o.s.b.f.s.DefaultListableBeanFactory     : Returning cached instance of singleton bean 'org.springframework.context.annotation.ConfigurationClassPostProcessor.importRegistry'
2017-05-25 12:24:42.802  INFO 4252 --- [           main] trationDelegate$BeanPostProcessorChecker : Bean 'org.springframework.transaction.annotation.ProxyTransactionManagementConfiguration' of type [class org.springframework.transaction.annotation.ProxyTransactionManagementConfiguration$$EnhancerBySpringCGLIB$$4be82b3d] is not eligible for getting processed by all BeanPostProcessors (for example: not eligible for auto-proxying)
2017-05-25 12:24:42.802 DEBUG 4252 --- [           main] .a.f.a.BeanFactoryAdvisorRetrievalHelper : Skipping currently created advisor 'metaDataSourceAdvisor'
2017-05-25 12:24:42.802 DEBUG 4252 --- [           main] .a.f.a.BeanFactoryAdvisorRetrievalHelper : Skipping currently created advisor 'org.springframework.transaction.config.internalTransactionAdvisor'
2017-05-25 12:24:42.802 DEBUG 4252 --- [           main] .a.f.a.BeanFactoryAdvisorRetrievalHelper : Skipping currently created advisor 'metaDataSourceAdvisor'
2017-05-25 12:24:42.802 DEBUG 4252 --- [           main] .a.f.a.BeanFactoryAdvisorRetrievalHelper : Skipping currently created advisor 'org.springframework.transaction.config.internalTransactionAdvisor'
2017-05-25 12:24:42.805 DEBUG 4252 --- [           main] o.s.b.f.s.DefaultListableBeanFactory     : Finished creating instance of bean 'org.springframework.transaction.annotation.ProxyTransactionManagementConfiguration'
2017-05-25 12:24:42.845 DEBUG 4252 --- [           main] o.s.b.f.s.DefaultListableBeanFactory     : Creating shared instance of singleton bean 'transactionAttributeSource'
2017-05-25 12:24:42.845 DEBUG 4252 --- [           main] o.s.b.f.s.DefaultListableBeanFactory     : Creating instance of bean 'transactionAttributeSource'
2017-05-25 12:24:42.845 DEBUG 4252 --- [           main] .a.f.a.BeanFactoryAdvisorRetrievalHelper : Skipping currently created advisor 'metaDataSourceAdvisor'
2017-05-25 12:24:42.845 DEBUG 4252 --- [           main] .a.f.a.BeanFactoryAdvisorRetrievalHelper : Skipping currently created advisor 'org.springframework.transaction.config.internalTransactionAdvisor'
2017-05-25 12:24:42.846 DEBUG 4252 --- [           main] o.s.b.f.s.DefaultListableBeanFactory     : Returning cached instance of singleton bean 'org.springframework.transaction.annotation.ProxyTransactionManagementConfiguration'
2017-05-25 12:24:42.847 DEBUG 4252 --- [           main] o.s.b.f.s.DefaultListableBeanFactory     : Eagerly caching bean 'transactionAttributeSource' to allow for resolving potential circular references
2017-05-25 12:24:42.856 DEBUG 4252 --- [           main] .a.f.a.BeanFactoryAdvisorRetrievalHelper : Skipping currently created advisor 'metaDataSourceAdvisor'
2017-05-25 12:24:42.856 DEBUG 4252 --- [           main] .a.f.a.BeanFactoryAdvisorRetrievalHelper : Skipping currently created advisor 'org.springframework.transaction.config.internalTransactionAdvisor'
2017-05-25 12:24:42.856 DEBUG 4252 --- [           main] .a.f.a.BeanFactoryAdvisorRetrievalHelper : Skipping currently created advisor 'metaDataSourceAdvisor'
2017-05-25 12:24:42.856 DEBUG 4252 --- [           main] .a.f.a.BeanFactoryAdvisorRetrievalHelper : Skipping currently created advisor 'org.springframework.transaction.config.internalTransactionAdvisor'
2017-05-25 12:24:42.856 DEBUG 4252 --- [           main] o.s.b.f.s.DefaultListableBeanFactory     : Finished creating instance of bean 'transactionAttributeSource'
2017-05-25 12:24:42.857 DEBUG 4252 --- [           main] o.s.b.f.s.DefaultListableBeanFactory     : Creating shared instance of singleton bean 'transactionInterceptor'
2017-05-25 12:24:42.857 DEBUG 4252 --- [           main] o.s.b.f.s.DefaultListableBeanFactory     : Creating instance of bean 'transactionInterceptor'
2017-05-25 12:24:42.857 DEBUG 4252 --- [           main] o.s.b.f.s.DefaultListableBeanFactory     : Returning cached instance of singleton bean 'org.springframework.transaction.annotation.ProxyTransactionManagementConfiguration'
2017-05-25 12:24:42.861 DEBUG 4252 --- [           main] o.s.b.f.s.DefaultListableBeanFactory     : Returning cached instance of singleton bean 'transactionAttributeSource'
2017-05-25 12:24:42.866 DEBUG 4252 --- [           main] o.s.b.f.s.DefaultListableBeanFactory     : Eagerly caching bean 'transactionInterceptor' to allow for resolving potential circular references
2017-05-25 12:24:42.873 DEBUG 4252 --- [           main] o.s.b.f.s.DefaultListableBeanFactory     : Invoking afterPropertiesSet() on bean with name 'transactionInterceptor'
2017-05-25 12:24:42.874 DEBUG 4252 --- [           main] o.s.b.f.s.DefaultListableBeanFactory     : Finished creating instance of bean 'transactionInterceptor'
2017-05-25 12:24:42.875 DEBUG 4252 --- [           main] o.s.b.f.s.DefaultListableBeanFactory     : Eagerly caching bean 'org.springframework.transaction.config.internalTransactionAdvisor' to allow for resolving potential circular references
2017-05-25 12:24:42.883 DEBUG 4252 --- [           main] o.s.b.f.s.DefaultListableBeanFactory     : Finished creating instance of bean 'org.springframework.transaction.config.internalTransactionAdvisor'
2017-05-25 12:24:42.913 DEBUG 4252 --- [           main] o.s.b.f.annotation.InjectionMetadata     : Registered injected element on class [org.springframework.security.config.annotation.method.configuration.GlobalMethodSecurityConfiguration$$EnhancerBySpringCGLIB$$96a9629]: AutowiredMethodElement for public void org.springframework.security.config.annotation.method.configuration.GlobalMethodSecurityConfiguration.setApplicationContext(org.springframework.context.ApplicationContext)
2017-05-25 12:24:42.913 DEBUG 4252 --- [           main] o.s.b.f.annotation.InjectionMetadata     : Registered injected element on class [org.springframework.security.config.annotation.method.configuration.GlobalMethodSecurityConfiguration$$EnhancerBySpringCGLIB$$96a9629]: AutowiredMethodElement for public void org.springframework.security.config.annotation.method.configuration.GlobalMethodSecurityConfiguration.setObjectPostProcessor(org.springframework.security.config.annotation.ObjectPostProcessor)
2017-05-25 12:24:42.913 DEBUG 4252 --- [           main] o.s.b.f.annotation.InjectionMetadata     : Registered injected element on class [org.springframework.security.config.annotation.method.configuration.GlobalMethodSecurityConfiguration$$EnhancerBySpringCGLIB$$96a9629]: AutowiredMethodElement for public void org.springframework.security.config.annotation.method.configuration.GlobalMethodSecurityConfiguration.setAuthenticationTrustResolver(org.springframework.security.authentication.AuthenticationTrustResolver)
2017-05-25 12:24:42.913 DEBUG 4252 --- [           main] o.s.b.f.annotation.InjectionMetadata     : Registered injected element on class [org.springframework.security.config.annotation.method.configuration.GlobalMethodSecurityConfiguration$$EnhancerBySpringCGLIB$$96a9629]: AutowiredMethodElement for public void org.springframework.security.config.annotation.method.configuration.GlobalMethodSecurityConfiguration.setPermissionEvaluator(java.util.List)
2017-05-25 12:24:42.913 DEBUG 4252 --- [           main] o.s.b.f.annotation.InjectionMetadata     : Registered injected element on class [org.springframework.security.config.annotation.method.configuration.GlobalMethodSecurityConfiguration$$EnhancerBySpringCGLIB$$96a9629]: AutowiredMethodElement for public void org.springframework.security.config.annotation.method.configuration.GlobalMethodSecurityConfiguration.setJsr250MethodSecurityMetadataSource(org.springframework.security.access.annotation.Jsr250MethodSecurityMetadataSource)
2017-05-25 12:24:42.913 DEBUG 4252 --- [           main] o.s.b.f.annotation.InjectionMetadata     : Registered injected element on class [org.springframework.security.config.annotation.method.configuration.GlobalMethodSecurityConfiguration$$EnhancerBySpringCGLIB$$96a9629]: AutowiredMethodElement for public void org.springframework.security.config.annotation.method.configuration.GlobalMethodSecurityConfiguration.setMethodSecurityExpressionHandler(java.util.List)
2017-05-25 12:24:42.913 DEBUG 4252 --- [           main] o.s.b.f.s.DefaultListableBeanFactory     : Eagerly caching bean 'org.springframework.security.config.annotation.method.configuration.GlobalMethodSecurityConfiguration' to allow for resolving potential circular references
2017-05-25 12:24:42.913 DEBUG 4252 --- [           main] o.s.b.f.annotation.InjectionMetadata     : Processing injected element of bean 'org.springframework.security.config.annotation.method.configuration.GlobalMethodSecurityConfiguration': AutowiredMethodElement for public void org.springframework.security.config.annotation.method.configuration.GlobalMethodSecurityConfiguration.setApplicationContext(org.springframework.context.ApplicationContext)
2017-05-25 12:24:42.915 DEBUG 4252 --- [           main] f.a.AutowiredAnnotationBeanPostProcessor : Autowiring by type from bean name 'org.springframework.security.config.annotation.method.configuration.GlobalMethodSecurityConfiguration' to bean named 'org.springframework.web.context.support.GenericWebApplicationContext@515c6049'
2017-05-25 12:24:42.915 DEBUG 4252 --- [           main] o.s.b.f.annotation.InjectionMetadata     : Processing injected element of bean 'org.springframework.security.config.annotation.method.configuration.GlobalMethodSecurityConfiguration': AutowiredMethodElement for public void org.springframework.security.config.annotation.method.configuration.GlobalMethodSecurityConfiguration.setObjectPostProcessor(org.springframework.security.config.annotation.ObjectPostProcessor)
2017-05-25 12:24:42.917 DEBUG 4252 --- [           main] o.s.b.f.s.DefaultListableBeanFactory     : Creating shared instance of singleton bean 'objectPostProcessor'
2017-05-25 12:24:42.917 DEBUG 4252 --- [           main] o.s.b.f.s.DefaultListableBeanFactory     : Creating instance of bean 'objectPostProcessor'
2017-05-25 12:24:42.918 DEBUG 4252 --- [           main] .a.f.a.BeanFactoryAdvisorRetrievalHelper : Skipping currently created advisor 'metaDataSourceAdvisor'
2017-05-25 12:24:42.918 DEBUG 4252 --- [           main] o.s.b.f.s.DefaultListableBeanFactory     : Returning cached instance of singleton bean 'org.springframework.transaction.config.internalTransactionAdvisor'
2017-05-25 12:24:42.918 DEBUG 4252 --- [           main] o.s.b.f.s.DefaultListableBeanFactory     : Creating shared instance of singleton bean 'org.springframework.security.config.annotation.configuration.ObjectPostProcessorConfiguration'
2017-05-25 12:24:42.918 DEBUG 4252 --- [           main] o.s.b.f.s.DefaultListableBeanFactory     : Creating instance of bean 'org.springframework.security.config.annotation.configuration.ObjectPostProcessorConfiguration'
2017-05-25 12:24:42.918 DEBUG 4252 --- [           main] .a.f.a.BeanFactoryAdvisorRetrievalHelper : Skipping currently created advisor 'metaDataSourceAdvisor'
2017-05-25 12:24:42.918 DEBUG 4252 --- [           main] o.s.b.f.s.DefaultListableBeanFactory     : Returning cached instance of singleton bean 'org.springframework.transaction.config.internalTransactionAdvisor'
2017-05-25 12:24:42.918 DEBUG 4252 --- [           main] o.s.b.f.s.DefaultListableBeanFactory     : Eagerly caching bean 'org.springframework.security.config.annotation.configuration.ObjectPostProcessorConfiguration' to allow for resolving potential circular references
2017-05-25 12:24:42.922  INFO 4252 --- [           main] trationDelegate$BeanPostProcessorChecker : Bean 'org.springframework.security.config.annotation.configuration.ObjectPostProcessorConfiguration' of type [class org.springframework.security.config.annotation.configuration.ObjectPostProcessorConfiguration$$EnhancerBySpringCGLIB$$e495f377] is not eligible for getting processed by all BeanPostProcessors (for example: not eligible for auto-proxying)
2017-05-25 12:24:42.922 DEBUG 4252 --- [           main] .a.f.a.BeanFactoryAdvisorRetrievalHelper : Skipping currently created advisor 'metaDataSourceAdvisor'
2017-05-25 12:24:42.922 DEBUG 4252 --- [           main] o.s.b.f.s.DefaultListableBeanFactory     : Returning cached instance of singleton bean 'org.springframework.transaction.config.internalTransactionAdvisor'
2017-05-25 12:24:42.922 DEBUG 4252 --- [           main] .a.f.a.BeanFactoryAdvisorRetrievalHelper : Skipping currently created advisor 'metaDataSourceAdvisor'
2017-05-25 12:24:42.922 DEBUG 4252 --- [           main] o.s.b.f.s.DefaultListableBeanFactory     : Returning cached instance of singleton bean 'org.springframework.transaction.config.internalTransactionAdvisor'
2017-05-25 12:24:42.924 DEBUG 4252 --- [           main] o.s.b.f.s.DefaultListableBeanFactory     : Finished creating instance of bean 'org.springframework.security.config.annotation.configuration.ObjectPostProcessorConfiguration'
2017-05-25 12:24:42.927 DEBUG 4252 --- [           main] o.s.b.f.s.DefaultListableBeanFactory     : Autowiring by type from bean name 'objectPostProcessor' via factory method to bean named 'org.springframework.beans.factory.support.DefaultListableBeanFactory@3576ddc2'
2017-05-25 12:24:42.932 DEBUG 4252 --- [           main] o.s.b.f.s.DefaultListableBeanFactory     : Eagerly caching bean 'objectPostProcessor' to allow for resolving potential circular references
2017-05-25 12:24:42.935  INFO 4252 --- [           main] trationDelegate$BeanPostProcessorChecker : Bean 'objectPostProcessor' of type [class org.springframework.security.config.annotation.configuration.AutowireBeanFactoryObjectPostProcessor] is not eligible for getting processed by all BeanPostProcessors (for example: not eligible for auto-proxying)
2017-05-25 12:24:42.936 DEBUG 4252 --- [           main] .a.f.a.BeanFactoryAdvisorRetrievalHelper : Skipping currently created advisor 'metaDataSourceAdvisor'
2017-05-25 12:24:42.936 DEBUG 4252 --- [           main] o.s.b.f.s.DefaultListableBeanFactory     : Returning cached instance of singleton bean 'org.springframework.transaction.config.internalTransactionAdvisor'
2017-05-25 12:24:42.936 DEBUG 4252 --- [           main] .a.f.a.BeanFactoryAdvisorRetrievalHelper : Skipping currently created advisor 'metaDataSourceAdvisor'
2017-05-25 12:24:42.936 DEBUG 4252 --- [           main] o.s.b.f.s.DefaultListableBeanFactory     : Returning cached instance of singleton bean 'org.springframework.transaction.config.internalTransactionAdvisor'
2017-05-25 12:24:42.937 DEBUG 4252 --- [           main] o.s.b.f.s.DefaultListableBeanFactory     : Finished creating instance of bean 'objectPostProcessor'
2017-05-25 12:24:42.937 DEBUG 4252 --- [           main] f.a.AutowiredAnnotationBeanPostProcessor : Autowiring by type from bean name 'org.springframework.security.config.annotation.method.configuration.GlobalMethodSecurityConfiguration' to bean named 'objectPostProcessor'
2017-05-25 12:24:42.938  INFO 4252 --- [           main] trationDelegate$BeanPostProcessorChecker : Bean 'org.springframework.security.access.expression.method.DefaultMethodSecurityExpressionHandler@3a01773b' of type [class org.springframework.security.access.expression.method.DefaultMethodSecurityExpressionHandler] is not eligible for getting processed by all BeanPostProcessors (for example: not eligible for auto-proxying)
2017-05-25 12:24:42.969 DEBUG 4252 --- [           main] o.s.b.f.annotation.InjectionMetadata     : Processing injected element of bean 'org.springframework.security.config.annotation.method.configuration.GlobalMethodSecurityConfiguration': AutowiredMethodElement for public void org.springframework.security.config.annotation.method.configuration.GlobalMethodSecurityConfiguration.setAuthenticationTrustResolver(org.springframework.security.authentication.AuthenticationTrustResolver)
2017-05-25 12:24:42.971 DEBUG 4252 --- [           main] o.s.b.f.annotation.InjectionMetadata     : Processing injected element of bean 'org.springframework.security.config.annotation.method.configuration.GlobalMethodSecurityConfiguration': AutowiredMethodElement for public void org.springframework.security.config.annotation.method.configuration.GlobalMethodSecurityConfiguration.setPermissionEvaluator(java.util.List)
2017-05-25 12:24:42.973 DEBUG 4252 --- [           main] o.s.b.f.annotation.InjectionMetadata     : Processing injected element of bean 'org.springframework.security.config.annotation.method.configuration.GlobalMethodSecurityConfiguration': AutowiredMethodElement for public void org.springframework.security.config.annotation.method.configuration.GlobalMethodSecurityConfiguration.setJsr250MethodSecurityMetadataSource(org.springframework.security.access.annotation.Jsr250MethodSecurityMetadataSource)
2017-05-25 12:24:42.974 DEBUG 4252 --- [           main] o.s.b.f.annotation.InjectionMetadata     : Processing injected element of bean 'org.springframework.security.config.annotation.method.configuration.GlobalMethodSecurityConfiguration': AutowiredMethodElement for public void org.springframework.security.config.annotation.method.configuration.GlobalMethodSecurityConfiguration.setMethodSecurityExpressionHandler(java.util.List)
2017-05-25 12:24:42.977 DEBUG 4252 --- [           main] o.s.b.f.s.DefaultListableBeanFactory     : Returning cached instance of singleton bean 'org.springframework.context.annotation.ConfigurationClassPostProcessor.importRegistry'
2017-05-25 12:24:42.977  INFO 4252 --- [           main] trationDelegate$BeanPostProcessorChecker : Bean 'org.springframework.security.config.annotation.method.configuration.GlobalMethodSecurityConfiguration' of type [class org.springframework.security.config.annotation.method.configuration.GlobalMethodSecurityConfiguration$$EnhancerBySpringCGLIB$$96a9629] is not eligible for getting processed by all BeanPostProcessors (for example: not eligible for auto-proxying)
2017-05-25 12:24:42.977 DEBUG 4252 --- [           main] .a.f.a.BeanFactoryAdvisorRetrievalHelper : Skipping currently created advisor 'metaDataSourceAdvisor'
2017-05-25 12:24:42.977 DEBUG 4252 --- [           main] o.s.b.f.s.DefaultListableBeanFactory     : Returning cached instance of singleton bean 'org.springframework.transaction.config.internalTransactionAdvisor'
2017-05-25 12:24:42.977 DEBUG 4252 --- [           main] .a.f.a.BeanFactoryAdvisorRetrievalHelper : Skipping currently created advisor 'metaDataSourceAdvisor'
2017-05-25 12:24:42.977 DEBUG 4252 --- [           main] o.s.b.f.s.DefaultListableBeanFactory     : Returning cached instance of singleton bean 'org.springframework.transaction.config.internalTransactionAdvisor'
2017-05-25 12:24:42.981 DEBUG 4252 --- [           main] o.s.b.f.s.DefaultListableBeanFactory     : Finished creating instance of bean 'org.springframework.security.config.annotation.method.configuration.GlobalMethodSecurityConfiguration'
2017-05-25 12:24:42.998 DEBUG 4252 --- [           main] o.s.b.f.s.DefaultListableBeanFactory     : Eagerly caching bean 'methodSecurityMetadataSource' to allow for resolving potential circular references
2017-05-25 12:24:43.002  INFO 4252 --- [           main] trationDelegate$BeanPostProcessorChecker : Bean 'methodSecurityMetadataSource' of type [class org.springframework.security.access.method.DelegatingMethodSecurityMetadataSource] is not eligible for getting processed by all BeanPostProcessors (for example: not eligible for auto-proxying)
2017-05-25 12:24:43.002 DEBUG 4252 --- [           main] o.s.b.f.s.DefaultListableBeanFactory     : Finished creating instance of bean 'methodSecurityMetadataSource'
2017-05-25 12:24:43.005 DEBUG 4252 --- [           main] o.s.b.f.s.DefaultListableBeanFactory     : Eagerly caching bean 'metaDataSourceAdvisor' to allow for resolving potential circular references
2017-05-25 12:24:43.008 DEBUG 4252 --- [           main] o.s.b.f.s.DefaultListableBeanFactory     : Finished creating instance of bean 'metaDataSourceAdvisor'
2017-05-25 12:24:43.008 DEBUG 4252 --- [           main] o.s.b.f.s.DefaultListableBeanFactory     : Returning cached instance of singleton bean 'org.springframework.transaction.config.internalTransactionAdvisor'
2017-05-25 12:24:43.009 DEBUG 4252 --- [           main] o.s.b.f.s.DefaultListableBeanFactory     : Eagerly caching bean 'embeddedServletContainerCustomizerBeanPostProcessor' to allow for resolving potential circular references
2017-05-25 12:24:43.011 DEBUG 4252 --- [           main] o.s.b.f.s.DefaultListableBeanFactory     : Returning cached instance of singleton bean 'metaDataSourceAdvisor'
2017-05-25 12:24:43.011 DEBUG 4252 --- [           main] o.s.b.f.s.DefaultListableBeanFactory     : Returning cached instance of singleton bean 'org.springframework.transaction.config.internalTransactionAdvisor'
2017-05-25 12:24:43.011 DEBUG 4252 --- [           main] o.s.b.f.s.DefaultListableBeanFactory     : Returning cached instance of singleton bean 'metaDataSourceAdvisor'
2017-05-25 12:24:43.011 DEBUG 4252 --- [           main] o.s.b.f.s.DefaultListableBeanFactory     : Returning cached instance of singleton bean 'org.springframework.transaction.config.internalTransactionAdvisor'
2017-05-25 12:24:43.015 DEBUG 4252 --- [           main] o.s.b.f.s.DefaultListableBeanFactory     : Finished creating instance of bean 'embeddedServletContainerCustomizerBeanPostProcessor'
2017-05-25 12:24:43.015 DEBUG 4252 --- [           main] o.s.b.f.s.DefaultListableBeanFactory     : Creating shared instance of singleton bean 'dataSourceInitializedPublisher'
2017-05-25 12:24:43.015 DEBUG 4252 --- [           main] o.s.b.f.s.DefaultListableBeanFactory     : Creating instance of bean 'dataSourceInitializedPublisher'
2017-05-25 12:24:43.016 DEBUG 4252 --- [           main] o.s.b.f.annotation.InjectionMetadata     : Registered injected element on class [org.springframework.boot.autoconfigure.orm.jpa.DataSourceInitializedPublisher]: AutowiredFieldElement for private org.springframework.context.ApplicationContext org.springframework.boot.autoconfigure.orm.jpa.DataSourceInitializedPublisher.applicationContext
2017-05-25 12:24:43.016 DEBUG 4252 --- [           main] o.s.b.f.s.DefaultListableBeanFactory     : Eagerly caching bean 'dataSourceInitializedPublisher' to allow for resolving potential circular references
2017-05-25 12:24:43.018 DEBUG 4252 --- [           main] o.s.b.f.annotation.InjectionMetadata     : Processing injected element of bean 'dataSourceInitializedPublisher': AutowiredFieldElement for private org.springframework.context.ApplicationContext org.springframework.boot.autoconfigure.orm.jpa.DataSourceInitializedPublisher.applicationContext
2017-05-25 12:24:43.019 DEBUG 4252 --- [           main] f.a.AutowiredAnnotationBeanPostProcessor : Autowiring by type from bean name 'dataSourceInitializedPublisher' to bean named 'org.springframework.web.context.support.GenericWebApplicationContext@515c6049'
2017-05-25 12:24:43.019 DEBUG 4252 --- [           main] o.s.b.f.s.DefaultListableBeanFactory     : Finished creating instance of bean 'dataSourceInitializedPublisher'
2017-05-25 12:24:43.023 DEBUG 4252 --- [           main] o.s.b.f.s.DefaultListableBeanFactory     : Returning cached instance of singleton bean 'applicationEventMulticaster'
2017-05-25 12:24:43.025 DEBUG 4252 --- [           main] o.s.u.c.s.UiApplicationContextUtils      : Unable to locate ThemeSource with name 'themeSource': using default [org.springframework.ui.context.support.ResourceBundleThemeSource@3efedc6f]
2017-05-25 12:24:43.029 DEBUG 4252 --- [           main] o.s.b.f.s.DefaultListableBeanFactory     : Creating shared instance of singleton bean 'entityManagerFactory'
2017-05-25 12:24:43.029 DEBUG 4252 --- [           main] o.s.b.f.s.DefaultListableBeanFactory     : Creating instance of bean 'entityManagerFactory'
2017-05-25 12:24:43.029 DEBUG 4252 --- [           main] o.s.b.f.s.DefaultListableBeanFactory     : Returning cached instance of singleton bean 'metaDataSourceAdvisor'
2017-05-25 12:24:43.029 DEBUG 4252 --- [           main] o.s.b.f.s.DefaultListableBeanFactory     : Returning cached instance of singleton bean 'org.springframework.transaction.config.internalTransactionAdvisor'
2017-05-25 12:24:43.029 DEBUG 4252 --- [           main] o.s.b.f.s.DefaultListableBeanFactory     : Creating shared instance of singleton bean 'org.springframework.boot.autoconfigure.orm.jpa.HibernateJpaAutoConfiguration'
2017-05-25 12:24:43.029 DEBUG 4252 --- [           main] o.s.b.f.s.DefaultListableBeanFactory     : Creating instance of bean 'org.springframework.boot.autoconfigure.orm.jpa.HibernateJpaAutoConfiguration'
2017-05-25 12:24:43.029 DEBUG 4252 --- [           main] o.s.b.f.s.DefaultListableBeanFactory     : Returning cached instance of singleton bean 'metaDataSourceAdvisor'
2017-05-25 12:24:43.029 DEBUG 4252 --- [           main] o.s.b.f.s.DefaultListableBeanFactory     : Returning cached instance of singleton bean 'org.springframework.transaction.config.internalTransactionAdvisor'
2017-05-25 12:24:43.031 DEBUG 4252 --- [           main] o.s.b.f.annotation.InjectionMetadata     : Registered injected element on class [org.springframework.boot.autoconfigure.orm.jpa.HibernateJpaAutoConfiguration$$EnhancerBySpringCGLIB$$b56e8f5d]: AutowiredFieldElement for private javax.sql.DataSource org.springframework.boot.autoconfigure.orm.jpa.JpaBaseConfiguration.dataSource
2017-05-25 12:24:43.032 DEBUG 4252 --- [           main] o.s.b.f.annotation.InjectionMetadata     : Registered injected element on class [org.springframework.boot.autoconfigure.orm.jpa.HibernateJpaAutoConfiguration$$EnhancerBySpringCGLIB$$b56e8f5d]: AutowiredFieldElement for private org.springframework.orm.jpa.persistenceunit.PersistenceUnitManager org.springframework.boot.autoconfigure.orm.jpa.JpaBaseConfiguration.persistenceUnitManager
2017-05-25 12:24:43.032 DEBUG 4252 --- [           main] o.s.b.f.annotation.InjectionMetadata     : Registered injected element on class [org.springframework.boot.autoconfigure.orm.jpa.HibernateJpaAutoConfiguration$$EnhancerBySpringCGLIB$$b56e8f5d]: AutowiredFieldElement for private org.springframework.boot.autoconfigure.orm.jpa.JpaProperties org.springframework.boot.autoconfigure.orm.jpa.JpaBaseConfiguration.jpaProperties
2017-05-25 12:24:43.032 DEBUG 4252 --- [           main] o.s.b.f.annotation.InjectionMetadata     : Registered injected element on class [org.springframework.boot.autoconfigure.orm.jpa.HibernateJpaAutoConfiguration$$EnhancerBySpringCGLIB$$b56e8f5d]: AutowiredFieldElement for private org.springframework.transaction.jta.JtaTransactionManager org.springframework.boot.autoconfigure.orm.jpa.JpaBaseConfiguration.jtaTransactionManager
2017-05-25 12:24:43.032 DEBUG 4252 --- [           main] o.s.b.f.annotation.InjectionMetadata     : Registered injected element on class [org.springframework.boot.autoconfigure.orm.jpa.HibernateJpaAutoConfiguration$$EnhancerBySpringCGLIB$$b56e8f5d]: AutowiredFieldElement for private org.springframework.boot.autoconfigure.orm.jpa.JpaProperties org.springframework.boot.autoconfigure.orm.jpa.HibernateJpaAutoConfiguration.properties
2017-05-25 12:24:43.032 DEBUG 4252 --- [           main] o.s.b.f.annotation.InjectionMetadata     : Registered injected element on class [org.springframework.boot.autoconfigure.orm.jpa.HibernateJpaAutoConfiguration$$EnhancerBySpringCGLIB$$b56e8f5d]: AutowiredFieldElement for private javax.sql.DataSource org.springframework.boot.autoconfigure.orm.jpa.HibernateJpaAutoConfiguration.dataSource
2017-05-25 12:24:43.032 DEBUG 4252 --- [           main] o.s.b.f.s.DefaultListableBeanFactory     : Eagerly caching bean 'org.springframework.boot.autoconfigure.orm.jpa.HibernateJpaAutoConfiguration' to allow for resolving potential circular references
2017-05-25 12:24:43.041 DEBUG 4252 --- [           main] o.s.b.f.annotation.InjectionMetadata     : Processing injected element of bean 'org.springframework.boot.autoconfigure.orm.jpa.HibernateJpaAutoConfiguration': AutowiredFieldElement for private javax.sql.DataSource org.springframework.boot.autoconfigure.orm.jpa.JpaBaseConfiguration.dataSource
2017-05-25 12:24:43.044 DEBUG 4252 --- [           main] o.s.b.f.s.DefaultListableBeanFactory     : Creating shared instance of singleton bean 'dataSource'
2017-05-25 12:24:43.044 DEBUG 4252 --- [           main] o.s.b.f.s.DefaultListableBeanFactory     : Creating instance of bean 'dataSource'
2017-05-25 12:24:43.044 DEBUG 4252 --- [           main] o.s.b.f.s.DefaultListableBeanFactory     : Returning cached instance of singleton bean 'metaDataSourceAdvisor'
2017-05-25 12:24:43.044 DEBUG 4252 --- [           main] o.s.b.f.s.DefaultListableBeanFactory     : Returning cached instance of singleton bean 'org.springframework.transaction.config.internalTransactionAdvisor'
2017-05-25 12:24:43.044 DEBUG 4252 --- [           main] o.s.b.f.s.DefaultListableBeanFactory     : Creating shared instance of singleton bean 'prodDataSourceConfig'
2017-05-25 12:24:43.044 DEBUG 4252 --- [           main] o.s.b.f.s.DefaultListableBeanFactory     : Creating instance of bean 'prodDataSourceConfig'
2017-05-25 12:24:43.044 DEBUG 4252 --- [           main] o.s.b.f.s.DefaultListableBeanFactory     : Returning cached instance of singleton bean 'metaDataSourceAdvisor'
2017-05-25 12:24:43.044 DEBUG 4252 --- [           main] o.s.b.f.s.DefaultListableBeanFactory     : Returning cached instance of singleton bean 'org.springframework.transaction.config.internalTransactionAdvisor'
2017-05-25 12:24:43.045 DEBUG 4252 --- [           main] o.s.b.f.s.DefaultListableBeanFactory     : Eagerly caching bean 'prodDataSourceConfig' to allow for resolving potential circular references
2017-05-25 12:24:43.048 DEBUG 4252 --- [           main] o.s.b.f.s.DefaultListableBeanFactory     : Returning cached instance of singleton bean 'metaDataSourceAdvisor'
2017-05-25 12:24:43.048 DEBUG 4252 --- [           main] o.s.b.f.s.DefaultListableBeanFactory     : Returning cached instance of singleton bean 'org.springframework.transaction.config.internalTransactionAdvisor'
2017-05-25 12:24:43.048 DEBUG 4252 --- [           main] o.s.b.f.s.DefaultListableBeanFactory     : Returning cached instance of singleton bean 'metaDataSourceAdvisor'
2017-05-25 12:24:43.048 DEBUG 4252 --- [           main] o.s.b.f.s.DefaultListableBeanFactory     : Returning cached instance of singleton bean 'org.springframework.transaction.config.internalTransactionAdvisor'
2017-05-25 12:24:43.050 DEBUG 4252 --- [           main] o.s.b.f.s.DefaultListableBeanFactory     : Finished creating instance of bean 'prodDataSourceConfig'
2017-05-25 12:24:43.095  INFO 4252 --- [           main] com.zaxxer.hikari.HikariDataSource       : springHikariCP - Started.
2017-05-25 12:25:04.193  INFO 4252 --- [           main] com.zaxxer.hikari.pool.HikariPool        : springHikariCP - Close initiated...
2017-05-25 12:25:04.193  INFO 4252 --- [           main] com.zaxxer.hikari.pool.HikariPool        : springHikariCP - Closed.
2017-05-25 12:25:04.194 DEBUG 4252 --- [           main] o.s.b.f.s.DefaultListableBeanFactory     : Destroying singletons in org.springframework.beans.factory.support.DefaultListableBeanFactory@3576ddc2: defining beans [org.springframework.context.annotation.internalConfigurationAnnotationProcessor,org.springframework.context.annotation.internalAutowiredAnnotationProcessor,org.springframework.context.annotation.internalRequiredAnnotationProcessor,org.springframework.context.annotation.internalCommonAnnotationProcessor,org.springframework.context.annotation.internalPersistenceAnnotationProcessor,org.springframework.context.event.internalEventListenerProcessor,org.springframework.context.event.internalEventListenerFactory,stacksApplication,org.springframework.context.annotation.ConfigurationClassPostProcessor.importAwareProcessor,org.springframework.context.annotation.ConfigurationClassPostProcessor.enhancedConfigurationProcessor,prodDataSourceConfig,securityConfig,thymeleafConfig,adminController,authorController,loginController,postController,dataSource,org.springframework.security.config.annotation.authentication.configuration.AuthenticationConfiguration,authenticationManagerBuilder,enableGlobalAuthenticationAutowiredConfigurer,org.springframework.security.config.annotation.method.configuration.GlobalMethodSecurityConfiguration,methodSecurityInterceptor,methodSecurityMetadataSource,preInvocationAuthorizationAdvice,org.springframework.security.config.annotation.configuration.ObjectPostProcessorConfiguration,objectPostProcessor,metaDataSourceAdvisor,org.springframework.aop.config.internalAutoProxyCreator,springSecurityDialect,org.springframework.transaction.annotation.ProxyTransactionManagementConfiguration,org.springframework.transaction.config.internalTransactionAdvisor,transactionAttributeSource,transactionInterceptor,org.springframework.transaction.config.internalTransactionalEventListenerFactory,org.springframework.boot.autoconfigure.AutoConfigurationPackages,org.springframework.data.jpa.repository.config.JpaRepositoryConfigExtension#0,org.springframework.data.repository.core.support.RepositoryInterfaceAwareBeanPostProcessor,emBeanDefinitionRegistrarPostProcessor,jpaMappingContext,jpaContext,authorRepository,categoryRepository,postRepository,org.springframework.boot.autoconfigure.PropertyPlaceholderAutoConfiguration,org.springframework.boot.autoconfigure.condition.BeanTypeRegistry,propertySourcesPlaceholderConfigurer,org.springframework.boot.autoconfigure.websocket.WebSocketAutoConfiguration$TomcatWebSocketConfiguration,websocketContainerCustomizer,org.springframework.boot.autoconfigure.websocket.WebSocketAutoConfiguration,org.springframework.boot.autoconfigure.web.EmbeddedServletContainerAutoConfiguration$EmbeddedTomcat,tomcatEmbeddedServletContainerFactory,org.springframework.boot.autoconfigure.web.EmbeddedServletContainerAutoConfiguration,embeddedServletContainerCustomizerBeanPostProcessor,org.springframework.boot.autoconfigure.web.DispatcherServletAutoConfiguration$DispatcherServletConfiguration,dispatcherServlet,dispatcherServletRegistration,spring.mvc.CONFIGURATION_PROPERTIES,org.springframework.boot.context.properties.ConfigurationPropertiesBindingPostProcessor,org.springframework.boot.context.properties.ConfigurationPropertiesBindingPostProcessor.store,org.springframework.boot.autoconfigure.web.DispatcherServletAutoConfiguration,org.springframework.boot.autoconfigure.web.ErrorMvcAutoConfiguration,errorAttributes,basicErrorController,errorPageCustomizer,preserveErrorControllerTargetClassPostProcessor,org.springframework.boot.autoconfigure.web.WebMvcAutoConfiguration$EnableWebMvcConfiguration,requestMappingHandlerAdapter,requestMappingHandlerMapping,mvcContentNegotiationManager,viewControllerHandlerMapping,beanNameHandlerMapping,resourceHandlerMapping,mvcResourceUrlProvider,defaultServletHandlerMapping,mvcConversionService,mvcValidator,mvcPathMatcher,mvcUrlPathHelper,mvcUriComponentsContributor,httpRequestHandlerAdapter,simpleControllerHandlerAdapter,handlerExceptionResolver,mvcViewResolver,org.springframework.boot.autoconfigure.web.WebMvcAutoConfiguration$WebMvcAutoConfigurationAdapter$FaviconConfiguration,faviconHandlerMapping,faviconRequestHandler,org.springframework.boot.autoconfigure.web.WebMvcAutoConfiguration$WebMvcAutoConfigurationAdapter,defaultViewResolver,requestContextFilter,viewResolver,spring.resources.CONFIGURATION_PROPERTIES,org.springframework.boot.autoconfigure.web.WebMvcAutoConfiguration,hiddenHttpMethodFilter,httpPutFormContentFilter,org.springframework.boot.autoconfigure.aop.AopAutoConfiguration$JdkDynamicAutoProxyConfiguration,org.springframework.boot.autoconfigure.aop.AopAutoConfiguration,org.springframework.boot.autoconfigure.transaction.jta.JtaAutoConfiguration,spring.jta.CONFIGURATION_PROPERTIES,org.springframework.boot.autoconfigure.jdbc.DataSourceAutoConfiguration$JdbcTemplateConfiguration,jdbcTemplate,namedParameterJdbcTemplate,org.springframework.boot.autoconfigure.jdbc.DataSourceAutoConfiguration$DataSourceInitializerConfiguration,dataSourceInitializer,org.springframework.boot.autoconfigure.jdbc.metadata.DataSourcePoolMetadataProvidersConfiguration$HikariPoolDataSourceMetadataProviderConfiguration,hikariPoolDataSourceMetadataProvider,org.springframework.boot.autoconfigure.jdbc.metadata.DataSourcePoolMetadataProvidersConfiguration$TomcatDataSourcePoolMetadataProviderConfiguration,tomcatPoolDataSourceMetadataProvider,org.springframework.boot.autoconfigure.jdbc.metadata.DataSourcePoolMetadataProvidersConfiguration,org.springframework.boot.autoconfigure.jdbc.DataSourceAutoConfiguration,spring.datasource.CONFIGURATION_PROPERTIES,dataSourceInitializerPostProcessor,org.springframework.boot.autoconfigure.orm.jpa.JpaBaseConfiguration$JpaWebConfiguration$JpaWebMvcConfiguration,openEntityManagerInViewInterceptor,org.springframework.boot.autoconfigure.orm.jpa.JpaBaseConfiguration$JpaWebConfiguration,org.springframework.boot.autoconfigure.orm.jpa.HibernateJpaAutoConfiguration,transactionManager,jpaVendorAdapter,entityManagerFactoryBuilder,entityManagerFactory,spring.jpa.CONFIGURATION_PROPERTIES,dataSourceInitializedPublisher,org.springframework.boot.autoconfigure.context.ConfigurationPropertiesAutoConfiguration,org.springframework.boot.autoconfigure.dao.PersistenceExceptionTranslationAutoConfiguration,persistenceExceptionTranslationPostProcessor,org.springframework.boot.autoconfigure.jackson.JacksonAutoConfiguration$JacksonObjectMapperBuilderConfiguration,jacksonObjectMapperBuilder,spring.jackson.CONFIGURATION_PROPERTIES,org.springframework.boot.autoconfigure.jackson.JacksonAutoConfiguration$JacksonObjectMapperConfiguration,jacksonObjectMapper,org.springframework.boot.autoconfigure.jackson.JacksonAutoConfiguration,org.springframework.boot.autoconfigure.web.HttpMessageConvertersAutoConfiguration$StringHttpMessageConverterConfiguration,stringHttpMessageConverter,spring.http.encoding.CONFIGURATION_PROPERTIES,org.springframework.boot.autoconfigure.web.JacksonHttpMessageConvertersConfiguration$MappingJackson2HttpMessageConverterConfiguration,mappingJackson2HttpMessageConverter,org.springframework.boot.autoconfigure.web.JacksonHttpMessageConvertersConfiguration,org.springframework.boot.autoconfigure.web.HttpMessageConvertersAutoConfiguration,messageConverters,org.springframework.data.web.config.SpringDataWebConfiguration,pageableResolver,sortResolver,org.springframework.data.web.config.SpringDataJacksonConfiguration,jacksonGeoModule,org.springframework.boot.autoconfigure.data.web.SpringDataWebAutoConfiguration,org.springframework.boot.autoconfigure.security.SpringBootWebSecurityConfiguration$ApplicationWebSecurityConfigurerAdapter,org.springframework.security.config.annotation.web.configuration.WebSecurityConfiguration,delegatingApplicationListener,webSecurityExpressionHandler,springSecurityFilterChain,privilegeEvaluator,autowiredWebSecurityConfigurersIgnoreParents,org.springframework.security.config.annotation.web.configuration.WebMvcSecurityConfiguration,requestDataValueProcessor,org.springframework.boot.autoconfigure.security.SpringBootWebSecurityConfiguration,ignoredPathsWebSecurityConfigurerAdapter,org.springframework.boot.autoconfigure.security.AuthenticationManagerConfiguration$AuthenticationManagerConfigurationListener,org.springframework.boot.autoconfigure.security.AuthenticationManagerConfiguration,authenticationManager,springBootAuthenticationConfigurerAdapter,org.springframework.boot.autoconfigure.security.BootGlobalAuthenticationConfiguration,bootGlobalAuthenticationConfigurationAdapter,org.springframework.boot.autoconfigure.security.SecurityAutoConfiguration,authenticationEventPublisher,securityProperties,org.springframework.boot.autoconfigure.h2.H2ConsoleAutoConfiguration$H2ConsoleSecurityConfiguration,h2ConsoleSecurityConfigurer,org.springframework.boot.autoconfigure.h2.H2ConsoleAutoConfiguration,h2Console,spring.h2.console.CONFIGURATION_PROPERTIES,org.springframework.boot.autoconfigure.jdbc.DataSourceTransactionManagerAutoConfiguration,org.springframework.boot.autoconfigure.thymeleaf.ThymeleafAutoConfiguration$ThymeleafResourceHandlingConfig,org.springframework.boot.autoconfigure.thymeleaf.ThymeleafAutoConfiguration$ThymeleafViewResolverConfiguration,thymeleafViewResolver,org.springframework.boot.autoconfigure.thymeleaf.ThymeleafAutoConfiguration$ThymeleafSecurityDialectConfiguration,org.springframework.boot.autoconfigure.thymeleaf.ThymeleafAutoConfiguration$ThymeleafWebLayoutConfiguration,layoutDialect,org.springframework.boot.autoconfigure.thymeleaf.ThymeleafAutoConfiguration$ThymeleafDefaultConfiguration,templateEngine,org.springframework.boot.autoconfigure.thymeleaf.ThymeleafAutoConfiguration$DefaultTemplateResolverConfiguration,defaultTemplateResolver,thymeleafResourceResolver,org.springframework.boot.autoconfigure.thymeleaf.ThymeleafAutoConfiguration,spring.thymeleaf.CONFIGURATION_PROPERTIES,org.springframework.boot.autoconfigure.security.SecurityFilterAutoConfiguration,securityFilterChainRegistration,org.springframework.boot.autoconfigure.transaction.TransactionAutoConfiguration,transactionTemplate,org.springframework.boot.autoconfigure.web.HttpEncodingAutoConfiguration,characterEncodingFilter,org.springframework.boot.autoconfigure.web.MultipartAutoConfiguration,multipartConfigElement,multipartResolver,multipart.CONFIGURATION_PROPERTIES,org.springframework.boot.autoconfigure.web.ServerPropertiesAutoConfiguration,serverProperties,duplicateServerPropertiesDetector,org.springframework.orm.jpa.SharedEntityManagerCreator#0]; root of factory hierarchy
2017-05-25 12:25:04.202 DEBUG 4252 --- [           main] o.s.b.f.support.DisposableBeanAdapter    : Invoking destroy() on bean with name 'objectPostProcessor'
2017-05-25 12:25:04.202 DEBUG 4252 --- [           main] o.s.b.f.support.DisposableBeanAdapter    : Invoking destroy() on bean with name 'org.springframework.boot.context.properties.ConfigurationPropertiesBindingPostProcessor'
2017-05-25 12:25:04.213 ERROR 4252 --- [           main] o.s.boot.SpringApplication               : Application startup failed

org.springframework.beans.factory.BeanCreationException: Error creating bean with name 'org.springframework.boot.autoconfigure.orm.jpa.HibernateJpaAutoConfiguration': Injection of autowired dependencies failed; nested exception is org.springframework.beans.factory.BeanCreationException: Could not autowire field: private javax.sql.DataSource org.springframework.boot.autoconfigure.orm.jpa.JpaBaseConfiguration.dataSource; nested exception is org.springframework.beans.factory.BeanCreationException: Error creating bean with name 'dataSource' defined in class path resource [org/stacksonstacks/config/ProdDataSourceConfig.class]: Bean instantiation via factory method failed; nested exception is org.springframework.beans.BeanInstantiationException: Failed to instantiate [javax.sql.DataSource]: Factory method 'dataSource' threw exception; nested exception is com.zaxxer.hikari.pool.HikariPool$PoolInitializationException: Failed to initialize pool: Connection to 192.168.100.128:5432 refused. Check that the hostname and port are correct and that the postmaster is accepting TCP/IP connections.
	at org.springframework.beans.factory.annotation.AutowiredAnnotationBeanPostProcessor.postProcessPropertyValues(AutowiredAnnotationBeanPostProcessor.java:334) ~[spring-beans-4.2.7.RELEASE.jar:4.2.7.RELEASE]
	at org.springframework.beans.factory.support.AbstractAutowireCapableBeanFactory.populateBean(AbstractAutowireCapableBeanFactory.java:1214) ~[spring-beans-4.2.7.RELEASE.jar:4.2.7.RELEASE]
	at org.springframework.beans.factory.support.AbstractAutowireCapableBeanFactory.doCreateBean(AbstractAutowireCapableBeanFactory.java:543) ~[spring-beans-4.2.7.RELEASE.jar:4.2.7.RELEASE]
	at org.springframework.beans.factory.support.AbstractAutowireCapableBeanFactory.createBean(AbstractAutowireCapableBeanFactory.java:482) ~[spring-beans-4.2.7.RELEASE.jar:4.2.7.RELEASE]
	at org.springframework.beans.factory.support.AbstractBeanFactory$1.getObject(AbstractBeanFactory.java:306) ~[spring-beans-4.2.7.RELEASE.jar:4.2.7.RELEASE]
	at org.springframework.beans.factory.support.DefaultSingletonBeanRegistry.getSingleton(DefaultSingletonBeanRegistry.java:230) ~[spring-beans-4.2.7.RELEASE.jar:4.2.7.RELEASE]
	at org.springframework.beans.factory.support.AbstractBeanFactory.doGetBean(AbstractBeanFactory.java:302) ~[spring-beans-4.2.7.RELEASE.jar:4.2.7.RELEASE]
	at org.springframework.beans.factory.support.AbstractBeanFactory.getBean(AbstractBeanFactory.java:197) ~[spring-beans-4.2.7.RELEASE.jar:4.2.7.RELEASE]
	at org.springframework.beans.factory.support.ConstructorResolver.instantiateUsingFactoryMethod(ConstructorResolver.java:368) ~[spring-beans-4.2.7.RELEASE.jar:4.2.7.RELEASE]
	at org.springframework.beans.factory.support.AbstractAutowireCapableBeanFactory.instantiateUsingFactoryMethod(AbstractAutowireCapableBeanFactory.java:1123) ~[spring-beans-4.2.7.RELEASE.jar:4.2.7.RELEASE]
	at org.springframework.beans.factory.support.AbstractAutowireCapableBeanFactory.createBeanInstance(AbstractAutowireCapableBeanFactory.java:1018) ~[spring-beans-4.2.7.RELEASE.jar:4.2.7.RELEASE]
	at org.springframework.beans.factory.support.AbstractAutowireCapableBeanFactory.doCreateBean(AbstractAutowireCapableBeanFactory.java:510) ~[spring-beans-4.2.7.RELEASE.jar:4.2.7.RELEASE]
	at org.springframework.beans.factory.support.AbstractAutowireCapableBeanFactory.createBean(AbstractAutowireCapableBeanFactory.java:482) ~[spring-beans-4.2.7.RELEASE.jar:4.2.7.RELEASE]
	at org.springframework.beans.factory.support.AbstractBeanFactory$1.getObject(AbstractBeanFactory.java:306) ~[spring-beans-4.2.7.RELEASE.jar:4.2.7.RELEASE]
	at org.springframework.beans.factory.support.DefaultSingletonBeanRegistry.getSingleton(DefaultSingletonBeanRegistry.java:230) ~[spring-beans-4.2.7.RELEASE.jar:4.2.7.RELEASE]
	at org.springframework.beans.factory.support.AbstractBeanFactory.doGetBean(AbstractBeanFactory.java:302) ~[spring-beans-4.2.7.RELEASE.jar:4.2.7.RELEASE]
	at org.springframework.beans.factory.support.AbstractBeanFactory.getBean(AbstractBeanFactory.java:197) ~[spring-beans-4.2.7.RELEASE.jar:4.2.7.RELEASE]
	at org.springframework.context.support.AbstractApplicationContext.getBean(AbstractApplicationContext.java:1054) ~[spring-context-4.2.7.RELEASE.jar:4.2.7.RELEASE]
	at org.springframework.context.support.AbstractApplicationContext.finishBeanFactoryInitialization(AbstractApplicationContext.java:829) ~[spring-context-4.2.7.RELEASE.jar:4.2.7.RELEASE]
	at org.springframework.context.support.AbstractApplicationContext.refresh(AbstractApplicationContext.java:538) ~[spring-context-4.2.7.RELEASE.jar:4.2.7.RELEASE]
	at org.springframework.boot.SpringApplication.refresh(SpringApplication.java:760) ~[spring-boot-1.3.6.RELEASE.jar:1.3.6.RELEASE]
	at org.springframework.boot.SpringApplication.createAndRefreshContext(SpringApplication.java:360) ~[spring-boot-1.3.6.RELEASE.jar:1.3.6.RELEASE]
	at org.springframework.boot.SpringApplication.run(SpringApplication.java:306) ~[spring-boot-1.3.6.RELEASE.jar:1.3.6.RELEASE]
	at org.springframework.boot.test.SpringApplicationContextLoader.loadContext(SpringApplicationContextLoader.java:98) [spring-boot-1.3.6.RELEASE.jar:1.3.6.RELEASE]
	at org.springframework.test.context.cache.DefaultCacheAwareContextLoaderDelegate.loadContextInternal(DefaultCacheAwareContextLoaderDelegate.java:98) [spring-test-4.2.7.RELEASE.jar:4.2.7.RELEASE]
	at org.springframework.test.context.cache.DefaultCacheAwareContextLoaderDelegate.loadContext(DefaultCacheAwareContextLoaderDelegate.java:116) [spring-test-4.2.7.RELEASE.jar:4.2.7.RELEASE]
	at org.springframework.test.context.support.DefaultTestContext.getApplicationContext(DefaultTestContext.java:83) [spring-test-4.2.7.RELEASE.jar:4.2.7.RELEASE]
	at org.springframework.test.context.web.ServletTestExecutionListener.setUpRequestContextIfNecessary(ServletTestExecutionListener.java:183) [spring-test-4.2.7.RELEASE.jar:4.2.7.RELEASE]
	at org.springframework.test.context.web.ServletTestExecutionListener.prepareTestInstance(ServletTestExecutionListener.java:123) [spring-test-4.2.7.RELEASE.jar:4.2.7.RELEASE]
	at org.springframework.test.context.TestContextManager.prepareTestInstance(TestContextManager.java:228) [spring-test-4.2.7.RELEASE.jar:4.2.7.RELEASE]
	at org.springframework.test.context.junit4.SpringJUnit4ClassRunner.createTest(SpringJUnit4ClassRunner.java:230) [spring-test-4.2.7.RELEASE.jar:4.2.7.RELEASE]
	at org.springframework.test.context.junit4.SpringJUnit4ClassRunner$1.runReflectiveCall(SpringJUnit4ClassRunner.java:289) [spring-test-4.2.7.RELEASE.jar:4.2.7.RELEASE]
	at org.junit.internal.runners.model.ReflectiveCallable.run(ReflectiveCallable.java:12) [junit-4.12.jar:4.12]
	at org.springframework.test.context.junit4.SpringJUnit4ClassRunner.methodBlock(SpringJUnit4ClassRunner.java:291) [spring-test-4.2.7.RELEASE.jar:4.2.7.RELEASE]
	at org.springframework.test.context.junit4.SpringJUnit4ClassRunner.runChild(SpringJUnit4ClassRunner.java:249) [spring-test-4.2.7.RELEASE.jar:4.2.7.RELEASE]
	at org.springframework.test.context.junit4.SpringJUnit4ClassRunner.runChild(SpringJUnit4ClassRunner.java:89) [spring-test-4.2.7.RELEASE.jar:4.2.7.RELEASE]
	at org.junit.runners.ParentRunner$3.run(ParentRunner.java:290) [junit-4.12.jar:4.12]
	at org.junit.runners.ParentRunner$1.schedule(ParentRunner.java:71) [junit-4.12.jar:4.12]
	at org.junit.runners.ParentRunner.runChildren(ParentRunner.java:288) [junit-4.12.jar:4.12]
	at org.junit.runners.ParentRunner.access$000(ParentRunner.java:58) [junit-4.12.jar:4.12]
	at org.junit.runners.ParentRunner$2.evaluate(ParentRunner.java:268) [junit-4.12.jar:4.12]
	at org.springframework.test.context.junit4.statements.RunBeforeTestClassCallbacks.evaluate(RunBeforeTestClassCallbacks.java:61) [spring-test-4.2.7.RELEASE.jar:4.2.7.RELEASE]
	at org.springframework.test.context.junit4.statements.RunAfterTestClassCallbacks.evaluate(RunAfterTestClassCallbacks.java:70) [spring-test-4.2.7.RELEASE.jar:4.2.7.RELEASE]
	at org.junit.runners.ParentRunner.run(ParentRunner.java:363) [junit-4.12.jar:4.12]
	at org.springframework.test.context.junit4.SpringJUnit4ClassRunner.run(SpringJUnit4ClassRunner.java:193) [spring-test-4.2.7.RELEASE.jar:4.2.7.RELEASE]
	at org.apache.maven.surefire.junit4.JUnit4Provider.execute(JUnit4Provider.java:283) [surefire-junit4-2.18.1.jar:2.18.1]
	at org.apache.maven.surefire.junit4.JUnit4Provider.executeWithRerun(JUnit4Provider.java:173) [surefire-junit4-2.18.1.jar:2.18.1]
	at org.apache.maven.surefire.junit4.JUnit4Provider.executeTestSet(JUnit4Provider.java:153) [surefire-junit4-2.18.1.jar:2.18.1]
	at org.apache.maven.surefire.junit4.JUnit4Provider.invoke(JUnit4Provider.java:128) [surefire-junit4-2.18.1.jar:2.18.1]
	at org.apache.maven.surefire.booter.ForkedBooter.invokeProviderInSameClassLoader(ForkedBooter.java:203) [surefire-booter-2.18.1.jar:2.18.1]
	at org.apache.maven.surefire.booter.ForkedBooter.runSuitesInProcess(ForkedBooter.java:155) [surefire-booter-2.18.1.jar:2.18.1]
	at org.apache.maven.surefire.booter.ForkedBooter.main(ForkedBooter.java:103) [surefire-booter-2.18.1.jar:2.18.1]
Caused by: org.springframework.beans.factory.BeanCreationException: Could not autowire field: private javax.sql.DataSource org.springframework.boot.autoconfigure.orm.jpa.JpaBaseConfiguration.dataSource; nested exception is org.springframework.beans.factory.BeanCreationException: Error creating bean with name 'dataSource' defined in class path resource [org/stacksonstacks/config/ProdDataSourceConfig.class]: Bean instantiation via factory method failed; nested exception is org.springframework.beans.BeanInstantiationException: Failed to instantiate [javax.sql.DataSource]: Factory method 'dataSource' threw exception; nested exception is com.zaxxer.hikari.pool.HikariPool$PoolInitializationException: Failed to initialize pool: Connection to 192.168.100.128:5432 refused. Check that the hostname and port are correct and that the postmaster is accepting TCP/IP connections.
	at org.springframework.beans.factory.annotation.AutowiredAnnotationBeanPostProcessor$AutowiredFieldElement.inject(AutowiredAnnotationBeanPostProcessor.java:573) ~[spring-beans-4.2.7.RELEASE.jar:4.2.7.RELEASE]
	at org.springframework.beans.factory.annotation.InjectionMetadata.inject(InjectionMetadata.java:88) ~[spring-beans-4.2.7.RELEASE.jar:4.2.7.RELEASE]
	at org.springframework.beans.factory.annotation.AutowiredAnnotationBeanPostProcessor.postProcessPropertyValues(AutowiredAnnotationBeanPostProcessor.java:331) ~[spring-beans-4.2.7.RELEASE.jar:4.2.7.RELEASE]
	... 51 common frames omitted
Caused by: org.springframework.beans.factory.BeanCreationException: Error creating bean with name 'dataSource' defined in class path resource [org/stacksonstacks/config/ProdDataSourceConfig.class]: Bean instantiation via factory method failed; nested exception is org.springframework.beans.BeanInstantiationException: Failed to instantiate [javax.sql.DataSource]: Factory method 'dataSource' threw exception; nested exception is com.zaxxer.hikari.pool.HikariPool$PoolInitializationException: Failed to initialize pool: Connection to 192.168.100.128:5432 refused. Check that the hostname and port are correct and that the postmaster is accepting TCP/IP connections.
	at org.springframework.beans.factory.support.ConstructorResolver.instantiateUsingFactoryMethod(ConstructorResolver.java:599) ~[spring-beans-4.2.7.RELEASE.jar:4.2.7.RELEASE]
	at org.springframework.beans.factory.support.AbstractAutowireCapableBeanFactory.instantiateUsingFactoryMethod(AbstractAutowireCapableBeanFactory.java:1123) ~[spring-beans-4.2.7.RELEASE.jar:4.2.7.RELEASE]
	at org.springframework.beans.factory.support.AbstractAutowireCapableBeanFactory.createBeanInstance(AbstractAutowireCapableBeanFactory.java:1018) ~[spring-beans-4.2.7.RELEASE.jar:4.2.7.RELEASE]
	at org.springframework.beans.factory.support.AbstractAutowireCapableBeanFactory.doCreateBean(AbstractAutowireCapableBeanFactory.java:510) ~[spring-beans-4.2.7.RELEASE.jar:4.2.7.RELEASE]
	at org.springframework.beans.factory.support.AbstractAutowireCapableBeanFactory.createBean(AbstractAutowireCapableBeanFactory.java:482) ~[spring-beans-4.2.7.RELEASE.jar:4.2.7.RELEASE]
	at org.springframework.beans.factory.support.AbstractBeanFactory$1.getObject(AbstractBeanFactory.java:306) ~[spring-beans-4.2.7.RELEASE.jar:4.2.7.RELEASE]
	at org.springframework.beans.factory.support.DefaultSingletonBeanRegistry.getSingleton(DefaultSingletonBeanRegistry.java:230) ~[spring-beans-4.2.7.RELEASE.jar:4.2.7.RELEASE]
	at org.springframework.beans.factory.support.AbstractBeanFactory.doGetBean(AbstractBeanFactory.java:302) ~[spring-beans-4.2.7.RELEASE.jar:4.2.7.RELEASE]
	at org.springframework.beans.factory.support.AbstractBeanFactory.getBean(AbstractBeanFactory.java:197) ~[spring-beans-4.2.7.RELEASE.jar:4.2.7.RELEASE]
	at org.springframework.beans.factory.support.DefaultListableBeanFactory.findAutowireCandidates(DefaultListableBeanFactory.java:1192) ~[spring-beans-4.2.7.RELEASE.jar:4.2.7.RELEASE]
	at org.springframework.beans.factory.support.DefaultListableBeanFactory.doResolveDependency(DefaultListableBeanFactory.java:1116) ~[spring-beans-4.2.7.RELEASE.jar:4.2.7.RELEASE]
	at org.springframework.beans.factory.support.DefaultListableBeanFactory.resolveDependency(DefaultListableBeanFactory.java:1014) ~[spring-beans-4.2.7.RELEASE.jar:4.2.7.RELEASE]
	at org.springframework.beans.factory.annotation.AutowiredAnnotationBeanPostProcessor$AutowiredFieldElement.inject(AutowiredAnnotationBeanPostProcessor.java:545) ~[spring-beans-4.2.7.RELEASE.jar:4.2.7.RELEASE]
	... 53 common frames omitted
Caused by: org.springframework.beans.BeanInstantiationException: Failed to instantiate [javax.sql.DataSource]: Factory method 'dataSource' threw exception; nested exception is com.zaxxer.hikari.pool.HikariPool$PoolInitializationException: Failed to initialize pool: Connection to 192.168.100.128:5432 refused. Check that the hostname and port are correct and that the postmaster is accepting TCP/IP connections.
	at org.springframework.beans.factory.support.SimpleInstantiationStrategy.instantiate(SimpleInstantiationStrategy.java:189) ~[spring-beans-4.2.7.RELEASE.jar:4.2.7.RELEASE]
	at org.springframework.beans.factory.support.ConstructorResolver.instantiateUsingFactoryMethod(ConstructorResolver.java:588) ~[spring-beans-4.2.7.RELEASE.jar:4.2.7.RELEASE]
	... 65 common frames omitted
Caused by: com.zaxxer.hikari.pool.HikariPool$PoolInitializationException: Failed to initialize pool: Connection to 192.168.100.128:5432 refused. Check that the hostname and port are correct and that the postmaster is accepting TCP/IP connections.
	at com.zaxxer.hikari.pool.HikariPool.checkFailFast(HikariPool.java:516) ~[HikariCP-2.4.7.jar:na]
	at com.zaxxer.hikari.pool.HikariPool.<init>(HikariPool.java:118) ~[HikariCP-2.4.7.jar:na]
	at com.zaxxer.hikari.HikariDataSource.<init>(HikariDataSource.java:71) ~[HikariCP-2.4.7.jar:na]
	at org.stacksonstacks.config.ProdDataSourceConfig.dataSource(ProdDataSourceConfig.java:35) ~[classes/:na]
	at org.stacksonstacks.config.ProdDataSourceConfig$$EnhancerBySpringCGLIB$$f462601d.CGLIB$dataSource$0(<generated>) ~[classes/:na]
	at org.stacksonstacks.config.ProdDataSourceConfig$$EnhancerBySpringCGLIB$$f462601d$$FastClassBySpringCGLIB$$a5da07d5.invoke(<generated>) ~[classes/:na]
	at org.springframework.cglib.proxy.MethodProxy.invokeSuper(MethodProxy.java:228) ~[spring-core-4.2.7.RELEASE.jar:4.2.7.RELEASE]
	at org.springframework.context.annotation.ConfigurationClassEnhancer$BeanMethodInterceptor.intercept(ConfigurationClassEnhancer.java:356) ~[spring-context-4.2.7.RELEASE.jar:4.2.7.RELEASE]
	at org.stacksonstacks.config.ProdDataSourceConfig$$EnhancerBySpringCGLIB$$f462601d.dataSource(<generated>) ~[classes/:na]
	at sun.reflect.NativeMethodAccessorImpl.invoke0(Native Method) ~[na:1.8.0_111]
	at sun.reflect.NativeMethodAccessorImpl.invoke(NativeMethodAccessorImpl.java:62) ~[na:1.8.0_111]
	at sun.reflect.DelegatingMethodAccessorImpl.invoke(DelegatingMethodAccessorImpl.java:43) ~[na:1.8.0_111]
	at java.lang.reflect.Method.invoke(Method.java:498) ~[na:1.8.0_111]
	at org.springframework.beans.factory.support.SimpleInstantiationStrategy.instantiate(SimpleInstantiationStrategy.java:162) ~[spring-beans-4.2.7.RELEASE.jar:4.2.7.RELEASE]
	... 66 common frames omitted
Caused by: org.postgresql.util.PSQLException: Connection to 192.168.100.128:5432 refused. Check that the hostname and port are correct and that the postmaster is accepting TCP/IP connections.
	at org.postgresql.core.v3.ConnectionFactoryImpl.openConnectionImpl(ConnectionFactoryImpl.java:252) ~[postgresql-9.4.1208.jre7.jar:9.4.1208.jre7]
	at org.postgresql.core.ConnectionFactory.openConnection(ConnectionFactory.java:66) ~[postgresql-9.4.1208.jre7.jar:9.4.1208.jre7]
	at org.postgresql.jdbc.PgConnection.<init>(PgConnection.java:215) ~[postgresql-9.4.1208.jre7.jar:9.4.1208.jre7]
	at org.postgresql.Driver.makeConnection(Driver.java:406) ~[postgresql-9.4.1208.jre7.jar:9.4.1208.jre7]
	at org.postgresql.Driver.connect(Driver.java:274) ~[postgresql-9.4.1208.jre7.jar:9.4.1208.jre7]
	at com.zaxxer.hikari.util.DriverDataSource.getConnection(DriverDataSource.java:95) ~[HikariCP-2.4.7.jar:na]
	at com.zaxxer.hikari.util.DriverDataSource.getConnection(DriverDataSource.java:101) ~[HikariCP-2.4.7.jar:na]
	at com.zaxxer.hikari.pool.PoolBase.newConnection(PoolBase.java:316) ~[HikariCP-2.4.7.jar:na]
	at com.zaxxer.hikari.pool.HikariPool.checkFailFast(HikariPool.java:506) ~[HikariCP-2.4.7.jar:na]
	... 79 common frames omitted
Caused by: java.net.ConnectException: Connection timed out: connect
	at java.net.DualStackPlainSocketImpl.connect0(Native Method) ~[na:1.8.0_111]
	at java.net.DualStackPlainSocketImpl.socketConnect(DualStackPlainSocketImpl.java:79) ~[na:1.8.0_111]
	at java.net.AbstractPlainSocketImpl.doConnect(AbstractPlainSocketImpl.java:350) ~[na:1.8.0_111]
	at java.net.AbstractPlainSocketImpl.connectToAddress(AbstractPlainSocketImpl.java:206) ~[na:1.8.0_111]
	at java.net.AbstractPlainSocketImpl.connect(AbstractPlainSocketImpl.java:188) ~[na:1.8.0_111]
	at java.net.PlainSocketImpl.connect(PlainSocketImpl.java:172) ~[na:1.8.0_111]
	at java.net.SocksSocketImpl.connect(SocksSocketImpl.java:392) ~[na:1.8.0_111]
	at java.net.Socket.connect(Socket.java:589) ~[na:1.8.0_111]
	at org.postgresql.core.PGStream.<init>(PGStream.java:64) ~[postgresql-9.4.1208.jre7.jar:9.4.1208.jre7]
	at org.postgresql.core.v3.ConnectionFactoryImpl.openConnectionImpl(ConnectionFactoryImpl.java:133) ~[postgresql-9.4.1208.jre7.jar:9.4.1208.jre7]
	... 87 common frames omitted

2017-05-25 12:25:04.217 DEBUG 4252 --- [           main] o.s.b.f.s.DefaultListableBeanFactory     : Creating shared instance of singleton bean 'delegatingApplicationListener'
2017-05-25 12:25:04.218 DEBUG 4252 --- [           main] o.s.b.f.s.DefaultListableBeanFactory     : Creating instance of bean 'delegatingApplicationListener'
2017-05-25 12:25:04.218 DEBUG 4252 --- [           main] o.s.b.f.s.DefaultListableBeanFactory     : Creating shared instance of singleton bean 'metaDataSourceAdvisor'
2017-05-25 12:25:04.218 DEBUG 4252 --- [           main] o.s.b.f.s.DefaultListableBeanFactory     : Creating instance of bean 'metaDataSourceAdvisor'
2017-05-25 12:25:04.218 DEBUG 4252 --- [           main] o.s.b.f.s.DefaultListableBeanFactory     : Creating shared instance of singleton bean 'methodSecurityMetadataSource'
2017-05-25 12:25:04.218 DEBUG 4252 --- [           main] o.s.b.f.s.DefaultListableBeanFactory     : Creating instance of bean 'methodSecurityMetadataSource'
2017-05-25 12:25:04.218 DEBUG 4252 --- [           main] o.s.b.f.s.DefaultListableBeanFactory     : Creating shared instance of singleton bean 'org.springframework.security.config.annotation.method.configuration.GlobalMethodSecurityConfiguration'
2017-05-25 12:25:04.218 DEBUG 4252 --- [           main] o.s.b.f.s.DefaultListableBeanFactory     : Creating instance of bean 'org.springframework.security.config.annotation.method.configuration.GlobalMethodSecurityConfiguration'
2017-05-25 12:25:04.218 DEBUG 4252 --- [           main] o.s.b.f.s.DefaultListableBeanFactory     : Eagerly caching bean 'org.springframework.security.config.annotation.method.configuration.GlobalMethodSecurityConfiguration' to allow for resolving potential circular references
2017-05-25 12:25:04.219 DEBUG 4252 --- [           main] o.s.b.f.annotation.InjectionMetadata     : Processing injected element of bean 'org.springframework.security.config.annotation.method.configuration.GlobalMethodSecurityConfiguration': AutowiredMethodElement for public void org.springframework.security.config.annotation.method.configuration.GlobalMethodSecurityConfiguration.setApplicationContext(org.springframework.context.ApplicationContext)
2017-05-25 12:25:04.227 DEBUG 4252 --- [           main] o.s.b.f.annotation.InjectionMetadata     : Processing injected element of bean 'org.springframework.security.config.annotation.method.configuration.GlobalMethodSecurityConfiguration': AutowiredMethodElement for public void org.springframework.security.config.annotation.method.configuration.GlobalMethodSecurityConfiguration.setObjectPostProcessor(org.springframework.security.config.annotation.ObjectPostProcessor)
2017-05-25 12:25:04.227 DEBUG 4252 --- [           main] o.s.b.f.s.DefaultListableBeanFactory     : Creating shared instance of singleton bean 'objectPostProcessor'
2017-05-25 12:25:04.227 DEBUG 4252 --- [           main] o.s.b.f.s.DefaultListableBeanFactory     : Creating instance of bean 'objectPostProcessor'
2017-05-25 12:25:04.227 DEBUG 4252 --- [           main] o.s.b.f.s.DefaultListableBeanFactory     : Creating shared instance of singleton bean 'org.springframework.security.config.annotation.configuration.ObjectPostProcessorConfiguration'
2017-05-25 12:25:04.227 DEBUG 4252 --- [           main] o.s.b.f.s.DefaultListableBeanFactory     : Creating instance of bean 'org.springframework.security.config.annotation.configuration.ObjectPostProcessorConfiguration'
2017-05-25 12:25:04.227 DEBUG 4252 --- [           main] o.s.b.f.s.DefaultListableBeanFactory     : Eagerly caching bean 'org.springframework.security.config.annotation.configuration.ObjectPostProcessorConfiguration' to allow for resolving potential circular references
2017-05-25 12:25:04.232 DEBUG 4252 --- [           main] o.s.b.f.s.DefaultListableBeanFactory     : Finished creating instance of bean 'org.springframework.security.config.annotation.configuration.ObjectPostProcessorConfiguration'
2017-05-25 12:25:04.237 DEBUG 4252 --- [           main] o.s.b.f.s.DefaultListableBeanFactory     : Eagerly caching bean 'objectPostProcessor' to allow for resolving potential circular references
2017-05-25 12:25:04.237 DEBUG 4252 --- [           main] o.s.b.f.s.DefaultListableBeanFactory     : Finished creating instance of bean 'objectPostProcessor'
2017-05-25 12:25:04.237 DEBUG 4252 --- [           main] o.s.b.f.annotation.InjectionMetadata     : Processing injected element of bean 'org.springframework.security.config.annotation.method.configuration.GlobalMethodSecurityConfiguration': AutowiredMethodElement for public void org.springframework.security.config.annotation.method.configuration.GlobalMethodSecurityConfiguration.setAuthenticationTrustResolver(org.springframework.security.authentication.AuthenticationTrustResolver)
2017-05-25 12:25:04.238 DEBUG 4252 --- [           main] o.s.b.f.annotation.InjectionMetadata     : Processing injected element of bean 'org.springframework.security.config.annotation.method.configuration.GlobalMethodSecurityConfiguration': AutowiredMethodElement for public void org.springframework.security.config.annotation.method.configuration.GlobalMethodSecurityConfiguration.setPermissionEvaluator(java.util.List)
2017-05-25 12:25:04.238 DEBUG 4252 --- [           main] o.s.b.f.annotation.InjectionMetadata     : Processing injected element of bean 'org.springframework.security.config.annotation.method.configuration.GlobalMethodSecurityConfiguration': AutowiredMethodElement for public void org.springframework.security.config.annotation.method.configuration.GlobalMethodSecurityConfiguration.setJsr250MethodSecurityMetadataSource(org.springframework.security.access.annotation.Jsr250MethodSecurityMetadataSource)
2017-05-25 12:25:04.238 DEBUG 4252 --- [           main] o.s.b.f.annotation.InjectionMetadata     : Processing injected element of bean 'org.springframework.security.config.annotation.method.configuration.GlobalMethodSecurityConfiguration': AutowiredMethodElement for public void org.springframework.security.config.annotation.method.configuration.GlobalMethodSecurityConfiguration.setMethodSecurityExpressionHandler(java.util.List)
2017-05-25 12:25:04.240 ERROR 4252 --- [           main] o.s.boot.SpringApplication               : Error handling failed

org.springframework.beans.factory.BeanCreationException: Error creating bean with name 'delegatingApplicationListener' defined in class path resource [org/springframework/security/config/annotation/web/configuration/WebSecurityConfiguration.class]: BeanPostProcessor before instantiation of bean failed; nested exception is org.springframework.beans.factory.BeanCreationException: Error creating bean with name 'metaDataSourceAdvisor': Cannot resolve reference to bean 'methodSecurityMetadataSource' while setting constructor argument; nested exception is org.springframework.beans.factory.BeanCreationException: Error creating bean with name 'org.springframework.security.config.annotation.method.configuration.GlobalMethodSecurityConfiguration': Initialization of bean failed; nested exception is org.springframework.beans.factory.NoSuchBeanDefinitionException: No bean named 'org.springframework.context.annotation.ConfigurationClassPostProcessor.importRegistry' is defined
	at org.springframework.beans.factory.support.AbstractAutowireCapableBeanFactory.createBean(AbstractAutowireCapableBeanFactory.java:478) ~[spring-beans-4.2.7.RELEASE.jar:4.2.7.RELEASE]
	at org.springframework.beans.factory.support.AbstractBeanFactory$1.getObject(AbstractBeanFactory.java:306) ~[spring-beans-4.2.7.RELEASE.jar:4.2.7.RELEASE]
	at org.springframework.beans.factory.support.DefaultSingletonBeanRegistry.getSingleton(DefaultSingletonBeanRegistry.java:230) ~[spring-beans-4.2.7.RELEASE.jar:4.2.7.RELEASE]
	at org.springframework.beans.factory.support.AbstractBeanFactory.doGetBean(AbstractBeanFactory.java:302) ~[spring-beans-4.2.7.RELEASE.jar:4.2.7.RELEASE]
	at org.springframework.beans.factory.support.AbstractBeanFactory.getBean(AbstractBeanFactory.java:202) ~[spring-beans-4.2.7.RELEASE.jar:4.2.7.RELEASE]
	at org.springframework.context.event.AbstractApplicationEventMulticaster.retrieveApplicationListeners(AbstractApplicationEventMulticaster.java:228) ~[spring-context-4.2.7.RELEASE.jar:4.2.7.RELEASE]
	at org.springframework.context.event.AbstractApplicationEventMulticaster.getApplicationListeners(AbstractApplicationEventMulticaster.java:185) ~[spring-context-4.2.7.RELEASE.jar:4.2.7.RELEASE]
	at org.springframework.context.event.SimpleApplicationEventMulticaster.multicastEvent(SimpleApplicationEventMulticaster.java:127) ~[spring-context-4.2.7.RELEASE.jar:4.2.7.RELEASE]
	at org.springframework.context.event.SimpleApplicationEventMulticaster.multicastEvent(SimpleApplicationEventMulticaster.java:121) ~[spring-context-4.2.7.RELEASE.jar:4.2.7.RELEASE]
	at org.springframework.boot.context.event.EventPublishingRunListener.publishEvent(EventPublishingRunListener.java:111) ~[spring-boot-1.3.6.RELEASE.jar:1.3.6.RELEASE]
	at org.springframework.boot.context.event.EventPublishingRunListener.finished(EventPublishingRunListener.java:98) ~[spring-boot-1.3.6.RELEASE.jar:1.3.6.RELEASE]
	at org.springframework.boot.SpringApplicationRunListeners.callFinishedListener(SpringApplicationRunListeners.java:79) [spring-boot-1.3.6.RELEASE.jar:1.3.6.RELEASE]
	at org.springframework.boot.SpringApplicationRunListeners.finished(SpringApplicationRunListeners.java:72) [spring-boot-1.3.6.RELEASE.jar:1.3.6.RELEASE]
	at org.springframework.boot.SpringApplication.handleRunFailure(SpringApplication.java:827) [spring-boot-1.3.6.RELEASE.jar:1.3.6.RELEASE]
	at org.springframework.boot.SpringApplication.run(SpringApplication.java:317) [spring-boot-1.3.6.RELEASE.jar:1.3.6.RELEASE]
	at org.springframework.boot.test.SpringApplicationContextLoader.loadContext(SpringApplicationContextLoader.java:98) [spring-boot-1.3.6.RELEASE.jar:1.3.6.RELEASE]
	at org.springframework.test.context.cache.DefaultCacheAwareContextLoaderDelegate.loadContextInternal(DefaultCacheAwareContextLoaderDelegate.java:98) [spring-test-4.2.7.RELEASE.jar:4.2.7.RELEASE]
	at org.springframework.test.context.cache.DefaultCacheAwareContextLoaderDelegate.loadContext(DefaultCacheAwareContextLoaderDelegate.java:116) [spring-test-4.2.7.RELEASE.jar:4.2.7.RELEASE]
	at org.springframework.test.context.support.DefaultTestContext.getApplicationContext(DefaultTestContext.java:83) [spring-test-4.2.7.RELEASE.jar:4.2.7.RELEASE]
	at org.springframework.test.context.web.ServletTestExecutionListener.setUpRequestContextIfNecessary(ServletTestExecutionListener.java:183) [spring-test-4.2.7.RELEASE.jar:4.2.7.RELEASE]
	at org.springframework.test.context.web.ServletTestExecutionListener.prepareTestInstance(ServletTestExecutionListener.java:123) [spring-test-4.2.7.RELEASE.jar:4.2.7.RELEASE]
	at org.springframework.test.context.TestContextManager.prepareTestInstance(TestContextManager.java:228) [spring-test-4.2.7.RELEASE.jar:4.2.7.RELEASE]
	at org.springframework.test.context.junit4.SpringJUnit4ClassRunner.createTest(SpringJUnit4ClassRunner.java:230) [spring-test-4.2.7.RELEASE.jar:4.2.7.RELEASE]
	at org.springframework.test.context.junit4.SpringJUnit4ClassRunner$1.runReflectiveCall(SpringJUnit4ClassRunner.java:289) [spring-test-4.2.7.RELEASE.jar:4.2.7.RELEASE]
	at org.junit.internal.runners.model.ReflectiveCallable.run(ReflectiveCallable.java:12) [junit-4.12.jar:4.12]
	at org.springframework.test.context.junit4.SpringJUnit4ClassRunner.methodBlock(SpringJUnit4ClassRunner.java:291) [spring-test-4.2.7.RELEASE.jar:4.2.7.RELEASE]
	at org.springframework.test.context.junit4.SpringJUnit4ClassRunner.runChild(SpringJUnit4ClassRunner.java:249) [spring-test-4.2.7.RELEASE.jar:4.2.7.RELEASE]
	at org.springframework.test.context.junit4.SpringJUnit4ClassRunner.runChild(SpringJUnit4ClassRunner.java:89) [spring-test-4.2.7.RELEASE.jar:4.2.7.RELEASE]
	at org.junit.runners.ParentRunner$3.run(ParentRunner.java:290) [junit-4.12.jar:4.12]
	at org.junit.runners.ParentRunner$1.schedule(ParentRunner.java:71) [junit-4.12.jar:4.12]
	at org.junit.runners.ParentRunner.runChildren(ParentRunner.java:288) [junit-4.12.jar:4.12]
	at org.junit.runners.ParentRunner.access$000(ParentRunner.java:58) [junit-4.12.jar:4.12]
	at org.junit.runners.ParentRunner$2.evaluate(ParentRunner.java:268) [junit-4.12.jar:4.12]
	at org.springframework.test.context.junit4.statements.RunBeforeTestClassCallbacks.evaluate(RunBeforeTestClassCallbacks.java:61) [spring-test-4.2.7.RELEASE.jar:4.2.7.RELEASE]
	at org.springframework.test.context.junit4.statements.RunAfterTestClassCallbacks.evaluate(RunAfterTestClassCallbacks.java:70) [spring-test-4.2.7.RELEASE.jar:4.2.7.RELEASE]
	at org.junit.runners.ParentRunner.run(ParentRunner.java:363) [junit-4.12.jar:4.12]
	at org.springframework.test.context.junit4.SpringJUnit4ClassRunner.run(SpringJUnit4ClassRunner.java:193) [spring-test-4.2.7.RELEASE.jar:4.2.7.RELEASE]
	at org.apache.maven.surefire.junit4.JUnit4Provider.execute(JUnit4Provider.java:283) [surefire-junit4-2.18.1.jar:2.18.1]
	at org.apache.maven.surefire.junit4.JUnit4Provider.executeWithRerun(JUnit4Provider.java:173) [surefire-junit4-2.18.1.jar:2.18.1]
	at org.apache.maven.surefire.junit4.JUnit4Provider.executeTestSet(JUnit4Provider.java:153) [surefire-junit4-2.18.1.jar:2.18.1]
	at org.apache.maven.surefire.junit4.JUnit4Provider.invoke(JUnit4Provider.java:128) [surefire-junit4-2.18.1.jar:2.18.1]
	at org.apache.maven.surefire.booter.ForkedBooter.invokeProviderInSameClassLoader(ForkedBooter.java:203) [surefire-booter-2.18.1.jar:2.18.1]
	at org.apache.maven.surefire.booter.ForkedBooter.runSuitesInProcess(ForkedBooter.java:155) [surefire-booter-2.18.1.jar:2.18.1]
	at org.apache.maven.surefire.booter.ForkedBooter.main(ForkedBooter.java:103) [surefire-booter-2.18.1.jar:2.18.1]
Caused by: org.springframework.beans.factory.BeanCreationException: Error creating bean with name 'metaDataSourceAdvisor': Cannot resolve reference to bean 'methodSecurityMetadataSource' while setting constructor argument; nested exception is org.springframework.beans.factory.BeanCreationException: Error creating bean with name 'org.springframework.security.config.annotation.method.configuration.GlobalMethodSecurityConfiguration': Initialization of bean failed; nested exception is org.springframework.beans.factory.NoSuchBeanDefinitionException: No bean named 'org.springframework.context.annotation.ConfigurationClassPostProcessor.importRegistry' is defined
	at org.springframework.beans.factory.support.BeanDefinitionValueResolver.resolveReference(BeanDefinitionValueResolver.java:359) ~[spring-beans-4.2.7.RELEASE.jar:4.2.7.RELEASE]
	at org.springframework.beans.factory.support.BeanDefinitionValueResolver.resolveValueIfNecessary(BeanDefinitionValueResolver.java:108) ~[spring-beans-4.2.7.RELEASE.jar:4.2.7.RELEASE]
	at org.springframework.beans.factory.support.ConstructorResolver.resolvePreparedArguments(ConstructorResolver.java:786) ~[spring-beans-4.2.7.RELEASE.jar:4.2.7.RELEASE]
	at org.springframework.beans.factory.support.ConstructorResolver.autowireConstructor(ConstructorResolver.java:123) ~[spring-beans-4.2.7.RELEASE.jar:4.2.7.RELEASE]
	at org.springframework.beans.factory.support.AbstractAutowireCapableBeanFactory.autowireConstructor(AbstractAutowireCapableBeanFactory.java:1143) ~[spring-beans-4.2.7.RELEASE.jar:4.2.7.RELEASE]
	at org.springframework.beans.factory.support.AbstractAutowireCapableBeanFactory.createBeanInstance(AbstractAutowireCapableBeanFactory.java:1034) ~[spring-beans-4.2.7.RELEASE.jar:4.2.7.RELEASE]
	at org.springframework.beans.factory.support.AbstractAutowireCapableBeanFactory.doCreateBean(AbstractAutowireCapableBeanFactory.java:510) ~[spring-beans-4.2.7.RELEASE.jar:4.2.7.RELEASE]
	at org.springframework.beans.factory.support.AbstractAutowireCapableBeanFactory.createBean(AbstractAutowireCapableBeanFactory.java:482) ~[spring-beans-4.2.7.RELEASE.jar:4.2.7.RELEASE]
	at org.springframework.beans.factory.support.AbstractBeanFactory$1.getObject(AbstractBeanFactory.java:306) ~[spring-beans-4.2.7.RELEASE.jar:4.2.7.RELEASE]
	at org.springframework.beans.factory.support.DefaultSingletonBeanRegistry.getSingleton(DefaultSingletonBeanRegistry.java:230) ~[spring-beans-4.2.7.RELEASE.jar:4.2.7.RELEASE]
	at org.springframework.beans.factory.support.AbstractBeanFactory.doGetBean(AbstractBeanFactory.java:302) ~[spring-beans-4.2.7.RELEASE.jar:4.2.7.RELEASE]
	at org.springframework.beans.factory.support.AbstractBeanFactory.getBean(AbstractBeanFactory.java:202) ~[spring-beans-4.2.7.RELEASE.jar:4.2.7.RELEASE]
	at org.springframework.aop.framework.autoproxy.BeanFactoryAdvisorRetrievalHelper.findAdvisorBeans(BeanFactoryAdvisorRetrievalHelper.java:92) ~[spring-aop-4.2.7.RELEASE.jar:4.2.7.RELEASE]
	at org.springframework.aop.framework.autoproxy.AbstractAdvisorAutoProxyCreator.findCandidateAdvisors(AbstractAdvisorAutoProxyCreator.java:101) ~[spring-aop-4.2.7.RELEASE.jar:4.2.7.RELEASE]
	at org.springframework.aop.aspectj.annotation.AnnotationAwareAspectJAutoProxyCreator.findCandidateAdvisors(AnnotationAwareAspectJAutoProxyCreator.java:85) ~[spring-aop-4.2.7.RELEASE.jar:4.2.7.RELEASE]
	at org.springframework.aop.aspectj.autoproxy.AspectJAwareAdvisorAutoProxyCreator.shouldSkip(AspectJAwareAdvisorAutoProxyCreator.java:103) ~[spring-aop-4.2.7.RELEASE.jar:4.2.7.RELEASE]
	at org.springframework.aop.framework.autoproxy.AbstractAutoProxyCreator.postProcessBeforeInstantiation(AbstractAutoProxyCreator.java:248) ~[spring-aop-4.2.7.RELEASE.jar:4.2.7.RELEASE]
	at org.springframework.beans.factory.support.AbstractAutowireCapableBeanFactory.applyBeanPostProcessorsBeforeInstantiation(AbstractAutowireCapableBeanFactory.java:988) ~[spring-beans-4.2.7.RELEASE.jar:4.2.7.RELEASE]
	at org.springframework.beans.factory.support.AbstractAutowireCapableBeanFactory.resolveBeforeInstantiation(AbstractAutowireCapableBeanFactory.java:959) ~[spring-beans-4.2.7.RELEASE.jar:4.2.7.RELEASE]
	at org.springframework.beans.factory.support.AbstractAutowireCapableBeanFactory.createBean(AbstractAutowireCapableBeanFactory.java:472) ~[spring-beans-4.2.7.RELEASE.jar:4.2.7.RELEASE]
	... 43 common frames omitted
Caused by: org.springframework.beans.factory.BeanCreationException: Error creating bean with name 'org.springframework.security.config.annotation.method.configuration.GlobalMethodSecurityConfiguration': Initialization of bean failed; nested exception is org.springframework.beans.factory.NoSuchBeanDefinitionException: No bean named 'org.springframework.context.annotation.ConfigurationClassPostProcessor.importRegistry' is defined
	at org.springframework.beans.factory.support.AbstractAutowireCapableBeanFactory.doCreateBean(AbstractAutowireCapableBeanFactory.java:553) ~[spring-beans-4.2.7.RELEASE.jar:4.2.7.RELEASE]
	at org.springframework.beans.factory.support.AbstractAutowireCapableBeanFactory.createBean(AbstractAutowireCapableBeanFactory.java:482) ~[spring-beans-4.2.7.RELEASE.jar:4.2.7.RELEASE]
	at org.springframework.beans.factory.support.AbstractBeanFactory$1.getObject(AbstractBeanFactory.java:306) ~[spring-beans-4.2.7.RELEASE.jar:4.2.7.RELEASE]
	at org.springframework.beans.factory.support.DefaultSingletonBeanRegistry.getSingleton(DefaultSingletonBeanRegistry.java:230) ~[spring-beans-4.2.7.RELEASE.jar:4.2.7.RELEASE]
	at org.springframework.beans.factory.support.AbstractBeanFactory.doGetBean(AbstractBeanFactory.java:302) ~[spring-beans-4.2.7.RELEASE.jar:4.2.7.RELEASE]
	at org.springframework.beans.factory.support.AbstractBeanFactory.getBean(AbstractBeanFactory.java:197) ~[spring-beans-4.2.7.RELEASE.jar:4.2.7.RELEASE]
	at org.springframework.beans.factory.support.ConstructorResolver.instantiateUsingFactoryMethod(ConstructorResolver.java:368) ~[spring-beans-4.2.7.RELEASE.jar:4.2.7.RELEASE]
	at org.springframework.beans.factory.support.AbstractAutowireCapableBeanFactory.instantiateUsingFactoryMethod(AbstractAutowireCapableBeanFactory.java:1123) ~[spring-beans-4.2.7.RELEASE.jar:4.2.7.RELEASE]
	at org.springframework.beans.factory.support.AbstractAutowireCapableBeanFactory.createBeanInstance(AbstractAutowireCapableBeanFactory.java:1018) ~[spring-beans-4.2.7.RELEASE.jar:4.2.7.RELEASE]
	at org.springframework.beans.factory.support.AbstractAutowireCapableBeanFactory.doCreateBean(AbstractAutowireCapableBeanFactory.java:510) ~[spring-beans-4.2.7.RELEASE.jar:4.2.7.RELEASE]
	at org.springframework.beans.factory.support.AbstractAutowireCapableBeanFactory.createBean(AbstractAutowireCapableBeanFactory.java:482) ~[spring-beans-4.2.7.RELEASE.jar:4.2.7.RELEASE]
	at org.springframework.beans.factory.support.AbstractBeanFactory$1.getObject(AbstractBeanFactory.java:306) ~[spring-beans-4.2.7.RELEASE.jar:4.2.7.RELEASE]
	at org.springframework.beans.factory.support.DefaultSingletonBeanRegistry.getSingleton(DefaultSingletonBeanRegistry.java:230) ~[spring-beans-4.2.7.RELEASE.jar:4.2.7.RELEASE]
	at org.springframework.beans.factory.support.AbstractBeanFactory.doGetBean(AbstractBeanFactory.java:302) ~[spring-beans-4.2.7.RELEASE.jar:4.2.7.RELEASE]
	at org.springframework.beans.factory.support.AbstractBeanFactory.getBean(AbstractBeanFactory.java:197) ~[spring-beans-4.2.7.RELEASE.jar:4.2.7.RELEASE]
	at org.springframework.beans.factory.support.BeanDefinitionValueResolver.resolveReference(BeanDefinitionValueResolver.java:351) ~[spring-beans-4.2.7.RELEASE.jar:4.2.7.RELEASE]
	... 62 common frames omitted
Caused by: org.springframework.beans.factory.NoSuchBeanDefinitionException: No bean named 'org.springframework.context.annotation.ConfigurationClassPostProcessor.importRegistry' is defined
	at org.springframework.beans.factory.support.DefaultListableBeanFactory.getBeanDefinition(DefaultListableBeanFactory.java:698) ~[spring-beans-4.2.7.RELEASE.jar:4.2.7.RELEASE]
	at org.springframework.beans.factory.support.AbstractBeanFactory.getMergedLocalBeanDefinition(AbstractBeanFactory.java:1175) ~[spring-beans-4.2.7.RELEASE.jar:4.2.7.RELEASE]
	at org.springframework.beans.factory.support.AbstractBeanFactory.doGetBean(AbstractBeanFactory.java:284) ~[spring-beans-4.2.7.RELEASE.jar:4.2.7.RELEASE]
	at org.springframework.beans.factory.support.AbstractBeanFactory.getBean(AbstractBeanFactory.java:202) ~[spring-beans-4.2.7.RELEASE.jar:4.2.7.RELEASE]
	at org.springframework.context.annotation.ConfigurationClassPostProcessor$ImportAwareBeanPostProcessor.postProcessBeforeInitialization(ConfigurationClassPostProcessor.java:439) ~[spring-context-4.2.7.RELEASE.jar:4.2.7.RELEASE]
	at org.springframework.beans.factory.support.AbstractAutowireCapableBeanFactory.applyBeanPostProcessorsBeforeInitialization(AbstractAutowireCapableBeanFactory.java:408) ~[spring-beans-4.2.7.RELEASE.jar:4.2.7.RELEASE]
	at org.springframework.beans.factory.support.AbstractAutowireCapableBeanFactory.initializeBean(AbstractAutowireCapableBeanFactory.java:1570) ~[spring-beans-4.2.7.RELEASE.jar:4.2.7.RELEASE]
	at org.springframework.beans.factory.support.AbstractAutowireCapableBeanFactory.doCreateBean(AbstractAutowireCapableBeanFactory.java:545) ~[spring-beans-4.2.7.RELEASE.jar:4.2.7.RELEASE]
	... 77 common frames omitted

2017-05-25 12:25:04.243 ERROR 4252 --- [           main] o.s.test.context.TestContextManager      : Caught exception while allowing TestExecutionListener [org.springframework.test.context.web.ServletTestExecutionListener@15d0c81b] to prepare test instance [org.stacksonstacks.StacksApplicationTests@3a175162]

java.lang.IllegalStateException: Failed to load ApplicationContext
	at org.springframework.test.context.cache.DefaultCacheAwareContextLoaderDelegate.loadContext(DefaultCacheAwareContextLoaderDelegate.java:124) ~[spring-test-4.2.7.RELEASE.jar:4.2.7.RELEASE]
	at org.springframework.test.context.support.DefaultTestContext.getApplicationContext(DefaultTestContext.java:83) ~[spring-test-4.2.7.RELEASE.jar:4.2.7.RELEASE]
	at org.springframework.test.context.web.ServletTestExecutionListener.setUpRequestContextIfNecessary(ServletTestExecutionListener.java:183) ~[spring-test-4.2.7.RELEASE.jar:4.2.7.RELEASE]
	at org.springframework.test.context.web.ServletTestExecutionListener.prepareTestInstance(ServletTestExecutionListener.java:123) ~[spring-test-4.2.7.RELEASE.jar:4.2.7.RELEASE]
	at org.springframework.test.context.TestContextManager.prepareTestInstance(TestContextManager.java:228) ~[spring-test-4.2.7.RELEASE.jar:4.2.7.RELEASE]
	at org.springframework.test.context.junit4.SpringJUnit4ClassRunner.createTest(SpringJUnit4ClassRunner.java:230) [spring-test-4.2.7.RELEASE.jar:4.2.7.RELEASE]
	at org.springframework.test.context.junit4.SpringJUnit4ClassRunner$1.runReflectiveCall(SpringJUnit4ClassRunner.java:289) [spring-test-4.2.7.RELEASE.jar:4.2.7.RELEASE]
	at org.junit.internal.runners.model.ReflectiveCallable.run(ReflectiveCallable.java:12) [junit-4.12.jar:4.12]
	at org.springframework.test.context.junit4.SpringJUnit4ClassRunner.methodBlock(SpringJUnit4ClassRunner.java:291) [spring-test-4.2.7.RELEASE.jar:4.2.7.RELEASE]
	at org.springframework.test.context.junit4.SpringJUnit4ClassRunner.runChild(SpringJUnit4ClassRunner.java:249) [spring-test-4.2.7.RELEASE.jar:4.2.7.RELEASE]
	at org.springframework.test.context.junit4.SpringJUnit4ClassRunner.runChild(SpringJUnit4ClassRunner.java:89) [spring-test-4.2.7.RELEASE.jar:4.2.7.RELEASE]
	at org.junit.runners.ParentRunner$3.run(ParentRunner.java:290) [junit-4.12.jar:4.12]
	at org.junit.runners.ParentRunner$1.schedule(ParentRunner.java:71) [junit-4.12.jar:4.12]
	at org.junit.runners.ParentRunner.runChildren(ParentRunner.java:288) [junit-4.12.jar:4.12]
	at org.junit.runners.ParentRunner.access$000(ParentRunner.java:58) [junit-4.12.jar:4.12]
	at org.junit.runners.ParentRunner$2.evaluate(ParentRunner.java:268) [junit-4.12.jar:4.12]
	at org.springframework.test.context.junit4.statements.RunBeforeTestClassCallbacks.evaluate(RunBeforeTestClassCallbacks.java:61) [spring-test-4.2.7.RELEASE.jar:4.2.7.RELEASE]
	at org.springframework.test.context.junit4.statements.RunAfterTestClassCallbacks.evaluate(RunAfterTestClassCallbacks.java:70) [spring-test-4.2.7.RELEASE.jar:4.2.7.RELEASE]
	at org.junit.runners.ParentRunner.run(ParentRunner.java:363) [junit-4.12.jar:4.12]
	at org.springframework.test.context.junit4.SpringJUnit4ClassRunner.run(SpringJUnit4ClassRunner.java:193) [spring-test-4.2.7.RELEASE.jar:4.2.7.RELEASE]
	at org.apache.maven.surefire.junit4.JUnit4Provider.execute(JUnit4Provider.java:283) [surefire-junit4-2.18.1.jar:2.18.1]
	at org.apache.maven.surefire.junit4.JUnit4Provider.executeWithRerun(JUnit4Provider.java:173) [surefire-junit4-2.18.1.jar:2.18.1]
	at org.apache.maven.surefire.junit4.JUnit4Provider.executeTestSet(JUnit4Provider.java:153) [surefire-junit4-2.18.1.jar:2.18.1]
	at org.apache.maven.surefire.junit4.JUnit4Provider.invoke(JUnit4Provider.java:128) [surefire-junit4-2.18.1.jar:2.18.1]
	at org.apache.maven.surefire.booter.ForkedBooter.invokeProviderInSameClassLoader(ForkedBooter.java:203) [surefire-booter-2.18.1.jar:2.18.1]
	at org.apache.maven.surefire.booter.ForkedBooter.runSuitesInProcess(ForkedBooter.java:155) [surefire-booter-2.18.1.jar:2.18.1]
	at org.apache.maven.surefire.booter.ForkedBooter.main(ForkedBooter.java:103) [surefire-booter-2.18.1.jar:2.18.1]
Caused by: org.springframework.beans.factory.BeanCreationException: Error creating bean with name 'org.springframework.boot.autoconfigure.orm.jpa.HibernateJpaAutoConfiguration': Injection of autowired dependencies failed; nested exception is org.springframework.beans.factory.BeanCreationException: Could not autowire field: private javax.sql.DataSource org.springframework.boot.autoconfigure.orm.jpa.JpaBaseConfiguration.dataSource; nested exception is org.springframework.beans.factory.BeanCreationException: Error creating bean with name 'dataSource' defined in class path resource [org/stacksonstacks/config/ProdDataSourceConfig.class]: Bean instantiation via factory method failed; nested exception is org.springframework.beans.BeanInstantiationException: Failed to instantiate [javax.sql.DataSource]: Factory method 'dataSource' threw exception; nested exception is com.zaxxer.hikari.pool.HikariPool$PoolInitializationException: Failed to initialize pool: Connection to 192.168.100.128:5432 refused. Check that the hostname and port are correct and that the postmaster is accepting TCP/IP connections.
	at org.springframework.beans.factory.annotation.AutowiredAnnotationBeanPostProcessor.postProcessPropertyValues(AutowiredAnnotationBeanPostProcessor.java:334) ~[spring-beans-4.2.7.RELEASE.jar:4.2.7.RELEASE]
	at org.springframework.beans.factory.support.AbstractAutowireCapableBeanFactory.populateBean(AbstractAutowireCapableBeanFactory.java:1214) ~[spring-beans-4.2.7.RELEASE.jar:4.2.7.RELEASE]
	at org.springframework.beans.factory.support.AbstractAutowireCapableBeanFactory.doCreateBean(AbstractAutowireCapableBeanFactory.java:543) ~[spring-beans-4.2.7.RELEASE.jar:4.2.7.RELEASE]
	at org.springframework.beans.factory.support.AbstractAutowireCapableBeanFactory.createBean(AbstractAutowireCapableBeanFactory.java:482) ~[spring-beans-4.2.7.RELEASE.jar:4.2.7.RELEASE]
	at org.springframework.beans.factory.support.AbstractBeanFactory$1.getObject(AbstractBeanFactory.java:306) ~[spring-beans-4.2.7.RELEASE.jar:4.2.7.RELEASE]
	at org.springframework.beans.factory.support.DefaultSingletonBeanRegistry.getSingleton(DefaultSingletonBeanRegistry.java:230) ~[spring-beans-4.2.7.RELEASE.jar:4.2.7.RELEASE]
	at org.springframework.beans.factory.support.AbstractBeanFactory.doGetBean(AbstractBeanFactory.java:302) ~[spring-beans-4.2.7.RELEASE.jar:4.2.7.RELEASE]
	at org.springframework.beans.factory.support.AbstractBeanFactory.getBean(AbstractBeanFactory.java:197) ~[spring-beans-4.2.7.RELEASE.jar:4.2.7.RELEASE]
	at org.springframework.beans.factory.support.ConstructorResolver.instantiateUsingFactoryMethod(ConstructorResolver.java:368) ~[spring-beans-4.2.7.RELEASE.jar:4.2.7.RELEASE]
	at org.springframework.beans.factory.support.AbstractAutowireCapableBeanFactory.instantiateUsingFactoryMethod(AbstractAutowireCapableBeanFactory.java:1123) ~[spring-beans-4.2.7.RELEASE.jar:4.2.7.RELEASE]
	at org.springframework.beans.factory.support.AbstractAutowireCapableBeanFactory.createBeanInstance(AbstractAutowireCapableBeanFactory.java:1018) ~[spring-beans-4.2.7.RELEASE.jar:4.2.7.RELEASE]
	at org.springframework.beans.factory.support.AbstractAutowireCapableBeanFactory.doCreateBean(AbstractAutowireCapableBeanFactory.java:510) ~[spring-beans-4.2.7.RELEASE.jar:4.2.7.RELEASE]
	at org.springframework.beans.factory.support.AbstractAutowireCapableBeanFactory.createBean(AbstractAutowireCapableBeanFactory.java:482) ~[spring-beans-4.2.7.RELEASE.jar:4.2.7.RELEASE]
	at org.springframework.beans.factory.support.AbstractBeanFactory$1.getObject(AbstractBeanFactory.java:306) ~[spring-beans-4.2.7.RELEASE.jar:4.2.7.RELEASE]
	at org.springframework.beans.factory.support.DefaultSingletonBeanRegistry.getSingleton(DefaultSingletonBeanRegistry.java:230) ~[spring-beans-4.2.7.RELEASE.jar:4.2.7.RELEASE]
	at org.springframework.beans.factory.support.AbstractBeanFactory.doGetBean(AbstractBeanFactory.java:302) ~[spring-beans-4.2.7.RELEASE.jar:4.2.7.RELEASE]
	at org.springframework.beans.factory.support.AbstractBeanFactory.getBean(AbstractBeanFactory.java:197) ~[spring-beans-4.2.7.RELEASE.jar:4.2.7.RELEASE]
	at org.springframework.context.support.AbstractApplicationContext.getBean(AbstractApplicationContext.java:1054) ~[spring-context-4.2.7.RELEASE.jar:4.2.7.RELEASE]
	at org.springframework.context.support.AbstractApplicationContext.finishBeanFactoryInitialization(AbstractApplicationContext.java:829) ~[spring-context-4.2.7.RELEASE.jar:4.2.7.RELEASE]
	at org.springframework.context.support.AbstractApplicationContext.refresh(AbstractApplicationContext.java:538) ~[spring-context-4.2.7.RELEASE.jar:4.2.7.RELEASE]
	at org.springframework.boot.SpringApplication.refresh(SpringApplication.java:760) ~[spring-boot-1.3.6.RELEASE.jar:1.3.6.RELEASE]
	at org.springframework.boot.SpringApplication.createAndRefreshContext(SpringApplication.java:360) ~[spring-boot-1.3.6.RELEASE.jar:1.3.6.RELEASE]
	at org.springframework.boot.SpringApplication.run(SpringApplication.java:306) ~[spring-boot-1.3.6.RELEASE.jar:1.3.6.RELEASE]
	at org.springframework.boot.test.SpringApplicationContextLoader.loadContext(SpringApplicationContextLoader.java:98) ~[spring-boot-1.3.6.RELEASE.jar:1.3.6.RELEASE]
	at org.springframework.test.context.cache.DefaultCacheAwareContextLoaderDelegate.loadContextInternal(DefaultCacheAwareContextLoaderDelegate.java:98) ~[spring-test-4.2.7.RELEASE.jar:4.2.7.RELEASE]
	at org.springframework.test.context.cache.DefaultCacheAwareContextLoaderDelegate.loadContext(DefaultCacheAwareContextLoaderDelegate.java:116) ~[spring-test-4.2.7.RELEASE.jar:4.2.7.RELEASE]
	... 26 common frames omitted
Caused by: org.springframework.beans.factory.BeanCreationException: Could not autowire field: private javax.sql.DataSource org.springframework.boot.autoconfigure.orm.jpa.JpaBaseConfiguration.dataSource; nested exception is org.springframework.beans.factory.BeanCreationException: Error creating bean with name 'dataSource' defined in class path resource [org/stacksonstacks/config/ProdDataSourceConfig.class]: Bean instantiation via factory method failed; nested exception is org.springframework.beans.BeanInstantiationException: Failed to instantiate [javax.sql.DataSource]: Factory method 'dataSource' threw exception; nested exception is com.zaxxer.hikari.pool.HikariPool$PoolInitializationException: Failed to initialize pool: Connection to 192.168.100.128:5432 refused. Check that the hostname and port are correct and that the postmaster is accepting TCP/IP connections.
	at org.springframework.beans.factory.annotation.AutowiredAnnotationBeanPostProcessor$AutowiredFieldElement.inject(AutowiredAnnotationBeanPostProcessor.java:573) ~[spring-beans-4.2.7.RELEASE.jar:4.2.7.RELEASE]
	at org.springframework.beans.factory.annotation.InjectionMetadata.inject(InjectionMetadata.java:88) ~[spring-beans-4.2.7.RELEASE.jar:4.2.7.RELEASE]
	at org.springframework.beans.factory.annotation.AutowiredAnnotationBeanPostProcessor.postProcessPropertyValues(AutowiredAnnotationBeanPostProcessor.java:331) ~[spring-beans-4.2.7.RELEASE.jar:4.2.7.RELEASE]
	... 51 common frames omitted
Caused by: org.springframework.beans.factory.BeanCreationException: Error creating bean with name 'dataSource' defined in class path resource [org/stacksonstacks/config/ProdDataSourceConfig.class]: Bean instantiation via factory method failed; nested exception is org.springframework.beans.BeanInstantiationException: Failed to instantiate [javax.sql.DataSource]: Factory method 'dataSource' threw exception; nested exception is com.zaxxer.hikari.pool.HikariPool$PoolInitializationException: Failed to initialize pool: Connection to 192.168.100.128:5432 refused. Check that the hostname and port are correct and that the postmaster is accepting TCP/IP connections.
	at org.springframework.beans.factory.support.ConstructorResolver.instantiateUsingFactoryMethod(ConstructorResolver.java:599) ~[spring-beans-4.2.7.RELEASE.jar:4.2.7.RELEASE]
	at org.springframework.beans.factory.support.AbstractAutowireCapableBeanFactory.instantiateUsingFactoryMethod(AbstractAutowireCapableBeanFactory.java:1123) ~[spring-beans-4.2.7.RELEASE.jar:4.2.7.RELEASE]
	at org.springframework.beans.factory.support.AbstractAutowireCapableBeanFactory.createBeanInstance(AbstractAutowireCapableBeanFactory.java:1018) ~[spring-beans-4.2.7.RELEASE.jar:4.2.7.RELEASE]
	at org.springframework.beans.factory.support.AbstractAutowireCapableBeanFactory.doCreateBean(AbstractAutowireCapableBeanFactory.java:510) ~[spring-beans-4.2.7.RELEASE.jar:4.2.7.RELEASE]
	at org.springframework.beans.factory.support.AbstractAutowireCapableBeanFactory.createBean(AbstractAutowireCapableBeanFactory.java:482) ~[spring-beans-4.2.7.RELEASE.jar:4.2.7.RELEASE]
	at org.springframework.beans.factory.support.AbstractBeanFactory$1.getObject(AbstractBeanFactory.java:306) ~[spring-beans-4.2.7.RELEASE.jar:4.2.7.RELEASE]
	at org.springframework.beans.factory.support.DefaultSingletonBeanRegistry.getSingleton(DefaultSingletonBeanRegistry.java:230) ~[spring-beans-4.2.7.RELEASE.jar:4.2.7.RELEASE]
	at org.springframework.beans.factory.support.AbstractBeanFactory.doGetBean(AbstractBeanFactory.java:302) ~[spring-beans-4.2.7.RELEASE.jar:4.2.7.RELEASE]
	at org.springframework.beans.factory.support.AbstractBeanFactory.getBean(AbstractBeanFactory.java:197) ~[spring-beans-4.2.7.RELEASE.jar:4.2.7.RELEASE]
	at org.springframework.beans.factory.support.DefaultListableBeanFactory.findAutowireCandidates(DefaultListableBeanFactory.java:1192) ~[spring-beans-4.2.7.RELEASE.jar:4.2.7.RELEASE]
	at org.springframework.beans.factory.support.DefaultListableBeanFactory.doResolveDependency(DefaultListableBeanFactory.java:1116) ~[spring-beans-4.2.7.RELEASE.jar:4.2.7.RELEASE]
	at org.springframework.beans.factory.support.DefaultListableBeanFactory.resolveDependency(DefaultListableBeanFactory.java:1014) ~[spring-beans-4.2.7.RELEASE.jar:4.2.7.RELEASE]
	at org.springframework.beans.factory.annotation.AutowiredAnnotationBeanPostProcessor$AutowiredFieldElement.inject(AutowiredAnnotationBeanPostProcessor.java:545) ~[spring-beans-4.2.7.RELEASE.jar:4.2.7.RELEASE]
	... 53 common frames omitted
Caused by: org.springframework.beans.BeanInstantiationException: Failed to instantiate [javax.sql.DataSource]: Factory method 'dataSource' threw exception; nested exception is com.zaxxer.hikari.pool.HikariPool$PoolInitializationException: Failed to initialize pool: Connection to 192.168.100.128:5432 refused. Check that the hostname and port are correct and that the postmaster is accepting TCP/IP connections.
	at org.springframework.beans.factory.support.SimpleInstantiationStrategy.instantiate(SimpleInstantiationStrategy.java:189) ~[spring-beans-4.2.7.RELEASE.jar:4.2.7.RELEASE]
	at org.springframework.beans.factory.support.ConstructorResolver.instantiateUsingFactoryMethod(ConstructorResolver.java:588) ~[spring-beans-4.2.7.RELEASE.jar:4.2.7.RELEASE]
	... 65 common frames omitted
Caused by: com.zaxxer.hikari.pool.HikariPool$PoolInitializationException: Failed to initialize pool: Connection to 192.168.100.128:5432 refused. Check that the hostname and port are correct and that the postmaster is accepting TCP/IP connections.
	at com.zaxxer.hikari.pool.HikariPool.checkFailFast(HikariPool.java:516) ~[HikariCP-2.4.7.jar:na]
	at com.zaxxer.hikari.pool.HikariPool.<init>(HikariPool.java:118) ~[HikariCP-2.4.7.jar:na]
	at com.zaxxer.hikari.HikariDataSource.<init>(HikariDataSource.java:71) ~[HikariCP-2.4.7.jar:na]
	at org.stacksonstacks.config.ProdDataSourceConfig.dataSource(ProdDataSourceConfig.java:35) ~[classes/:na]
	at org.stacksonstacks.config.ProdDataSourceConfig$$EnhancerBySpringCGLIB$$f462601d.CGLIB$dataSource$0(<generated>) ~[classes/:na]
	at org.stacksonstacks.config.ProdDataSourceConfig$$EnhancerBySpringCGLIB$$f462601d$$FastClassBySpringCGLIB$$a5da07d5.invoke(<generated>) ~[classes/:na]
	at org.springframework.cglib.proxy.MethodProxy.invokeSuper(MethodProxy.java:228) ~[spring-core-4.2.7.RELEASE.jar:4.2.7.RELEASE]
	at org.springframework.context.annotation.ConfigurationClassEnhancer$BeanMethodInterceptor.intercept(ConfigurationClassEnhancer.java:356) ~[spring-context-4.2.7.RELEASE.jar:4.2.7.RELEASE]
	at org.stacksonstacks.config.ProdDataSourceConfig$$EnhancerBySpringCGLIB$$f462601d.dataSource(<generated>) ~[classes/:na]
	at sun.reflect.NativeMethodAccessorImpl.invoke0(Native Method) ~[na:1.8.0_111]
	at sun.reflect.NativeMethodAccessorImpl.invoke(NativeMethodAccessorImpl.java:62) ~[na:1.8.0_111]
	at sun.reflect.DelegatingMethodAccessorImpl.invoke(DelegatingMethodAccessorImpl.java:43) ~[na:1.8.0_111]
	at java.lang.reflect.Method.invoke(Method.java:498) ~[na:1.8.0_111]
	at org.springframework.beans.factory.support.SimpleInstantiationStrategy.instantiate(SimpleInstantiationStrategy.java:162) ~[spring-beans-4.2.7.RELEASE.jar:4.2.7.RELEASE]
	... 66 common frames omitted
Caused by: org.postgresql.util.PSQLException: Connection to 192.168.100.128:5432 refused. Check that the hostname and port are correct and that the postmaster is accepting TCP/IP connections.
	at org.postgresql.core.v3.ConnectionFactoryImpl.openConnectionImpl(ConnectionFactoryImpl.java:252) ~[postgresql-9.4.1208.jre7.jar:9.4.1208.jre7]
	at org.postgresql.core.ConnectionFactory.openConnection(ConnectionFactory.java:66) ~[postgresql-9.4.1208.jre7.jar:9.4.1208.jre7]
	at org.postgresql.jdbc.PgConnection.<init>(PgConnection.java:215) ~[postgresql-9.4.1208.jre7.jar:9.4.1208.jre7]
	at org.postgresql.Driver.makeConnection(Driver.java:406) ~[postgresql-9.4.1208.jre7.jar:9.4.1208.jre7]
	at org.postgresql.Driver.connect(Driver.java:274) ~[postgresql-9.4.1208.jre7.jar:9.4.1208.jre7]
	at com.zaxxer.hikari.util.DriverDataSource.getConnection(DriverDataSource.java:95) ~[HikariCP-2.4.7.jar:na]
	at com.zaxxer.hikari.util.DriverDataSource.getConnection(DriverDataSource.java:101) ~[HikariCP-2.4.7.jar:na]
	at com.zaxxer.hikari.pool.PoolBase.newConnection(PoolBase.java:316) ~[HikariCP-2.4.7.jar:na]
	at com.zaxxer.hikari.pool.HikariPool.checkFailFast(HikariPool.java:506) ~[HikariCP-2.4.7.jar:na]
	... 79 common frames omitted
Caused by: java.net.ConnectException: Connection timed out: connect
	at java.net.DualStackPlainSocketImpl.connect0(Native Method) ~[na:1.8.0_111]
	at java.net.DualStackPlainSocketImpl.socketConnect(DualStackPlainSocketImpl.java:79) ~[na:1.8.0_111]
	at java.net.AbstractPlainSocketImpl.doConnect(AbstractPlainSocketImpl.java:350) ~[na:1.8.0_111]
	at java.net.AbstractPlainSocketImpl.connectToAddress(AbstractPlainSocketImpl.java:206) ~[na:1.8.0_111]
	at java.net.AbstractPlainSocketImpl.connect(AbstractPlainSocketImpl.java:188) ~[na:1.8.0_111]
	at java.net.PlainSocketImpl.connect(PlainSocketImpl.java:172) ~[na:1.8.0_111]
	at java.net.SocksSocketImpl.connect(SocksSocketImpl.java:392) ~[na:1.8.0_111]
	at java.net.Socket.connect(Socket.java:589) ~[na:1.8.0_111]
	at org.postgresql.core.PGStream.<init>(PGStream.java:64) ~[postgresql-9.4.1208.jre7.jar:9.4.1208.jre7]
	at org.postgresql.core.v3.ConnectionFactoryImpl.openConnectionImpl(ConnectionFactoryImpl.java:133) ~[postgresql-9.4.1208.jre7.jar:9.4.1208.jre7]
	... 87 common frames omitted

]]></system-out>
  </testcase>
</testsuite>